2019-07-30 10:47:13.057 DEBUG  --- com.competition.dao.CompetitionMapper.selectById.debug                                               [line143   ] : ==>  Preparing: SELECT competition_id,name,cover,isIndividual,type,host,introduce,content,join,rgr,check,click_count,hot,createAt,updateAt FROM competition WHERE competition_id=? 
2019-07-30 10:47:13.129 DEBUG  --- com.competition.dao.CompetitionMapper.selectById.debug                                               [line143   ] : ==> Parameters: test1(String)
2019-07-30 10:50:19.458 DEBUG  --- com.competition.dao.CompetitionMapper.selectById.debug                                               [line143   ] : ==>  Preparing: SELECT competition_id,name,cover,isIndividual,type,host,introduce,content,join,rgr,check,click_count,hot,createAt,updateAt FROM competition WHERE competition_id=? 
2019-07-30 10:50:19.515 DEBUG  --- com.competition.dao.CompetitionMapper.selectById.debug                                               [line143   ] : ==> Parameters: test1(String)
2019-07-30 14:36:25.385 DEBUG  --- com.competition.dao.CompetitionMapper.selectByMap.debug                                              [line143   ] : ==>  Preparing: SELECT competition_id,name,cover,isIndividual,type,host,introduce,content,join,rgr,check,click_count,hot,createAt,updateAt FROM competition 
2019-07-30 14:36:25.476 DEBUG  --- com.competition.dao.CompetitionMapper.selectByMap.debug                                              [line143   ] : ==> Parameters: 
2019-07-30 14:52:29.184 DEBUG  --- com.competition.dao.CompetitionMapper.selectById.debug                                               [line143   ] : ==>  Preparing: SELECT competition_id,name,cover,isIndividual,type,host,introduce,content,join,rgr,check,click_count,hot,createAt,updateAt FROM competition WHERE competition_id=? 
2019-07-30 14:52:29.227 DEBUG  --- com.competition.dao.CompetitionMapper.selectById.debug                                               [line143   ] : ==> Parameters: test1(String)
2019-07-30 14:53:59.873 DEBUG  --- com.competition.dao.CompetitionMapper.selectById.debug                                               [line143   ] : ==>  Preparing: SELECT competition_id,name,cover,isIndividual,type,host,introduce,content,join,rgr,check,click_count,hot,createAt,updateAt FROM competition WHERE competition_id=? 
2019-07-30 14:54:00.337 DEBUG  --- com.competition.dao.CompetitionMapper.selectById.debug                                               [line143   ] : ==> Parameters: test1(String)
2019-07-30 14:55:23.254 DEBUG  --- com.competition.dao.CompetitionMapper.selectById.debug                                               [line143   ] : ==>  Preparing: SELECT competition_id,name,cover,isIndividual,type,host,introduce,content,join,rgr,check,click_count,hot,createAt,updateAt FROM competition WHERE null=? 
2019-07-30 14:55:23.743 DEBUG  --- com.competition.dao.CompetitionMapper.selectById.debug                                               [line143   ] : ==> Parameters: test1(String)
2019-07-30 15:07:44.703 DEBUG  --- com.competition.dao.CompetitionMapper.selectList.debug                                               [line143   ] : ==>  Preparing: SELECT competition_id FROM competition 
2019-07-30 15:07:44.758 DEBUG  --- com.competition.dao.CompetitionMapper.selectList.debug                                               [line143   ] : ==> Parameters: 
2019-07-30 15:07:45.630 DEBUG  --- com.competition.dao.CompetitionMapper.selectList.debug                                               [line143   ] : <==      Total: 1
2019-07-30 18:28:24.686 DEBUG  --- com.competition.dao.CompetitionMapper.selectOne.debug                                                [line143   ] : ==>  Preparing: SELECT competition_id FROM competition 
2019-07-30 18:28:24.982 DEBUG  --- com.competition.dao.CompetitionMapper.selectOne.debug                                                [line143   ] : ==> Parameters: 
2019-07-30 18:28:26.598 DEBUG  --- com.competition.dao.CompetitionMapper.selectOne.debug                                                [line143   ] : <==      Total: 1
2019-07-30 18:32:05.203 DEBUG  --- com.competition.dao.CompetitionMapper.selectOne.debug                                                [line143   ] : ==>  Preparing: SELECT competition_id FROM competition 
2019-07-30 18:32:05.245 DEBUG  --- com.competition.dao.CompetitionMapper.selectOne.debug                                                [line143   ] : ==> Parameters: 
2019-07-30 18:32:05.281 DEBUG  --- com.competition.dao.CompetitionMapper.selectOne.debug                                                [line143   ] : <==      Total: 1
2019-07-30 18:32:05.290 DEBUG  --- com.competition.dao.CompetitionMapper.selectOne.debug                                                [line143   ] : ==>  Preparing: SELECT competition_id FROM competition 
2019-07-30 18:32:05.291 DEBUG  --- com.competition.dao.CompetitionMapper.selectOne.debug                                                [line143   ] : ==> Parameters: 
2019-07-30 18:32:05.293 DEBUG  --- com.competition.dao.CompetitionMapper.selectOne.debug                                                [line143   ] : <==      Total: 1
2019-07-30 19:23:40.950 DEBUG  --- com.competition.dao.CompetitionMapper.selectOne.debug                                                [line143   ] : ==>  Preparing: SELECT competition_id FROM competition 
2019-07-30 19:23:41.010 DEBUG  --- com.competition.dao.CompetitionMapper.selectOne.debug                                                [line143   ] : ==> Parameters: 
2019-07-30 19:23:41.072 DEBUG  --- com.competition.dao.CompetitionMapper.selectOne.debug                                                [line143   ] : <==      Total: 1
2019-07-30 19:23:41.080 DEBUG  --- com.competition.dao.CompetitionMapper.selectOne.debug                                                [line143   ] : ==>  Preparing: SELECT competition_id FROM competition 
2019-07-30 19:23:41.081 DEBUG  --- com.competition.dao.CompetitionMapper.selectOne.debug                                                [line143   ] : ==> Parameters: 
2019-07-30 19:23:41.083 DEBUG  --- com.competition.dao.CompetitionMapper.selectOne.debug                                                [line143   ] : <==      Total: 1
2019-07-30 19:56:30.029 DEBUG  --- com.competition.dao.UserMapper.insert.debug                                                          [line143   ] : ==>  Preparing: INSERT INTO user ( user_id, check ) VALUES ( ?, ? ) 
2019-07-30 19:56:30.077 DEBUG  --- com.competition.dao.UserMapper.insert.debug                                                          [line143   ] : ==> Parameters: 111(Integer), 1(String)
2019-07-30 19:57:46.088 DEBUG  --- com.competition.dao.UserMapper.insert.debug                                                          [line143   ] : ==>  Preparing: INSERT INTO user ( user_id, password ) VALUES ( ?, ? ) 
2019-07-30 19:57:46.134 DEBUG  --- com.competition.dao.UserMapper.insert.debug                                                          [line143   ] : ==> Parameters: 111(Integer), edfeas(String)
2019-07-30 19:57:46.434 DEBUG  --- com.competition.dao.UserMapper.insert.debug                                                          [line143   ] : <==    Updates: 1
2019-07-30 20:02:23.981 DEBUG  --- com.competition.dao.UserMapper.selectById.debug                                                      [line143   ] : ==>  Preparing: SELECT user_id,password,portrait,introduction,user_name,realname,user_no,user_school,user_major,user_sex,user_birth,user_phone,user_email,file,hash,is_active,ip_address,check,createAt,updateAt FROM user WHERE user_id=? 
2019-07-30 20:02:24.030 DEBUG  --- com.competition.dao.UserMapper.selectById.debug                                                      [line143   ] : ==> Parameters: 111(Integer)
2019-07-30 20:08:54.574 DEBUG  --- com.competition.dao.UserMapper.selectById.debug                                                      [line143   ] : ==>  Preparing: SELECT user_id,password,portrait,introduction,user_name,realname,user_no,user_school,user_major,user_sex,user_birth,user_phone,user_email,file,hash,is_active,ip_address,check,createAt,updateAt FROM user WHERE user_id=? 
2019-07-30 20:08:54.629 DEBUG  --- com.competition.dao.UserMapper.selectById.debug                                                      [line143   ] : ==> Parameters: 111(Integer)
2019-07-30 20:15:18.581 DEBUG  --- com.competition.dao.CompetitionWikiMapper.insert.debug                                               [line143   ] : ==>  Preparing: INSERT INTO competition_wiki ( competition_id, content ) VALUES ( ?, ? ) 
2019-07-30 20:15:18.636 DEBUG  --- com.competition.dao.CompetitionWikiMapper.insert.debug                                               [line143   ] : ==> Parameters: 34254657(Integer), weizhi(String)
2019-07-30 20:16:28.652 DEBUG  --- com.competition.dao.CompetitionWikiMapper.insert.debug                                               [line143   ] : ==>  Preparing: INSERT INTO competition_wiki ( wiki_id, content ) VALUES ( ?, ? ) 
2019-07-30 20:16:28.708 DEBUG  --- com.competition.dao.CompetitionWikiMapper.insert.debug                                               [line143   ] : ==> Parameters: 1234(Integer), weizhi(String)
2019-07-30 20:16:28.804 DEBUG  --- com.competition.dao.CompetitionWikiMapper.insert.debug                                               [line143   ] : <==    Updates: 1
2019-07-30 20:16:28.810 DEBUG  --- com.competition.dao.CompetitionWikiMapper.selectById.debug                                           [line143   ] : ==>  Preparing: SELECT wiki_id,competition_id,user_id,content,createAt,updateAt FROM competition_wiki WHERE null=? 
2019-07-30 20:16:28.811 DEBUG  --- com.competition.dao.CompetitionWikiMapper.selectById.debug                                           [line143   ] : ==> Parameters: 1234(Integer)
2019-07-30 20:16:28.876 DEBUG  --- com.competition.dao.CompetitionWikiMapper.selectById.debug                                           [line143   ] : <==      Total: 0
2019-07-30 20:17:16.680 DEBUG  --- com.competition.dao.CompetitionWikiMapper.insert.debug                                               [line143   ] : ==>  Preparing: INSERT INTO competition_wiki ( wiki_id, content ) VALUES ( ?, ? ) 
2019-07-30 20:17:16.721 DEBUG  --- com.competition.dao.CompetitionWikiMapper.insert.debug                                               [line143   ] : ==> Parameters: 1234(Integer), weizhi(String)
2019-07-30 20:18:21.988 DEBUG  --- com.competition.dao.CompetitionWikiMapper.selectById.debug                                           [line143   ] : ==>  Preparing: SELECT wiki_id,competition_id,user_id,content,createAt,updateAt FROM competition_wiki WHERE null=? 
2019-07-30 20:18:22.046 DEBUG  --- com.competition.dao.CompetitionWikiMapper.selectById.debug                                           [line143   ] : ==> Parameters: 1234(Integer)
2019-07-30 20:18:22.089 DEBUG  --- com.competition.dao.CompetitionWikiMapper.selectById.debug                                           [line143   ] : <==      Total: 0
2019-07-30 20:19:23.204 DEBUG  --- com.competition.dao.CompetitionWikiMapper.selectById.debug                                           [line143   ] : ==>  Preparing: SELECT wiki_id,competition_id,user_id,content,createAt,updateAt FROM competition_wiki WHERE null=? 
2019-07-30 20:19:23.260 DEBUG  --- com.competition.dao.CompetitionWikiMapper.selectById.debug                                           [line143   ] : ==> Parameters: 1234(Integer)
2019-07-30 20:19:23.302 DEBUG  --- com.competition.dao.CompetitionWikiMapper.selectById.debug                                           [line143   ] : <==      Total: 0
2019-07-30 20:20:25.752 DEBUG  --- com.competition.dao.CompetitionWikiMapper.selectById.debug                                           [line143   ] : ==>  Preparing: SELECT wiki_id,competition_id,user_id,content,createAt,updateAt FROM competition_wiki WHERE wiki_id=? 
2019-07-30 20:20:25.813 DEBUG  --- com.competition.dao.CompetitionWikiMapper.selectById.debug                                           [line143   ] : ==> Parameters: 1234(Integer)
2019-07-30 20:20:25.874 DEBUG  --- com.competition.dao.CompetitionWikiMapper.selectById.debug                                           [line143   ] : <==      Total: 1
