2019-08-08 08:54:11.141 DEBUG  --- com.competition.dao.UserCompetitionMapper.listReward.debug                                           [line143   ] : ==>  Preparing: SELECT uc.competition_id ,uc.reward ,c.name ,u.realname FROM user_competition uc inner join competition c on uc.competition_id = c.competition_id inner join user u on uc.user_id = u.user_id WHERE uc.competition_id in (SELECT competition_id FROM competition WHERE host =?)LIMIT ?,? 
2019-08-08 08:54:11.400 DEBUG  --- com.competition.dao.UserCompetitionMapper.listReward.debug                                           [line143   ] : ==> Parameters: 1(String), 0(Integer), 1(Integer)
2019-08-08 08:54:11.567 DEBUG  --- com.competition.dao.CompetitionMapper.selectPage.debug                                               [line143   ] : ==>  Preparing: SELECT COUNT(1) FROM competition WHERE host = ? 
2019-08-08 08:54:11.605 DEBUG  --- com.competition.dao.CompetitionMapper.selectPage.debug                                               [line143   ] : ==> Parameters: 1(Integer)
2019-08-08 08:54:11.647 DEBUG  --- com.competition.dao.UserCompetitionMapper.listReward.debug                                           [line143   ] : <==      Total: 0
2019-08-08 09:02:54.587 DEBUG  --- com.competition.dao.CompetitionMapper.selectPage.debug                                               [line143   ] : ==>  Preparing: SELECT COUNT(1) FROM competition WHERE host = ? 
2019-08-08 09:02:54.645 DEBUG  --- com.competition.dao.CompetitionMapper.selectPage.debug                                               [line143   ] : ==> Parameters: 1(Integer)
2019-08-08 09:20:08.003 DEBUG  --- com.competition.dao.CompetitionMapper.selectPage.debug                                               [line143   ] : ==>  Preparing: SELECT COUNT(1) FROM competition WHERE host = ? 
2019-08-08 09:20:08.273 DEBUG  --- com.competition.dao.CompetitionMapper.selectPage.debug                                               [line143   ] : ==> Parameters: 1(Integer)
2019-08-08 09:21:42.741 DEBUG  --- com.competition.dao.CompetitionMapper.selectPage.debug                                               [line143   ] : ==>  Preparing: SELECT COUNT(1) FROM competition WHERE host = ? 
2019-08-08 09:21:42.819 DEBUG  --- com.competition.dao.CompetitionMapper.selectPage.debug                                               [line143   ] : ==> Parameters: 1(Integer)
2019-08-08 09:23:04.095 DEBUG  --- com.competition.dao.CompetitionMapper.selectPage.debug                                               [line143   ] : ==>  Preparing: SELECT COUNT(1) FROM competition WHERE host = ? 
2019-08-08 09:23:04.142 DEBUG  --- com.competition.dao.CompetitionMapper.selectPage.debug                                               [line143   ] : ==> Parameters: 1(Integer)
2019-08-08 09:23:04.233 DEBUG  --- com.competition.dao.CompetitionMapper.selectPage.debug                                               [line143   ] : ==>  Preparing: SELECT name FROM competition WHERE host = ? LIMIT ?,? 
2019-08-08 09:23:04.235 DEBUG  --- com.competition.dao.CompetitionMapper.selectPage.debug                                               [line143   ] : ==> Parameters: 1(Integer), 0(Long), 1(Long)
2019-08-08 09:23:04.264 DEBUG  --- com.competition.dao.CompetitionMapper.selectPage.debug                                               [line143   ] : <==      Total: 1
2019-08-08 09:35:14.407 DEBUG  --- com.competition.dao.CompetitionMapper.selectPage.debug                                               [line143   ] : ==>  Preparing: SELECT COUNT(1) FROM competition WHERE host = ? 
2019-08-08 09:35:14.467 DEBUG  --- com.competition.dao.CompetitionMapper.selectPage.debug                                               [line143   ] : ==> Parameters: 1(Integer)
2019-08-08 09:35:14.555 DEBUG  --- com.competition.dao.CompetitionMapper.selectPage.debug                                               [line143   ] : ==>  Preparing: SELECT name FROM competition WHERE host = ? LIMIT ?,? 
2019-08-08 09:35:14.558 DEBUG  --- com.competition.dao.CompetitionMapper.selectPage.debug                                               [line143   ] : ==> Parameters: 1(Integer), 0(Long), 1(Long)
2019-08-08 09:35:14.586 DEBUG  --- com.competition.dao.CompetitionMapper.selectPage.debug                                               [line143   ] : <==      Total: 1
2019-08-08 09:41:27.255 DEBUG  --- com.competition.dao.UserMapper.insert.debug                                                          [line143   ] : ==>  Preparing: INSERT INTO user ( user_id, file, hash ) VALUES ( ?, ?, ? ) 
2019-08-08 09:41:27.288 DEBUG  --- com.competition.dao.UserMapper.insert.debug                                                          [line143   ] : ==> Parameters: 1817955671b34e56bc2921a6763ade5a(String), testPath(String), testHash(String)
2019-08-08 09:42:58.763 DEBUG  --- com.competition.dao.UserMapper.insert.debug                                                          [line143   ] : ==>  Preparing: INSERT INTO user ( user_id, file, hash ) VALUES ( ?, ?, ? ) 
2019-08-08 09:42:58.770 DEBUG  --- com.competition.dao.UserMapper.insert.debug                                                          [line143   ] : ==> Parameters: 1817955671b34e56bc2921a6763ade5a(String), testPath(String), testHash(String)
2019-08-08 09:44:09.911 DEBUG  --- com.competition.dao.UserMapper.updateById.debug                                                      [line143   ] : ==>  Preparing: UPDATE user SET file=?, hash=? WHERE user_id=? 
2019-08-08 09:44:09.954 DEBUG  --- com.competition.dao.UserMapper.updateById.debug                                                      [line143   ] : ==> Parameters: testPath(String), testHash(String), 1817955671b34e56bc2921a6763ade5a(String)
2019-08-08 09:44:10.019 DEBUG  --- com.competition.dao.UserMapper.updateById.debug                                                      [line143   ] : <==    Updates: 1
2019-08-08 09:49:01.747 DEBUG  --- com.competition.dao.CompetitionMapper.insert.debug                                                   [line143   ] : ==>  Preparing: INSERT INTO competition ( competition_id, name, cover, isIndividual, type, host, introduce, content, join_link ) VALUES ( ?, ?, ?, ?, ?, ?, ?, ?, ? ) 
2019-08-08 09:49:01.751 DEBUG  --- com.competition.dao.CompetitionMapper.insert.debug                                                   [line143   ] : ==> Parameters: 776d0c94-bd7c-4489-ad65-da97e7566ba4(String), 创业创新大赛(String), coverPath(String), 1(String), 创业创新(String), 1(String), 用所学知识,加快互联网+的步伐(String), 锻炼学生的创新能力,提高学生的实践能力(String), joinLink(String)
2019-08-08 09:49:01.817 DEBUG  --- com.competition.dao.CompetitionMapper.insert.debug                                                   [line143   ] : <==    Updates: 1
2019-08-08 09:52:23.973 DEBUG  --- com.competition.dao.CompetitionMapper.updateById.debug                                               [line143   ] : ==>  Preparing: UPDATE competition SET name=?, cover=?, isIndividual=?, type=?, host=?, introduce=?, content=?, join_link=? WHERE competition_id=? 
2019-08-08 09:52:23.977 DEBUG  --- com.competition.dao.CompetitionMapper.updateById.debug                                               [line143   ] : ==> Parameters: string(String), string(String), 1(String), string(String), string(String), string(String), string(String), string(String), 4d09939d-2deb-4024-9d04-c5b9f0c764ad(String)
2019-08-08 09:52:24.023 DEBUG  --- com.competition.dao.CompetitionMapper.updateById.debug                                               [line143   ] : <==    Updates: 1
2019-08-08 09:52:28.325 DEBUG  --- com.competition.dao.CompetitionMapper.updateById.debug                                               [line143   ] : ==>  Preparing: UPDATE competition SET name=?, cover=?, isIndividual=?, type=?, host=?, introduce=?, content=?, join_link=? WHERE competition_id=? 
2019-08-08 09:52:28.327 DEBUG  --- com.competition.dao.CompetitionMapper.updateById.debug                                               [line143   ] : ==> Parameters: string(String), string(String), 1(String), string(String), string(String), string(String), string(String), string(String), 4d09939d-2deb-4024-9d04-c5b9f0c764ad(String)
2019-08-08 09:52:28.361 DEBUG  --- com.competition.dao.CompetitionMapper.updateById.debug                                               [line143   ] : <==    Updates: 1
2019-08-08 09:53:28.969 DEBUG  --- com.competition.dao.CompetitionMapper.selectPage.debug                                               [line143   ] : ==>  Preparing: SELECT COUNT(1) FROM competition WHERE host = ? 
2019-08-08 09:53:28.970 DEBUG  --- com.competition.dao.CompetitionMapper.selectPage.debug                                               [line143   ] : ==> Parameters: 1817955671b34e56bc2921a6763ade5a(String)
2019-08-08 09:53:48.003 DEBUG  --- com.competition.dao.CompetitionMapper.selectPage.debug                                               [line143   ] : ==>  Preparing: SELECT COUNT(1) FROM competition WHERE host = ? 
2019-08-08 09:53:48.004 DEBUG  --- com.competition.dao.CompetitionMapper.selectPage.debug                                               [line143   ] : ==> Parameters: 1817955671b34e56bc2921a6763ade5a(String)
2019-08-08 09:54:37.023 DEBUG  --- com.competition.dao.CompetitionMapper.selectPage.debug                                               [line143   ] : ==>  Preparing: SELECT COUNT(1) FROM competition WHERE host = ? 
2019-08-08 09:54:37.353 DEBUG  --- com.competition.dao.CompetitionMapper.selectPage.debug                                               [line143   ] : ==> Parameters: 1817955671b34e56bc2921a6763ade5a(String)
2019-08-08 09:57:16.669 DEBUG  --- com.competition.dao.CompetitionMapper.selectPage.debug                                               [line143   ] : ==>  Preparing: SELECT COUNT(1) FROM competition WHERE host = ? 
2019-08-08 09:57:16.673 DEBUG  --- com.competition.dao.CompetitionMapper.selectPage.debug                                               [line143   ] : ==> Parameters: 1817955671b34e56bc2921a6763ade5a(String)
2019-08-08 09:57:59.350 DEBUG  --- com.competition.dao.CompetitionMapper.selectPage.debug                                               [line143   ] : ==>  Preparing: SELECT COUNT(1) FROM competition WHERE host = ? 
2019-08-08 09:57:59.351 DEBUG  --- com.competition.dao.CompetitionMapper.selectPage.debug                                               [line143   ] : ==> Parameters: 1(String)
2019-08-08 09:57:59.412 DEBUG  --- com.competition.dao.CompetitionMapper.selectPage.debug                                               [line143   ] : ==>  Preparing: SELECT name FROM competition WHERE host = ? LIMIT ?,? 
2019-08-08 09:57:59.415 DEBUG  --- com.competition.dao.CompetitionMapper.selectPage.debug                                               [line143   ] : ==> Parameters: 1(String), 1(Long), 1(Long)
2019-08-08 09:57:59.474 DEBUG  --- com.competition.dao.CompetitionMapper.selectPage.debug                                               [line143   ] : <==      Total: 1
2019-08-08 09:58:16.342 DEBUG  --- com.competition.dao.CompetitionMapper.selectPage.debug                                               [line143   ] : ==>  Preparing: SELECT COUNT(1) FROM competition WHERE host = ? 
2019-08-08 09:58:16.343 DEBUG  --- com.competition.dao.CompetitionMapper.selectPage.debug                                               [line143   ] : ==> Parameters: 1(String)
2019-08-08 09:58:16.390 DEBUG  --- com.competition.dao.CompetitionMapper.selectPage.debug                                               [line143   ] : ==>  Preparing: SELECT name FROM competition WHERE host = ? LIMIT ?,? 
2019-08-08 09:58:16.391 DEBUG  --- com.competition.dao.CompetitionMapper.selectPage.debug                                               [line143   ] : ==> Parameters: 1(String), 0(Long), 1(Long)
2019-08-08 09:58:16.431 DEBUG  --- com.competition.dao.CompetitionMapper.selectPage.debug                                               [line143   ] : <==      Total: 1
2019-08-08 09:58:25.058 DEBUG  --- com.competition.dao.CompetitionMapper.selectPage.debug                                               [line143   ] : ==>  Preparing: SELECT COUNT(1) FROM competition WHERE host = ? 
2019-08-08 09:58:25.059 DEBUG  --- com.competition.dao.CompetitionMapper.selectPage.debug                                               [line143   ] : ==> Parameters: 1(String)
2019-08-08 09:58:25.077 DEBUG  --- com.competition.dao.CompetitionMapper.selectPage.debug                                               [line143   ] : ==>  Preparing: SELECT name FROM competition WHERE host = ? LIMIT ?,? 
2019-08-08 09:58:25.080 DEBUG  --- com.competition.dao.CompetitionMapper.selectPage.debug                                               [line143   ] : ==> Parameters: 1(String), 2(Long), 1(Long)
2019-08-08 09:58:25.103 DEBUG  --- com.competition.dao.CompetitionMapper.selectPage.debug                                               [line143   ] : <==      Total: 1
2019-08-08 10:41:43.053 DEBUG  --- com.competition.dao.UserCompetitionMapper.update.debug                                               [line143   ] : ==>  Preparing: UPDATE user_competition WHERE competition_id=? AND user_id=? AND reward=? AND certificate=? AND checkout=? AND hash=? AND createAt=? AND updateAt=? 
2019-08-08 10:41:43.072 DEBUG  --- com.competition.dao.UserCompetitionMapper.update.debug                                               [line143   ] : ==> Parameters: 1(String), 11(String), 特等奖(String), path(String), 0(String), string(String), 2019-08-08T02:32:01.392(LocalDateTime), 2019-08-08T02:32:01.392(LocalDateTime)
2019-08-08 10:41:44.725 DEBUG  --- com.competition.dao.UserCompetitionMapper.update.debug                                               [line143   ] : ==>  Preparing: UPDATE user_competition WHERE competition_id=? AND user_id=? AND reward=? AND certificate=? AND checkout=? AND hash=? AND createAt=? AND updateAt=? 
2019-08-08 10:41:44.728 DEBUG  --- com.competition.dao.UserCompetitionMapper.update.debug                                               [line143   ] : ==> Parameters: 1(String), 11(String), 特等奖(String), path(String), 0(String), string(String), 2019-08-08T02:32:01.392(LocalDateTime), 2019-08-08T02:32:01.392(LocalDateTime)
2019-08-08 10:48:37.265 DEBUG  --- com.competition.dao.UserCompetitionMapper.update.debug                                               [line143   ] : ==>  Preparing: UPDATE user_competition SET checkout=?,reward=? WHERE competition_id = ? AND user_id = ? 
2019-08-08 10:48:37.306 DEBUG  --- com.competition.dao.UserCompetitionMapper.update.debug                                               [line143   ] : ==> Parameters: 1(Integer), string(String), string(String), 11(String)
2019-08-08 10:48:37.358 DEBUG  --- com.competition.dao.UserCompetitionMapper.update.debug                                               [line143   ] : <==    Updates: 0
2019-08-08 10:48:51.821 DEBUG  --- com.competition.dao.UserCompetitionMapper.update.debug                                               [line143   ] : ==>  Preparing: UPDATE user_competition SET checkout=?,reward=? WHERE competition_id = ? AND user_id = ? 
2019-08-08 10:48:51.824 DEBUG  --- com.competition.dao.UserCompetitionMapper.update.debug                                               [line143   ] : ==> Parameters: 1(Integer), string(String), 1(String), 11(String)
2019-08-08 10:48:51.891 DEBUG  --- com.competition.dao.UserCompetitionMapper.update.debug                                               [line143   ] : <==    Updates: 0
2019-08-08 10:49:43.485 DEBUG  --- com.competition.dao.UserCompetitionMapper.update.debug                                               [line143   ] : ==>  Preparing: UPDATE user_competition SET checkout=?,reward=? WHERE competition_id = ? AND user_id = ? 
2019-08-08 10:49:43.487 DEBUG  --- com.competition.dao.UserCompetitionMapper.update.debug                                               [line143   ] : ==> Parameters: 1(Integer), string(String), 1(String), 11(String)
2019-08-08 10:49:43.537 DEBUG  --- com.competition.dao.UserCompetitionMapper.update.debug                                               [line143   ] : <==    Updates: 1
2019-08-08 11:29:27.325 DEBUG  --- com.competition.dao.CompetitionCheckoutMapper.selectList.debug                                       [line143   ] : ==>  Preparing: SELECT id,competitionId,file,hash,user_id,checkout,description,createAt,updateAt FROM competition_checkout 
2019-08-08 11:29:27.374 DEBUG  --- com.competition.dao.CompetitionCheckoutMapper.selectList.debug                                       [line143   ] : ==> Parameters: 
2019-08-08 11:29:27.890 DEBUG  --- com.competition.dao.CompetitionCheckoutMapper.selectList.debug                                       [line143   ] : <==      Total: 0
2019-08-08 11:30:40.908 DEBUG  --- com.competition.dao.CompetitionCheckoutMapper.selectList.debug                                       [line143   ] : ==>  Preparing: SELECT id,competitionId,file,hash,user_id,checkout,description,createAt,updateAt FROM competition_checkout 
2019-08-08 11:30:40.960 DEBUG  --- com.competition.dao.CompetitionCheckoutMapper.selectList.debug                                       [line143   ] : ==> Parameters: 
2019-08-08 11:30:41.016 DEBUG  --- com.competition.dao.CompetitionCheckoutMapper.selectList.debug                                       [line143   ] : <==      Total: 0
2019-08-08 11:32:05.242 DEBUG  --- com.competition.dao.UserCompetitionMapper.selectList.debug                                           [line143   ] : ==>  Preparing: SELECT id,competition_id,user_id,reward,certificate,checkout,hash,createAt,updateAt FROM user_competition 
2019-08-08 11:32:05.307 DEBUG  --- com.competition.dao.UserCompetitionMapper.selectList.debug                                           [line143   ] : ==> Parameters: 
2019-08-08 11:32:05.445 DEBUG  --- com.competition.dao.UserCompetitionMapper.selectList.debug                                           [line143   ] : <==      Total: 9
2019-08-08 11:32:05.508 DEBUG  --- com.competition.dao.CompetitionCheckoutMapper.selectList.debug                                       [line143   ] : ==>  Preparing: SELECT id,competitionId,file,hash,user_id,checkout,description,createAt,updateAt FROM competition_checkout 
2019-08-08 11:32:05.509 DEBUG  --- com.competition.dao.CompetitionCheckoutMapper.selectList.debug                                       [line143   ] : ==> Parameters: 
2019-08-08 11:32:05.544 DEBUG  --- com.competition.dao.CompetitionCheckoutMapper.selectList.debug                                       [line143   ] : <==      Total: 0
2019-08-08 11:34:53.572 DEBUG  --- com.competition.dao.UserCompetitionMapper.selectList.debug                                           [line143   ] : ==>  Preparing: SELECT id,competition_id,user_id,reward,certificate,checkout,hash,createAt,updateAt FROM user_competition 
2019-08-08 11:34:53.616 DEBUG  --- com.competition.dao.UserCompetitionMapper.selectList.debug                                           [line143   ] : ==> Parameters: 
2019-08-08 11:34:53.682 DEBUG  --- com.competition.dao.UserCompetitionMapper.selectList.debug                                           [line143   ] : <==      Total: 9
2019-08-08 11:34:53.701 DEBUG  --- com.competition.dao.CompetitionCheckoutMapper.selectList.debug                                       [line143   ] : ==>  Preparing: SELECT id,competitionId,file,hash,user_id,checkout,description,createAt,updateAt FROM competition_checkout 
2019-08-08 11:34:53.702 DEBUG  --- com.competition.dao.CompetitionCheckoutMapper.selectList.debug                                       [line143   ] : ==> Parameters: 
2019-08-08 11:34:53.726 DEBUG  --- com.competition.dao.CompetitionCheckoutMapper.selectList.debug                                       [line143   ] : <==      Total: 1
2019-08-08 11:39:25.602 DEBUG  --- com.competition.dao.UserCompetitionMapper.update.debug                                               [line143   ] : ==>  Preparing: UPDATE user_competition SET checkout=?,reward=? WHERE competition_id = ? AND user_id = ? 
2019-08-08 11:39:25.606 DEBUG  --- com.competition.dao.UserCompetitionMapper.update.debug                                               [line143   ] : ==> Parameters: 1(Integer), string(String), 1(String), 11(String)
2019-08-08 11:39:25.660 DEBUG  --- com.competition.dao.UserCompetitionMapper.update.debug                                               [line143   ] : <==    Updates: 1
