2019-08-06 11:44:57.861 DEBUG  --- com.competition.dao.UserCompetitionMapperTest.logStarting                                            [line53    ] : Running with Spring Boot v2.1.6.RELEASE, Spring v5.1.8.RELEASE
2019-08-06 11:45:18.199 DEBUG  --- com.competition.dao.UserCompetitionMapper.listHost.debug                                             [line143   ] : ==>  Preparing: select competition_id from competition where host=? 
2019-08-06 11:45:18.547 DEBUG  --- com.competition.dao.UserCompetitionMapper.listHost.debug                                             [line143   ] : ==> Parameters: 1(String)
2019-08-06 11:45:18.771 DEBUG  --- com.competition.dao.UserCompetitionMapper.listHost.debug                                             [line143   ] : <==      Total: 1
2019-08-06 11:57:16.699 DEBUG  --- com.competition.dao.UserCompetitionMapperTest.logStarting                                            [line53    ] : Running with Spring Boot v2.1.6.RELEASE, Spring v5.1.8.RELEASE
2019-08-06 11:57:34.548 DEBUG  --- com.competition.dao.UserCompetitionMapper.listHost.debug                                             [line143   ] : ==>  Preparing: select competition_id from competition where host=? 
2019-08-06 11:57:34.593 DEBUG  --- com.competition.dao.UserCompetitionMapper.listHost.debug                                             [line143   ] : ==> Parameters: 1(String)
2019-08-06 11:57:34.787 DEBUG  --- com.competition.dao.UserCompetitionMapper.listHost.debug                                             [line143   ] : <==      Total: 1
2019-08-06 12:34:18.149 DEBUG  --- com.competition.dao.UserCompetitionMapperTest.logStarting                                            [line53    ] : Running with Spring Boot v2.1.6.RELEASE, Spring v5.1.8.RELEASE
2019-08-06 12:38:51.387 DEBUG  --- com.competition.dao.UserCompetitionMapperTest.logStarting                                            [line53    ] : Running with Spring Boot v2.1.6.RELEASE, Spring v5.1.8.RELEASE
2019-08-06 12:39:06.048 DEBUG  --- com.competition.dao.UserCompetitionMapper.listHost.debug                                             [line143   ] : ==>  Preparing: select competition_id from competition where host=? 
2019-08-06 12:39:06.091 DEBUG  --- com.competition.dao.UserCompetitionMapper.listHost.debug                                             [line143   ] : ==> Parameters: 1(String)
2019-08-06 12:39:06.218 DEBUG  --- com.competition.dao.UserCompetitionMapper.listHost.debug                                             [line143   ] : <==      Total: 1
2019-08-06 12:39:06.223 DEBUG  --- com.competition.dao.UserCompetitionMapper.listReward.debug                                           [line143   ] : ==>  Preparing: SELECT uc.competition_id ,uc.reward ,c.name FROM user_competition uc,competition c WHERE uc.competition_id = (SELECT competition_id FROM competition WHERE host =?) 
2019-08-06 12:39:06.224 DEBUG  --- com.competition.dao.UserCompetitionMapper.listReward.debug                                           [line143   ] : ==> Parameters: 1(String)
2019-08-06 12:39:06.489 DEBUG  --- com.competition.dao.UserCompetitionMapper.listReward.debug                                           [line143   ] : <==      Total: 10
2019-08-06 12:39:42.787 DEBUG  --- com.competition.dao.UserCompetitionMapperTest.logStarting                                            [line53    ] : Running with Spring Boot v2.1.6.RELEASE, Spring v5.1.8.RELEASE
2019-08-06 12:39:58.700 DEBUG  --- com.competition.dao.UserCompetitionMapper.listHost.debug                                             [line143   ] : ==>  Preparing: select competition_id from competition where host=? 
2019-08-06 12:39:58.758 DEBUG  --- com.competition.dao.UserCompetitionMapper.listHost.debug                                             [line143   ] : ==> Parameters: 1(String)
2019-08-06 12:39:58.880 DEBUG  --- com.competition.dao.UserCompetitionMapper.listHost.debug                                             [line143   ] : <==      Total: 1
2019-08-06 12:39:58.886 DEBUG  --- com.competition.dao.UserCompetitionMapper.listReward.debug                                           [line143   ] : ==>  Preparing: SELECT uc.competition_id ,uc.reward ,c.name FROM user_competition uc,competition c WHERE uc.competition_id = (SELECT competition_id FROM competition WHERE host =?) 
2019-08-06 12:39:58.888 DEBUG  --- com.competition.dao.UserCompetitionMapper.listReward.debug                                           [line143   ] : ==> Parameters: 1(String)
2019-08-06 12:39:58.967 DEBUG  --- com.competition.dao.UserCompetitionMapper.listReward.debug                                           [line143   ] : <==      Total: 10
2019-08-06 12:42:12.348 DEBUG  --- com.competition.dao.UserCompetitionMapperTest.logStarting                                            [line53    ] : Running with Spring Boot v2.1.6.RELEASE, Spring v5.1.8.RELEASE
2019-08-06 12:42:34.777 DEBUG  --- com.competition.dao.UserCompetitionMapper.listHost.debug                                             [line143   ] : ==>  Preparing: select competition_id from competition where host=? 
2019-08-06 12:42:34.856 DEBUG  --- com.competition.dao.UserCompetitionMapper.listHost.debug                                             [line143   ] : ==> Parameters: 1(String)
2019-08-06 12:42:35.009 DEBUG  --- com.competition.dao.UserCompetitionMapper.listHost.debug                                             [line143   ] : <==      Total: 1
2019-08-06 12:42:35.019 DEBUG  --- com.competition.dao.UserCompetitionMapper.listReward.debug                                           [line143   ] : ==>  Preparing: SELECT uc.competition_id ,uc.reward ,c.name FROM user_competition uc,competition c WHERE uc.competition_id = (SELECT competition_id FROM competition WHERE host =?) 
2019-08-06 12:42:35.020 DEBUG  --- com.competition.dao.UserCompetitionMapper.listReward.debug                                           [line143   ] : ==> Parameters: 1(String)
2019-08-06 12:42:35.092 DEBUG  --- com.competition.dao.UserCompetitionMapper.listReward.debug                                           [line143   ] : <==      Total: 10
2019-08-06 12:45:48.372 DEBUG  --- com.competition.dao.UserCompetitionMapperTest.logStarting                                            [line53    ] : Running with Spring Boot v2.1.6.RELEASE, Spring v5.1.8.RELEASE
2019-08-06 12:46:03.389 DEBUG  --- com.competition.dao.UserCompetitionMapper.listHost.debug                                             [line143   ] : ==>  Preparing: select competition_id from competition where host=? 
2019-08-06 12:46:03.454 DEBUG  --- com.competition.dao.UserCompetitionMapper.listHost.debug                                             [line143   ] : ==> Parameters: 1(String)
2019-08-06 12:46:20.107 DEBUG  --- com.competition.dao.UserCompetitionMapper.listHost.debug                                             [line143   ] : <==      Total: 1
2019-08-06 12:46:20.115 DEBUG  --- com.competition.dao.UserCompetitionMapper.listReward.debug                                           [line143   ] : ==>  Preparing: SELECT uc.competition_id ,uc.reward ,c.name FROM user_competition uc,competition c WHERE uc.competition_id in (SELECT competition_id FROM competition WHERE host =?) 
2019-08-06 12:46:20.117 DEBUG  --- com.competition.dao.UserCompetitionMapper.listReward.debug                                           [line143   ] : ==> Parameters: 1(String)
2019-08-06 12:46:20.203 DEBUG  --- com.competition.dao.UserCompetitionMapper.listReward.debug                                           [line143   ] : <==      Total: 10
2019-08-06 12:57:23.784 DEBUG  --- com.competition.dao.UserCompetitionMapperTest.logStarting                                            [line53    ] : Running with Spring Boot v2.1.6.RELEASE, Spring v5.1.8.RELEASE
2019-08-06 12:57:39.332 DEBUG  --- com.competition.dao.UserCompetitionMapper.listHost.debug                                             [line143   ] : ==>  Preparing: select competition_id from competition where host=? 
2019-08-06 12:57:39.398 DEBUG  --- com.competition.dao.UserCompetitionMapper.listHost.debug                                             [line143   ] : ==> Parameters: 1(String)
2019-08-06 12:57:39.555 DEBUG  --- com.competition.dao.UserCompetitionMapper.listHost.debug                                             [line143   ] : <==      Total: 1
2019-08-06 12:57:39.573 DEBUG  --- com.competition.dao.UserCompetitionMapper.listReward.debug                                           [line143   ] : ==>  Preparing: SELECT uc.competition_id ,uc.reward ,c.name FROM user_competition uc inner join competition c on uc.competition_id = c.competition_id inner join user u on uc.user_id = u.user_id WHERE uc.competition_id in (SELECT competition_id FROM competition WHERE host =?) 
2019-08-06 12:57:39.574 DEBUG  --- com.competition.dao.UserCompetitionMapper.listReward.debug                                           [line143   ] : ==> Parameters: 1(String)
2019-08-06 12:57:39.653 DEBUG  --- com.competition.dao.UserCompetitionMapper.listReward.debug                                           [line143   ] : <==      Total: 1
2019-08-06 13:00:47.271 DEBUG  --- com.competition.dao.UserCompetitionMapperTest.logStarting                                            [line53    ] : Running with Spring Boot v2.1.6.RELEASE, Spring v5.1.8.RELEASE
2019-08-06 13:01:05.272 DEBUG  --- com.competition.dao.UserCompetitionMapper.listHost.debug                                             [line143   ] : ==>  Preparing: select competition_id from competition where host=? 
2019-08-06 13:01:05.331 DEBUG  --- com.competition.dao.UserCompetitionMapper.listHost.debug                                             [line143   ] : ==> Parameters: 1(String)
2019-08-06 13:01:05.454 DEBUG  --- com.competition.dao.UserCompetitionMapper.listHost.debug                                             [line143   ] : <==      Total: 1
2019-08-06 13:01:05.460 DEBUG  --- com.competition.dao.UserCompetitionMapper.listReward.debug                                           [line143   ] : ==>  Preparing: SELECT uc.competition_id ,uc.reward ,c.name ,u.realname FROM user_competition uc inner join competition c on uc.competition_id = c.competition_id inner join user u on uc.user_id = u.user_id WHERE uc.competition_id in (SELECT competition_id FROM competition WHERE host =?) 
2019-08-06 13:01:05.461 DEBUG  --- com.competition.dao.UserCompetitionMapper.listReward.debug                                           [line143   ] : ==> Parameters: 1(String)
2019-08-06 13:01:05.553 DEBUG  --- com.competition.dao.UserCompetitionMapper.listReward.debug                                           [line143   ] : <==      Total: 1
2019-08-06 13:17:27.048 DEBUG  --- com.competition.dao.UserCompetitionMapperTest.logStarting                                            [line53    ] : Running with Spring Boot v2.1.6.RELEASE, Spring v5.1.8.RELEASE
2019-08-06 13:17:58.055 DEBUG  --- com.competition.dao.UserCompetitionMapper.listHost.debug                                             [line143   ] : ==>  Preparing: select competition_id from competition where host=? 
2019-08-06 13:17:58.139 DEBUG  --- com.competition.dao.UserCompetitionMapper.listHost.debug                                             [line143   ] : ==> Parameters: 1(String)
2019-08-06 13:17:58.287 DEBUG  --- com.competition.dao.UserCompetitionMapper.listHost.debug                                             [line143   ] : <==      Total: 1
2019-08-06 13:17:58.292 DEBUG  --- com.competition.dao.UserCompetitionMapper.listReward.debug                                           [line143   ] : ==>  Preparing: SELECT uc.competition_id ,uc.reward ,c.name ,u.realname FROM user_competition uc inner join competition c on uc.competition_id = c.competition_id inner join user u on uc.user_id = u.user_id WHERE uc.competition_id in (SELECT competition_id FROM competition WHERE host =?) 
2019-08-06 13:17:58.293 DEBUG  --- com.competition.dao.UserCompetitionMapper.listReward.debug                                           [line143   ] : ==> Parameters: 1(String)
2019-08-06 13:17:58.518 DEBUG  --- com.competition.dao.UserCompetitionMapper.listReward.debug                                           [line143   ] : <==      Total: 1
2019-08-06 13:19:43.287 DEBUG  --- com.competition.dao.UserCompetitionMapperTest.logStarting                                            [line53    ] : Running with Spring Boot v2.1.6.RELEASE, Spring v5.1.8.RELEASE
2019-08-06 13:19:57.768 DEBUG  --- com.competition.dao.UserCompetitionMapper.listHost.debug                                             [line143   ] : ==>  Preparing: select competition_id from competition where host=? 
2019-08-06 13:19:57.892 DEBUG  --- com.competition.dao.UserCompetitionMapper.listHost.debug                                             [line143   ] : ==> Parameters: 1(String)
2019-08-06 13:19:58.094 DEBUG  --- com.competition.dao.UserCompetitionMapper.listHost.debug                                             [line143   ] : <==      Total: 1
2019-08-06 13:19:58.099 DEBUG  --- com.competition.dao.UserCompetitionMapper.listReward.debug                                           [line143   ] : ==>  Preparing: SELECT uc.competition_id ,uc.reward ,c.name ,u.realname FROM user_competition uc inner join competition c on uc.competition_id = c.competition_id inner join user u on uc.user_id = u.user_id WHERE uc.competition_id in (SELECT competition_id FROM competition WHERE host =?) 
2019-08-06 13:19:58.101 DEBUG  --- com.competition.dao.UserCompetitionMapper.listReward.debug                                           [line143   ] : ==> Parameters: 1(String)
2019-08-06 13:19:58.166 DEBUG  --- com.competition.dao.UserCompetitionMapper.listReward.debug                                           [line143   ] : <==      Total: 1
2019-08-06 13:20:55.562 DEBUG  --- com.competition.dao.UserCompetitionMapperTest.logStarting                                            [line53    ] : Running with Spring Boot v2.1.6.RELEASE, Spring v5.1.8.RELEASE
2019-08-06 13:21:10.131 DEBUG  --- com.competition.dao.UserCompetitionMapper.listHost.debug                                             [line143   ] : ==>  Preparing: select competition_id from competition where host=? 
2019-08-06 13:21:10.197 DEBUG  --- com.competition.dao.UserCompetitionMapper.listHost.debug                                             [line143   ] : ==> Parameters: 1(String)
2019-08-06 13:21:10.334 DEBUG  --- com.competition.dao.UserCompetitionMapper.listHost.debug                                             [line143   ] : <==      Total: 1
2019-08-06 13:21:10.340 DEBUG  --- com.competition.dao.UserCompetitionMapper.listReward.debug                                           [line143   ] : ==>  Preparing: SELECT uc.competition_id ,uc.reward ,c.name ,u.realname FROM user_competition uc inner join competition c on uc.competition_id = c.competition_id inner join user u on uc.user_id = u.user_id WHERE uc.competition_id in (SELECT competition_id FROM competition WHERE host =?) 
2019-08-06 13:21:10.341 DEBUG  --- com.competition.dao.UserCompetitionMapper.listReward.debug                                           [line143   ] : ==> Parameters: 1(String)
2019-08-06 13:21:10.489 DEBUG  --- com.competition.dao.UserCompetitionMapper.listReward.debug                                           [line143   ] : <==      Total: 1
2019-08-06 13:21:53.537 DEBUG  --- com.competition.dao.UserCompetitionMapperTest.logStarting                                            [line53    ] : Running with Spring Boot v2.1.6.RELEASE, Spring v5.1.8.RELEASE
2019-08-06 13:22:09.913 DEBUG  --- com.competition.dao.UserCompetitionMapper.listHost.debug                                             [line143   ] : ==>  Preparing: select competition_id from competition where host=? 
2019-08-06 13:22:09.967 DEBUG  --- com.competition.dao.UserCompetitionMapper.listHost.debug                                             [line143   ] : ==> Parameters: 1(String)
2019-08-06 13:22:10.083 DEBUG  --- com.competition.dao.UserCompetitionMapper.listHost.debug                                             [line143   ] : <==      Total: 1
2019-08-06 13:22:10.089 DEBUG  --- com.competition.dao.UserCompetitionMapper.listReward.debug                                           [line143   ] : ==>  Preparing: SELECT uc.competition_id ,uc.reward ,c.name ,u.realname FROM user_competition uc inner join competition c on uc.competition_id = c.competition_id inner join user u on uc.user_id = u.user_id WHERE uc.competition_id in (SELECT competition_id FROM competition WHERE host =?) 
2019-08-06 13:22:10.090 DEBUG  --- com.competition.dao.UserCompetitionMapper.listReward.debug                                           [line143   ] : ==> Parameters: 1(String)
2019-08-06 13:22:10.226 DEBUG  --- com.competition.dao.UserCompetitionMapper.listReward.debug                                           [line143   ] : <==      Total: 1
