2019-08-16 19:56:51.050 DEBUG  --- com.competition.dao.CompetitionMapper.selectById.debug                                               [line143   ] : ==>  Preparing: SELECT competition_id,name,cover,isIndividual,type,host,introduce,content,join_link,rgr,checkout,click_count,hot,file,hash,createAt,updateAt FROM competition WHERE competition_id=? 
2019-08-16 19:56:51.067 DEBUG  --- com.competition.dao.CompetitionMapper.selectById.debug                                               [line143   ] : ==> Parameters: 008adf6d-c12a-4af0-b553-8c885ce7f44c(String)
2019-08-16 20:03:25.906 DEBUG  --- com.competition.dao.CompetitionMapper.selectById.debug                                               [line143   ] : ==>  Preparing: SELECT competition_id,name,cover,isIndividual,type,host,introduce,content,join_link,rgr,checkout,click_count,hot,file,hash,createAt,updateAt FROM competition WHERE competition_id=? 
2019-08-16 20:03:25.908 DEBUG  --- com.competition.dao.CompetitionMapper.selectById.debug                                               [line143   ] : ==> Parameters: 008adf6d-c12a-4af0-b553-8c885ce7f44c(String)
2019-08-16 20:04:08.874 DEBUG  --- com.competition.dao.CompetitionMapper.selectById.debug                                               [line143   ] : ==>  Preparing: SELECT competition_id,name,cover,isIndividual,type,host,introduce,content,join_link,rgr,checkout,click_count,hot,file,hash,createAt,updateAt FROM competition WHERE competition_id=? 
2019-08-16 20:04:08.888 DEBUG  --- com.competition.dao.CompetitionMapper.selectById.debug                                               [line143   ] : ==> Parameters: 008adf6d-c12a-4af0-b553-8c885ce7f44c(String)
2019-08-16 20:04:37.358 DEBUG  --- com.competition.dao.CompetitionMapper.selectById.debug                                               [line143   ] : ==>  Preparing: SELECT competition_id,name,cover,isIndividual,type,host,introduce,content,join_link,rgr,checkout,click_count,hot,file,hash,createAt,updateAt FROM competition WHERE competition_id=? 
2019-08-16 20:04:37.372 DEBUG  --- com.competition.dao.CompetitionMapper.selectById.debug                                               [line143   ] : ==> Parameters: 008adf6d-c12a-4af0-b553-8c885ce7f44c(String)
2019-08-16 20:06:40.404 DEBUG  --- com.competition.dao.CompetitionMapper.selectById.debug                                               [line143   ] : ==>  Preparing: SELECT competition_id,name,cover,isIndividual,type,host,introduce,content,join_link,rgr,checkout,click_count,hot,file,hash,createAt,updateAt FROM competition WHERE competition_id=? 
2019-08-16 20:06:40.419 DEBUG  --- com.competition.dao.CompetitionMapper.selectById.debug                                               [line143   ] : ==> Parameters: 008adf6d-c12a-4af0-b553-8c885ce7f44c(String)
2019-08-16 20:07:55.443 DEBUG  --- com.competition.dao.CompetitionMapper.selectById.debug                                               [line143   ] : ==>  Preparing: SELECT competition_id,name,cover,isIndividual,type,host,introduce,content,join_link,rgr,checkout,click_count,hot,file,hash,createAt,updateAt FROM competition WHERE competition_id=? 
2019-08-16 20:07:55.444 DEBUG  --- com.competition.dao.CompetitionMapper.selectById.debug                                               [line143   ] : ==> Parameters: 008adf6d-c12a-4af0-b553-8c885ce7f44c(String)
2019-08-16 20:09:28.009 DEBUG  --- com.competition.dao.CompetitionMapper.selectById.debug                                               [line143   ] : ==>  Preparing: SELECT competition_id,name,cover,isIndividual,type,host,introduce,content,join_link,rgr,checkout,click_count,hot,createAt,updateAt FROM competition WHERE competition_id=? 
2019-08-16 20:09:28.024 DEBUG  --- com.competition.dao.CompetitionMapper.selectById.debug                                               [line143   ] : ==> Parameters: 008adf6d-c12a-4af0-b553-8c885ce7f44c(String)
2019-08-16 20:09:28.066 DEBUG  --- com.competition.dao.CompetitionMapper.selectById.debug                                               [line143   ] : <==      Total: 1
2019-08-16 20:09:28.089 DEBUG  --- com.competition.dao.CompetitionMapper.addClick.debug                                                 [line143   ] : ==>  Preparing: UPDATE competition SET click_count = click_count+1 WHERE competition_id=? 
2019-08-16 20:09:28.090 DEBUG  --- com.competition.dao.CompetitionMapper.addClick.debug                                                 [line143   ] : ==> Parameters: 008adf6d-c12a-4af0-b553-8c885ce7f44c(String)
2019-08-16 20:09:28.118 DEBUG  --- com.competition.dao.CompetitionMapper.addClick.debug                                                 [line143   ] : <==    Updates: 1
2019-08-16 20:09:41.343 DEBUG  --- com.competition.dao.CompetitionMapper.selectById.debug                                               [line143   ] : ==>  Preparing: SELECT competition_id,name,cover,isIndividual,type,host,introduce,content,join_link,rgr,checkout,click_count,hot,createAt,updateAt FROM competition WHERE competition_id=? 
2019-08-16 20:09:41.343 DEBUG  --- com.competition.dao.CompetitionMapper.selectById.debug                                               [line143   ] : ==> Parameters: 008adf6d-c12a-4af0-b553-8c885ce7f44c(String)
2019-08-16 20:09:41.360 DEBUG  --- com.competition.dao.CompetitionMapper.selectById.debug                                               [line143   ] : <==      Total: 1
2019-08-16 20:09:41.375 DEBUG  --- com.competition.dao.CompetitionMapper.addClick.debug                                                 [line143   ] : ==>  Preparing: UPDATE competition SET click_count = click_count+1 WHERE competition_id=? 
2019-08-16 20:09:41.375 DEBUG  --- com.competition.dao.CompetitionMapper.addClick.debug                                                 [line143   ] : ==> Parameters: 008adf6d-c12a-4af0-b553-8c885ce7f44c(String)
2019-08-16 20:09:41.408 DEBUG  --- com.competition.dao.CompetitionMapper.addClick.debug                                                 [line143   ] : <==    Updates: 1
2019-08-16 20:10:34.335 DEBUG  --- com.competition.dao.CompetitionMapper.selectPage.debug                                               [line143   ] : ==>  Preparing: SELECT COUNT(1) FROM competition 
2019-08-16 20:10:34.335 DEBUG  --- com.competition.dao.CompetitionMapper.selectPage.debug                                               [line143   ] : ==> Parameters: 
2019-08-16 20:10:34.356 DEBUG  --- com.competition.dao.CompetitionMapper.selectPage.debug                                               [line143   ] : ==>  Preparing: SELECT hot FROM competition ORDER BY hot DESC LIMIT ?,? 
2019-08-16 20:10:34.356 DEBUG  --- com.competition.dao.CompetitionMapper.selectPage.debug                                               [line143   ] : ==> Parameters: 0(Long), 10(Long)
2019-08-16 20:10:34.373 DEBUG  --- com.competition.dao.CompetitionMapper.selectPage.debug                                               [line143   ] : <==      Total: 10
2019-08-16 20:14:54.239 DEBUG  --- com.competition.dao.CompetitionMapper.selectPage.debug                                               [line143   ] : ==>  Preparing: SELECT COUNT(1) FROM competition 
2019-08-16 20:14:54.252 DEBUG  --- com.competition.dao.CompetitionMapper.selectPage.debug                                               [line143   ] : ==> Parameters: 
2019-08-16 20:14:54.429 DEBUG  --- com.competition.dao.CompetitionMapper.selectPage.debug                                               [line143   ] : ==>  Preparing: SELECT hot,competition_id,name,type FROM competition ORDER BY hot DESC LIMIT ?,? 
2019-08-16 20:14:54.430 DEBUG  --- com.competition.dao.CompetitionMapper.selectPage.debug                                               [line143   ] : ==> Parameters: 0(Long), 10(Long)
2019-08-16 20:14:54.460 DEBUG  --- com.competition.dao.CompetitionMapper.selectPage.debug                                               [line143   ] : <==      Total: 10
2019-08-16 20:59:32.717 DEBUG  --- com.competition.dao.CompetitionMapper.selectById.debug                                               [line143   ] : ==>  Preparing: SELECT competition_id,name,cover,isIndividual,type,host,introduce,content,join_link,rgr,checkout,click_count,hot,createAt,updateAt FROM competition WHERE competition_id=? 
2019-08-16 20:59:32.732 DEBUG  --- com.competition.dao.CompetitionMapper.selectById.debug                                               [line143   ] : ==> Parameters: {id}(String)
2019-08-16 20:59:32.761 DEBUG  --- com.competition.dao.CompetitionMapper.selectById.debug                                               [line143   ] : <==      Total: 0
2019-08-16 21:00:20.066 DEBUG  --- com.competition.dao.CompetitionMapper.selectById.debug                                               [line143   ] : ==>  Preparing: SELECT competition_id,name,cover,isIndividual,type,host,introduce,content,join_link,rgr,checkout,click_count,hot,createAt,updateAt FROM competition WHERE competition_id=? 
2019-08-16 21:00:20.067 DEBUG  --- com.competition.dao.CompetitionMapper.selectById.debug                                               [line143   ] : ==> Parameters: {id}(String)
2019-08-16 21:00:20.084 DEBUG  --- com.competition.dao.CompetitionMapper.selectById.debug                                               [line143   ] : <==      Total: 0
2019-08-16 21:03:01.776 DEBUG  --- com.competition.dao.CompetitionMapper.selectById.debug                                               [line143   ] : ==>  Preparing: SELECT competition_id,name,cover,isIndividual,type,host,introduce,content,join_link,rgr,checkout,click_count,hot,createAt,updateAt FROM competition WHERE competition_id=? 
2019-08-16 21:03:01.777 DEBUG  --- com.competition.dao.CompetitionMapper.selectById.debug                                               [line143   ] : ==> Parameters: {id}(String)
2019-08-16 21:03:01.798 DEBUG  --- com.competition.dao.CompetitionMapper.selectById.debug                                               [line143   ] : <==      Total: 0
2019-08-16 21:03:05.234 DEBUG  --- com.competition.dao.CompetitionMapper.selectById.debug                                               [line143   ] : ==>  Preparing: SELECT competition_id,name,cover,isIndividual,type,host,introduce,content,join_link,rgr,checkout,click_count,hot,createAt,updateAt FROM competition WHERE competition_id=? 
2019-08-16 21:03:05.234 DEBUG  --- com.competition.dao.CompetitionMapper.selectById.debug                                               [line143   ] : ==> Parameters: {id}(String)
2019-08-16 21:03:05.254 DEBUG  --- com.competition.dao.CompetitionMapper.selectById.debug                                               [line143   ] : <==      Total: 0
2019-08-16 21:04:23.696 DEBUG  --- com.competition.dao.CompetitionMapper.selectById.debug                                               [line143   ] : ==>  Preparing: SELECT competition_id,name,cover,isIndividual,type,host,introduce,content,join_link,rgr,checkout,click_count,hot,createAt,updateAt FROM competition WHERE competition_id=? 
2019-08-16 21:04:23.711 DEBUG  --- com.competition.dao.CompetitionMapper.selectById.debug                                               [line143   ] : ==> Parameters: 008adf6d-c12a-4af0-b553-8c885ce7f44c(String)
2019-08-16 21:04:23.747 DEBUG  --- com.competition.dao.CompetitionMapper.selectById.debug                                               [line143   ] : <==      Total: 1
2019-08-16 21:24:59.075 DEBUG  --- com.competition.dao.CompetitionMapper.selectById.debug                                               [line143   ] : ==>  Preparing: SELECT competition_id,name,cover,isIndividual,type,host,introduce,content,join_link,rgr,checkout,click_count,hot,createAt,updateAt FROM competition WHERE competition_id=? 
2019-08-16 21:24:59.220 DEBUG  --- com.competition.dao.CompetitionMapper.selectById.debug                                               [line143   ] : ==> Parameters: 08c1104f-4e82-41a5-b52a-3750a616b6c3(String)
2019-08-16 21:24:59.263 DEBUG  --- com.competition.dao.CompetitionMapper.selectById.debug                                               [line143   ] : <==      Total: 1
2019-08-16 21:40:44.417 DEBUG  --- com.competition.dao.CompetitionCheckoutMapper.insert.debug                                           [line143   ] : ==>  Preparing: INSERT INTO competition_checkout ( id, competitionId, file, hash, user_id, description ) VALUES ( ?, ?, ?, ?, ?, ? ) 
2019-08-16 21:40:44.432 DEBUG  --- com.competition.dao.CompetitionCheckoutMapper.insert.debug                                           [line143   ] : ==> Parameters: 83c3fc84-b0df-4c52-a6be-3bf4edbdd660(String), 08c1104f-4e82-41a5-b52a-3750a616b6c3(String), 4567(String), 1234(String), 08c1104f-4e82-41a5-b52a-3750a616b6c3(String), 测试代码(String)
2019-08-16 21:42:24.815 DEBUG  --- com.competition.dao.CompetitionCheckoutMapper.insert.debug                                           [line143   ] : ==>  Preparing: INSERT INTO competition_checkout ( id, competition_id, file, hash, user_id, description ) VALUES ( ?, ?, ?, ?, ?, ? ) 
2019-08-16 21:42:24.831 DEBUG  --- com.competition.dao.CompetitionCheckoutMapper.insert.debug                                           [line143   ] : ==> Parameters: 4666d63b-f2ad-40d6-89e5-59fb05a155cc(String), 08c1104f-4e82-41a5-b52a-3750a616b6c3(String), 4567(String), 1234(String), 08c1104f-4e82-41a5-b52a-3750a616b6c3(String), 测试代码(String)
2019-08-16 21:42:24.874 DEBUG  --- com.competition.dao.CompetitionCheckoutMapper.insert.debug                                           [line143   ] : <==    Updates: 1
