2019-08-09 10:33:21.122 DEBUG  --- com.competition.dao.UserMapper.searchName.debug                                                      [line143   ] : ==>  Preparing: select userName or name from user,competition WHERE userName or name like '%'+ ? +'%'ORDER BY createAt DESC LIMIT ?, ?; 
2019-08-09 10:33:21.143 DEBUG  --- com.competition.dao.UserMapper.searchName.debug                                                      [line143   ] : ==> Parameters: ghd(String), 0(Integer), 3(Integer)
2019-08-09 10:34:03.082 DEBUG  --- com.competition.dao.UserMapper.searchName.debug                                                      [line143   ] : ==>  Preparing: select userName or name from user,competition WHERE userName or name like '%'+ ? +'%'ORDER BY createAt DESC LIMIT ?, ?; 
2019-08-09 10:34:03.083 DEBUG  --- com.competition.dao.UserMapper.searchName.debug                                                      [line143   ] : ==> Parameters: ghd(String), 3(Integer), 3(Integer)
2019-08-09 10:39:06.691 DEBUG  --- com.competition.dao.UserMapper.searchName.debug                                                      [line143   ] : ==>  Preparing: select userName or name from user,competition WHERE userName or name like '%'+ ? +'%'LIMIT ?, ?; 
2019-08-09 10:39:06.707 DEBUG  --- com.competition.dao.UserMapper.searchName.debug                                                      [line143   ] : ==> Parameters: ghd(String), 3(Integer), 3(Integer)
2019-08-09 10:40:35.872 DEBUG  --- com.competition.dao.UserMapper.searchName.debug                                                      [line143   ] : ==>  Preparing: select userName or name from user,competition WHERE userName or name like '%?%'LIMIT ?, ?; 
2019-08-09 10:48:20.240 DEBUG  --- com.competition.dao.UserMapper.searchName.debug                                                      [line143   ] : ==>  Preparing: select userName or name from user,competition WHERE userName or name like '%'+ ? +'%'LIMIT ?, ?; 
2019-08-09 10:48:20.260 DEBUG  --- com.competition.dao.UserMapper.searchName.debug                                                      [line143   ] : ==> Parameters: ghd(String), 3(Integer), 3(Integer)
2019-08-09 10:51:37.047 DEBUG  --- com.competition.dao.UserMapper.searchName.debug                                                      [line143   ] : ==>  Preparing: select userName or name from user,competition WHERE userName or name like "%"+ ? +"%"LIMIT ?, ?; 
2019-08-09 10:51:37.062 DEBUG  --- com.competition.dao.UserMapper.searchName.debug                                                      [line143   ] : ==> Parameters: ghd(String), 3(Integer), 3(Integer)
2019-08-09 10:53:55.215 DEBUG  --- com.competition.dao.UserMapper.searchName.debug                                                      [line143   ] : ==>  Preparing: select userName or name from user,competition WHERE userName or name like '%'+ ? +'%'LIMIT ?, ?; 
2019-08-09 10:53:55.229 DEBUG  --- com.competition.dao.UserMapper.searchName.debug                                                      [line143   ] : ==> Parameters: ghd(String), 3(Integer), 3(Integer)
2019-08-09 10:54:32.232 DEBUG  --- com.competition.dao.UserMapper.searchName.debug                                                      [line143   ] : ==>  Preparing: select userName or name from user,competition WHERE userName or name like ('%'+ ? +'%')LIMIT ?, ?; 
2019-08-09 10:54:32.248 DEBUG  --- com.competition.dao.UserMapper.searchName.debug                                                      [line143   ] : ==> Parameters: ghd(String), 3(Integer), 3(Integer)
2019-08-09 10:55:03.073 DEBUG  --- com.competition.dao.UserMapper.searchName.debug                                                      [line143   ] : ==>  Preparing: select user_name or name from user,competition WHERE userName or name like ('%'+ ? +'%')LIMIT ?, ?; 
2019-08-09 10:55:03.089 DEBUG  --- com.competition.dao.UserMapper.searchName.debug                                                      [line143   ] : ==> Parameters: ghd(String), 3(Integer), 3(Integer)
2019-08-09 10:56:28.942 DEBUG  --- com.competition.dao.UserMapper.searchName.debug                                                      [line143   ] : ==>  Preparing: select name from user,competition WHERE userName or name like ('%'+ ? +'%')LIMIT ?, ?; 
2019-08-09 10:56:28.957 DEBUG  --- com.competition.dao.UserMapper.searchName.debug                                                      [line143   ] : ==> Parameters: ghd(String), 3(Integer), 3(Integer)
2019-08-09 10:58:23.363 DEBUG  --- com.competition.dao.UserMapper.searchAll.debug                                                       [line143   ] : ==>  Preparing: select * from user,competition WHERE userName or name like ('%'+ ? +'%')ORDER BY createAt DESC LIMIT ?, ?; 
2019-08-09 10:58:23.378 DEBUG  --- com.competition.dao.UserMapper.searchAll.debug                                                       [line143   ] : ==> Parameters: ghd(String), 3(Integer), 3(Integer)
2019-08-09 10:59:04.489 DEBUG  --- com.competition.dao.UserMapper.searchAll.debug                                                       [line143   ] : ==>  Preparing: select * from user,competition WHERE user_name or name like ('%'+ ? +'%')ORDER BY createAt DESC LIMIT ?, ?; 
2019-08-09 10:59:04.504 DEBUG  --- com.competition.dao.UserMapper.searchAll.debug                                                       [line143   ] : ==> Parameters: ghd(String), 3(Integer), 3(Integer)
2019-08-09 10:59:26.525 DEBUG  --- com.competition.dao.UserMapper.searchAll.debug                                                       [line143   ] : ==>  Preparing: select * from user,competition WHERE user_name or name like ('%'+ ? +'%')LIMIT ?, ?; 
2019-08-09 10:59:26.540 DEBUG  --- com.competition.dao.UserMapper.searchAll.debug                                                       [line143   ] : ==> Parameters: ghd(String), 3(Integer), 3(Integer)
2019-08-09 10:59:26.578 DEBUG  --- com.competition.dao.UserMapper.searchAll.debug                                                       [line143   ] : <==      Total: 0
2019-08-09 10:59:52.113 DEBUG  --- com.competition.dao.UserMapper.searchAll.debug                                                       [line143   ] : ==>  Preparing: select * from user,competition WHERE user_name or name like ('%'+ ? +'%')LIMIT ?, ?; 
2019-08-09 10:59:52.114 DEBUG  --- com.competition.dao.UserMapper.searchAll.debug                                                       [line143   ] : ==> Parameters: ghd(String), 0(Integer), 3(Integer)
2019-08-09 10:59:52.154 DEBUG  --- com.competition.dao.UserMapper.searchAll.debug                                                       [line143   ] : <==      Total: 0
2019-08-09 11:00:47.045 DEBUG  --- com.competition.dao.UserMapper.searchName.debug                                                      [line143   ] : ==>  Preparing: select user_name or name from user,competition WHERE user_name or name like (%?%)LIMIT ?, ?; 
2019-08-09 11:00:47.059 DEBUG  --- com.competition.dao.UserMapper.searchName.debug                                                      [line143   ] : ==> Parameters: ghd(String), 0(Integer), 3(Integer)
2019-08-09 11:01:19.358 DEBUG  --- com.competition.dao.UserMapper.searchName.debug                                                      [line143   ] : ==>  Preparing: select user_name or name from user,competition WHERE user_name or name like ('%'+ ? +'%')LIMIT ?, ?; 
2019-08-09 11:01:19.373 DEBUG  --- com.competition.dao.UserMapper.searchName.debug                                                      [line143   ] : ==> Parameters: ghd(String), 0(Integer), 3(Integer)
2019-08-09 11:01:19.438 DEBUG  --- com.competition.dao.UserMapper.searchName.debug                                                      [line143   ] : <==      Total: 0
2019-08-09 11:04:42.338 DEBUG  --- com.competition.dao.UserMapper.searchName.debug                                                      [line143   ] : ==>  Preparing: select user_name or name from user,competition WHERE user_name or name like '%'+ ? +'%'LIMIT ?, ?; 
2019-08-09 11:04:42.353 DEBUG  --- com.competition.dao.UserMapper.searchName.debug                                                      [line143   ] : ==> Parameters: ghd(String), 0(Integer), 3(Integer)
2019-08-09 11:05:27.656 DEBUG  --- com.competition.dao.UserMapper.searchName.debug                                                      [line143   ] : ==>  Preparing: select user_name or name from user,competition WHERE user_name or name like '%'+ ? +'%' LIMIT ?, ?; 
2019-08-09 11:05:27.672 DEBUG  --- com.competition.dao.UserMapper.searchName.debug                                                      [line143   ] : ==> Parameters: ghd(String), 0(Integer), 3(Integer)
2019-08-09 11:06:06.585 DEBUG  --- com.competition.dao.UserMapper.searchName.debug                                                      [line143   ] : ==>  Preparing: select user_name or name from user,competition WHERE user_name or name like '%+ ? +%' LIMIT ?, ?; 
2019-08-09 11:06:59.143 DEBUG  --- com.competition.dao.UserMapper.searchName.debug                                                      [line143   ] : ==>  Preparing: select user_name or name from user,competition WHERE user_name or name like "%"+ ? +"%" LIMIT ?, ?; 
2019-08-09 11:06:59.158 DEBUG  --- com.competition.dao.UserMapper.searchName.debug                                                      [line143   ] : ==> Parameters: ghd(String), 0(Integer), 3(Integer)
2019-08-09 11:07:37.688 DEBUG  --- com.competition.dao.UserMapper.searchName.debug                                                      [line143   ] : ==>  Preparing: select user_name or name from user,competition WHERE user_name or name like %"+" ? "+"% LIMIT ?, ?; 
2019-08-09 11:07:37.703 DEBUG  --- com.competition.dao.UserMapper.searchName.debug                                                      [line143   ] : ==> Parameters: ghd(String), 0(Integer), 3(Integer)
2019-08-09 11:09:13.045 DEBUG  --- com.competition.dao.UserMapper.searchName.debug                                                      [line143   ] : ==>  Preparing: select user_name or name from user,competition WHERE user_name or name like '%?%' LIMIT ?, ?; 
2019-08-09 11:09:35.498 DEBUG  --- com.competition.dao.UserMapper.searchName.debug                                                      [line143   ] : ==>  Preparing: select user_name or name from user,competition WHERE user_name or name like '%ghd%' LIMIT ?, ?; 
2019-08-09 11:09:35.513 DEBUG  --- com.competition.dao.UserMapper.searchName.debug                                                      [line143   ] : ==> Parameters: 0(Integer), 3(Integer)
2019-08-09 11:09:35.557 DEBUG  --- com.competition.dao.UserMapper.searchName.debug                                                      [line143   ] : <==      Total: 0
2019-08-09 11:09:50.007 DEBUG  --- com.competition.dao.UserMapper.searchName.debug                                                      [line143   ] : ==>  Preparing: select user_name or name from user,competition WHERE user_name or name like '%ghd%' LIMIT ?, ?; 
2019-08-09 11:09:50.008 DEBUG  --- com.competition.dao.UserMapper.searchName.debug                                                      [line143   ] : ==> Parameters: 1(Integer), 1(Integer)
2019-08-09 11:09:50.055 DEBUG  --- com.competition.dao.UserMapper.searchName.debug                                                      [line143   ] : <==      Total: 0
2019-08-09 11:11:53.483 DEBUG  --- com.competition.dao.UserMapper.searchAll.debug                                                       [line143   ] : ==>  Preparing: select * from user,competition WHERE user_name or name like '%ghd%'LIMIT ?, ?; 
2019-08-09 11:11:53.498 DEBUG  --- com.competition.dao.UserMapper.searchAll.debug                                                       [line143   ] : ==> Parameters: 1(Integer), 1(Integer)
2019-08-09 11:11:53.532 DEBUG  --- com.competition.dao.UserMapper.searchAll.debug                                                       [line143   ] : <==      Total: 0
2019-08-09 11:12:13.322 DEBUG  --- com.competition.dao.UserMapper.searchAll.debug                                                       [line143   ] : ==>  Preparing: select * from user,competition WHERE user_name or name like '%ghd%'LIMIT ?, ?; 
2019-08-09 11:12:13.323 DEBUG  --- com.competition.dao.UserMapper.searchAll.debug                                                       [line143   ] : ==> Parameters: 0(Integer), 1(Integer)
2019-08-09 11:12:13.355 DEBUG  --- com.competition.dao.UserMapper.searchAll.debug                                                       [line143   ] : <==      Total: 0
2019-08-09 11:15:31.362 DEBUG  --- com.competition.dao.UserMapper.searchName.debug                                                      [line143   ] : ==>  Preparing: select user_name or name from user,competition WHERE user_name or name like CONCAT('%', ?, '%') LIMIT ?, ?; 
2019-08-09 11:15:31.377 DEBUG  --- com.competition.dao.UserMapper.searchName.debug                                                      [line143   ] : ==> Parameters: ghd(String), 0(Integer), 1(Integer)
2019-08-09 11:15:31.410 DEBUG  --- com.competition.dao.UserMapper.searchName.debug                                                      [line143   ] : <==      Total: 0
2019-08-09 11:21:46.265 DEBUG  --- com.competition.dao.UserMapper.searchName.debug                                                      [line143   ] : ==>  Preparing: select user_name or name from user,competition WHERE user_name or name like '%'+?+'%' LIMIT ?, ?; 
2019-08-09 11:21:46.303 DEBUG  --- com.competition.dao.UserMapper.searchName.debug                                                      [line143   ] : ==> Parameters: ghd(String), 0(Integer), 1(Integer)
2019-08-09 11:23:29.745 DEBUG  --- com.competition.dao.UserMapper.searchName.debug                                                      [line143   ] : ==>  Preparing: select user_name or name from user,competition WHERE user_name or name like '%?%' LIMIT ?, ?; 
2019-08-09 11:24:48.885 DEBUG  --- com.competition.dao.UserMapper.searchName.debug                                                      [line143   ] : ==>  Preparing: select user_name or name from user,competition WHERE user_name or name like '%?%' LIMIT ?, ?; 
2019-08-09 19:44:48.287 DEBUG  --- com.competition.dao.UserMapper.searchName.debug                                                      [line143   ] : ==>  Preparing: select user_name from user where user_name like '%' +?+'%' LIMIT ?, ?; 
2019-08-09 19:44:48.363 DEBUG  --- com.competition.dao.UserMapper.searchName.debug                                                      [line143   ] : ==> Parameters: ghd(String), 0(Integer), 1(Integer)
2019-08-09 19:45:27.573 DEBUG  --- com.competition.dao.UserMapper.searchName.debug                                                      [line143   ] : ==>  Preparing: select user_name from user where user_name like '%?%' LIMIT ?, ?; 
2019-08-09 19:47:27.148 DEBUG  --- com.competition.dao.UserMapper.searchName.debug                                                      [line143   ] : ==>  Preparing: select user_name from user where user_name like '%'+?+'%' LIMIT ?, ?; 
2019-08-09 19:47:27.184 DEBUG  --- com.competition.dao.UserMapper.searchName.debug                                                      [line143   ] : ==> Parameters: ghd(String), 0(Integer), 1(Integer)
2019-08-09 19:48:37.110 DEBUG  --- com.competition.dao.UserMapper.searchName.debug                                                      [line143   ] : ==>  Preparing: select user_name from user where user_name like CONCAT('%',?,'%') LIMIT ?, ?; 
2019-08-09 19:48:37.152 DEBUG  --- com.competition.dao.UserMapper.searchName.debug                                                      [line143   ] : ==> Parameters: ghd(String), 0(Integer), 1(Integer)
2019-08-09 19:48:37.216 DEBUG  --- com.competition.dao.UserMapper.searchName.debug                                                      [line143   ] : <==      Total: 1
2019-08-09 19:49:06.844 DEBUG  --- com.competition.dao.UserMapper.searchName.debug                                                      [line143   ] : ==>  Preparing: select user_name from user where user_name like CONCAT('%',?,'%') LIMIT ?, ?; 
2019-08-09 19:49:06.846 DEBUG  --- com.competition.dao.UserMapper.searchName.debug                                                      [line143   ] : ==> Parameters: ghd(String), 0(Integer), 3(Integer)
2019-08-09 19:49:06.877 DEBUG  --- com.competition.dao.UserMapper.searchName.debug                                                      [line143   ] : <==      Total: 3
2019-08-09 19:49:12.138 DEBUG  --- com.competition.dao.UserMapper.searchName.debug                                                      [line143   ] : ==>  Preparing: select user_name from user where user_name like CONCAT('%',?,'%') LIMIT ?, ?; 
2019-08-09 19:49:12.139 DEBUG  --- com.competition.dao.UserMapper.searchName.debug                                                      [line143   ] : ==> Parameters: ghd(String), 3(Integer), 3(Integer)
2019-08-09 19:49:12.161 DEBUG  --- com.competition.dao.UserMapper.searchName.debug                                                      [line143   ] : <==      Total: 3
2019-08-09 20:14:24.866 DEBUG  --- com.competition.dao.UserMapper.searchUserName.debug                                                  [line143   ] : ==>  Preparing: select user_name from user where user_name like CONCAT('%',?,'%') LIMIT ?, ?; 
2019-08-09 20:14:24.938 DEBUG  --- com.competition.dao.UserMapper.searchUserName.debug                                                  [line143   ] : ==> Parameters: ghd(String), 0(Integer), 3(Integer)
2019-08-09 20:14:25.004 DEBUG  --- com.competition.dao.UserMapper.searchUserName.debug                                                  [line143   ] : <==      Total: 3
2019-08-09 20:14:25.009 DEBUG  --- com.competition.dao.UserMapper.searchCompetitionName.debug                                           [line143   ] : ==>  Preparing: select name from competition where name like CONCAT('%',?,'%') LIMIT ?, ?; 
2019-08-09 20:14:25.010 DEBUG  --- com.competition.dao.UserMapper.searchCompetitionName.debug                                           [line143   ] : ==> Parameters: ghd(String), 0(Integer), 3(Integer)
2019-08-09 20:14:25.028 DEBUG  --- com.competition.dao.UserMapper.searchCompetitionName.debug                                           [line143   ] : <==      Total: 0
2019-08-09 20:14:40.983 DEBUG  --- com.competition.dao.UserMapper.searchUserName.debug                                                  [line143   ] : ==>  Preparing: select user_name from user where user_name like CONCAT('%',?,'%') LIMIT ?, ?; 
2019-08-09 20:14:40.985 DEBUG  --- com.competition.dao.UserMapper.searchUserName.debug                                                  [line143   ] : ==> Parameters: ghd(String), 3(Integer), 3(Integer)
2019-08-09 20:14:41.012 DEBUG  --- com.competition.dao.UserMapper.searchUserName.debug                                                  [line143   ] : <==      Total: 3
2019-08-09 20:14:41.015 DEBUG  --- com.competition.dao.UserMapper.searchCompetitionName.debug                                           [line143   ] : ==>  Preparing: select name from competition where name like CONCAT('%',?,'%') LIMIT ?, ?; 
2019-08-09 20:14:41.016 DEBUG  --- com.competition.dao.UserMapper.searchCompetitionName.debug                                           [line143   ] : ==> Parameters: ghd(String), 3(Integer), 3(Integer)
2019-08-09 20:14:41.037 DEBUG  --- com.competition.dao.UserMapper.searchCompetitionName.debug                                           [line143   ] : <==      Total: 0
2019-08-09 20:14:49.315 DEBUG  --- com.competition.dao.UserMapper.searchUserName.debug                                                  [line143   ] : ==>  Preparing: select user_name from user where user_name like CONCAT('%',?,'%') LIMIT ?, ?; 
2019-08-09 20:14:49.316 DEBUG  --- com.competition.dao.UserMapper.searchUserName.debug                                                  [line143   ] : ==> Parameters: ghd(String), 5(Integer), 5(Integer)
2019-08-09 20:14:49.335 DEBUG  --- com.competition.dao.UserMapper.searchUserName.debug                                                  [line143   ] : <==      Total: 1
2019-08-09 20:14:49.338 DEBUG  --- com.competition.dao.UserMapper.searchCompetitionName.debug                                           [line143   ] : ==>  Preparing: select name from competition where name like CONCAT('%',?,'%') LIMIT ?, ?; 
2019-08-09 20:14:49.339 DEBUG  --- com.competition.dao.UserMapper.searchCompetitionName.debug                                           [line143   ] : ==> Parameters: ghd(String), 5(Integer), 5(Integer)
2019-08-09 20:14:49.362 DEBUG  --- com.competition.dao.UserMapper.searchCompetitionName.debug                                           [line143   ] : <==      Total: 0
2019-08-09 20:16:25.172 DEBUG  --- com.competition.dao.UserMapper.searchUserName.debug                                                  [line143   ] : ==>  Preparing: select user_name from user where user_name like CONCAT('%',?,'%') LIMIT ?, ?; 
2019-08-09 20:16:25.172 DEBUG  --- com.competition.dao.UserMapper.searchUserName.debug                                                  [line143   ] : ==> Parameters: ghd(String), 5(Integer), 5(Integer)
2019-08-09 20:16:25.189 DEBUG  --- com.competition.dao.UserMapper.searchUserName.debug                                                  [line143   ] : <==      Total: 1
2019-08-09 20:16:25.190 DEBUG  --- com.competition.dao.UserMapper.searchCompetitionName.debug                                           [line143   ] : ==>  Preparing: select name from competition where name like CONCAT('%',?,'%') LIMIT ?, ?; 
2019-08-09 20:16:25.191 DEBUG  --- com.competition.dao.UserMapper.searchCompetitionName.debug                                           [line143   ] : ==> Parameters: ghd(String), 5(Integer), 5(Integer)
2019-08-09 20:16:25.207 DEBUG  --- com.competition.dao.UserMapper.searchCompetitionName.debug                                           [line143   ] : <==      Total: 0
2019-08-09 20:16:32.424 DEBUG  --- com.competition.dao.UserMapper.searchUserName.debug                                                  [line143   ] : ==>  Preparing: select user_name from user where user_name like CONCAT('%',?,'%') LIMIT ?, ?; 
2019-08-09 20:16:32.425 DEBUG  --- com.competition.dao.UserMapper.searchUserName.debug                                                  [line143   ] : ==> Parameters: ghd(String), 0(Integer), 5(Integer)
2019-08-09 20:16:32.448 DEBUG  --- com.competition.dao.UserMapper.searchUserName.debug                                                  [line143   ] : <==      Total: 5
2019-08-09 20:16:32.449 DEBUG  --- com.competition.dao.UserMapper.searchCompetitionName.debug                                           [line143   ] : ==>  Preparing: select name from competition where name like CONCAT('%',?,'%') LIMIT ?, ?; 
2019-08-09 20:16:32.450 DEBUG  --- com.competition.dao.UserMapper.searchCompetitionName.debug                                           [line143   ] : ==> Parameters: ghd(String), 0(Integer), 5(Integer)
2019-08-09 20:16:32.468 DEBUG  --- com.competition.dao.UserMapper.searchCompetitionName.debug                                           [line143   ] : <==      Total: 0
2019-08-09 20:17:55.837 DEBUG  --- com.competition.dao.UserMapper.searchUserName.debug                                                  [line143   ] : ==>  Preparing: select user_name from user where user_name like CONCAT('%',?,'%') LIMIT ?, ?; 
2019-08-09 20:17:55.863 DEBUG  --- com.competition.dao.UserMapper.searchUserName.debug                                                  [line143   ] : ==> Parameters: ghd(String), 0(Integer), 5(Integer)
2019-08-09 20:17:55.898 DEBUG  --- com.competition.dao.UserMapper.searchUserName.debug                                                  [line143   ] : <==      Total: 5
2019-08-09 20:17:55.900 DEBUG  --- com.competition.dao.UserMapper.searchCompetitionName.debug                                           [line143   ] : ==>  Preparing: select name from competition where name like CONCAT('%',?,'%') LIMIT ?, ?; 
2019-08-09 20:17:55.901 DEBUG  --- com.competition.dao.UserMapper.searchCompetitionName.debug                                           [line143   ] : ==> Parameters: ghd(String), 0(Integer), 5(Integer)
2019-08-09 20:17:55.917 DEBUG  --- com.competition.dao.UserMapper.searchCompetitionName.debug                                           [line143   ] : <==      Total: 0
2019-08-09 20:18:45.729 DEBUG  --- com.competition.dao.UserMapper.searchUserName.debug                                                  [line143   ] : ==>  Preparing: select user_name from user where user_name like CONCAT('%',?,'%') LIMIT ?, ?; 
2019-08-09 20:18:45.746 DEBUG  --- com.competition.dao.UserMapper.searchUserName.debug                                                  [line143   ] : ==> Parameters: ghd(String), 0(Integer), 5(Integer)
2019-08-09 20:18:45.774 DEBUG  --- com.competition.dao.UserMapper.searchUserName.debug                                                  [line143   ] : <==      Total: 5
2019-08-09 20:18:45.776 DEBUG  --- com.competition.dao.UserMapper.searchCompetitionName.debug                                           [line143   ] : ==>  Preparing: select name from competition where name like CONCAT('%',?,'%') LIMIT ?, ?; 
2019-08-09 20:18:45.777 DEBUG  --- com.competition.dao.UserMapper.searchCompetitionName.debug                                           [line143   ] : ==> Parameters: ghd(String), 0(Integer), 5(Integer)
2019-08-09 20:18:45.793 DEBUG  --- com.competition.dao.UserMapper.searchCompetitionName.debug                                           [line143   ] : <==      Total: 0
2019-08-09 20:19:55.267 DEBUG  --- com.competition.dao.UserMapper.searchUserName.debug                                                  [line143   ] : ==>  Preparing: select user_name from user where user_name like CONCAT('%',?,'%') LIMIT ?, ?; 
2019-08-09 20:19:55.284 DEBUG  --- com.competition.dao.UserMapper.searchUserName.debug                                                  [line143   ] : ==> Parameters: ghd(String), 0(Integer), 5(Integer)
2019-08-09 20:19:55.329 DEBUG  --- com.competition.dao.UserMapper.searchUserName.debug                                                  [line143   ] : <==      Total: 5
2019-08-09 20:19:55.331 DEBUG  --- com.competition.dao.UserMapper.searchCompetitionName.debug                                           [line143   ] : ==>  Preparing: select name from competition where name like CONCAT('%',?,'%') LIMIT ?, ?; 
2019-08-09 20:19:55.331 DEBUG  --- com.competition.dao.UserMapper.searchCompetitionName.debug                                           [line143   ] : ==> Parameters: ghd(String), 0(Integer), 5(Integer)
2019-08-09 20:19:55.350 DEBUG  --- com.competition.dao.UserMapper.searchCompetitionName.debug                                           [line143   ] : <==      Total: 2
2019-08-09 20:20:16.701 DEBUG  --- com.competition.dao.UserMapper.searchUserName.debug                                                  [line143   ] : ==>  Preparing: select user_name from user where user_name like CONCAT('%',?,'%') LIMIT ?, ?; 
2019-08-09 20:20:16.702 DEBUG  --- com.competition.dao.UserMapper.searchUserName.debug                                                  [line143   ] : ==> Parameters: ghd(String), 0(Integer), 5(Integer)
2019-08-09 20:20:16.718 DEBUG  --- com.competition.dao.UserMapper.searchUserName.debug                                                  [line143   ] : <==      Total: 5
2019-08-09 20:20:16.720 DEBUG  --- com.competition.dao.UserMapper.searchCompetitionName.debug                                           [line143   ] : ==>  Preparing: select name from competition where name like CONCAT('%',?,'%') LIMIT ?, ?; 
2019-08-09 20:20:16.721 DEBUG  --- com.competition.dao.UserMapper.searchCompetitionName.debug                                           [line143   ] : ==> Parameters: ghd(String), 0(Integer), 5(Integer)
2019-08-09 20:20:16.740 DEBUG  --- com.competition.dao.UserMapper.searchCompetitionName.debug                                           [line143   ] : <==      Total: 2
2019-08-09 20:32:52.112 DEBUG  --- com.competition.dao.UserMapper.searchAllUser.debug                                                   [line143   ] : ==>  Preparing: select * from competition WHERE name like CONCAT('%',?,'%')LIMIT ?, ?; 
2019-08-09 20:32:52.130 DEBUG  --- com.competition.dao.UserMapper.searchAllUser.debug                                                   [line143   ] : ==> Parameters: ghd(String), 5(Integer), 5(Integer)
2019-08-09 20:32:52.169 DEBUG  --- com.competition.dao.UserMapper.searchAllUser.debug                                                   [line143   ] : <==      Total: 0
2019-08-09 20:32:52.172 DEBUG  --- com.competition.dao.UserMapper.searchAllCompetition.debug                                            [line143   ] : ==>  Preparing: select * from user WHERE user_name like CONCAT('%',?,'%')LIMIT ?, ?; 
2019-08-09 20:32:52.172 DEBUG  --- com.competition.dao.UserMapper.searchAllCompetition.debug                                            [line143   ] : ==> Parameters: ghd(String), 5(Integer), 5(Integer)
2019-08-09 20:32:52.194 DEBUG  --- com.competition.dao.UserMapper.searchAllCompetition.debug                                            [line143   ] : <==      Total: 1
2019-08-09 20:34:16.566 DEBUG  --- com.competition.dao.UserMapper.searchAllUser.debug                                                   [line143   ] : ==>  Preparing: select * from competition WHERE name like CONCAT('%',?,'%')LIMIT ?, ?; 
2019-08-09 20:34:16.567 DEBUG  --- com.competition.dao.UserMapper.searchAllUser.debug                                                   [line143   ] : ==> Parameters: ghd(String), 0(Integer), 5(Integer)
2019-08-09 20:34:16.589 DEBUG  --- com.competition.dao.UserMapper.searchAllUser.debug                                                   [line143   ] : <==      Total: 2
2019-08-09 20:34:16.590 DEBUG  --- com.competition.dao.UserMapper.searchAllCompetition.debug                                            [line143   ] : ==>  Preparing: select * from user WHERE user_name like CONCAT('%',?,'%')LIMIT ?, ?; 
2019-08-09 20:34:16.591 DEBUG  --- com.competition.dao.UserMapper.searchAllCompetition.debug                                            [line143   ] : ==> Parameters: ghd(String), 0(Integer), 5(Integer)
2019-08-09 20:34:16.618 DEBUG  --- com.competition.dao.UserMapper.searchAllCompetition.debug                                            [line143   ] : <==      Total: 5
2019-08-09 21:01:55.388 DEBUG  --- com.competition.dao.UserMapper.searchAllUser.debug                                                   [line143   ] : ==>  Preparing: select * from competition WHERE name like CONCAT('%',?,'%')LIMIT ?, ?; 
2019-08-09 21:01:55.404 DEBUG  --- com.competition.dao.UserMapper.searchAllUser.debug                                                   [line143   ] : ==> Parameters: ghd(String), 0(Integer), 5(Integer)
2019-08-09 21:01:55.439 DEBUG  --- com.competition.dao.UserMapper.searchAllUser.debug                                                   [line143   ] : <==      Total: 2
2019-08-09 21:01:55.441 DEBUG  --- com.competition.dao.UserMapper.searchAllCompetition.debug                                            [line143   ] : ==>  Preparing: select * from user WHERE user_name like CONCAT('%',?,'%')LIMIT ?, ?; 
2019-08-09 21:01:55.441 DEBUG  --- com.competition.dao.UserMapper.searchAllCompetition.debug                                            [line143   ] : ==> Parameters: ghd(String), 0(Integer), 5(Integer)
2019-08-09 21:01:55.469 DEBUG  --- com.competition.dao.UserMapper.searchAllCompetition.debug                                            [line143   ] : <==      Total: 5
2019-08-09 21:04:05.854 DEBUG  --- com.competition.dao.UserMapper.searchAllUser.debug                                                   [line143   ] : ==>  Preparing: select * from competition WHERE name like CONCAT('%',?,'%')LIMIT ?, ?; 
2019-08-09 21:04:05.872 DEBUG  --- com.competition.dao.UserMapper.searchAllUser.debug                                                   [line143   ] : ==> Parameters: ghd(String), 0(Integer), 5(Integer)
2019-08-09 21:04:05.903 DEBUG  --- com.competition.dao.UserMapper.searchAllUser.debug                                                   [line143   ] : <==      Total: 2
2019-08-09 21:04:05.905 DEBUG  --- com.competition.dao.UserMapper.searchAllCompetition.debug                                            [line143   ] : ==>  Preparing: select * from user WHERE user_name like CONCAT('%',?,'%')LIMIT ?, ?; 
2019-08-09 21:04:05.905 DEBUG  --- com.competition.dao.UserMapper.searchAllCompetition.debug                                            [line143   ] : ==> Parameters: ghd(String), 0(Integer), 5(Integer)
2019-08-09 21:04:05.921 DEBUG  --- com.competition.dao.UserMapper.searchAllCompetition.debug                                            [line143   ] : <==      Total: 5
