2019-08-07 10:59:24.977 DEBUG  --- com.competition.dao.CompetitionWikiMapper.insert.debug                                               [line143   ] : ==>  Preparing: INSERT INTO competition_wiki ( wiki_id, competition_id, user_id, content ) VALUES ( ?, ?, ?, ? )
2019-08-07 10:59:25.016 DEBUG  --- com.competition.dao.CompetitionWikiMapper.insert.debug                                               [line143   ] : ==> Parameters: 82ac6ab08480403eb3482b019322e71c(String), 1800bb87da81438ab982c0416631054c(String), 11(String), 这是个什么类型的比赛？(String)
2019-08-07 10:59:25.089 DEBUG  --- com.competition.dao.CompetitionWikiMapper.insert.debug                                               [line143   ] : <==    Updates: 1
2019-08-07 11:07:03.611 DEBUG  --- com.competition.dao.CompetitionWikiMapper.selectQuestionByHostId.debug                               [line143   ] : ==>  Preparing: SELECT c.`name`,cw.wiki_id, cw.content,cw.createAt FROM competition c INNER JOIN competition_wiki cw ON cw.competition_id=c.competition_id WHERE c.competition_id IN (SELECT competition_id FROM competition WHERE c.host = ?) ORDER BY createAt DESC LIMIT ?, ?; 
2019-08-07 11:07:03.611 DEBUG  --- com.competition.dao.CompetitionWikiMapper.selectQuestionByHostId.debug                               [line143   ] : ==> Parameters: 1817955671b34e56bc2921a6763ade5a(String), 0(Integer), 3(Integer)
2019-08-07 11:07:03.683 DEBUG  --- com.competition.dao.CompetitionWikiMapper.selectQuestionByHostId.debug                               [line143   ] : <==      Total: 0
2019-08-07 11:07:54.607 DEBUG  --- com.competition.dao.CompetitionWikiMapper.selectQuestionByHostId.debug                               [line143   ] : ==>  Preparing: SELECT c.`name`,cw.wiki_id, cw.content,cw.createAt FROM competition c INNER JOIN competition_wiki cw ON cw.competition_id=c.competition_id WHERE c.competition_id IN (SELECT competition_id FROM competition WHERE c.host = ?) ORDER BY createAt DESC LIMIT ?, ?; 
2019-08-07 11:07:54.608 DEBUG  --- com.competition.dao.CompetitionWikiMapper.selectQuestionByHostId.debug                               [line143   ] : ==> Parameters: 1817955671b34e56bc2921a6763ade5a(String), 0(Integer), 3(Integer)
2019-08-07 11:07:54.631 DEBUG  --- com.competition.dao.CompetitionWikiMapper.selectQuestionByHostId.debug                               [line143   ] : <==      Total: 0
2019-08-07 11:08:29.672 DEBUG  --- com.competition.dao.CompetitionWikiMapper.selectQuestionByHostId.debug                               [line143   ] : ==>  Preparing: SELECT c.`name`,cw.wiki_id, cw.content,cw.createAt FROM competition c INNER JOIN competition_wiki cw ON cw.competition_id=c.competition_id WHERE c.competition_id IN (SELECT competition_id FROM competition WHERE c.host = ?) ORDER BY createAt DESC LIMIT ?, ?; 
2019-08-07 11:08:29.716 DEBUG  --- com.competition.dao.CompetitionWikiMapper.selectQuestionByHostId.debug                               [line143   ] : ==> Parameters: 1817955671b34e56bc2921a6763ade5a(String), 0(Integer), 3(Integer)
2019-08-07 11:08:29.872 DEBUG  --- com.competition.dao.CompetitionWikiMapper.selectQuestionByHostId.debug                               [line143   ] : <==      Total: 0
2019-08-07 11:12:35.912 DEBUG  --- com.competition.dao.CompetitionWikiMapper.selectQuestionByHostId.debug                               [line143   ] : ==>  Preparing: SELECT c.`name`,cw.wiki_id, cw.content,cw.createAt FROM competition c INNER JOIN competition_wiki cw ON cw.competition_id=c.competition_id WHERE c.competition_id IN (SELECT competition_id FROM competition WHERE c.host = ?) ORDER BY createAt DESC LIMIT ?, ?; 
2019-08-07 11:12:35.913 DEBUG  --- com.competition.dao.CompetitionWikiMapper.selectQuestionByHostId.debug                               [line143   ] : ==> Parameters: stsinsdg(String), 0(Integer), 3(Integer)
2019-08-07 11:12:35.956 DEBUG  --- com.competition.dao.CompetitionWikiMapper.selectQuestionByHostId.debug                               [line143   ] : <==      Total: 3
2019-08-07 11:14:51.644 DEBUG  --- com.competition.dao.CompetitionWikiMapper.selectQuestionByHostId.debug                               [line143   ] : ==>  Preparing: SELECT c.`name` AS competitionName, cw.wiki_id, cw.content,cw.createAt FROM competition c INNER JOIN competition_wiki cw ON cw.competition_id=c.competition_id WHERE c.competition_id IN (SELECT competition_id FROM competition WHERE c.host = ?) ORDER BY createAt DESC LIMIT ?, ?; 
2019-08-07 11:14:51.675 DEBUG  --- com.competition.dao.CompetitionWikiMapper.selectQuestionByHostId.debug                               [line143   ] : ==> Parameters: stsinsdg(String), 0(Integer), 3(Integer)
2019-08-07 11:14:51.736 DEBUG  --- com.competition.dao.CompetitionWikiMapper.selectQuestionByHostId.debug                               [line143   ] : <==      Total: 3
2019-08-07 11:15:50.095 DEBUG  --- com.competition.dao.CompetitionWikiMapper.selectQuestionByHostId.debug                               [line143   ] : ==>  Preparing: SELECT c.`name` AS competitionName, cw.wiki_id, cw.content,cw.createAt FROM competition c INNER JOIN competition_wiki cw ON cw.competition_id=c.competition_id WHERE c.competition_id IN (SELECT competition_id FROM competition WHERE c.host = ?) ORDER BY createAt DESC LIMIT ?, ?; 
2019-08-07 11:15:50.096 DEBUG  --- com.competition.dao.CompetitionWikiMapper.selectQuestionByHostId.debug                               [line143   ] : ==> Parameters: stsinsdg(String), 3(Integer), 3(Integer)
2019-08-07 11:15:50.205 DEBUG  --- com.competition.dao.CompetitionWikiMapper.selectQuestionByHostId.debug                               [line143   ] : <==      Total: 3
2019-08-07 11:15:54.774 DEBUG  --- com.competition.dao.CompetitionWikiMapper.selectQuestionByHostId.debug                               [line143   ] : ==>  Preparing: SELECT c.`name` AS competitionName, cw.wiki_id, cw.content,cw.createAt FROM competition c INNER JOIN competition_wiki cw ON cw.competition_id=c.competition_id WHERE c.competition_id IN (SELECT competition_id FROM competition WHERE c.host = ?) ORDER BY createAt DESC LIMIT ?, ?; 
2019-08-07 11:15:54.775 DEBUG  --- com.competition.dao.CompetitionWikiMapper.selectQuestionByHostId.debug                               [line143   ] : ==> Parameters: stsinsdg(String), 3(Integer), 3(Integer)
2019-08-07 11:15:54.796 DEBUG  --- com.competition.dao.CompetitionWikiMapper.selectQuestionByHostId.debug                               [line143   ] : <==      Total: 3
2019-08-07 11:15:59.039 DEBUG  --- com.competition.dao.CompetitionWikiMapper.selectQuestionByHostId.debug                               [line143   ] : ==>  Preparing: SELECT c.`name` AS competitionName, cw.wiki_id, cw.content,cw.createAt FROM competition c INNER JOIN competition_wiki cw ON cw.competition_id=c.competition_id WHERE c.competition_id IN (SELECT competition_id FROM competition WHERE c.host = ?) ORDER BY createAt DESC LIMIT ?, ?; 
2019-08-07 11:15:59.040 DEBUG  --- com.competition.dao.CompetitionWikiMapper.selectQuestionByHostId.debug                               [line143   ] : ==> Parameters: stsinsdg(String), 6(Integer), 3(Integer)
2019-08-07 11:15:59.066 DEBUG  --- com.competition.dao.CompetitionWikiMapper.selectQuestionByHostId.debug                               [line143   ] : <==      Total: 3
2019-08-07 11:16:08.893 DEBUG  --- com.competition.dao.CompetitionWikiMapper.selectQuestionByHostId.debug                               [line143   ] : ==>  Preparing: SELECT c.`name` AS competitionName, cw.wiki_id, cw.content,cw.createAt FROM competition c INNER JOIN competition_wiki cw ON cw.competition_id=c.competition_id WHERE c.competition_id IN (SELECT competition_id FROM competition WHERE c.host = ?) ORDER BY createAt DESC LIMIT ?, ?; 
2019-08-07 11:16:08.894 DEBUG  --- com.competition.dao.CompetitionWikiMapper.selectQuestionByHostId.debug                               [line143   ] : ==> Parameters: stsinsdg(String), 9(Integer), 3(Integer)
2019-08-07 11:16:08.915 DEBUG  --- com.competition.dao.CompetitionWikiMapper.selectQuestionByHostId.debug                               [line143   ] : <==      Total: 1
2019-08-07 11:16:14.406 DEBUG  --- com.competition.dao.CompetitionWikiMapper.selectQuestionByHostId.debug                               [line143   ] : ==>  Preparing: SELECT c.`name` AS competitionName, cw.wiki_id, cw.content,cw.createAt FROM competition c INNER JOIN competition_wiki cw ON cw.competition_id=c.competition_id WHERE c.competition_id IN (SELECT competition_id FROM competition WHERE c.host = ?) ORDER BY createAt DESC LIMIT ?, ?; 
2019-08-07 11:16:14.407 DEBUG  --- com.competition.dao.CompetitionWikiMapper.selectQuestionByHostId.debug                               [line143   ] : ==> Parameters: stsinsdg(String), 0(Integer), 3(Integer)
2019-08-07 11:16:14.429 DEBUG  --- com.competition.dao.CompetitionWikiMapper.selectQuestionByHostId.debug                               [line143   ] : <==      Total: 3
2019-08-07 11:38:43.810 DEBUG  --- com.competition.dao.CompetitionWikiReplyMapper.insert.debug                                          [line143   ] : ==>  Preparing: INSERT INTO competition_wiki_reply ( id, user_id, content ) VALUES ( ?, ?, ? ) 
2019-08-07 11:38:43.843 DEBUG  --- com.competition.dao.CompetitionWikiReplyMapper.insert.debug                                          [line143   ] : ==> Parameters: 9944077b59644f4fa52c3521d83dc8b3(String), stsinsdg(String), 关于科技类型的比赛(String)
2019-08-07 11:38:43.886 DEBUG  --- com.competition.dao.CompetitionWikiReplyMapper.insert.debug                                          [line143   ] : <==    Updates: 1
2019-08-07 11:38:43.947 DEBUG  --- com.competition.dao.CompetitionWikiMapper.selectOne.debug                                            [line143   ] : ==>  Preparing: SELECT wiki_id,competition_id,user_id,content,createAt,updateAt FROM competition_wiki WHERE wiki_id = ? 
2019-08-07 11:38:43.948 DEBUG  --- com.competition.dao.CompetitionWikiMapper.selectOne.debug                                            [line143   ] : ==> Parameters: null
2019-08-07 11:38:43.985 DEBUG  --- com.competition.dao.CompetitionWikiMapper.selectOne.debug                                            [line143   ] : <==      Total: 0
2019-08-07 11:54:33.720 DEBUG  --- com.competition.dao.CompetitionWikiReplyMapper.insert.debug                                          [line143   ] : ==>  Preparing: INSERT INTO competition_wiki_reply ( id, user_id, content ) VALUES ( ?, ?, ? ) 
2019-08-07 11:54:33.771 DEBUG  --- com.competition.dao.CompetitionWikiReplyMapper.insert.debug                                          [line143   ] : ==> Parameters: 17b01ee1f34b4e8f8e851967f135eaa7(String), stsinsdg(String), 关于科技类型的比赛(String)
2019-08-07 11:54:33.856 DEBUG  --- com.competition.dao.CompetitionWikiReplyMapper.insert.debug                                          [line143   ] : <==    Updates: 1
2019-08-07 11:54:33.864 DEBUG  --- com.competition.dao.CompetitionWikiReplyMapper.insert.debug                                          [line143   ] : ==>  Preparing: INSERT INTO competition_wiki_reply ( id, user_id, content ) VALUES ( ?, ?, ? ) 
2019-08-07 11:54:33.868 DEBUG  --- com.competition.dao.CompetitionWikiReplyMapper.insert.debug                                          [line143   ] : ==> Parameters: e708d1f10bad4684880a2beb98edd796(String), stsinsdg(String), 关于科技类型的比赛(String)
2019-08-07 11:54:33.905 DEBUG  --- com.competition.dao.CompetitionWikiReplyMapper.insert.debug                                          [line143   ] : <==    Updates: 1
2019-08-07 11:54:33.909 DEBUG  --- com.competition.dao.CompetitionWikiReplyMapper.insert.debug                                          [line143   ] : ==>  Preparing: INSERT INTO competition_wiki_reply ( id, user_id, content ) VALUES ( ?, ?, ? ) 
2019-08-07 11:54:33.912 DEBUG  --- com.competition.dao.CompetitionWikiReplyMapper.insert.debug                                          [line143   ] : ==> Parameters: e9225509b62e4ce7891a97765009f8c1(String), stsinsdg(String), 关于科技类型的比赛(String)
2019-08-07 11:54:33.966 DEBUG  --- com.competition.dao.CompetitionWikiReplyMapper.insert.debug                                          [line143   ] : <==    Updates: 1
2019-08-07 11:54:34.052 DEBUG  --- com.competition.dao.CompetitionWikiMapper.selectOne.debug                                            [line143   ] : ==>  Preparing: SELECT wiki_id,competition_id,user_id,content,createAt,updateAt FROM competition_wiki WHERE wiki_id = ? 
2019-08-07 11:54:34.052 DEBUG  --- com.competition.dao.CompetitionWikiMapper.selectOne.debug                                            [line143   ] : ==>  Preparing: SELECT wiki_id,competition_id,user_id,content,createAt,updateAt FROM competition_wiki WHERE wiki_id = ? 
2019-08-07 11:54:34.054 DEBUG  --- com.competition.dao.CompetitionWikiMapper.selectOne.debug                                            [line143   ] : ==> Parameters: null
2019-08-07 11:54:34.054 DEBUG  --- com.competition.dao.CompetitionWikiMapper.selectOne.debug                                            [line143   ] : ==> Parameters: null
2019-08-07 11:54:34.154 DEBUG  --- com.competition.dao.CompetitionWikiMapper.selectOne.debug                                            [line143   ] : <==      Total: 0
2019-08-07 11:54:34.154 DEBUG  --- com.competition.dao.CompetitionWikiMapper.selectOne.debug                                            [line143   ] : <==      Total: 0
2019-08-07 11:54:34.162 DEBUG  --- com.competition.dao.CompetitionWikiMapper.selectOne.debug                                            [line143   ] : ==>  Preparing: SELECT wiki_id,competition_id,user_id,content,createAt,updateAt FROM competition_wiki WHERE wiki_id = ? 
2019-08-07 11:54:34.167 DEBUG  --- com.competition.dao.CompetitionWikiMapper.selectOne.debug                                            [line143   ] : ==> Parameters: null
2019-08-07 11:54:34.185 DEBUG  --- com.competition.dao.CompetitionWikiMapper.selectOne.debug                                            [line143   ] : <==      Total: 0
2019-08-07 11:56:24.519 DEBUG  --- com.competition.dao.CompetitionWikiReplyMapper.insert.debug                                          [line143   ] : ==>  Preparing: INSERT INTO competition_wiki_reply ( id, user_id, content ) VALUES ( ?, ?, ? ) 
2019-08-07 11:56:24.553 DEBUG  --- com.competition.dao.CompetitionWikiReplyMapper.insert.debug                                          [line143   ] : ==> Parameters: 46fbdc3b35eb472889f947e7f696a524(String), stsinsdg(String), 关于科技类型的比赛(String)
2019-08-07 11:56:24.733 DEBUG  --- com.competition.dao.CompetitionWikiReplyMapper.insert.debug                                          [line143   ] : <==    Updates: 1
2019-08-07 11:56:24.790 DEBUG  --- com.competition.dao.CompetitionWikiMapper.selectOne.debug                                            [line143   ] : ==>  Preparing: SELECT wiki_id,competition_id,user_id,content,createAt,updateAt FROM competition_wiki WHERE wiki_id = ? 
2019-08-07 11:56:24.791 DEBUG  --- com.competition.dao.CompetitionWikiMapper.selectOne.debug                                            [line143   ] : ==> Parameters: null
2019-08-07 11:56:24.867 DEBUG  --- com.competition.dao.CompetitionWikiMapper.selectOne.debug                                            [line143   ] : <==      Total: 0
2019-08-07 10:40:11.568 DEBUG  --- com.competition.dao.CompetitionMapper.selectPage.debug                                               [line143   ] : ==>  Preparing: SELECT COUNT(1) FROM competition WHERE host = ?
2019-08-07 10:40:11.644 DEBUG  --- com.competition.dao.CompetitionMapper.selectPage.debug                                               [line143   ] : ==> Parameters: 1(Integer)
2019-08-07 10:50:48.640 DEBUG  --- com.competition.dao.CompetitionMapper.selectPage.debug                                               [line143   ] : ==>  Preparing: SELECT COUNT(1) FROM competition WHERE host = ? 
2019-08-07 10:50:48.696 DEBUG  --- com.competition.dao.CompetitionMapper.selectPage.debug                                               [line143   ] : ==> Parameters: 1(Integer)
2019-08-07 10:51:37.809 DEBUG  --- com.competition.dao.CompetitionMapper.selectPage.debug                                               [line143   ] : ==>  Preparing: SELECT COUNT(1) FROM competition WHERE host = ? 
2019-08-07 10:51:37.871 DEBUG  --- com.competition.dao.CompetitionMapper.selectPage.debug                                               [line143   ] : ==> Parameters: 1(Integer)
2019-08-07 10:51:37.964 DEBUG  --- com.competition.dao.UserCompetitionMapper.listReward.debug                                           [line143   ] : ==>  Preparing: SELECT uc.competition_id ,uc.reward ,c.name ,u.realname FROM user_competition uc inner join competition c on uc.competition_id = c.competition_id inner join user u on uc.user_id = u.user_id WHERE uc.competition_id in (SELECT competition_id FROM competition WHERE host =?)LIMIT ?,? 
2019-08-07 10:51:37.966 DEBUG  --- com.competition.dao.UserCompetitionMapper.listReward.debug                                           [line143   ] : ==> Parameters: 1(String), 0(Integer), 1(Integer)
2019-08-07 10:51:37.990 DEBUG  --- com.competition.dao.UserCompetitionMapper.listReward.debug                                           [line143   ] : <==      Total: 0
