2019-08-13 10:05:38.039 DEBUG  --- com.competition.dao.UserMapper.searchAllOrg.debug                                                    [line143   ] : ==>  Preparing: select * from user WHERE 1=1 and user_name like CONCAT('%',?,'%') and user_type = ?LIMIT ?, ?; 
2019-08-13 10:05:38.069 DEBUG  --- com.competition.dao.UserMapper.searchAllOrg.debug                                                    [line143   ] : ==> Parameters: ghd(String), student(String), 1(Integer), 3(Integer)
2019-08-13 10:05:38.369 DEBUG  --- com.competition.dao.UserMapper.searchAllOrg.debug                                                    [line143   ] : <==      Total: 3
2019-08-13 10:07:35.542 DEBUG  --- com.competition.dao.UserMapper.searchAllOrg.debug                                                    [line143   ] : ==>  Preparing: select * from user WHERE 1=1 and user_name like CONCAT('%',?,'%') and user_type = ?LIMIT ?, ?; 
2019-08-13 10:07:35.544 DEBUG  --- com.competition.dao.UserMapper.searchAllOrg.debug                                                    [line143   ] : ==> Parameters: ghd(String), null(String), 1(Integer), 3(Integer)
2019-08-13 10:07:35.574 DEBUG  --- com.competition.dao.UserMapper.searchAllOrg.debug                                                    [line143   ] : <==      Total: 0
2019-08-13 10:09:23.088 DEBUG  --- com.competition.dao.UserMapper.searchAllOrg.debug                                                    [line143   ] : ==>  Preparing: select * from user WHERE 1=1 and user_name like CONCAT('%',?,'%') and user_type = ?LIMIT ?, ?; 
2019-08-13 10:09:23.115 DEBUG  --- com.competition.dao.UserMapper.searchAllOrg.debug                                                    [line143   ] : ==> Parameters: ghd(String), null(String), 1(Integer), 3(Integer)
2019-08-13 10:09:23.163 DEBUG  --- com.competition.dao.UserMapper.searchAllOrg.debug                                                    [line143   ] : <==      Total: 0
2019-08-13 10:10:13.426 DEBUG  --- com.competition.dao.UserMapper.searchAllOrg.debug                                                    [line143   ] : ==>  Preparing: select * from user WHERE 1=1 and user_name like CONCAT('%',?,'%') and user_type = ?LIMIT ?, ?; 
2019-08-13 10:10:13.453 DEBUG  --- com.competition.dao.UserMapper.searchAllOrg.debug                                                    [line143   ] : ==> Parameters: ghd(String), null(String), 1(Integer), 3(Integer)
2019-08-13 10:10:13.497 DEBUG  --- com.competition.dao.UserMapper.searchAllOrg.debug                                                    [line143   ] : <==      Total: 0
2019-08-13 10:11:30.764 DEBUG  --- com.competition.dao.UserMapper.searchAllOrg.debug                                                    [line143   ] : ==>  Preparing: select * from user WHERE 1=1 and user_name like CONCAT('%',?,'%') and user_type = ?LIMIT ?, ?; 
2019-08-13 10:11:30.793 DEBUG  --- com.competition.dao.UserMapper.searchAllOrg.debug                                                    [line143   ] : ==> Parameters: ghd(String), null(String), 1(Integer), 3(Integer)
2019-08-13 10:11:30.830 DEBUG  --- com.competition.dao.UserMapper.searchAllOrg.debug                                                    [line143   ] : <==      Total: 0
2019-08-13 10:12:51.678 DEBUG  --- com.competition.dao.UserMapper.searchAllOrg.debug                                                    [line143   ] : ==>  Preparing: select * from user WHERE 1=1 and user_name like CONCAT('%',?,'%') and user_type = ?LIMIT ?, ?; 
2019-08-13 10:12:51.705 DEBUG  --- com.competition.dao.UserMapper.searchAllOrg.debug                                                    [line143   ] : ==> Parameters: ghd(String), null(String), 1(Integer), 3(Integer)
2019-08-13 10:12:51.749 DEBUG  --- com.competition.dao.UserMapper.searchAllOrg.debug                                                    [line143   ] : <==      Total: 0
2019-08-13 10:14:12.894 DEBUG  --- com.competition.dao.UserMapper.searchAllOrg.debug                                                    [line143   ] : ==>  Preparing: select * from user WHERE 1=1 and user_name like CONCAT('%',?,'%') and user_type = ?LIMIT ?, ?; 
2019-08-13 10:14:12.919 DEBUG  --- com.competition.dao.UserMapper.searchAllOrg.debug                                                    [line143   ] : ==> Parameters: ghd(String), null(String), 1(Integer), 3(Integer)
2019-08-13 10:14:12.961 DEBUG  --- com.competition.dao.UserMapper.searchAllOrg.debug                                                    [line143   ] : <==      Total: 0
2019-08-13 10:14:34.876 DEBUG  --- com.competition.dao.UserMapper.searchAllOrg.debug                                                    [line143   ] : ==>  Preparing: select * from user WHERE 1=1 and user_name like CONCAT('%',?,'%') and user_type = ?LIMIT ?, ?; 
2019-08-13 10:14:34.877 DEBUG  --- com.competition.dao.UserMapper.searchAllOrg.debug                                                    [line143   ] : ==> Parameters: ghd(String), org(String), 1(Integer), 3(Integer)
2019-08-13 10:14:34.895 DEBUG  --- com.competition.dao.UserMapper.searchAllOrg.debug                                                    [line143   ] : <==      Total: 0
2019-08-13 10:15:08.702 DEBUG  --- com.competition.dao.UserMapper.searchAllOrg.debug                                                    [line143   ] : ==>  Preparing: select * from user WHERE 1=1 and user_name like CONCAT('%',?,'%') and user_type = ?LIMIT ?, ?; 
2019-08-13 10:15:08.703 DEBUG  --- com.competition.dao.UserMapper.searchAllOrg.debug                                                    [line143   ] : ==> Parameters: ghd(String), organization(String), 1(Integer), 3(Integer)
2019-08-13 10:15:08.722 DEBUG  --- com.competition.dao.UserMapper.searchAllOrg.debug                                                    [line143   ] : <==      Total: 1
2019-08-13 10:16:09.708 DEBUG  --- com.competition.dao.UserMapper.searchAllOrg.debug                                                    [line143   ] : ==>  Preparing: select * from user WHERE 1=1 and user_name like CONCAT('%',?,'%') and user_type = ?LIMIT ?, ?; 
2019-08-13 10:16:09.960 DEBUG  --- com.competition.dao.UserMapper.searchAllOrg.debug                                                    [line143   ] : ==> Parameters: ghd(String), organization(String), 1(Integer), 3(Integer)
2019-08-13 10:16:10.025 DEBUG  --- com.competition.dao.UserMapper.searchAllOrg.debug                                                    [line143   ] : <==      Total: 1
2019-08-13 10:17:19.273 DEBUG  --- com.competition.dao.UserMapper.searchAllOrg.debug                                                    [line143   ] : ==>  Preparing: select * from user WHERE 1=1 and user_name like CONCAT('%',?,'%') and user_type = ?LIMIT ?, ?; 
2019-08-13 10:17:19.495 DEBUG  --- com.competition.dao.UserMapper.searchAllOrg.debug                                                    [line143   ] : ==> Parameters: ghd(String), organization(String), 1(Integer), 3(Integer)
2019-08-13 10:17:19.543 DEBUG  --- com.competition.dao.UserMapper.searchAllOrg.debug                                                    [line143   ] : <==      Total: 1
2019-08-13 10:18:51.877 DEBUG  --- com.competition.dao.UserMapper.searchAllOrg.debug                                                    [line143   ] : ==>  Preparing: select * from user WHERE 1=1 and user_name like CONCAT('%',?,'%') and user_type = ?LIMIT ?, ?; 
2019-08-13 10:18:52.436 DEBUG  --- com.competition.dao.UserMapper.searchAllOrg.debug                                                    [line143   ] : ==> Parameters: ghd(String), organization(String), 1(Integer), 3(Integer)
2019-08-13 10:18:52.811 DEBUG  --- com.competition.dao.UserMapper.searchAllOrg.debug                                                    [line143   ] : <==      Total: 1
2019-08-13 10:29:05.582 DEBUG  --- com.competition.dao.UserMapper.searchAllCompetition.debug                                            [line143   ] : ==>  Preparing: select * from competition WHERE 1=1 and name like CONCAT('%',?,'%'LIMIT ?, ?; 
2019-08-13 10:29:05.606 DEBUG  --- com.competition.dao.UserMapper.searchAllCompetition.debug                                            [line143   ] : ==> Parameters: ghd(String), 1(Integer), 3(Integer)
2019-08-13 10:29:43.995 DEBUG  --- com.competition.dao.UserMapper.searchAllCompetition.debug                                            [line143   ] : ==>  Preparing: select * from competition WHERE 1=1 and name like CONCAT('%',?,'%'LIMIT ?, ?; 
2019-08-13 10:29:43.996 DEBUG  --- com.competition.dao.UserMapper.searchAllCompetition.debug                                            [line143   ] : ==> Parameters: ghd(String), 1(Integer), 1(Integer)
2019-08-13 10:30:24.344 DEBUG  --- com.competition.dao.UserMapper.searchAllOrg.debug                                                    [line143   ] : ==>  Preparing: select * from user WHERE 1=1 and user_name like CONCAT('%',?,'%') and user_type = ?LIMIT ?, ?; 
2019-08-13 10:30:24.345 DEBUG  --- com.competition.dao.UserMapper.searchAllOrg.debug                                                    [line143   ] : ==> Parameters: ghd(String), syudent(String), 1(Integer), 1(Integer)
2019-08-13 10:30:24.402 DEBUG  --- com.competition.dao.UserMapper.searchAllOrg.debug                                                    [line143   ] : <==      Total: 0
2019-08-13 10:30:30.650 DEBUG  --- com.competition.dao.UserMapper.searchAllOrg.debug                                                    [line143   ] : ==>  Preparing: select * from user WHERE 1=1 and user_name like CONCAT('%',?,'%') and user_type = ?LIMIT ?, ?; 
2019-08-13 10:30:30.651 DEBUG  --- com.competition.dao.UserMapper.searchAllOrg.debug                                                    [line143   ] : ==> Parameters: ghd(String), syudent(String), 1(Integer), 3(Integer)
2019-08-13 10:30:30.681 DEBUG  --- com.competition.dao.UserMapper.searchAllOrg.debug                                                    [line143   ] : <==      Total: 0
2019-08-13 10:30:39.091 DEBUG  --- com.competition.dao.UserMapper.searchAllStd.debug                                                    [line143   ] : ==>  Preparing: select * from user WHERE 1=1 and user_name like CONCAT('%',?,'%') and user_type = ?LIMIT ?, ?; 
2019-08-13 10:30:39.092 DEBUG  --- com.competition.dao.UserMapper.searchAllStd.debug                                                    [line143   ] : ==> Parameters: ghd(String), student(String), 1(Integer), 3(Integer)
2019-08-13 10:30:39.118 DEBUG  --- com.competition.dao.UserMapper.searchAllStd.debug                                                    [line143   ] : <==      Total: 3
2019-08-13 10:31:57.245 DEBUG  --- com.competition.dao.UserMapper.searchAllStd.debug                                                    [line143   ] : ==>  Preparing: select * from user WHERE 1=1 and user_name like CONCAT('%',?,'%') and user_type = '?'LIMIT ?, ?; 
2019-08-13 10:33:04.827 DEBUG  --- com.competition.dao.UserMapper.searchAllStd.debug                                                    [line143   ] : ==>  Preparing: select * from user WHERE 1=1 and user_name like CONCAT('%',?,'%') and user_type = '?'LIMIT ?, ?; 
2019-08-13 10:38:06.747 DEBUG  --- com.competition.dao.UserMapper.searchAllStd.debug                                                    [line143   ] : ==>  Preparing: select * from user WHERE 1=1 and user_name like CONCAT('%',?,'%') and user_type = ?LIMIT ?, ?; 
2019-08-13 10:38:06.772 DEBUG  --- com.competition.dao.UserMapper.searchAllStd.debug                                                    [line143   ] : ==> Parameters: ghd(String), student(String), 1(Integer), 3(Integer)
2019-08-13 10:38:06.816 DEBUG  --- com.competition.dao.UserMapper.searchAllStd.debug                                                    [line143   ] : <==      Total: 3
2019-08-13 10:39:44.825 DEBUG  --- com.competition.dao.UserMapper.searchAllStd.debug                                                    [line143   ] : ==>  Preparing: select * from user WHERE 1=1 and user_name like CONCAT('%',?,'%') and user_type = ?LIMIT ?, ?; 
2019-08-13 10:39:44.826 DEBUG  --- com.competition.dao.UserMapper.searchAllStd.debug                                                    [line143   ] : ==> Parameters: ghd(String), student(String), 1(Integer), 5(Integer)
2019-08-13 10:39:44.876 DEBUG  --- com.competition.dao.UserMapper.searchAllStd.debug                                                    [line143   ] : <==      Total: 3
2019-08-13 10:41:19.409 DEBUG  --- com.competition.dao.UserMapper.searchAllCompetition.debug                                            [line143   ] : ==>  Preparing: select * from competition WHERE 1=1 and name like CONCAT('%',?,'%'LIMIT ?, ?; 
2019-08-13 10:41:19.410 DEBUG  --- com.competition.dao.UserMapper.searchAllCompetition.debug                                            [line143   ] : ==> Parameters: ghd(String), 1(Integer), 5(Integer)
2019-08-13 10:42:17.854 DEBUG  --- com.competition.dao.UserMapper.searchAllCompetition.debug                                            [line143   ] : ==>  Preparing: select * from competition WHERE 1=1 and name like CONCAT('%',?,'%')LIMIT ?, ?; 
2019-08-13 10:42:17.883 DEBUG  --- com.competition.dao.UserMapper.searchAllCompetition.debug                                            [line143   ] : ==> Parameters: ghd(String), 1(Integer), 5(Integer)
2019-08-13 10:42:17.945 DEBUG  --- com.competition.dao.UserMapper.searchAllCompetition.debug                                            [line143   ] : <==      Total: 1
2019-08-13 10:44:54.134 DEBUG  --- com.competition.dao.UserMapper.searchAllStd.debug                                                    [line143   ] : ==>  Preparing: select * from user WHERE 1=1 and user_name like CONCAT('%',?,'%') and user_type = ?LIMIT ?, ?; 
2019-08-13 10:44:54.136 DEBUG  --- com.competition.dao.UserMapper.searchAllStd.debug                                                    [line143   ] : ==> Parameters: ghd(String), student(String), 1(Integer), 5(Integer)
2019-08-13 10:44:54.153 DEBUG  --- com.competition.dao.UserMapper.searchAllStd.debug                                                    [line143   ] : <==      Total: 3
2019-08-13 10:45:08.339 DEBUG  --- com.competition.dao.UserMapper.searchAllCompetition.debug                                            [line143   ] : ==>  Preparing: select * from competition WHERE 1=1 and name like CONCAT('%',?,'%')LIMIT ?, ?; 
2019-08-13 10:45:08.340 DEBUG  --- com.competition.dao.UserMapper.searchAllCompetition.debug                                            [line143   ] : ==> Parameters: ghd(String), 1(Integer), 5(Integer)
2019-08-13 10:45:08.372 DEBUG  --- com.competition.dao.UserMapper.searchAllCompetition.debug                                            [line143   ] : <==      Total: 1
2019-08-13 10:46:24.625 DEBUG  --- com.competition.dao.UserMapper.searchAllStd.debug                                                    [line143   ] : ==>  Preparing: select * from user WHERE 1=1 and user_name like CONCAT('%',?,'%') and user_type = ?LIMIT ?, ?; 
2019-08-13 10:46:24.650 DEBUG  --- com.competition.dao.UserMapper.searchAllStd.debug                                                    [line143   ] : ==> Parameters: null, student(String), 1(Integer), 5(Integer)
2019-08-13 10:46:24.710 DEBUG  --- com.competition.dao.UserMapper.searchAllStd.debug                                                    [line143   ] : <==      Total: 0
2019-08-13 10:47:08.770 DEBUG  --- com.competition.dao.UserMapper.searchAllStd.debug                                                    [line143   ] : ==>  Preparing: select * from user WHERE 1=1 and user_name like CONCAT('%',?,'%') and user_type = ?LIMIT ?, ?; 
2019-08-13 10:47:08.771 DEBUG  --- com.competition.dao.UserMapper.searchAllStd.debug                                                    [line143   ] : ==> Parameters: null, student(String), 1(Integer), 5(Integer)
2019-08-13 10:47:08.800 DEBUG  --- com.competition.dao.UserMapper.searchAllStd.debug                                                    [line143   ] : <==      Total: 0
2019-08-13 10:47:15.313 DEBUG  --- com.competition.dao.UserMapper.searchAllStd.debug                                                    [line143   ] : ==>  Preparing: select * from user WHERE 1=1 and user_name like CONCAT('%',?,'%') and user_type = ?LIMIT ?, ?; 
2019-08-13 10:47:15.315 DEBUG  --- com.competition.dao.UserMapper.searchAllStd.debug                                                    [line143   ] : ==> Parameters: ghd(String), student(String), 1(Integer), 5(Integer)
2019-08-13 10:47:15.335 DEBUG  --- com.competition.dao.UserMapper.searchAllStd.debug                                                    [line143   ] : <==      Total: 3
2019-08-13 10:48:58.893 DEBUG  --- com.competition.dao.UserMapper.searchAllStd.debug                                                    [line143   ] : ==>  Preparing: select * from user WHERE 1=1 and user_name like CONCAT('%',?,'%') and user_type = ?LIMIT ?, ?; 
2019-08-13 10:48:58.894 DEBUG  --- com.competition.dao.UserMapper.searchAllStd.debug                                                    [line143   ] : ==> Parameters: ghd(String), student(String), 1(Integer), 5(Integer)
2019-08-13 10:48:58.910 DEBUG  --- com.competition.dao.UserMapper.searchAllStd.debug                                                    [line143   ] : <==      Total: 3
2019-08-13 10:49:24.868 DEBUG  --- com.competition.dao.UserMapper.searchAllStd.debug                                                    [line143   ] : ==>  Preparing: select * from user WHERE 1=1 and user_name like CONCAT('%',?,'%') and user_type = ?LIMIT ?, ?; 
2019-08-13 10:49:24.895 DEBUG  --- com.competition.dao.UserMapper.searchAllStd.debug                                                    [line143   ] : ==> Parameters: ghd(String), student(String), 1(Integer), 5(Integer)
2019-08-13 10:49:24.971 DEBUG  --- com.competition.dao.UserMapper.searchAllStd.debug                                                    [line143   ] : <==      Total: 3
2019-08-13 10:50:12.806 DEBUG  --- com.competition.dao.UserMapper.searchAllStd.debug                                                    [line143   ] : ==>  Preparing: select * from user WHERE 1=1 and user_name like CONCAT('%',?,'%') and user_type = ?LIMIT ?, ?; 
2019-08-13 10:50:12.830 DEBUG  --- com.competition.dao.UserMapper.searchAllStd.debug                                                    [line143   ] : ==> Parameters: ghd(String), student(String), 1(Integer), 5(Integer)
2019-08-13 10:50:12.884 DEBUG  --- com.competition.dao.UserMapper.searchAllStd.debug                                                    [line143   ] : <==      Total: 3
2019-08-13 10:53:34.966 DEBUG  --- com.competition.dao.UserMapper.searchAllStd.debug                                                    [line143   ] : ==>  Preparing: select * from user WHERE 1=1 and user_name like CONCAT('%',?,'%') and user_type = ?LIMIT ?, ?; 
2019-08-13 10:53:34.967 DEBUG  --- com.competition.dao.UserMapper.searchAllStd.debug                                                    [line143   ] : ==> Parameters: ghd(String), student(String), 1(Integer), 5(Integer)
2019-08-13 10:53:35.003 DEBUG  --- com.competition.dao.UserMapper.searchAllStd.debug                                                    [line143   ] : <==      Total: 3
2019-08-13 10:53:54.604 DEBUG  --- com.competition.dao.UserMapper.searchAllStd.debug                                                    [line143   ] : ==>  Preparing: select * from user WHERE 1=1 and user_name like CONCAT('%',?,'%') and user_type = ?LIMIT ?, ?; 
2019-08-13 10:53:54.632 DEBUG  --- com.competition.dao.UserMapper.searchAllStd.debug                                                    [line143   ] : ==> Parameters: ghd(String), student(String), 1(Integer), 5(Integer)
2019-08-13 10:53:54.673 DEBUG  --- com.competition.dao.UserMapper.searchAllStd.debug                                                    [line143   ] : <==      Total: 3
2019-08-13 10:54:43.214 DEBUG  --- com.competition.dao.UserMapper.searchAllStd.debug                                                    [line143   ] : ==>  Preparing: select * from user WHERE 1=1 and user_name like CONCAT('%',?,'%') and user_type = ?LIMIT ?, ?; 
2019-08-13 10:54:43.241 DEBUG  --- com.competition.dao.UserMapper.searchAllStd.debug                                                    [line143   ] : ==> Parameters: ghd(String), student(String), 1(Integer), 5(Integer)
2019-08-13 10:54:43.283 DEBUG  --- com.competition.dao.UserMapper.searchAllStd.debug                                                    [line143   ] : <==      Total: 3
2019-08-13 11:03:22.442 DEBUG  --- com.competition.dao.UserMapper.searchAllStd.debug                                                    [line143   ] : ==>  Preparing: select * from user WHERE 1=1 and user_name like CONCAT('%',?,'%') and user_type = ?LIMIT ?, ?; 
2019-08-13 11:03:22.479 DEBUG  --- com.competition.dao.UserMapper.searchAllStd.debug                                                    [line143   ] : ==> Parameters: ghd(String), student(String), 1(Integer), 5(Integer)
2019-08-13 11:03:22.523 DEBUG  --- com.competition.dao.UserMapper.searchAllStd.debug                                                    [line143   ] : <==      Total: 3
