2019-08-04 09:23:19.647 DEBUG  --- com.competition.dao.CompetitionMapper.selectById.debug                                               [line143   ] : ==>  Preparing: SELECT competition_id,name,cover,isIndividual,type,host,introduce,content,join_link,rgr,checkout,click_count,hot,createAt,updateAt FROM competition WHERE competition_id=? 
2019-08-04 09:23:19.695 DEBUG  --- com.competition.dao.CompetitionMapper.selectById.debug                                               [line143   ] : ==> Parameters: 1800bb87da81438ab982c0416631054c(String)
2019-08-04 09:23:19.798 DEBUG  --- com.competition.dao.CompetitionMapper.selectById.debug                                               [line143   ] : <==      Total: 1
2019-08-04 09:27:14.357 DEBUG  --- com.competition.dao.CompetitionMapper.selectById.debug                                               [line143   ] : ==>  Preparing: SELECT competition_id,name,cover,isIndividual,type,host,introduce,content,join_link,rgr,checkout,click_count,hot,createAt,updateAt FROM competition WHERE competition_id=? 
2019-08-04 09:27:15.469 DEBUG  --- com.competition.dao.CompetitionMapper.selectById.debug                                               [line143   ] : ==> Parameters: 1800bb87da81438ab982c0416631054c(String)
2019-08-04 09:27:16.128 DEBUG  --- com.competition.dao.CompetitionMapper.selectById.debug                                               [line143   ] : <==      Total: 1
2019-08-04 09:41:59.110 DEBUG  --- com.competition.dao.CompetitionMapper.selectById.debug                                               [line143   ] : ==>  Preparing: SELECT competition_id,name,cover,isIndividual,type,host,introduce,content,join_link,rgr,checkout,click_count,hot,createAt,updateAt FROM competition WHERE competition_id=? 
2019-08-04 09:41:59.677 DEBUG  --- com.competition.dao.CompetitionMapper.selectById.debug                                               [line143   ] : ==> Parameters: 23(String)
2019-08-04 09:42:01.347 DEBUG  --- com.competition.dao.CompetitionMapper.selectById.debug                                               [line143   ] : <==      Total: 0
2019-08-04 10:10:26.623 DEBUG  --- com.competition.dao.CompetitionMapper.selectById.debug                                               [line143   ] : ==>  Preparing: SELECT competition_id,name,cover,isIndividual,type,host,introduce,content,join_link,rgr,checkout,click_count,hot,createAt,updateAt FROM competition WHERE competition_id=? 
2019-08-04 10:10:26.624 DEBUG  --- com.competition.dao.CompetitionMapper.selectById.debug                                               [line143   ] : ==> Parameters: (String)
2019-08-04 10:10:26.667 DEBUG  --- com.competition.dao.CompetitionMapper.selectById.debug                                               [line143   ] : <==      Total: 0
2019-08-04 10:11:18.548 DEBUG  --- com.competition.dao.CompetitionMapper.selectById.debug                                               [line143   ] : ==>  Preparing: SELECT competition_id,name,cover,isIndividual,type,host,introduce,content,join_link,rgr,checkout,click_count,hot,createAt,updateAt FROM competition WHERE competition_id=? 
2019-08-04 10:11:18.549 DEBUG  --- com.competition.dao.CompetitionMapper.selectById.debug                                               [line143   ] : ==> Parameters: (String)
2019-08-04 10:11:18.568 DEBUG  --- com.competition.dao.CompetitionMapper.selectById.debug                                               [line143   ] : <==      Total: 0
2019-08-04 10:11:59.542 DEBUG  --- com.competition.dao.CompetitionMapper.selectById.debug                                               [line143   ] : ==>  Preparing: SELECT competition_id,name,cover,isIndividual,type,host,introduce,content,join_link,rgr,checkout,click_count,hot,createAt,updateAt FROM competition WHERE competition_id=? 
2019-08-04 10:11:59.545 DEBUG  --- com.competition.dao.CompetitionMapper.selectById.debug                                               [line143   ] : ==> Parameters: null
2019-08-04 10:11:59.591 DEBUG  --- com.competition.dao.CompetitionMapper.selectById.debug                                               [line143   ] : <==      Total: 0
2019-08-04 18:17:42.469 DEBUG  --- com.competition.dao.CompetitionMapper.selectById.debug                                               [line143   ] : ==>  Preparing: SELECT competition_id,name,cover,isIndividual,type,host,introduce,content,join_link,rgr,checkout,click_count,hot,createAt,updateAt FROM competition WHERE competition_id=? 
2019-08-04 18:17:43.126 DEBUG  --- com.competition.dao.CompetitionMapper.selectById.debug                                               [line143   ] : ==> Parameters: null
2019-08-04 18:17:43.576 DEBUG  --- com.competition.dao.CompetitionMapper.selectById.debug                                               [line143   ] : <==      Total: 0
2019-08-04 20:34:42.308 DEBUG  --- com.competition.dao.CompetitionMapper.selectById.debug                                               [line143   ] : ==>  Preparing: SELECT competition_id,name,cover,isIndividual,type,host,introduce,content,join_link,rgr,checkout,click_count,hot,createAt,updateAt FROM competition WHERE competition_id=? 
2019-08-04 20:34:42.888 DEBUG  --- com.competition.dao.CompetitionMapper.selectById.debug                                               [line143   ] : ==> Parameters: null
2019-08-04 20:34:43.337 DEBUG  --- com.competition.dao.CompetitionMapper.selectById.debug                                               [line143   ] : <==      Total: 0
2019-08-04 20:36:13.341 DEBUG  --- com.competition.dao.CompetitionMapper.selectById.debug                                               [line143   ] : ==>  Preparing: SELECT competition_id,name,cover,isIndividual,type,host,introduce,content,join_link,rgr,checkout,click_count,hot,createAt,updateAt FROM competition WHERE competition_id=? 
2019-08-04 20:36:13.860 DEBUG  --- com.competition.dao.CompetitionMapper.selectById.debug                                               [line143   ] : ==> Parameters: null
2019-08-04 20:36:14.318 DEBUG  --- com.competition.dao.CompetitionMapper.selectById.debug                                               [line143   ] : <==      Total: 0
2019-08-04 20:41:15.264 DEBUG  --- com.competition.dao.CompetitionMapper.selectById.debug                                               [line143   ] : ==>  Preparing: SELECT competition_id,name,cover,isIndividual,type,host,introduce,content,join_link,rgr,checkout,click_count,hot,createAt,updateAt FROM competition WHERE competition_id=? 
2019-08-04 20:41:15.391 DEBUG  --- com.competition.dao.CompetitionMapper.selectById.debug                                               [line143   ] : ==> Parameters: null
2019-08-04 20:41:15.585 DEBUG  --- com.competition.dao.CompetitionMapper.selectById.debug                                               [line143   ] : <==      Total: 0
