<<<<<<< HEAD
2019-08-04 10:54:33.046 WARN   --- org.mybatis.spring.mapper.ClassPathMapperScanner.warn                                                [line44    ] : Skipping MapperFactoryBean with name 'competitionMapper' and 'com.competition.dao.CompetitionMapper' mapperInterface. Bean already defined with the same name!
2019-08-04 10:54:33.047 WARN   --- org.mybatis.spring.mapper.ClassPathMapperScanner.warn                                                [line44    ] : Skipping MapperFactoryBean with name 'competitionWikiMapper' and 'com.competition.dao.CompetitionWikiMapper' mapperInterface. Bean already defined with the same name!
2019-08-04 10:54:33.047 WARN   --- org.mybatis.spring.mapper.ClassPathMapperScanner.warn                                                [line44    ] : Skipping MapperFactoryBean with name 'competitionWikiReplyMapper' and 'com.competition.dao.CompetitionWikiReplyMapper' mapperInterface. Bean already defined with the same name!
2019-08-04 10:54:33.048 WARN   --- org.mybatis.spring.mapper.ClassPathMapperScanner.warn                                                [line44    ] : Skipping MapperFactoryBean with name 'userAnnounceMapper' and 'com.competition.dao.UserAnnounceMapper' mapperInterface. Bean already defined with the same name!
2019-08-04 10:54:33.048 WARN   --- org.mybatis.spring.mapper.ClassPathMapperScanner.warn                                                [line44    ] : Skipping MapperFactoryBean with name 'userAttentionMapper' and 'com.competition.dao.UserAttentionMapper' mapperInterface. Bean already defined with the same name!
2019-08-04 10:54:33.049 WARN   --- org.mybatis.spring.mapper.ClassPathMapperScanner.warn                                                [line44    ] : Skipping MapperFactoryBean with name 'userCompetitionMapper' and 'com.competition.dao.UserCompetitionMapper' mapperInterface. Bean already defined with the same name!
2019-08-04 10:54:33.049 WARN   --- org.mybatis.spring.mapper.ClassPathMapperScanner.warn                                                [line44    ] : Skipping MapperFactoryBean with name 'userMapper' and 'com.competition.dao.UserMapper' mapperInterface. Bean already defined with the same name!
2019-08-04 10:54:33.049 WARN   --- org.mybatis.spring.mapper.ClassPathMapperScanner.warn                                                [line44    ] : No MyBatis mapper was found in '[com.competition.dao]' package. Please check your configuration.
=======
2019-08-04 09:22:22.239 WARN   --- onObjectContextCustomizerFactory$DuplicateJsonObjectContextCustomizer.logDuplicateJsonObjectsWarning [line81    ] : 

Found multiple occurrences of org.json.JSONObject on the class path:

	jar:file:/home/guohaodong/.m2/repository/com/vaadin/external/google/android-json/0.0.20131108.vaadin1/android-json-0.0.20131108.vaadin1.jar!/org/json/JSONObject.class
	jar:file:/home/guohaodong/.m2/repository/org/json/json/20141113/json-20141113.jar!/org/json/JSONObject.class

You may wish to exclude one of them to ensure predictable runtime behavior

2019-08-04 09:22:41.244 WARN   --- org.mybatis.spring.mapper.ClassPathMapperScanner.warn                                                [line44    ] : Skipping MapperFactoryBean with name 'competitionMapper' and 'com.competition.dao.CompetitionMapper' mapperInterface. Bean already defined with the same name!
2019-08-04 09:22:41.245 WARN   --- org.mybatis.spring.mapper.ClassPathMapperScanner.warn                                                [line44    ] : Skipping MapperFactoryBean with name 'competitionWikiMapper' and 'com.competition.dao.CompetitionWikiMapper' mapperInterface. Bean already defined with the same name!
2019-08-04 09:22:41.247 WARN   --- org.mybatis.spring.mapper.ClassPathMapperScanner.warn                                                [line44    ] : Skipping MapperFactoryBean with name 'competitionWikiReplyMapper' and 'com.competition.dao.CompetitionWikiReplyMapper' mapperInterface. Bean already defined with the same name!
2019-08-04 09:22:41.255 WARN   --- org.mybatis.spring.mapper.ClassPathMapperScanner.warn                                                [line44    ] : Skipping MapperFactoryBean with name 'userAnnounceMapper' and 'com.competition.dao.UserAnnounceMapper' mapperInterface. Bean already defined with the same name!
2019-08-04 09:22:41.261 WARN   --- org.mybatis.spring.mapper.ClassPathMapperScanner.warn                                                [line44    ] : Skipping MapperFactoryBean with name 'userAttentionMapper' and 'com.competition.dao.UserAttentionMapper' mapperInterface. Bean already defined with the same name!
2019-08-04 09:22:41.265 WARN   --- org.mybatis.spring.mapper.ClassPathMapperScanner.warn                                                [line44    ] : Skipping MapperFactoryBean with name 'userCompetitionMapper' and 'com.competition.dao.UserCompetitionMapper' mapperInterface. Bean already defined with the same name!
2019-08-04 09:22:41.269 WARN   --- org.mybatis.spring.mapper.ClassPathMapperScanner.warn                                                [line44    ] : Skipping MapperFactoryBean with name 'userMapper' and 'com.competition.dao.UserMapper' mapperInterface. Bean already defined with the same name!
2019-08-04 09:22:41.285 WARN   --- org.mybatis.spring.mapper.ClassPathMapperScanner.warn                                                [line44    ] : No MyBatis mapper was found in '[com.competition.dao]' package. Please check your configuration.
2019-08-04 09:26:43.198 WARN   --- onObjectContextCustomizerFactory$DuplicateJsonObjectContextCustomizer.logDuplicateJsonObjectsWarning [line81    ] : 

Found multiple occurrences of org.json.JSONObject on the class path:

	jar:file:/home/guohaodong/.m2/repository/com/vaadin/external/google/android-json/0.0.20131108.vaadin1/android-json-0.0.20131108.vaadin1.jar!/org/json/JSONObject.class
	jar:file:/home/guohaodong/.m2/repository/org/json/json/20141113/json-20141113.jar!/org/json/JSONObject.class

You may wish to exclude one of them to ensure predictable runtime behavior

2019-08-04 09:26:49.076 WARN   --- org.mybatis.spring.mapper.ClassPathMapperScanner.warn                                                [line44    ] : Skipping MapperFactoryBean with name 'competitionMapper' and 'com.competition.dao.CompetitionMapper' mapperInterface. Bean already defined with the same name!
2019-08-04 09:26:49.079 WARN   --- org.mybatis.spring.mapper.ClassPathMapperScanner.warn                                                [line44    ] : Skipping MapperFactoryBean with name 'competitionWikiMapper' and 'com.competition.dao.CompetitionWikiMapper' mapperInterface. Bean already defined with the same name!
2019-08-04 09:26:49.087 WARN   --- org.mybatis.spring.mapper.ClassPathMapperScanner.warn                                                [line44    ] : Skipping MapperFactoryBean with name 'competitionWikiReplyMapper' and 'com.competition.dao.CompetitionWikiReplyMapper' mapperInterface. Bean already defined with the same name!
2019-08-04 09:26:49.088 WARN   --- org.mybatis.spring.mapper.ClassPathMapperScanner.warn                                                [line44    ] : Skipping MapperFactoryBean with name 'userAnnounceMapper' and 'com.competition.dao.UserAnnounceMapper' mapperInterface. Bean already defined with the same name!
2019-08-04 09:26:49.088 WARN   --- org.mybatis.spring.mapper.ClassPathMapperScanner.warn                                                [line44    ] : Skipping MapperFactoryBean with name 'userAttentionMapper' and 'com.competition.dao.UserAttentionMapper' mapperInterface. Bean already defined with the same name!
2019-08-04 09:26:49.089 WARN   --- org.mybatis.spring.mapper.ClassPathMapperScanner.warn                                                [line44    ] : Skipping MapperFactoryBean with name 'userCompetitionMapper' and 'com.competition.dao.UserCompetitionMapper' mapperInterface. Bean already defined with the same name!
2019-08-04 09:26:49.089 WARN   --- org.mybatis.spring.mapper.ClassPathMapperScanner.warn                                                [line44    ] : Skipping MapperFactoryBean with name 'userMapper' and 'com.competition.dao.UserMapper' mapperInterface. Bean already defined with the same name!
2019-08-04 09:26:49.090 WARN   --- org.mybatis.spring.mapper.ClassPathMapperScanner.warn                                                [line44    ] : No MyBatis mapper was found in '[com.competition.dao]' package. Please check your configuration.
2019-08-04 09:26:49.113 WARN   --- org.mybatis.spring.mapper.ClassPathMapperScanner.warn                                                [line44    ] : Skipping MapperFactoryBean with name 'competitionMapper' and 'com.competition.dao.CompetitionMapper' mapperInterface. Bean already defined with the same name!
2019-08-04 09:26:49.115 WARN   --- org.mybatis.spring.mapper.ClassPathMapperScanner.warn                                                [line44    ] : Skipping MapperFactoryBean with name 'competitionWikiMapper' and 'com.competition.dao.CompetitionWikiMapper' mapperInterface. Bean already defined with the same name!
2019-08-04 09:26:49.131 WARN   --- org.mybatis.spring.mapper.ClassPathMapperScanner.warn                                                [line44    ] : Skipping MapperFactoryBean with name 'competitionWikiReplyMapper' and 'com.competition.dao.CompetitionWikiReplyMapper' mapperInterface. Bean already defined with the same name!
2019-08-04 09:26:49.139 WARN   --- org.mybatis.spring.mapper.ClassPathMapperScanner.warn                                                [line44    ] : Skipping MapperFactoryBean with name 'userAnnounceMapper' and 'com.competition.dao.UserAnnounceMapper' mapperInterface. Bean already defined with the same name!
2019-08-04 09:26:49.139 WARN   --- org.mybatis.spring.mapper.ClassPathMapperScanner.warn                                                [line44    ] : Skipping MapperFactoryBean with name 'userAttentionMapper' and 'com.competition.dao.UserAttentionMapper' mapperInterface. Bean already defined with the same name!
2019-08-04 09:26:49.140 WARN   --- org.mybatis.spring.mapper.ClassPathMapperScanner.warn                                                [line44    ] : Skipping MapperFactoryBean with name 'userCompetitionMapper' and 'com.competition.dao.UserCompetitionMapper' mapperInterface. Bean already defined with the same name!
2019-08-04 09:26:49.140 WARN   --- org.mybatis.spring.mapper.ClassPathMapperScanner.warn                                                [line44    ] : Skipping MapperFactoryBean with name 'userMapper' and 'com.competition.dao.UserMapper' mapperInterface. Bean already defined with the same name!
2019-08-04 09:26:49.146 WARN   --- org.mybatis.spring.mapper.ClassPathMapperScanner.warn                                                [line44    ] : No MyBatis mapper was found in '[com.competition.dao]' package. Please check your configuration.
2019-08-04 09:36:32.484 WARN   --- org.mybatis.spring.mapper.ClassPathMapperScanner.warn                                                [line44    ] : Skipping MapperFactoryBean with name 'competitionMapper' and 'com.competition.dao.CompetitionMapper' mapperInterface. Bean already defined with the same name!
2019-08-04 09:36:32.485 WARN   --- org.mybatis.spring.mapper.ClassPathMapperScanner.warn                                                [line44    ] : Skipping MapperFactoryBean with name 'competitionWikiMapper' and 'com.competition.dao.CompetitionWikiMapper' mapperInterface. Bean already defined with the same name!
2019-08-04 09:36:32.485 WARN   --- org.mybatis.spring.mapper.ClassPathMapperScanner.warn                                                [line44    ] : Skipping MapperFactoryBean with name 'competitionWikiReplyMapper' and 'com.competition.dao.CompetitionWikiReplyMapper' mapperInterface. Bean already defined with the same name!
2019-08-04 09:36:32.486 WARN   --- org.mybatis.spring.mapper.ClassPathMapperScanner.warn                                                [line44    ] : Skipping MapperFactoryBean with name 'userAnnounceMapper' and 'com.competition.dao.UserAnnounceMapper' mapperInterface. Bean already defined with the same name!
2019-08-04 09:36:32.486 WARN   --- org.mybatis.spring.mapper.ClassPathMapperScanner.warn                                                [line44    ] : Skipping MapperFactoryBean with name 'userAttentionMapper' and 'com.competition.dao.UserAttentionMapper' mapperInterface. Bean already defined with the same name!
2019-08-04 09:36:32.486 WARN   --- org.mybatis.spring.mapper.ClassPathMapperScanner.warn                                                [line44    ] : Skipping MapperFactoryBean with name 'userCompetitionMapper' and 'com.competition.dao.UserCompetitionMapper' mapperInterface. Bean already defined with the same name!
2019-08-04 09:36:32.487 WARN   --- org.mybatis.spring.mapper.ClassPathMapperScanner.warn                                                [line44    ] : Skipping MapperFactoryBean with name 'userMapper' and 'com.competition.dao.UserMapper' mapperInterface. Bean already defined with the same name!
2019-08-04 09:36:32.488 WARN   --- org.mybatis.spring.mapper.ClassPathMapperScanner.warn                                                [line44    ] : No MyBatis mapper was found in '[com.competition.dao]' package. Please check your configuration.
2019-08-04 09:40:44.539 WARN   --- org.mybatis.spring.mapper.ClassPathMapperScanner.warn                                                [line44    ] : Skipping MapperFactoryBean with name 'competitionMapper' and 'com.competition.dao.CompetitionMapper' mapperInterface. Bean already defined with the same name!
2019-08-04 09:40:44.540 WARN   --- org.mybatis.spring.mapper.ClassPathMapperScanner.warn                                                [line44    ] : Skipping MapperFactoryBean with name 'competitionWikiMapper' and 'com.competition.dao.CompetitionWikiMapper' mapperInterface. Bean already defined with the same name!
2019-08-04 09:40:44.540 WARN   --- org.mybatis.spring.mapper.ClassPathMapperScanner.warn                                                [line44    ] : Skipping MapperFactoryBean with name 'competitionWikiReplyMapper' and 'com.competition.dao.CompetitionWikiReplyMapper' mapperInterface. Bean already defined with the same name!
2019-08-04 09:40:44.540 WARN   --- org.mybatis.spring.mapper.ClassPathMapperScanner.warn                                                [line44    ] : Skipping MapperFactoryBean with name 'userAnnounceMapper' and 'com.competition.dao.UserAnnounceMapper' mapperInterface. Bean already defined with the same name!
2019-08-04 09:40:44.541 WARN   --- org.mybatis.spring.mapper.ClassPathMapperScanner.warn                                                [line44    ] : Skipping MapperFactoryBean with name 'userAttentionMapper' and 'com.competition.dao.UserAttentionMapper' mapperInterface. Bean already defined with the same name!
2019-08-04 09:40:44.541 WARN   --- org.mybatis.spring.mapper.ClassPathMapperScanner.warn                                                [line44    ] : Skipping MapperFactoryBean with name 'userCompetitionMapper' and 'com.competition.dao.UserCompetitionMapper' mapperInterface. Bean already defined with the same name!
2019-08-04 09:40:44.542 WARN   --- org.mybatis.spring.mapper.ClassPathMapperScanner.warn                                                [line44    ] : Skipping MapperFactoryBean with name 'userMapper' and 'com.competition.dao.UserMapper' mapperInterface. Bean already defined with the same name!
2019-08-04 09:40:44.542 WARN   --- org.mybatis.spring.mapper.ClassPathMapperScanner.warn                                                [line44    ] : No MyBatis mapper was found in '[com.competition.dao]' package. Please check your configuration.
2019-08-04 18:16:03.339 WARN   --- org.mybatis.spring.mapper.ClassPathMapperScanner.warn                                                [line44    ] : Skipping MapperFactoryBean with name 'competitionMapper' and 'com.competition.dao.CompetitionMapper' mapperInterface. Bean already defined with the same name!
2019-08-04 18:16:03.366 WARN   --- org.mybatis.spring.mapper.ClassPathMapperScanner.warn                                                [line44    ] : Skipping MapperFactoryBean with name 'competitionWikiMapper' and 'com.competition.dao.CompetitionWikiMapper' mapperInterface. Bean already defined with the same name!
2019-08-04 18:16:03.367 WARN   --- org.mybatis.spring.mapper.ClassPathMapperScanner.warn                                                [line44    ] : Skipping MapperFactoryBean with name 'competitionWikiReplyMapper' and 'com.competition.dao.CompetitionWikiReplyMapper' mapperInterface. Bean already defined with the same name!
2019-08-04 18:16:03.367 WARN   --- org.mybatis.spring.mapper.ClassPathMapperScanner.warn                                                [line44    ] : Skipping MapperFactoryBean with name 'userAnnounceMapper' and 'com.competition.dao.UserAnnounceMapper' mapperInterface. Bean already defined with the same name!
2019-08-04 18:16:03.368 WARN   --- org.mybatis.spring.mapper.ClassPathMapperScanner.warn                                                [line44    ] : Skipping MapperFactoryBean with name 'userAttentionMapper' and 'com.competition.dao.UserAttentionMapper' mapperInterface. Bean already defined with the same name!
2019-08-04 18:16:03.368 WARN   --- org.mybatis.spring.mapper.ClassPathMapperScanner.warn                                                [line44    ] : Skipping MapperFactoryBean with name 'userCompetitionMapper' and 'com.competition.dao.UserCompetitionMapper' mapperInterface. Bean already defined with the same name!
2019-08-04 18:16:03.368 WARN   --- org.mybatis.spring.mapper.ClassPathMapperScanner.warn                                                [line44    ] : Skipping MapperFactoryBean with name 'userMapper' and 'com.competition.dao.UserMapper' mapperInterface. Bean already defined with the same name!
2019-08-04 18:16:03.369 WARN   --- org.mybatis.spring.mapper.ClassPathMapperScanner.warn                                                [line44    ] : No MyBatis mapper was found in '[com.competition.dao]' package. Please check your configuration.
2019-08-04 20:28:22.486 WARN   --- org.mybatis.spring.mapper.ClassPathMapperScanner.warn                                                [line44    ] : Skipping MapperFactoryBean with name 'competitionMapper' and 'com.competition.dao.CompetitionMapper' mapperInterface. Bean already defined with the same name!
2019-08-04 20:28:22.501 WARN   --- org.mybatis.spring.mapper.ClassPathMapperScanner.warn                                                [line44    ] : Skipping MapperFactoryBean with name 'competitionWikiMapper' and 'com.competition.dao.CompetitionWikiMapper' mapperInterface. Bean already defined with the same name!
2019-08-04 20:28:22.502 WARN   --- org.mybatis.spring.mapper.ClassPathMapperScanner.warn                                                [line44    ] : Skipping MapperFactoryBean with name 'competitionWikiReplyMapper' and 'com.competition.dao.CompetitionWikiReplyMapper' mapperInterface. Bean already defined with the same name!
2019-08-04 20:28:22.502 WARN   --- org.mybatis.spring.mapper.ClassPathMapperScanner.warn                                                [line44    ] : Skipping MapperFactoryBean with name 'userAnnounceMapper' and 'com.competition.dao.UserAnnounceMapper' mapperInterface. Bean already defined with the same name!
2019-08-04 20:28:22.502 WARN   --- org.mybatis.spring.mapper.ClassPathMapperScanner.warn                                                [line44    ] : Skipping MapperFactoryBean with name 'userAttentionMapper' and 'com.competition.dao.UserAttentionMapper' mapperInterface. Bean already defined with the same name!
2019-08-04 20:28:22.503 WARN   --- org.mybatis.spring.mapper.ClassPathMapperScanner.warn                                                [line44    ] : Skipping MapperFactoryBean with name 'userCompetitionMapper' and 'com.competition.dao.UserCompetitionMapper' mapperInterface. Bean already defined with the same name!
2019-08-04 20:28:22.504 WARN   --- org.mybatis.spring.mapper.ClassPathMapperScanner.warn                                                [line44    ] : Skipping MapperFactoryBean with name 'userMapper' and 'com.competition.dao.UserMapper' mapperInterface. Bean already defined with the same name!
2019-08-04 20:28:22.505 WARN   --- org.mybatis.spring.mapper.ClassPathMapperScanner.warn                                                [line44    ] : No MyBatis mapper was found in '[com.competition.dao]' package. Please check your configuration.
2019-08-04 20:29:30.081 WARN   --- org.mybatis.spring.mapper.ClassPathMapperScanner.warn                                                [line44    ] : Skipping MapperFactoryBean with name 'competitionMapper' and 'com.competition.dao.CompetitionMapper' mapperInterface. Bean already defined with the same name!
2019-08-04 20:29:30.082 WARN   --- org.mybatis.spring.mapper.ClassPathMapperScanner.warn                                                [line44    ] : Skipping MapperFactoryBean with name 'competitionWikiMapper' and 'com.competition.dao.CompetitionWikiMapper' mapperInterface. Bean already defined with the same name!
2019-08-04 20:29:30.083 WARN   --- org.mybatis.spring.mapper.ClassPathMapperScanner.warn                                                [line44    ] : Skipping MapperFactoryBean with name 'competitionWikiReplyMapper' and 'com.competition.dao.CompetitionWikiReplyMapper' mapperInterface. Bean already defined with the same name!
2019-08-04 20:29:30.084 WARN   --- org.mybatis.spring.mapper.ClassPathMapperScanner.warn                                                [line44    ] : Skipping MapperFactoryBean with name 'userAnnounceMapper' and 'com.competition.dao.UserAnnounceMapper' mapperInterface. Bean already defined with the same name!
2019-08-04 20:29:30.084 WARN   --- org.mybatis.spring.mapper.ClassPathMapperScanner.warn                                                [line44    ] : Skipping MapperFactoryBean with name 'userAttentionMapper' and 'com.competition.dao.UserAttentionMapper' mapperInterface. Bean already defined with the same name!
2019-08-04 20:29:30.084 WARN   --- org.mybatis.spring.mapper.ClassPathMapperScanner.warn                                                [line44    ] : Skipping MapperFactoryBean with name 'userCompetitionMapper' and 'com.competition.dao.UserCompetitionMapper' mapperInterface. Bean already defined with the same name!
2019-08-04 20:29:30.085 WARN   --- org.mybatis.spring.mapper.ClassPathMapperScanner.warn                                                [line44    ] : Skipping MapperFactoryBean with name 'userMapper' and 'com.competition.dao.UserMapper' mapperInterface. Bean already defined with the same name!
2019-08-04 20:29:30.086 WARN   --- org.mybatis.spring.mapper.ClassPathMapperScanner.warn                                                [line44    ] : No MyBatis mapper was found in '[com.competition.dao]' package. Please check your configuration.
2019-08-04 20:29:44.042 WARN   --- org.mybatis.spring.mapper.ClassPathMapperScanner.warn                                                [line44    ] : Skipping MapperFactoryBean with name 'competitionMapper' and 'com.competition.dao.CompetitionMapper' mapperInterface. Bean already defined with the same name!
2019-08-04 20:29:44.044 WARN   --- org.mybatis.spring.mapper.ClassPathMapperScanner.warn                                                [line44    ] : Skipping MapperFactoryBean with name 'competitionWikiMapper' and 'com.competition.dao.CompetitionWikiMapper' mapperInterface. Bean already defined with the same name!
2019-08-04 20:29:44.049 WARN   --- org.mybatis.spring.mapper.ClassPathMapperScanner.warn                                                [line44    ] : Skipping MapperFactoryBean with name 'competitionWikiReplyMapper' and 'com.competition.dao.CompetitionWikiReplyMapper' mapperInterface. Bean already defined with the same name!
2019-08-04 20:29:44.050 WARN   --- org.mybatis.spring.mapper.ClassPathMapperScanner.warn                                                [line44    ] : Skipping MapperFactoryBean with name 'userAnnounceMapper' and 'com.competition.dao.UserAnnounceMapper' mapperInterface. Bean already defined with the same name!
2019-08-04 20:29:44.051 WARN   --- org.mybatis.spring.mapper.ClassPathMapperScanner.warn                                                [line44    ] : Skipping MapperFactoryBean with name 'userAttentionMapper' and 'com.competition.dao.UserAttentionMapper' mapperInterface. Bean already defined with the same name!
2019-08-04 20:29:44.053 WARN   --- org.mybatis.spring.mapper.ClassPathMapperScanner.warn                                                [line44    ] : Skipping MapperFactoryBean with name 'userCompetitionMapper' and 'com.competition.dao.UserCompetitionMapper' mapperInterface. Bean already defined with the same name!
2019-08-04 20:29:44.054 WARN   --- org.mybatis.spring.mapper.ClassPathMapperScanner.warn                                                [line44    ] : Skipping MapperFactoryBean with name 'userMapper' and 'com.competition.dao.UserMapper' mapperInterface. Bean already defined with the same name!
2019-08-04 20:29:44.055 WARN   --- org.mybatis.spring.mapper.ClassPathMapperScanner.warn                                                [line44    ] : No MyBatis mapper was found in '[com.competition.dao]' package. Please check your configuration.
2019-08-04 20:31:32.648 WARN   --- org.mybatis.spring.mapper.ClassPathMapperScanner.warn                                                [line44    ] : Skipping MapperFactoryBean with name 'competitionMapper' and 'com.competition.dao.CompetitionMapper' mapperInterface. Bean already defined with the same name!
2019-08-04 20:31:32.649 WARN   --- org.mybatis.spring.mapper.ClassPathMapperScanner.warn                                                [line44    ] : Skipping MapperFactoryBean with name 'competitionWikiMapper' and 'com.competition.dao.CompetitionWikiMapper' mapperInterface. Bean already defined with the same name!
2019-08-04 20:31:32.649 WARN   --- org.mybatis.spring.mapper.ClassPathMapperScanner.warn                                                [line44    ] : Skipping MapperFactoryBean with name 'competitionWikiReplyMapper' and 'com.competition.dao.CompetitionWikiReplyMapper' mapperInterface. Bean already defined with the same name!
2019-08-04 20:31:32.650 WARN   --- org.mybatis.spring.mapper.ClassPathMapperScanner.warn                                                [line44    ] : Skipping MapperFactoryBean with name 'userAnnounceMapper' and 'com.competition.dao.UserAnnounceMapper' mapperInterface. Bean already defined with the same name!
2019-08-04 20:31:32.650 WARN   --- org.mybatis.spring.mapper.ClassPathMapperScanner.warn                                                [line44    ] : Skipping MapperFactoryBean with name 'userAttentionMapper' and 'com.competition.dao.UserAttentionMapper' mapperInterface. Bean already defined with the same name!
2019-08-04 20:31:32.651 WARN   --- org.mybatis.spring.mapper.ClassPathMapperScanner.warn                                                [line44    ] : Skipping MapperFactoryBean with name 'userCompetitionMapper' and 'com.competition.dao.UserCompetitionMapper' mapperInterface. Bean already defined with the same name!
2019-08-04 20:31:32.651 WARN   --- org.mybatis.spring.mapper.ClassPathMapperScanner.warn                                                [line44    ] : Skipping MapperFactoryBean with name 'userMapper' and 'com.competition.dao.UserMapper' mapperInterface. Bean already defined with the same name!
2019-08-04 20:31:32.652 WARN   --- org.mybatis.spring.mapper.ClassPathMapperScanner.warn                                                [line44    ] : No MyBatis mapper was found in '[com.competition.dao]' package. Please check your configuration.
2019-08-04 20:33:19.700 WARN   --- org.mybatis.spring.mapper.ClassPathMapperScanner.warn                                                [line44    ] : Skipping MapperFactoryBean with name 'competitionMapper' and 'com.competition.dao.CompetitionMapper' mapperInterface. Bean already defined with the same name!
2019-08-04 20:33:19.701 WARN   --- org.mybatis.spring.mapper.ClassPathMapperScanner.warn                                                [line44    ] : Skipping MapperFactoryBean with name 'competitionWikiMapper' and 'com.competition.dao.CompetitionWikiMapper' mapperInterface. Bean already defined with the same name!
2019-08-04 20:33:19.702 WARN   --- org.mybatis.spring.mapper.ClassPathMapperScanner.warn                                                [line44    ] : Skipping MapperFactoryBean with name 'competitionWikiReplyMapper' and 'com.competition.dao.CompetitionWikiReplyMapper' mapperInterface. Bean already defined with the same name!
2019-08-04 20:33:19.703 WARN   --- org.mybatis.spring.mapper.ClassPathMapperScanner.warn                                                [line44    ] : Skipping MapperFactoryBean with name 'userAnnounceMapper' and 'com.competition.dao.UserAnnounceMapper' mapperInterface. Bean already defined with the same name!
2019-08-04 20:33:19.704 WARN   --- org.mybatis.spring.mapper.ClassPathMapperScanner.warn                                                [line44    ] : Skipping MapperFactoryBean with name 'userAttentionMapper' and 'com.competition.dao.UserAttentionMapper' mapperInterface. Bean already defined with the same name!
2019-08-04 20:33:19.705 WARN   --- org.mybatis.spring.mapper.ClassPathMapperScanner.warn                                                [line44    ] : Skipping MapperFactoryBean with name 'userCompetitionMapper' and 'com.competition.dao.UserCompetitionMapper' mapperInterface. Bean already defined with the same name!
2019-08-04 20:33:19.705 WARN   --- org.mybatis.spring.mapper.ClassPathMapperScanner.warn                                                [line44    ] : Skipping MapperFactoryBean with name 'userMapper' and 'com.competition.dao.UserMapper' mapperInterface. Bean already defined with the same name!
2019-08-04 20:33:19.707 WARN   --- org.mybatis.spring.mapper.ClassPathMapperScanner.warn                                                [line44    ] : No MyBatis mapper was found in '[com.competition.dao]' package. Please check your configuration.
2019-08-04 21:03:53.226 WARN   --- onObjectContextCustomizerFactory$DuplicateJsonObjectContextCustomizer.logDuplicateJsonObjectsWarning [line81    ] : 

Found multiple occurrences of org.json.JSONObject on the class path:

	jar:file:/home/guohaodong/.m2/repository/com/vaadin/external/google/android-json/0.0.20131108.vaadin1/android-json-0.0.20131108.vaadin1.jar!/org/json/JSONObject.class
	jar:file:/home/guohaodong/.m2/repository/org/json/json/20141113/json-20141113.jar!/org/json/JSONObject.class

You may wish to exclude one of them to ensure predictable runtime behavior

2019-08-04 21:04:58.231 WARN   --- onObjectContextCustomizerFactory$DuplicateJsonObjectContextCustomizer.logDuplicateJsonObjectsWarning [line81    ] : 

Found multiple occurrences of org.json.JSONObject on the class path:

	jar:file:/home/guohaodong/.m2/repository/com/vaadin/external/google/android-json/0.0.20131108.vaadin1/android-json-0.0.20131108.vaadin1.jar!/org/json/JSONObject.class
	jar:file:/home/guohaodong/.m2/repository/org/json/json/20141113/json-20141113.jar!/org/json/JSONObject.class

You may wish to exclude one of them to ensure predictable runtime behavior

>>>>>>> 622a6551d30b66c5f55a06b09e7f719ff4137d79
