2019-08-26 15:46:16.472 WARN   --- onObjectContextCustomizerFactory$DuplicateJsonObjectContextCustomizer.logDuplicateJsonObjectsWarning [line81    ] : 

Found multiple occurrences of org.json.JSONObject on the class path:

	jar:file:/C:/Users/HP/.m2/repository/com/vaadin/external/google/android-json/0.0.20131108.vaadin1/android-json-0.0.20131108.vaadin1.jar!/org/json/JSONObject.class
	jar:file:/C:/Users/HP/.m2/repository/org/json/json/20141113/json-20141113.jar!/org/json/JSONObject.class

You may wish to exclude one of them to ensure predictable runtime behavior

2019-08-26 15:46:51.332 WARN   --- onObjectContextCustomizerFactory$DuplicateJsonObjectContextCustomizer.logDuplicateJsonObjectsWarning [line81    ] : 

Found multiple occurrences of org.json.JSONObject on the class path:

	jar:file:/C:/Users/HP/.m2/repository/com/vaadin/external/google/android-json/0.0.20131108.vaadin1/android-json-0.0.20131108.vaadin1.jar!/org/json/JSONObject.class
	jar:file:/C:/Users/HP/.m2/repository/org/json/json/20141113/json-20141113.jar!/org/json/JSONObject.class

You may wish to exclude one of them to ensure predictable runtime behavior

2019-08-26 15:46:55.334 WARN   --- org.springframework.web.context.support.GenericWebApplicationContext.refresh                         [line557   ] : Exception encountered during context initialization - cancelling refresh attempt: org.springframework.beans.factory.BeanCreationException: Error creating bean with name 'com.competition.config.ShiroConfig': Injection of resource dependencies failed; nested exception is org.springframework.beans.factory.UnsatisfiedDependencyException: Error creating bean with name 'UserServiceX': Unsatisfied dependency expressed through field 'userDao'; nested exception is org.springframework.beans.factory.UnsatisfiedDependencyException: Error creating bean with name 'userDao' defined in file [F:\idea workspace\estc\target\classes\xyz\xlong99\dao\UserDao.class]: Unsatisfied dependency expressed through bean property 'sqlSessionFactory'; nested exception is org.springframework.beans.factory.UnsatisfiedDependencyException: Error creating bean with name 'sqlSessionFactory' defined in class path resource [com/baomidou/mybatisplus/autoconfigure/MybatisPlusAutoConfiguration.class]: Unsatisfied dependency expressed through method 'sqlSessionFactory' parameter 0; nested exception is org.springframework.beans.factory.BeanCreationException: Error creating bean with name 'dataSource' defined in class path resource [com/alibaba/druid/spring/boot/autoconfigure/DruidDataSourceAutoConfigure.class]: Invocation of init method failed; nested exception is java.sql.SQLException: Access denied for user 'root'@'1.71.187.93' (using password: YES)
2019-08-26 15:46:58.815 WARN   --- .springframework.boot.web.servlet.context.AnnotationConfigServletWebServerApplicationContext.refresh [line557   ] : Exception encountered during context initialization - cancelling refresh attempt: org.springframework.beans.factory.BeanCreationException: Error creating bean with name 'com.competition.config.ShiroConfig': Injection of resource dependencies failed; nested exception is org.springframework.beans.factory.UnsatisfiedDependencyException: Error creating bean with name 'UserServiceX': Unsatisfied dependency expressed through field 'userDao'; nested exception is org.springframework.beans.factory.UnsatisfiedDependencyException: Error creating bean with name 'userDao' defined in file [F:\idea workspace\estc\target\classes\xyz\xlong99\dao\UserDao.class]: Unsatisfied dependency expressed through bean property 'sqlSessionFactory'; nested exception is org.springframework.beans.factory.UnsatisfiedDependencyException: Error creating bean with name 'sqlSessionFactory' defined in class path resource [com/baomidou/mybatisplus/autoconfigure/MybatisPlusAutoConfiguration.class]: Unsatisfied dependency expressed through method 'sqlSessionFactory' parameter 0; nested exception is org.springframework.beans.factory.BeanCreationException: Error creating bean with name 'dataSource' defined in class path resource [com/alibaba/druid/spring/boot/autoconfigure/DruidDataSourceAutoConfigure.class]: Invocation of init method failed; nested exception is java.sql.SQLException: Access denied for user 'root'@'1.71.187.93' (using password: YES)
2019-08-26 15:48:13.978 WARN   --- onObjectContextCustomizerFactory$DuplicateJsonObjectContextCustomizer.logDuplicateJsonObjectsWarning [line81    ] : 

Found multiple occurrences of org.json.JSONObject on the class path:

	jar:file:/C:/Users/HP/.m2/repository/com/vaadin/external/google/android-json/0.0.20131108.vaadin1/android-json-0.0.20131108.vaadin1.jar!/org/json/JSONObject.class
	jar:file:/C:/Users/HP/.m2/repository/org/json/json/20141113/json-20141113.jar!/org/json/JSONObject.class

You may wish to exclude one of them to ensure predictable runtime behavior

2019-08-26 15:52:28.934 WARN   --- onObjectContextCustomizerFactory$DuplicateJsonObjectContextCustomizer.logDuplicateJsonObjectsWarning [line81    ] : 

Found multiple occurrences of org.json.JSONObject on the class path:

	jar:file:/C:/Users/HP/.m2/repository/com/vaadin/external/google/android-json/0.0.20131108.vaadin1/android-json-0.0.20131108.vaadin1.jar!/org/json/JSONObject.class
	jar:file:/C:/Users/HP/.m2/repository/org/json/json/20141113/json-20141113.jar!/org/json/JSONObject.class

You may wish to exclude one of them to ensure predictable runtime behavior

2019-08-26 15:55:22.541 WARN   --- onObjectContextCustomizerFactory$DuplicateJsonObjectContextCustomizer.logDuplicateJsonObjectsWarning [line81    ] : 

Found multiple occurrences of org.json.JSONObject on the class path:

	jar:file:/C:/Users/HP/.m2/repository/com/vaadin/external/google/android-json/0.0.20131108.vaadin1/android-json-0.0.20131108.vaadin1.jar!/org/json/JSONObject.class
	jar:file:/C:/Users/HP/.m2/repository/org/json/json/20141113/json-20141113.jar!/org/json/JSONObject.class

You may wish to exclude one of them to ensure predictable runtime behavior

2019-08-26 16:25:21.696 WARN   --- onObjectContextCustomizerFactory$DuplicateJsonObjectContextCustomizer.logDuplicateJsonObjectsWarning [line81    ] : 

Found multiple occurrences of org.json.JSONObject on the class path:

	jar:file:/C:/Users/HP/.m2/repository/com/vaadin/external/google/android-json/0.0.20131108.vaadin1/android-json-0.0.20131108.vaadin1.jar!/org/json/JSONObject.class
	jar:file:/C:/Users/HP/.m2/repository/org/json/json/20141113/json-20141113.jar!/org/json/JSONObject.class

You may wish to exclude one of them to ensure predictable runtime behavior

2019-08-26 16:27:35.212 WARN   --- onObjectContextCustomizerFactory$DuplicateJsonObjectContextCustomizer.logDuplicateJsonObjectsWarning [line81    ] : 

Found multiple occurrences of org.json.JSONObject on the class path:

	jar:file:/C:/Users/HP/.m2/repository/com/vaadin/external/google/android-json/0.0.20131108.vaadin1/android-json-0.0.20131108.vaadin1.jar!/org/json/JSONObject.class
	jar:file:/C:/Users/HP/.m2/repository/org/json/json/20141113/json-20141113.jar!/org/json/JSONObject.class

You may wish to exclude one of them to ensure predictable runtime behavior

2019-08-26 16:30:21.883 WARN   --- onObjectContextCustomizerFactory$DuplicateJsonObjectContextCustomizer.logDuplicateJsonObjectsWarning [line81    ] : 

Found multiple occurrences of org.json.JSONObject on the class path:

	jar:file:/C:/Users/HP/.m2/repository/com/vaadin/external/google/android-json/0.0.20131108.vaadin1/android-json-0.0.20131108.vaadin1.jar!/org/json/JSONObject.class
	jar:file:/C:/Users/HP/.m2/repository/org/json/json/20141113/json-20141113.jar!/org/json/JSONObject.class

You may wish to exclude one of them to ensure predictable runtime behavior

2019-08-26 16:31:41.305 WARN   --- onObjectContextCustomizerFactory$DuplicateJsonObjectContextCustomizer.logDuplicateJsonObjectsWarning [line81    ] : 

Found multiple occurrences of org.json.JSONObject on the class path:

	jar:file:/C:/Users/HP/.m2/repository/com/vaadin/external/google/android-json/0.0.20131108.vaadin1/android-json-0.0.20131108.vaadin1.jar!/org/json/JSONObject.class
	jar:file:/C:/Users/HP/.m2/repository/org/json/json/20141113/json-20141113.jar!/org/json/JSONObject.class

You may wish to exclude one of them to ensure predictable runtime behavior

2019-08-26 16:54:05.434 WARN   --- onObjectContextCustomizerFactory$DuplicateJsonObjectContextCustomizer.logDuplicateJsonObjectsWarning [line81    ] : 

Found multiple occurrences of org.json.JSONObject on the class path:

	jar:file:/C:/Users/HP/.m2/repository/com/vaadin/external/google/android-json/0.0.20131108.vaadin1/android-json-0.0.20131108.vaadin1.jar!/org/json/JSONObject.class
	jar:file:/C:/Users/HP/.m2/repository/org/json/json/20141113/json-20141113.jar!/org/json/JSONObject.class

You may wish to exclude one of them to ensure predictable runtime behavior

2019-08-26 18:08:32.327 WARN   --- com.competition.advise.Competition.deRecovery                                                        [line29    ] : null
2019-08-26 18:12:55.975 WARN   --- com.competition.advise.Competition.deRecovery                                                        [line29    ] : null
2019-08-26 18:12:56.048 WARN   --- com.competition.advise.Competition.deRecovery                                                        [line29    ] : null
2019-08-26 18:13:35.916 WARN   --- com.competition.advise.Competition.deRecovery                                                        [line29    ] : null
