2019-07-29 17:07:08.367 WARN   --- org.springframework.web.context.support.GenericWebApplicationContext.refresh                         [line557   ] : Exception encountered during context initialization - cancelling refresh attempt: org.springframework.beans.factory.BeanDefinitionStoreException: Failed to parse configuration class [com.competition.SpringbootDemoApplication]; nested exception is org.springframework.context.annotation.ConflictingBeanDefinitionException: Annotation-specified bean name 'userController' for bean class [com.competition.controller.UserController] conflicts with existing, non-compatible bean definition of same name and class [com.competition.controller.UserController]
2019-07-29 17:08:54.546 WARN   --- org.mybatis.spring.mapper.ClassPathMapperScanner.warn                                                [line44    ] : No MyBatis mapper was found in '[com.competitionRank.dao.mapper]' package. Please check your configuration.
2019-07-29 17:08:55.033 WARN   --- org.mybatis.spring.mapper.ClassPathMapperScanner.warn                                                [line44    ] : No MyBatis mapper was found in '[com.competition]' package. Please check your configuration.
2019-07-29 17:08:57.976 WARN   --- org.springframework.web.context.support.GenericWebApplicationContext.refresh                         [line557   ] : Exception encountered during context initialization - cancelling refresh attempt: org.springframework.beans.factory.UnsatisfiedDependencyException: Error creating bean with name 'UserService' defined in file [/home/guohaodong/Idea/estc/target/classes/com/competition/dao/service/impl/UserServiceImpl.class]: Unsatisfied dependency expressed through constructor parameter 0; nested exception is org.springframework.beans.factory.NoSuchBeanDefinitionException: No qualifying bean of type 'com.competition.dao.mapper.UserMapper' available: expected at least 1 bean which qualifies as autowire candidate. Dependency annotations: {}
2019-07-29 17:14:56.746 WARN   --- org.mybatis.spring.mapper.ClassPathMapperScanner.warn                                                [line44    ] : No MyBatis mapper was found in '[com.competitionRank.dao.mapper]' package. Please check your configuration.
2019-07-29 17:14:56.949 WARN   --- org.mybatis.spring.mapper.ClassPathMapperScanner.warn                                                [line44    ] : No MyBatis mapper was found in '[com.competition]' package. Please check your configuration.
2019-07-29 17:14:58.134 WARN   --- org.springframework.web.context.support.GenericWebApplicationContext.refresh                         [line557   ] : Exception encountered during context initialization - cancelling refresh attempt: org.springframework.beans.factory.UnsatisfiedDependencyException: Error creating bean with name 'UserService' defined in file [/home/guohaodong/Idea/estc/target/classes/com/competition/dao/service/impl/UserServiceImpl.class]: Unsatisfied dependency expressed through constructor parameter 0; nested exception is org.springframework.beans.factory.NoSuchBeanDefinitionException: No qualifying bean of type 'com.competition.dao.mapper.UserMapper' available: expected at least 1 bean which qualifies as autowire candidate. Dependency annotations: {}
2019-07-29 17:16:30.885 WARN   --- org.mybatis.spring.mapper.ClassPathMapperScanner.warn                                                [line44    ] : No MyBatis mapper was found in '[com.competition]' package. Please check your configuration.
2019-07-29 17:16:31.990 WARN   --- org.springframework.web.context.support.GenericWebApplicationContext.refresh                         [line557   ] : Exception encountered during context initialization - cancelling refresh attempt: org.springframework.beans.factory.UnsatisfiedDependencyException: Error creating bean with name 'UserService' defined in file [/home/guohaodong/Idea/estc/target/classes/com/competition/dao/service/impl/UserServiceImpl.class]: Unsatisfied dependency expressed through constructor parameter 0; nested exception is org.springframework.beans.factory.NoSuchBeanDefinitionException: No qualifying bean of type 'com.competition.dao.mapper.UserMapper' available: expected at least 1 bean which qualifies as autowire candidate. Dependency annotations: {}
2019-07-29 17:26:20.210 WARN   --- org.mybatis.spring.mapper.ClassPathMapperScanner.warn                                                [line44    ] : No MyBatis mapper was found in '[com.competition]' package. Please check your configuration.
2019-07-29 17:26:29.441 WARN   --- org.springframework.web.context.support.GenericWebApplicationContext.refresh                         [line557   ] : Exception encountered during context initialization - cancelling refresh attempt: org.springframework.beans.factory.UnsatisfiedDependencyException: Error creating bean with name 'UserService' defined in file [/home/guohaodong/Idea/estc/target/classes/com/competition/dao/service/impl/UserServiceImpl.class]: Unsatisfied dependency expressed through constructor parameter 0; nested exception is org.springframework.beans.factory.NoSuchBeanDefinitionException: No qualifying bean of type 'com.competition.dao.mapper.UserMapper' available: expected at least 1 bean which qualifies as autowire candidate. Dependency annotations: {}
2019-07-29 17:27:38.701 WARN   --- org.mybatis.spring.mapper.ClassPathMapperScanner.warn                                                [line44    ] : No MyBatis mapper was found in '[com.competition]' package. Please check your configuration.
2019-07-29 17:27:45.814 WARN   --- .springframework.boot.web.servlet.context.AnnotationConfigServletWebServerApplicationContext.refresh [line557   ] : Exception encountered during context initialization - cancelling refresh attempt: org.springframework.beans.factory.UnsatisfiedDependencyException: Error creating bean with name 'UserService' defined in file [/home/guohaodong/Idea/estc/target/classes/com/competition/dao/service/impl/UserServiceImpl.class]: Unsatisfied dependency expressed through constructor parameter 0; nested exception is org.springframework.beans.factory.NoSuchBeanDefinitionException: No qualifying bean of type 'com.competition.dao.mapper.UserMapper' available: expected at least 1 bean which qualifies as autowire candidate. Dependency annotations: {}
2019-07-29 17:33:29.125 WARN   --- org.mybatis.spring.mapper.ClassPathMapperScanner.warn                                                [line44    ] : No MyBatis mapper was found in '[com.competition]' package. Please check your configuration.
2019-07-29 17:33:31.254 WARN   --- org.springframework.web.context.support.GenericWebApplicationContext.refresh                         [line557   ] : Exception encountered during context initialization - cancelling refresh attempt: org.springframework.beans.factory.UnsatisfiedDependencyException: Error creating bean with name 'competitionServiceImpl': Unsatisfied dependency expressed through field 'baseMapper'; nested exception is org.springframework.beans.factory.NoSuchBeanDefinitionException: No qualifying bean of type 'com.competition.dao.CompetitionMapper' available: expected at least 1 bean which qualifies as autowire candidate. Dependency annotations: {@org.springframework.beans.factory.annotation.Autowired(required=true)}
2019-07-29 17:34:53.260 WARN   --- org.mybatis.spring.mapper.ClassPathMapperScanner.warn                                                [line44    ] : No MyBatis mapper was found in '[com.competition]' package. Please check your configuration.
2019-07-29 17:34:54.498 WARN   --- org.springframework.web.context.support.GenericWebApplicationContext.refresh                         [line557   ] : Exception encountered during context initialization - cancelling refresh attempt: org.springframework.beans.factory.UnsatisfiedDependencyException: Error creating bean with name 'competitionServiceImpl': Unsatisfied dependency expressed through field 'baseMapper'; nested exception is org.springframework.beans.factory.NoSuchBeanDefinitionException: No qualifying bean of type 'com.competition.dao.CompetitionMapper' available: expected at least 1 bean which qualifies as autowire candidate. Dependency annotations: {@org.springframework.beans.factory.annotation.Autowired(required=true)}
2019-07-29 17:40:53.987 WARN   --- org.mybatis.spring.mapper.ClassPathMapperScanner.warn                                                [line44    ] : No MyBatis mapper was found in '[com.spring.mybatis.mapper]' package. Please check your configuration.
2019-07-29 17:40:54.280 WARN   --- org.mybatis.spring.mapper.ClassPathMapperScanner.warn                                                [line44    ] : No MyBatis mapper was found in '[com.competition]' package. Please check your configuration.
2019-07-29 17:41:03.254 WARN   --- .springframework.boot.web.servlet.context.AnnotationConfigServletWebServerApplicationContext.refresh [line557   ] : Exception encountered during context initialization - cancelling refresh attempt: org.springframework.beans.factory.UnsatisfiedDependencyException: Error creating bean with name 'competitionServiceImpl': Unsatisfied dependency expressed through field 'baseMapper'; nested exception is org.springframework.beans.factory.NoSuchBeanDefinitionException: No qualifying bean of type 'com.competition.dao.CompetitionMapper' available: expected at least 1 bean which qualifies as autowire candidate. Dependency annotations: {@org.springframework.beans.factory.annotation.Autowired(required=true)}
2019-07-29 17:45:02.933 WARN   --- org.mybatis.spring.mapper.ClassPathMapperScanner.warn                                                [line44    ] : No MyBatis mapper was found in '[com.spring.mybatis.mapper]' package. Please check your configuration.
2019-07-29 17:45:11.765 WARN   --- com.baomidou.mybatisplus.core.metadata.TableInfoHelper.initTableFields                               [line285   ] : Warn: Could not find @TableId in Class: com.competition.entity.Competition.
2019-07-29 17:45:12.088 WARN   --- .springframework.boot.web.servlet.context.AnnotationConfigServletWebServerApplicationContext.refresh [line557   ] : Exception encountered during context initialization - cancelling refresh attempt: org.springframework.beans.factory.UnsatisfiedDependencyException: Error creating bean with name 'competitionWikiReplyServiceImpl': Unsatisfied dependency expressed through field 'baseMapper'; nested exception is org.springframework.beans.factory.NoSuchBeanDefinitionException: No qualifying bean of type 'com.competition.dao.CompetitionWikiReplyMapper' available: expected at least 1 bean which qualifies as autowire candidate. Dependency annotations: {@org.springframework.beans.factory.annotation.Autowired(required=true)}
2019-07-29 17:46:29.371 WARN   --- com.baomidou.mybatisplus.core.metadata.TableInfoHelper.initTableFields                               [line285   ] : Warn: Could not find @TableId in Class: com.competition.entity.Competition.
2019-07-29 17:46:29.601 WARN   --- com.baomidou.mybatisplus.core.metadata.TableInfoHelper.initTableFields                               [line285   ] : Warn: Could not find @TableId in Class: com.competition.entity.CompetitionWiki.
2019-07-29 17:46:29.697 WARN   --- com.baomidou.mybatisplus.core.metadata.TableInfoHelper.initTableFields                               [line285   ] : Warn: Could not find @TableId in Class: com.competition.entity.UserAttention.
2019-07-29 17:46:29.740 WARN   --- com.baomidou.mybatisplus.core.metadata.TableInfoHelper.initTableFields                               [line285   ] : Warn: Could not find @TableId in Class: com.competition.entity.UserCompetition.
2019-07-29 17:46:29.795 WARN   --- com.baomidou.mybatisplus.core.metadata.TableInfoHelper.initTableFields                               [line285   ] : Warn: Could not find @TableId in Class: com.competition.entity.User.
2019-07-29 17:51:14.027 WARN   --- com.baomidou.mybatisplus.core.metadata.TableInfoHelper.initTableFields                               [line285   ] : Warn: Could not find @TableId in Class: com.competition.entity.Competition.
2019-07-29 17:51:14.917 WARN   --- com.baomidou.mybatisplus.core.metadata.TableInfoHelper.initTableFields                               [line285   ] : Warn: Could not find @TableId in Class: com.competition.entity.CompetitionWiki.
2019-07-29 17:51:15.121 WARN   --- com.baomidou.mybatisplus.core.metadata.TableInfoHelper.initTableFields                               [line285   ] : Warn: Could not find @TableId in Class: com.competition.entity.UserAttention.
2019-07-29 17:51:15.223 WARN   --- com.baomidou.mybatisplus.core.metadata.TableInfoHelper.initTableFields                               [line285   ] : Warn: Could not find @TableId in Class: com.competition.entity.UserCompetition.
2019-07-29 17:51:15.326 WARN   --- com.baomidou.mybatisplus.core.metadata.TableInfoHelper.initTableFields                               [line285   ] : Warn: Could not find @TableId in Class: com.competition.entity.User.
2019-07-29 17:53:13.407 WARN   --- com.baomidou.mybatisplus.core.metadata.TableInfoHelper.initTableFields                               [line285   ] : Warn: Could not find @TableId in Class: com.competition.entity.Competition.
2019-07-29 17:53:13.783 WARN   --- com.baomidou.mybatisplus.core.metadata.TableInfoHelper.initTableFields                               [line285   ] : Warn: Could not find @TableId in Class: com.competition.entity.CompetitionWiki.
2019-07-29 17:53:13.993 WARN   --- com.baomidou.mybatisplus.core.metadata.TableInfoHelper.initTableFields                               [line285   ] : Warn: Could not find @TableId in Class: com.competition.entity.UserAttention.
2019-07-29 17:53:14.076 WARN   --- com.baomidou.mybatisplus.core.metadata.TableInfoHelper.initTableFields                               [line285   ] : Warn: Could not find @TableId in Class: com.competition.entity.UserCompetition.
2019-07-29 17:53:14.174 WARN   --- com.baomidou.mybatisplus.core.metadata.TableInfoHelper.initTableFields                               [line285   ] : Warn: Could not find @TableId in Class: com.competition.entity.User.
2019-07-29 17:53:51.449 WARN   --- com.baomidou.mybatisplus.core.metadata.TableInfoHelper.initTableFields                               [line285   ] : Warn: Could not find @TableId in Class: com.competition.entity.Competition.
2019-07-29 17:53:52.172 WARN   --- com.baomidou.mybatisplus.core.metadata.TableInfoHelper.initTableFields                               [line285   ] : Warn: Could not find @TableId in Class: com.competition.entity.CompetitionWiki.
2019-07-29 17:53:52.418 WARN   --- com.baomidou.mybatisplus.core.metadata.TableInfoHelper.initTableFields                               [line285   ] : Warn: Could not find @TableId in Class: com.competition.entity.UserAttention.
2019-07-29 17:53:52.523 WARN   --- com.baomidou.mybatisplus.core.metadata.TableInfoHelper.initTableFields                               [line285   ] : Warn: Could not find @TableId in Class: com.competition.entity.UserCompetition.
2019-07-29 17:53:52.632 WARN   --- com.baomidou.mybatisplus.core.metadata.TableInfoHelper.initTableFields                               [line285   ] : Warn: Could not find @TableId in Class: com.competition.entity.User.
2019-07-29 17:55:35.567 WARN   --- com.baomidou.mybatisplus.core.metadata.TableInfoHelper.initTableFields                               [line285   ] : Warn: Could not find @TableId in Class: com.competition.entity.Competition.
2019-07-29 17:55:36.005 WARN   --- com.baomidou.mybatisplus.core.metadata.TableInfoHelper.initTableFields                               [line285   ] : Warn: Could not find @TableId in Class: com.competition.entity.CompetitionWiki.
2019-07-29 17:55:36.238 WARN   --- com.baomidou.mybatisplus.core.metadata.TableInfoHelper.initTableFields                               [line285   ] : Warn: Could not find @TableId in Class: com.competition.entity.UserAttention.
2019-07-29 17:55:36.325 WARN   --- com.baomidou.mybatisplus.core.metadata.TableInfoHelper.initTableFields                               [line285   ] : Warn: Could not find @TableId in Class: com.competition.entity.UserCompetition.
2019-07-29 17:55:36.437 WARN   --- com.baomidou.mybatisplus.core.metadata.TableInfoHelper.initTableFields                               [line285   ] : Warn: Could not find @TableId in Class: com.competition.entity.User.
2019-07-29 17:55:40.227 WARN   --- com.competition.demo.LogbackDemo.test1                                                               [line29    ] : 警告
2019-07-29 17:59:06.575 WARN   --- com.baomidou.mybatisplus.core.metadata.TableInfoHelper.initTableFields                               [line285   ] : Warn: Could not find @TableId in Class: com.competition.entity.Competition.
2019-07-29 17:59:07.108 WARN   --- com.baomidou.mybatisplus.core.metadata.TableInfoHelper.initTableFields                               [line285   ] : Warn: Could not find @TableId in Class: com.competition.entity.CompetitionWiki.
2019-07-29 17:59:07.345 WARN   --- com.baomidou.mybatisplus.core.metadata.TableInfoHelper.initTableFields                               [line285   ] : Warn: Could not find @TableId in Class: com.competition.entity.UserAttention.
2019-07-29 17:59:07.454 WARN   --- com.baomidou.mybatisplus.core.metadata.TableInfoHelper.initTableFields                               [line285   ] : Warn: Could not find @TableId in Class: com.competition.entity.UserCompetition.
2019-07-29 17:59:07.585 WARN   --- com.baomidou.mybatisplus.core.metadata.TableInfoHelper.initTableFields                               [line285   ] : Warn: Could not find @TableId in Class: com.competition.entity.User.
2019-07-29 17:59:11.517 WARN   --- com.competition.SpringbootDemoApplicationTests.contextLoads                                          [line23    ] : 警告
2019-07-29 18:00:01.937 WARN   --- com.baomidou.mybatisplus.core.metadata.TableInfoHelper.initTableFields                               [line285   ] : Warn: Could not find @TableId in Class: com.competition.entity.Competition.
2019-07-29 18:00:02.531 WARN   --- com.baomidou.mybatisplus.core.metadata.TableInfoHelper.initTableFields                               [line285   ] : Warn: Could not find @TableId in Class: com.competition.entity.CompetitionWiki.
2019-07-29 18:00:02.805 WARN   --- com.baomidou.mybatisplus.core.metadata.TableInfoHelper.initTableFields                               [line285   ] : Warn: Could not find @TableId in Class: com.competition.entity.UserAttention.
2019-07-29 18:00:02.967 WARN   --- com.baomidou.mybatisplus.core.metadata.TableInfoHelper.initTableFields                               [line285   ] : Warn: Could not find @TableId in Class: com.competition.entity.UserCompetition.
2019-07-29 18:00:03.108 WARN   --- com.baomidou.mybatisplus.core.metadata.TableInfoHelper.initTableFields                               [line285   ] : Warn: Could not find @TableId in Class: com.competition.entity.User.
2019-07-29 18:00:07.571 WARN   --- com.competition.SpringbootDemoApplicationTests.contextLoads                                          [line23    ] : 警告
2019-07-29 18:01:26.994 WARN   --- com.baomidou.mybatisplus.core.metadata.TableInfoHelper.initTableFields                               [line285   ] : Warn: Could not find @TableId in Class: com.competition.entity.Competition.
2019-07-29 18:01:27.447 WARN   --- com.baomidou.mybatisplus.core.metadata.TableInfoHelper.initTableFields                               [line285   ] : Warn: Could not find @TableId in Class: com.competition.entity.CompetitionWiki.
2019-07-29 18:01:27.624 WARN   --- com.baomidou.mybatisplus.core.metadata.TableInfoHelper.initTableFields                               [line285   ] : Warn: Could not find @TableId in Class: com.competition.entity.UserAttention.
2019-07-29 18:01:27.725 WARN   --- com.baomidou.mybatisplus.core.metadata.TableInfoHelper.initTableFields                               [line285   ] : Warn: Could not find @TableId in Class: com.competition.entity.UserCompetition.
2019-07-29 18:01:27.809 WARN   --- com.baomidou.mybatisplus.core.metadata.TableInfoHelper.initTableFields                               [line285   ] : Warn: Could not find @TableId in Class: com.competition.entity.User.
2019-07-29 18:01:30.963 WARN   --- com.competition.SpringbootDemoApplicationTests.contextLoads                                          [line23    ] : 警告
2019-07-29 18:02:20.921 WARN   --- com.baomidou.mybatisplus.core.metadata.TableInfoHelper.initTableFields                               [line285   ] : Warn: Could not find @TableId in Class: com.competition.entity.Competition.
2019-07-29 18:02:21.326 WARN   --- com.baomidou.mybatisplus.core.metadata.TableInfoHelper.initTableFields                               [line285   ] : Warn: Could not find @TableId in Class: com.competition.entity.CompetitionWiki.
2019-07-29 18:02:21.525 WARN   --- com.baomidou.mybatisplus.core.metadata.TableInfoHelper.initTableFields                               [line285   ] : Warn: Could not find @TableId in Class: com.competition.entity.UserAttention.
2019-07-29 18:02:21.642 WARN   --- com.baomidou.mybatisplus.core.metadata.TableInfoHelper.initTableFields                               [line285   ] : Warn: Could not find @TableId in Class: com.competition.entity.UserCompetition.
2019-07-29 18:02:21.723 WARN   --- com.baomidou.mybatisplus.core.metadata.TableInfoHelper.initTableFields                               [line285   ] : Warn: Could not find @TableId in Class: com.competition.entity.User.
2019-07-29 18:02:24.457 WARN   --- com.competition.SpringbootDemoApplicationTests.contextLoads                                          [line23    ] : 警告
2019-07-29 18:02:56.020 WARN   --- com.baomidou.mybatisplus.core.metadata.TableInfoHelper.initTableFields                               [line285   ] : Warn: Could not find @TableId in Class: com.competition.entity.Competition.
2019-07-29 18:02:56.494 WARN   --- com.baomidou.mybatisplus.core.metadata.TableInfoHelper.initTableFields                               [line285   ] : Warn: Could not find @TableId in Class: com.competition.entity.CompetitionWiki.
2019-07-29 18:02:56.705 WARN   --- com.baomidou.mybatisplus.core.metadata.TableInfoHelper.initTableFields                               [line285   ] : Warn: Could not find @TableId in Class: com.competition.entity.UserAttention.
2019-07-29 18:02:56.802 WARN   --- com.baomidou.mybatisplus.core.metadata.TableInfoHelper.initTableFields                               [line285   ] : Warn: Could not find @TableId in Class: com.competition.entity.UserCompetition.
2019-07-29 18:02:56.917 WARN   --- com.baomidou.mybatisplus.core.metadata.TableInfoHelper.initTableFields                               [line285   ] : Warn: Could not find @TableId in Class: com.competition.entity.User.
2019-07-29 18:02:59.967 WARN   --- com.competition.demo.LogbackDemo.test1                                                               [line29    ] : 警告
2019-07-29 18:03:16.244 WARN   --- com.baomidou.mybatisplus.core.metadata.TableInfoHelper.initTableFields                               [line285   ] : Warn: Could not find @TableId in Class: com.competition.entity.Competition.
2019-07-29 18:03:16.648 WARN   --- com.baomidou.mybatisplus.core.metadata.TableInfoHelper.initTableFields                               [line285   ] : Warn: Could not find @TableId in Class: com.competition.entity.CompetitionWiki.
2019-07-29 18:03:16.836 WARN   --- com.baomidou.mybatisplus.core.metadata.TableInfoHelper.initTableFields                               [line285   ] : Warn: Could not find @TableId in Class: com.competition.entity.UserAttention.
2019-07-29 18:03:16.915 WARN   --- com.baomidou.mybatisplus.core.metadata.TableInfoHelper.initTableFields                               [line285   ] : Warn: Could not find @TableId in Class: com.competition.entity.UserCompetition.
2019-07-29 18:03:17.023 WARN   --- com.baomidou.mybatisplus.core.metadata.TableInfoHelper.initTableFields                               [line285   ] : Warn: Could not find @TableId in Class: com.competition.entity.User.
2019-07-29 18:03:19.732 WARN   --- com.competition.SpringbootDemoApplicationTests.contextLoads                                          [line23    ] : 警告
2019-07-29 18:03:41.258 WARN   --- com.baomidou.mybatisplus.core.metadata.TableInfoHelper.initTableFields                               [line285   ] : Warn: Could not find @TableId in Class: com.competition.entity.Competition.
2019-07-29 18:03:41.725 WARN   --- com.baomidou.mybatisplus.core.metadata.TableInfoHelper.initTableFields                               [line285   ] : Warn: Could not find @TableId in Class: com.competition.entity.CompetitionWiki.
2019-07-29 18:03:41.954 WARN   --- com.baomidou.mybatisplus.core.metadata.TableInfoHelper.initTableFields                               [line285   ] : Warn: Could not find @TableId in Class: com.competition.entity.UserAttention.
2019-07-29 18:03:42.075 WARN   --- com.baomidou.mybatisplus.core.metadata.TableInfoHelper.initTableFields                               [line285   ] : Warn: Could not find @TableId in Class: com.competition.entity.UserCompetition.
2019-07-29 18:03:42.165 WARN   --- com.baomidou.mybatisplus.core.metadata.TableInfoHelper.initTableFields                               [line285   ] : Warn: Could not find @TableId in Class: com.competition.entity.User.
2019-07-29 18:03:45.621 WARN   --- com.competition.demo.LogbackDemo.test1                                                               [line29    ] : 警告
2019-07-29 18:07:50.660 WARN   --- com.baomidou.mybatisplus.core.metadata.TableInfoHelper.initTableFields                               [line285   ] : Warn: Could not find @TableId in Class: com.competition.entity.Competition.
2019-07-29 18:07:51.128 WARN   --- com.baomidou.mybatisplus.core.metadata.TableInfoHelper.initTableFields                               [line285   ] : Warn: Could not find @TableId in Class: com.competition.entity.CompetitionWiki.
2019-07-29 18:07:51.333 WARN   --- com.baomidou.mybatisplus.core.metadata.TableInfoHelper.initTableFields                               [line285   ] : Warn: Could not find @TableId in Class: com.competition.entity.UserAttention.
2019-07-29 18:07:51.424 WARN   --- com.baomidou.mybatisplus.core.metadata.TableInfoHelper.initTableFields                               [line285   ] : Warn: Could not find @TableId in Class: com.competition.entity.UserCompetition.
2019-07-29 18:07:51.528 WARN   --- com.baomidou.mybatisplus.core.metadata.TableInfoHelper.initTableFields                               [line285   ] : Warn: Could not find @TableId in Class: com.competition.entity.User.
2019-07-29 18:07:54.878 WARN   --- com.competition.demo.LogbackDemo.test1                                                               [line29    ] : 警告
2019-07-29 18:08:39.783 WARN   --- com.baomidou.mybatisplus.core.metadata.TableInfoHelper.initTableFields                               [line285   ] : Warn: Could not find @TableId in Class: com.competition.entity.Competition.
2019-07-29 18:08:40.253 WARN   --- com.baomidou.mybatisplus.core.metadata.TableInfoHelper.initTableFields                               [line285   ] : Warn: Could not find @TableId in Class: com.competition.entity.CompetitionWiki.
2019-07-29 18:08:40.460 WARN   --- com.baomidou.mybatisplus.core.metadata.TableInfoHelper.initTableFields                               [line285   ] : Warn: Could not find @TableId in Class: com.competition.entity.UserAttention.
2019-07-29 18:08:40.578 WARN   --- com.baomidou.mybatisplus.core.metadata.TableInfoHelper.initTableFields                               [line285   ] : Warn: Could not find @TableId in Class: com.competition.entity.UserCompetition.
2019-07-29 18:08:40.684 WARN   --- com.baomidou.mybatisplus.core.metadata.TableInfoHelper.initTableFields                               [line285   ] : Warn: Could not find @TableId in Class: com.competition.entity.User.
2019-07-29 18:08:43.565 WARN   --- com.competition.demo.LogbackDemo.test1                                                               [line29    ] : 警告
2019-07-29 18:09:20.840 WARN   --- com.baomidou.mybatisplus.core.metadata.TableInfoHelper.initTableFields                               [line285   ] : Warn: Could not find @TableId in Class: com.competition.entity.Competition.
2019-07-29 18:09:21.472 WARN   --- com.baomidou.mybatisplus.core.metadata.TableInfoHelper.initTableFields                               [line285   ] : Warn: Could not find @TableId in Class: com.competition.entity.CompetitionWiki.
2019-07-29 18:09:21.703 WARN   --- com.baomidou.mybatisplus.core.metadata.TableInfoHelper.initTableFields                               [line285   ] : Warn: Could not find @TableId in Class: com.competition.entity.UserAttention.
2019-07-29 18:09:21.808 WARN   --- com.baomidou.mybatisplus.core.metadata.TableInfoHelper.initTableFields                               [line285   ] : Warn: Could not find @TableId in Class: com.competition.entity.UserCompetition.
2019-07-29 18:09:21.900 WARN   --- com.baomidou.mybatisplus.core.metadata.TableInfoHelper.initTableFields                               [line285   ] : Warn: Could not find @TableId in Class: com.competition.entity.User.
2019-07-29 18:09:25.470 WARN   --- com.competition.demo.LogbackDemo.test1                                                               [line29    ] : 警告
2019-07-29 18:09:38.907 WARN   --- com.baomidou.mybatisplus.core.metadata.TableInfoHelper.initTableFields                               [line285   ] : Warn: Could not find @TableId in Class: com.competition.entity.Competition.
2019-07-29 18:09:39.322 WARN   --- com.baomidou.mybatisplus.core.metadata.TableInfoHelper.initTableFields                               [line285   ] : Warn: Could not find @TableId in Class: com.competition.entity.CompetitionWiki.
2019-07-29 18:09:39.516 WARN   --- com.baomidou.mybatisplus.core.metadata.TableInfoHelper.initTableFields                               [line285   ] : Warn: Could not find @TableId in Class: com.competition.entity.UserAttention.
2019-07-29 18:09:39.622 WARN   --- com.baomidou.mybatisplus.core.metadata.TableInfoHelper.initTableFields                               [line285   ] : Warn: Could not find @TableId in Class: com.competition.entity.UserCompetition.
2019-07-29 18:09:39.700 WARN   --- com.baomidou.mybatisplus.core.metadata.TableInfoHelper.initTableFields                               [line285   ] : Warn: Could not find @TableId in Class: com.competition.entity.User.
2019-07-29 18:09:42.448 WARN   --- com.competition.demo.LogbackDemo.test1                                                               [line29    ] : 警告
2019-07-29 18:12:42.827 WARN   --- com.competition.demo.LogbackDemo.test1                                                               [line29    ] : 警告
