2019-08-08 08:03:31.238 WARN   --- onObjectContextCustomizerFactory$DuplicateJsonObjectContextCustomizer.logDuplicateJsonObjectsWarning [line81    ] : 

Found multiple occurrences of org.json.JSONObject on the class path:

	jar:file:/D:/mySoftWare/maven/localWarehose-3.6.1/com/vaadin/external/google/android-json/0.0.20131108.vaadin1/android-json-0.0.20131108.vaadin1.jar!/org/json/JSONObject.class
	jar:file:/D:/mySoftWare/maven/localWarehose-3.6.1/org/json/json/20141113/json-20141113.jar!/org/json/JSONObject.class

You may wish to exclude one of them to ensure predictable runtime behavior

2019-08-08 08:20:54.212 WARN   --- onObjectContextCustomizerFactory$DuplicateJsonObjectContextCustomizer.logDuplicateJsonObjectsWarning [line81    ] : 

Found multiple occurrences of org.json.JSONObject on the class path:

	jar:file:/D:/mySoftWare/maven/localWarehose-3.6.1/com/vaadin/external/google/android-json/0.0.20131108.vaadin1/android-json-0.0.20131108.vaadin1.jar!/org/json/JSONObject.class
	jar:file:/D:/mySoftWare/maven/localWarehose-3.6.1/org/json/json/20141113/json-20141113.jar!/org/json/JSONObject.class

You may wish to exclude one of them to ensure predictable runtime behavior

2019-08-08 09:22:01.269 WARN   --- onObjectContextCustomizerFactory$DuplicateJsonObjectContextCustomizer.logDuplicateJsonObjectsWarning [line81    ] : 

Found multiple occurrences of org.json.JSONObject on the class path:

	jar:file:/D:/mySoftWare/maven/localWarehose-3.6.1/com/vaadin/external/google/android-json/0.0.20131108.vaadin1/android-json-0.0.20131108.vaadin1.jar!/org/json/JSONObject.class
	jar:file:/D:/mySoftWare/maven/localWarehose-3.6.1/org/json/json/20141113/json-20141113.jar!/org/json/JSONObject.class

You may wish to exclude one of them to ensure predictable runtime behavior

2019-08-08 10:16:56.395 WARN   --- onObjectContextCustomizerFactory$DuplicateJsonObjectContextCustomizer.logDuplicateJsonObjectsWarning [line81    ] : 

Found multiple occurrences of org.json.JSONObject on the class path:

	jar:file:/D:/mySoftWare/maven/localWarehose-3.6.1/com/vaadin/external/google/android-json/0.0.20131108.vaadin1/android-json-0.0.20131108.vaadin1.jar!/org/json/JSONObject.class
	jar:file:/D:/mySoftWare/maven/localWarehose-3.6.1/org/json/json/20141113/json-20141113.jar!/org/json/JSONObject.class

You may wish to exclude one of them to ensure predictable runtime behavior

2019-08-08 11:34:52.692 WARN   --- onObjectContextCustomizerFactory$DuplicateJsonObjectContextCustomizer.logDuplicateJsonObjectsWarning [line81    ] : 

Found multiple occurrences of org.json.JSONObject on the class path:

	jar:file:/D:/mySoftWare/maven/localWarehose-3.6.1/com/vaadin/external/google/android-json/0.0.20131108.vaadin1/android-json-0.0.20131108.vaadin1.jar!/org/json/JSONObject.class
	jar:file:/D:/mySoftWare/maven/localWarehose-3.6.1/org/json/json/20141113/json-20141113.jar!/org/json/JSONObject.class

You may wish to exclude one of them to ensure predictable runtime behavior

