2019-07-30 14:55:15.928 WARN   --- com.baomidou.mybatisplus.core.metadata.TableInfoHelper.initTableFields                               [line285   ] : Warn: Could not find @TableId in Class: com.competition.entity.Competition.
2019-07-30 15:07:40.732 WARN   --- com.baomidou.mybatisplus.core.metadata.TableInfoHelper.initTableFields                               [line285   ] : Warn: Could not find @TableId in Class: com.competition.entity.Competition.
2019-07-30 15:28:46.826 WARN   --- com.baomidou.mybatisplus.core.metadata.TableInfoHelper.initTableFields                               [line285   ] : Warn: Could not find @TableId in Class: com.competition.entity.Competition.
2019-07-30 15:29:33.990 WARN   --- com.baomidou.mybatisplus.core.metadata.TableInfoHelper.initTableFields                               [line285   ] : Warn: Could not find @TableId in Class: com.competition.entity.Competition.
2019-07-30 15:30:23.282 WARN   --- com.baomidou.mybatisplus.core.metadata.TableInfoHelper.initTableFields                               [line285   ] : Warn: Could not find @TableId in Class: com.competition.entity.Competition.
2019-07-30 18:23:41.830 WARN   --- org.springframework.web.context.support.GenericWebApplicationContext.refresh                         [line557   ] : Exception encountered during context initialization - cancelling refresh attempt: org.springframework.beans.factory.UnsatisfiedDependencyException: Error creating bean with name 'competitionServiceImpl': Unsatisfied dependency expressed through field 'baseMapper'; nested exception is org.springframework.beans.factory.UnsatisfiedDependencyException: Error creating bean with name 'competitionMapper' defined in file [/home/guohaodong/Idea/estc/target/classes/com/competition/dao/CompetitionMapper.class]: Unsatisfied dependency expressed through bean property 'sqlSessionFactory'; nested exception is org.springframework.beans.factory.UnsatisfiedDependencyException: Error creating bean with name 'sqlSessionFactory' defined in class path resource [com/baomidou/mybatisplus/autoconfigure/MybatisPlusAutoConfiguration.class]: Unsatisfied dependency expressed through method 'sqlSessionFactory' parameter 0; nested exception is org.springframework.beans.factory.BeanCreationException: Error creating bean with name 'dataSource' defined in class path resource [com/alibaba/druid/spring/boot/autoconfigure/DruidDataSourceAutoConfigure.class]: Invocation of init method failed; nested exception is com.mysql.cj.jdbc.exceptions.CommunicationsException: Communications link failure

The last packet sent successfully to the server was 0 milliseconds ago. The driver has not received any packets from the server.
2019-07-30 18:27:45.657 WARN   --- com.baomidou.mybatisplus.core.metadata.TableInfoHelper.initTableFields                               [line285   ] : Warn: Could not find @TableId in Class: com.competition.entity.Competition.
2019-07-30 18:31:58.608 WARN   --- com.baomidou.mybatisplus.core.metadata.TableInfoHelper.initTableFields                               [line285   ] : Warn: Could not find @TableId in Class: com.competition.entity.Competition.
2019-07-30 19:23:35.800 WARN   --- com.baomidou.mybatisplus.core.metadata.TableInfoHelper.initTableFields                               [line285   ] : Warn: Could not find @TableId in Class: com.competition.entity.Competition.
2019-07-30 19:56:25.804 WARN   --- com.baomidou.mybatisplus.core.metadata.TableInfoHelper.initTableFields                               [line285   ] : Warn: Could not find @TableId in Class: com.competition.entity.Competition.
2019-07-30 19:57:42.479 WARN   --- com.baomidou.mybatisplus.core.metadata.TableInfoHelper.initTableFields                               [line285   ] : Warn: Could not find @TableId in Class: com.competition.entity.Competition.
2019-07-30 20:02:20.010 WARN   --- com.baomidou.mybatisplus.core.metadata.TableInfoHelper.initTableFields                               [line285   ] : Warn: Could not find @TableId in Class: com.competition.entity.Competition.
2019-07-30 20:08:50.510 WARN   --- com.baomidou.mybatisplus.core.metadata.TableInfoHelper.initTableFields                               [line285   ] : Warn: Could not find @TableId in Class: com.competition.entity.Competition.
2019-07-30 20:12:38.200 WARN   --- com.baomidou.mybatisplus.core.metadata.TableInfoHelper.initTableFields                               [line285   ] : Warn: Could not find @TableId in Class: com.competition.entity.Competition.
2019-07-30 20:13:58.465 WARN   --- com.baomidou.mybatisplus.core.metadata.TableInfoHelper.initTableFields                               [line285   ] : Warn: Could not find @TableId in Class: com.competition.entity.Competition.
2019-07-30 20:15:14.352 WARN   --- com.baomidou.mybatisplus.core.metadata.TableInfoHelper.initTableFields                               [line285   ] : Warn: Could not find @TableId in Class: com.competition.entity.Competition.
2019-07-30 20:15:14.810 WARN   --- com.baomidou.mybatisplus.core.metadata.TableInfoHelper.initTableFields                               [line285   ] : Warn: Could not find @TableId in Class: com.competition.entity.CompetitionWiki.
2019-07-30 20:16:24.303 WARN   --- com.baomidou.mybatisplus.core.metadata.TableInfoHelper.initTableFields                               [line285   ] : Warn: Could not find @TableId in Class: com.competition.entity.Competition.
2019-07-30 20:16:24.773 WARN   --- com.baomidou.mybatisplus.core.metadata.TableInfoHelper.initTableFields                               [line285   ] : Warn: Could not find @TableId in Class: com.competition.entity.CompetitionWiki.
2019-07-30 20:17:12.852 WARN   --- com.baomidou.mybatisplus.core.metadata.TableInfoHelper.initTableFields                               [line285   ] : Warn: Could not find @TableId in Class: com.competition.entity.Competition.
2019-07-30 20:17:13.295 WARN   --- com.baomidou.mybatisplus.core.metadata.TableInfoHelper.initTableFields                               [line285   ] : Warn: Could not find @TableId in Class: com.competition.entity.CompetitionWiki.
2019-07-30 20:18:17.699 WARN   --- com.baomidou.mybatisplus.core.metadata.TableInfoHelper.initTableFields                               [line285   ] : Warn: Could not find @TableId in Class: com.competition.entity.Competition.
2019-07-30 20:18:18.201 WARN   --- com.baomidou.mybatisplus.core.metadata.TableInfoHelper.initTableFields                               [line285   ] : Warn: Could not find @TableId in Class: com.competition.entity.CompetitionWiki.
2019-07-30 20:19:19.142 WARN   --- com.baomidou.mybatisplus.core.metadata.TableInfoHelper.initTableFields                               [line285   ] : Warn: Could not find @TableId in Class: com.competition.entity.Competition.
2019-07-30 20:19:19.591 WARN   --- com.baomidou.mybatisplus.core.metadata.TableInfoHelper.initTableFields                               [line285   ] : Warn: Could not find @TableId in Class: com.competition.entity.CompetitionWiki.
2019-07-30 20:20:22.175 WARN   --- com.baomidou.mybatisplus.core.metadata.TableInfoHelper.initTableFields                               [line285   ] : Warn: Could not find @TableId in Class: com.competition.entity.Competition.
2019-07-30 20:20:25.877 WARN   --- com.competition.SpringbootDemoApplicationTests.serviceT                                              [line50    ] : CompetitionWiki(wikiId=1234, competitionId=null, userId=null, content=weizhi, createAt=2019-07-30T20:16:28, updateAt=2019-07-30T20:16:28)
