2019-08-09 10:44:29.496 WARN   --- onObjectContextCustomizerFactory$DuplicateJsonObjectContextCustomizer.logDuplicateJsonObjectsWarning [line81    ] : 

Found multiple occurrences of org.json.JSONObject on the class path:

	jar:file:/C:/Users/Administrator/.m2/repository/com/vaadin/external/google/android-json/0.0.20131108.vaadin1/android-json-0.0.20131108.vaadin1.jar!/org/json/JSONObject.class
	jar:file:/C:/Users/Administrator/.m2/repository/org/json/json/20141113/json-20141113.jar!/org/json/JSONObject.class

You may wish to exclude one of them to ensure predictable runtime behavior

2019-08-09 10:44:36.786 WARN   --- org.springframework.web.context.support.GenericWebApplicationContext.refresh                         [line557   ] : Exception encountered during context initialization - cancelling refresh attempt: org.springframework.beans.factory.UnsatisfiedDependencyException: Error creating bean with name 'competitionController1': Unsatisfied dependency expressed through field 'competitionService1'; nested exception is org.springframework.beans.factory.NoSuchBeanDefinitionException: No qualifying bean of type 'xyz.xlong99.service.CompetitionService' available: expected at least 1 bean which qualifies as autowire candidate. Dependency annotations: {@org.springframework.beans.factory.annotation.Autowired(required=true)}
2019-08-09 10:45:38.825 WARN   --- .springframework.boot.web.servlet.context.AnnotationConfigServletWebServerApplicationContext.refresh [line557   ] : Exception encountered during context initialization - cancelling refresh attempt: org.springframework.beans.factory.UnsatisfiedDependencyException: Error creating bean with name 'competitionController1': Unsatisfied dependency expressed through field 'competitionService1'; nested exception is org.springframework.beans.factory.NoSuchBeanDefinitionException: No qualifying bean of type 'xyz.xlong99.service.CompetitionService' available: expected at least 1 bean which qualifies as autowire candidate. Dependency annotations: {@org.springframework.beans.factory.annotation.Autowired(required=true)}
2019-08-09 10:51:45.390 WARN   --- onObjectContextCustomizerFactory$DuplicateJsonObjectContextCustomizer.logDuplicateJsonObjectsWarning [line81    ] : 

Found multiple occurrences of org.json.JSONObject on the class path:

	jar:file:/C:/Users/Administrator/.m2/repository/com/vaadin/external/google/android-json/0.0.20131108.vaadin1/android-json-0.0.20131108.vaadin1.jar!/org/json/JSONObject.class
	jar:file:/C:/Users/Administrator/.m2/repository/org/json/json/20141113/json-20141113.jar!/org/json/JSONObject.class

You may wish to exclude one of them to ensure predictable runtime behavior

2019-08-09 10:52:23.976 WARN   --- onObjectContextCustomizerFactory$DuplicateJsonObjectContextCustomizer.logDuplicateJsonObjectsWarning [line81    ] : 

Found multiple occurrences of org.json.JSONObject on the class path:

	jar:file:/C:/Users/Administrator/.m2/repository/com/vaadin/external/google/android-json/0.0.20131108.vaadin1/android-json-0.0.20131108.vaadin1.jar!/org/json/JSONObject.class
	jar:file:/C:/Users/Administrator/.m2/repository/org/json/json/20141113/json-20141113.jar!/org/json/JSONObject.class

You may wish to exclude one of them to ensure predictable runtime behavior

2019-08-09 10:53:24.052 WARN   --- onObjectContextCustomizerFactory$DuplicateJsonObjectContextCustomizer.logDuplicateJsonObjectsWarning [line81    ] : 

Found multiple occurrences of org.json.JSONObject on the class path:

	jar:file:/C:/Users/Administrator/.m2/repository/com/vaadin/external/google/android-json/0.0.20131108.vaadin1/android-json-0.0.20131108.vaadin1.jar!/org/json/JSONObject.class
	jar:file:/C:/Users/Administrator/.m2/repository/org/json/json/20141113/json-20141113.jar!/org/json/JSONObject.class

You may wish to exclude one of them to ensure predictable runtime behavior

2019-08-09 10:54:26.823 WARN   --- onObjectContextCustomizerFactory$DuplicateJsonObjectContextCustomizer.logDuplicateJsonObjectsWarning [line81    ] : 

Found multiple occurrences of org.json.JSONObject on the class path:

	jar:file:/C:/Users/Administrator/.m2/repository/com/vaadin/external/google/android-json/0.0.20131108.vaadin1/android-json-0.0.20131108.vaadin1.jar!/org/json/JSONObject.class
	jar:file:/C:/Users/Administrator/.m2/repository/org/json/json/20141113/json-20141113.jar!/org/json/JSONObject.class

You may wish to exclude one of them to ensure predictable runtime behavior

2019-08-09 10:55:56.412 WARN   --- onObjectContextCustomizerFactory$DuplicateJsonObjectContextCustomizer.logDuplicateJsonObjectsWarning [line81    ] : 

Found multiple occurrences of org.json.JSONObject on the class path:

	jar:file:/C:/Users/Administrator/.m2/repository/com/vaadin/external/google/android-json/0.0.20131108.vaadin1/android-json-0.0.20131108.vaadin1.jar!/org/json/JSONObject.class
	jar:file:/C:/Users/Administrator/.m2/repository/org/json/json/20141113/json-20141113.jar!/org/json/JSONObject.class

You may wish to exclude one of them to ensure predictable runtime behavior

2019-08-09 10:57:51.799 WARN   --- onObjectContextCustomizerFactory$DuplicateJsonObjectContextCustomizer.logDuplicateJsonObjectsWarning [line81    ] : 

Found multiple occurrences of org.json.JSONObject on the class path:

	jar:file:/C:/Users/Administrator/.m2/repository/com/vaadin/external/google/android-json/0.0.20131108.vaadin1/android-json-0.0.20131108.vaadin1.jar!/org/json/JSONObject.class
	jar:file:/C:/Users/Administrator/.m2/repository/org/json/json/20141113/json-20141113.jar!/org/json/JSONObject.class

You may wish to exclude one of them to ensure predictable runtime behavior

2019-08-09 11:08:49.945 WARN   --- onObjectContextCustomizerFactory$DuplicateJsonObjectContextCustomizer.logDuplicateJsonObjectsWarning [line81    ] : 

Found multiple occurrences of org.json.JSONObject on the class path:

	jar:file:/C:/Users/Administrator/.m2/repository/com/vaadin/external/google/android-json/0.0.20131108.vaadin1/android-json-0.0.20131108.vaadin1.jar!/org/json/JSONObject.class
	jar:file:/C:/Users/Administrator/.m2/repository/org/json/json/20141113/json-20141113.jar!/org/json/JSONObject.class

You may wish to exclude one of them to ensure predictable runtime behavior

2019-08-09 11:09:45.005 WARN   --- onObjectContextCustomizerFactory$DuplicateJsonObjectContextCustomizer.logDuplicateJsonObjectsWarning [line81    ] : 

Found multiple occurrences of org.json.JSONObject on the class path:

	jar:file:/C:/Users/Administrator/.m2/repository/com/vaadin/external/google/android-json/0.0.20131108.vaadin1/android-json-0.0.20131108.vaadin1.jar!/org/json/JSONObject.class
	jar:file:/C:/Users/Administrator/.m2/repository/org/json/json/20141113/json-20141113.jar!/org/json/JSONObject.class

You may wish to exclude one of them to ensure predictable runtime behavior

2019-08-09 11:11:55.504 WARN   --- onObjectContextCustomizerFactory$DuplicateJsonObjectContextCustomizer.logDuplicateJsonObjectsWarning [line81    ] : 

Found multiple occurrences of org.json.JSONObject on the class path:

	jar:file:/C:/Users/Administrator/.m2/repository/com/vaadin/external/google/android-json/0.0.20131108.vaadin1/android-json-0.0.20131108.vaadin1.jar!/org/json/JSONObject.class
	jar:file:/C:/Users/Administrator/.m2/repository/org/json/json/20141113/json-20141113.jar!/org/json/JSONObject.class

You may wish to exclude one of them to ensure predictable runtime behavior

2019-08-09 19:50:49.332 WARN   --- onObjectContextCustomizerFactory$DuplicateJsonObjectContextCustomizer.logDuplicateJsonObjectsWarning [line81    ] : 

Found multiple occurrences of org.json.JSONObject on the class path:

	jar:file:/C:/Users/Administrator/.m2/repository/com/vaadin/external/google/android-json/0.0.20131108.vaadin1/android-json-0.0.20131108.vaadin1.jar!/org/json/JSONObject.class
	jar:file:/C:/Users/Administrator/.m2/repository/org/json/json/20141113/json-20141113.jar!/org/json/JSONObject.class

You may wish to exclude one of them to ensure predictable runtime behavior

2019-08-09 19:52:02.086 WARN   --- onObjectContextCustomizerFactory$DuplicateJsonObjectContextCustomizer.logDuplicateJsonObjectsWarning [line81    ] : 

Found multiple occurrences of org.json.JSONObject on the class path:

	jar:file:/C:/Users/Administrator/.m2/repository/com/vaadin/external/google/android-json/0.0.20131108.vaadin1/android-json-0.0.20131108.vaadin1.jar!/org/json/JSONObject.class
	jar:file:/C:/Users/Administrator/.m2/repository/org/json/json/20141113/json-20141113.jar!/org/json/JSONObject.class

You may wish to exclude one of them to ensure predictable runtime behavior

