2019-07-27 19:10:00.699 INFO  --- com.competition.SpringbootDemoApplicationTests.logStarting                                       [line50    ] : Starting SpringbootDemoApplicationTests on asparagusfern-Rev-1-0 with PID 11879 (started by asparagusfern in /home/asparagusfern/IdeaProjects/springbootDemo)
2019-07-27 19:10:00.701 INFO  --- com.competition.SpringbootDemoApplicationTests.logStartupProfileInfo                             [line650   ] : The following profiles are active: dev
2019-07-27 19:10:11.234 INFO  --- org.springframework.data.repository.config.RepositoryConfigurationDelegate.multipleStoresDetected    [line244   ] : Multiple Spring Data modules found, entering strict repository configuration mode!
2019-07-27 19:10:11.287 INFO  --- org.springframework.data.repository.config.RepositoryConfigurationDelegate.registerRepositoriesIn    [line126   ] : Bootstrapping Spring Data repositories in DEFAULT mode.
2019-07-27 19:10:11.381 INFO  --- org.springframework.data.repository.config.RepositoryConfigurationDelegate.registerRepositoriesIn    [line182   ] : Finished Spring Data repository scanning in 14ms. Found 0 repository interfaces.
2019-07-27 19:10:12.822 INFO  --- xt.support.PostProcessorRegistrationDelegate$BeanPostProcessorChecker.postProcessAfterInitialization [line330   ] : Bean 'org.springframework.transaction.annotation.ProxyTransactionManagementConfiguration' of type [org.springframework.transaction.annotation.ProxyTransactionManagementConfiguration$$EnhancerBySpringCGLIB$$a654396c] is not eligible for getting processed by all BeanPostProcessors (for example: not eligible for auto-proxying)
2019-07-27 19:10:13.134 INFO  --- com.alibaba.druid.spring.boot.autoconfigure.DruidDataSourceAutoConfigure.dataSource                  [line56    ] : Init DruidDataSource
2019-07-27 19:10:16.659 INFO  --- com.alibaba.druid.pool.DruidDataSource.init                                                          [line1003  ] : {dataSource-1} inited
2019-07-27 19:10:18.735 INFO  --- org.springframework.scheduling.concurrent.ThreadPoolTaskExecutor.initialize                          [line171   ] : Initializing ExecutorService 'applicationTaskExecutor'
2019-07-27 19:10:21.240 INFO  --- com.competition.SpringbootDemoApplicationTests.logStarted                                        [line59    ] : Started SpringbootDemoApplicationTests in 28.214 seconds (JVM running for 41.805)
2019-07-27 19:10:31.025 INFO  --- org.springframework.scheduling.concurrent.ThreadPoolTaskExecutor.shutdown                            [line208   ] : Shutting down ExecutorService 'applicationTaskExecutor'
2019-07-27 19:10:31.030 INFO  --- com.alibaba.druid.pool.DruidDataSource.close                                                         [line1948  ] : {dataSource-1} closing ...
2019-07-27 19:10:31.122 INFO  --- com.alibaba.druid.pool.DruidDataSource.close                                                         [line2020  ] : {dataSource-1} closed
2019-07-27 19:14:58.909 INFO  --- com.competition.SpringbootDemoApplicationTests.logStarting                                       [line50    ] : Starting SpringbootDemoApplicationTests on asparagusfern-Rev-1-0 with PID 12104 (started by asparagusfern in /home/asparagusfern/IdeaProjects/springbootDemo)
2019-07-27 19:14:58.962 INFO  --- com.competition.SpringbootDemoApplicationTests.logStartupProfileInfo                             [line650   ] : The following profiles are active: dev
2019-07-27 19:15:17.955 INFO  --- org.springframework.data.repository.config.RepositoryConfigurationDelegate.multipleStoresDetected    [line244   ] : Multiple Spring Data modules found, entering strict repository configuration mode!
2019-07-27 19:15:18.274 INFO  --- org.springframework.data.repository.config.RepositoryConfigurationDelegate.registerRepositoriesIn    [line126   ] : Bootstrapping Spring Data repositories in DEFAULT mode.
2019-07-27 19:15:19.483 INFO  --- org.springframework.data.repository.config.RepositoryConfigurationDelegate.registerRepositoriesIn    [line182   ] : Finished Spring Data repository scanning in 337ms. Found 0 repository interfaces.
2019-07-27 19:15:21.825 INFO  --- xt.support.PostProcessorRegistrationDelegate$BeanPostProcessorChecker.postProcessAfterInitialization [line330   ] : Bean 'org.springframework.transaction.annotation.ProxyTransactionManagementConfiguration' of type [org.springframework.transaction.annotation.ProxyTransactionManagementConfiguration$$EnhancerBySpringCGLIB$$7d4b0d14] is not eligible for getting processed by all BeanPostProcessors (for example: not eligible for auto-proxying)
2019-07-27 19:15:22.227 INFO  --- com.alibaba.druid.spring.boot.autoconfigure.DruidDataSourceAutoConfigure.dataSource                  [line56    ] : Init DruidDataSource
2019-07-27 19:15:27.568 INFO  --- com.alibaba.druid.pool.DruidDataSource.init                                                          [line1003  ] : {dataSource-1} inited
2019-07-27 19:15:30.089 INFO  --- org.springframework.scheduling.concurrent.ThreadPoolTaskExecutor.initialize                          [line171   ] : Initializing ExecutorService 'applicationTaskExecutor'
2019-07-27 19:15:32.650 INFO  --- com.competition.SpringbootDemoApplicationTests.logStarted                                        [line59    ] : Started SpringbootDemoApplicationTests in 42.44 seconds (JVM running for 60.238)
2019-07-27 19:15:36.718 INFO  --- org.springframework.scheduling.concurrent.ThreadPoolTaskExecutor.shutdown                            [line208   ] : Shutting down ExecutorService 'applicationTaskExecutor'
2019-07-27 19:15:36.724 INFO  --- com.alibaba.druid.pool.DruidDataSource.close                                                         [line1948  ] : {dataSource-1} closing ...
2019-07-27 19:15:36.826 INFO  --- com.alibaba.druid.pool.DruidDataSource.close                                                         [line2020  ] : {dataSource-1} closed
2019-07-27 19:18:56.160 INFO  --- com.competition.SpringbootDemoApplicationTests.logStarting                                       [line50    ] : Starting SpringbootDemoApplicationTests on asparagusfern-Rev-1-0 with PID 12347 (started by asparagusfern in /home/asparagusfern/IdeaProjects/springbootDemo)
2019-07-27 19:18:56.162 INFO  --- com.competition.SpringbootDemoApplicationTests.logStartupProfileInfo                             [line650   ] : The following profiles are active: dev
2019-07-27 19:19:07.178 INFO  --- org.springframework.data.repository.config.RepositoryConfigurationDelegate.multipleStoresDetected    [line244   ] : Multiple Spring Data modules found, entering strict repository configuration mode!
2019-07-27 19:19:07.316 INFO  --- org.springframework.data.repository.config.RepositoryConfigurationDelegate.registerRepositoriesIn    [line126   ] : Bootstrapping Spring Data repositories in DEFAULT mode.
2019-07-27 19:19:07.779 INFO  --- org.springframework.data.repository.config.RepositoryConfigurationDelegate.registerRepositoriesIn    [line182   ] : Finished Spring Data repository scanning in 162ms. Found 0 repository interfaces.
2019-07-27 19:19:10.340 INFO  --- xt.support.PostProcessorRegistrationDelegate$BeanPostProcessorChecker.postProcessAfterInitialization [line330   ] : Bean 'org.springframework.transaction.annotation.ProxyTransactionManagementConfiguration' of type [org.springframework.transaction.annotation.ProxyTransactionManagementConfiguration$$EnhancerBySpringCGLIB$$2ed781a7] is not eligible for getting processed by all BeanPostProcessors (for example: not eligible for auto-proxying)
2019-07-27 19:19:10.673 INFO  --- com.alibaba.druid.spring.boot.autoconfigure.DruidDataSourceAutoConfigure.dataSource                  [line56    ] : Init DruidDataSource
2019-07-27 19:19:14.481 INFO  --- com.alibaba.druid.pool.DruidDataSource.init                                                          [line1003  ] : {dataSource-1} inited
2019-07-27 19:19:17.415 INFO  --- org.springframework.scheduling.concurrent.ThreadPoolTaskExecutor.initialize                          [line171   ] : Initializing ExecutorService 'applicationTaskExecutor'
2019-07-27 19:19:19.530 INFO  --- com.competition.SpringbootDemoApplicationTests.logStarted                                        [line59    ] : Started SpringbootDemoApplicationTests in 32.429 seconds (JVM running for 47.876)
2019-07-27 19:19:20.634 INFO  --- org.springframework.scheduling.concurrent.ThreadPoolTaskExecutor.shutdown                            [line208   ] : Shutting down ExecutorService 'applicationTaskExecutor'
2019-07-27 19:19:20.640 INFO  --- com.alibaba.druid.pool.DruidDataSource.close                                                         [line1948  ] : {dataSource-1} closing ...
2019-07-27 19:19:20.658 INFO  --- com.alibaba.druid.pool.DruidDataSource.close                                                         [line2020  ] : {dataSource-1} closed
2019-07-27 19:20:45.750 INFO  --- com.competition.SpringbootDemoApplicationTests.logStarting                                       [line50    ] : Starting SpringbootDemoApplicationTests on asparagusfern-Rev-1-0 with PID 12594 (started by asparagusfern in /home/asparagusfern/IdeaProjects/springbootDemo)
2019-07-27 19:20:45.756 INFO  --- com.competition.SpringbootDemoApplicationTests.logStartupProfileInfo                             [line650   ] : The following profiles are active: dev
2019-07-27 19:20:47.392 INFO  --- org.springframework.data.repository.config.RepositoryConfigurationDelegate.multipleStoresDetected    [line244   ] : Multiple Spring Data modules found, entering strict repository configuration mode!
2019-07-27 19:20:47.395 INFO  --- org.springframework.data.repository.config.RepositoryConfigurationDelegate.registerRepositoriesIn    [line126   ] : Bootstrapping Spring Data repositories in DEFAULT mode.
2019-07-27 19:20:47.423 INFO  --- org.springframework.data.repository.config.RepositoryConfigurationDelegate.registerRepositoriesIn    [line182   ] : Finished Spring Data repository scanning in 10ms. Found 0 repository interfaces.
2019-07-27 19:20:48.233 INFO  --- xt.support.PostProcessorRegistrationDelegate$BeanPostProcessorChecker.postProcessAfterInitialization [line330   ] : Bean 'org.springframework.transaction.annotation.ProxyTransactionManagementConfiguration' of type [org.springframework.transaction.annotation.ProxyTransactionManagementConfiguration$$EnhancerBySpringCGLIB$$f73aab34] is not eligible for getting processed by all BeanPostProcessors (for example: not eligible for auto-proxying)
2019-07-27 19:20:48.423 INFO  --- com.alibaba.druid.spring.boot.autoconfigure.DruidDataSourceAutoConfigure.dataSource                  [line56    ] : Init DruidDataSource
2019-07-27 19:20:50.585 INFO  --- com.alibaba.druid.pool.DruidDataSource.init                                                          [line1003  ] : {dataSource-1} inited
2019-07-27 19:20:52.177 INFO  --- org.springframework.scheduling.concurrent.ThreadPoolTaskExecutor.initialize                          [line171   ] : Initializing ExecutorService 'applicationTaskExecutor'
2019-07-27 19:20:53.844 INFO  --- com.competition.SpringbootDemoApplicationTests.logStarted                                        [line59    ] : Started SpringbootDemoApplicationTests in 9.87 seconds (JVM running for 11.859)
2019-07-27 19:20:54.680 INFO  --- org.springframework.scheduling.concurrent.ThreadPoolTaskExecutor.shutdown                            [line208   ] : Shutting down ExecutorService 'applicationTaskExecutor'
2019-07-27 19:20:54.686 INFO  --- com.alibaba.druid.pool.DruidDataSource.close                                                         [line1948  ] : {dataSource-1} closing ...
2019-07-27 19:20:54.708 INFO  --- com.alibaba.druid.pool.DruidDataSource.close                                                         [line2020  ] : {dataSource-1} closed
2019-07-27 19:21:06.901 INFO  --- com.competition.SpringbootDemoApplicationTests.logStarting                                       [line50    ] : Starting SpringbootDemoApplicationTests on asparagusfern-Rev-1-0 with PID 12670 (started by asparagusfern in /home/asparagusfern/IdeaProjects/springbootDemo)
2019-07-27 19:21:06.904 INFO  --- com.competition.SpringbootDemoApplicationTests.logStartupProfileInfo                             [line650   ] : The following profiles are active: dev
2019-07-27 19:21:08.385 INFO  --- org.springframework.data.repository.config.RepositoryConfigurationDelegate.multipleStoresDetected    [line244   ] : Multiple Spring Data modules found, entering strict repository configuration mode!
2019-07-27 19:21:08.390 INFO  --- org.springframework.data.repository.config.RepositoryConfigurationDelegate.registerRepositoriesIn    [line126   ] : Bootstrapping Spring Data repositories in DEFAULT mode.
2019-07-27 19:21:08.429 INFO  --- org.springframework.data.repository.config.RepositoryConfigurationDelegate.registerRepositoriesIn    [line182   ] : Finished Spring Data repository scanning in 15ms. Found 0 repository interfaces.
2019-07-27 19:21:09.273 INFO  --- xt.support.PostProcessorRegistrationDelegate$BeanPostProcessorChecker.postProcessAfterInitialization [line330   ] : Bean 'org.springframework.transaction.annotation.ProxyTransactionManagementConfiguration' of type [org.springframework.transaction.annotation.ProxyTransactionManagementConfiguration$$EnhancerBySpringCGLIB$$e4862655] is not eligible for getting processed by all BeanPostProcessors (for example: not eligible for auto-proxying)
2019-07-27 19:21:09.456 INFO  --- com.alibaba.druid.spring.boot.autoconfigure.DruidDataSourceAutoConfigure.dataSource                  [line56    ] : Init DruidDataSource
2019-07-27 19:21:11.676 INFO  --- com.alibaba.druid.pool.DruidDataSource.init                                                          [line1003  ] : {dataSource-1} inited
2019-07-27 19:21:13.328 INFO  --- org.springframework.scheduling.concurrent.ThreadPoolTaskExecutor.initialize                          [line171   ] : Initializing ExecutorService 'applicationTaskExecutor'
2019-07-27 19:21:15.058 INFO  --- com.competition.SpringbootDemoApplicationTests.logStarted                                        [line59    ] : Started SpringbootDemoApplicationTests in 9.969 seconds (JVM running for 11.878)
2019-07-27 19:21:15.852 INFO  --- org.springframework.scheduling.concurrent.ThreadPoolTaskExecutor.shutdown                            [line208   ] : Shutting down ExecutorService 'applicationTaskExecutor'
2019-07-27 19:21:15.857 INFO  --- com.alibaba.druid.pool.DruidDataSource.close                                                         [line1948  ] : {dataSource-1} closing ...
2019-07-27 19:21:15.872 INFO  --- com.alibaba.druid.pool.DruidDataSource.close                                                         [line2020  ] : {dataSource-1} closed
2019-07-27 19:22:52.627 INFO  --- com.competition.SpringbootDemoApplicationTests.logStarting                                       [line50    ] : Starting SpringbootDemoApplicationTests on asparagusfern-Rev-1-0 with PID 12939 (started by asparagusfern in /home/asparagusfern/IdeaProjects/springbootDemo)
2019-07-27 19:22:52.631 INFO  --- com.competition.SpringbootDemoApplicationTests.logStartupProfileInfo                             [line650   ] : The following profiles are active: dev
2019-07-27 19:22:54.201 INFO  --- org.springframework.data.repository.config.RepositoryConfigurationDelegate.multipleStoresDetected    [line244   ] : Multiple Spring Data modules found, entering strict repository configuration mode!
2019-07-27 19:22:54.204 INFO  --- org.springframework.data.repository.config.RepositoryConfigurationDelegate.registerRepositoriesIn    [line126   ] : Bootstrapping Spring Data repositories in DEFAULT mode.
2019-07-27 19:22:54.233 INFO  --- org.springframework.data.repository.config.RepositoryConfigurationDelegate.registerRepositoriesIn    [line182   ] : Finished Spring Data repository scanning in 11ms. Found 0 repository interfaces.
2019-07-27 19:22:55.057 INFO  --- xt.support.PostProcessorRegistrationDelegate$BeanPostProcessorChecker.postProcessAfterInitialization [line330   ] : Bean 'org.springframework.transaction.annotation.ProxyTransactionManagementConfiguration' of type [org.springframework.transaction.annotation.ProxyTransactionManagementConfiguration$$EnhancerBySpringCGLIB$$80e84fe] is not eligible for getting processed by all BeanPostProcessors (for example: not eligible for auto-proxying)
2019-07-27 19:22:55.245 INFO  --- com.alibaba.druid.spring.boot.autoconfigure.DruidDataSourceAutoConfigure.dataSource                  [line56    ] : Init DruidDataSource
2019-07-27 19:22:57.379 INFO  --- com.alibaba.druid.pool.DruidDataSource.init                                                          [line1003  ] : {dataSource-1} inited
2019-07-27 19:22:58.877 INFO  --- org.springframework.scheduling.concurrent.ThreadPoolTaskExecutor.initialize                          [line171   ] : Initializing ExecutorService 'applicationTaskExecutor'
2019-07-27 19:23:00.272 INFO  --- com.competition.SpringbootDemoApplicationTests.logStarted                                        [line59    ] : Started SpringbootDemoApplicationTests in 9.516 seconds (JVM running for 11.605)
2019-07-27 19:23:00.882 INFO  --- org.springframework.scheduling.concurrent.ThreadPoolTaskExecutor.shutdown                            [line208   ] : Shutting down ExecutorService 'applicationTaskExecutor'
2019-07-27 19:23:00.885 INFO  --- com.alibaba.druid.pool.DruidDataSource.close                                                         [line1948  ] : {dataSource-1} closing ...
2019-07-27 19:23:00.914 INFO  --- com.alibaba.druid.pool.DruidDataSource.close                                                         [line2020  ] : {dataSource-1} closed
2019-07-27 19:23:31.578 INFO  --- com.competition.SpringbootDemoApplicationTests.logStarting                                       [line50    ] : Starting SpringbootDemoApplicationTests on asparagusfern-Rev-1-0 with PID 13059 (started by asparagusfern in /home/asparagusfern/IdeaProjects/springbootDemo)
2019-07-27 19:23:31.588 INFO  --- com.competition.SpringbootDemoApplicationTests.logStartupProfileInfo                             [line650   ] : The following profiles are active: dev
2019-07-27 19:23:33.685 INFO  --- org.springframework.data.repository.config.RepositoryConfigurationDelegate.multipleStoresDetected    [line244   ] : Multiple Spring Data modules found, entering strict repository configuration mode!
2019-07-27 19:23:33.691 INFO  --- org.springframework.data.repository.config.RepositoryConfigurationDelegate.registerRepositoriesIn    [line126   ] : Bootstrapping Spring Data repositories in DEFAULT mode.
2019-07-27 19:23:33.786 INFO  --- org.springframework.data.repository.config.RepositoryConfigurationDelegate.registerRepositoriesIn    [line182   ] : Finished Spring Data repository scanning in 29ms. Found 0 repository interfaces.
2019-07-27 19:23:34.655 INFO  --- xt.support.PostProcessorRegistrationDelegate$BeanPostProcessorChecker.postProcessAfterInitialization [line330   ] : Bean 'org.springframework.transaction.annotation.ProxyTransactionManagementConfiguration' of type [org.springframework.transaction.annotation.ProxyTransactionManagementConfiguration$$EnhancerBySpringCGLIB$$d469fe68] is not eligible for getting processed by all BeanPostProcessors (for example: not eligible for auto-proxying)
2019-07-27 19:23:34.851 INFO  --- com.alibaba.druid.spring.boot.autoconfigure.DruidDataSourceAutoConfigure.dataSource                  [line56    ] : Init DruidDataSource
2019-07-27 19:23:36.870 INFO  --- com.alibaba.druid.pool.DruidDataSource.init                                                          [line1003  ] : {dataSource-1} inited
2019-07-27 19:23:38.778 INFO  --- org.springframework.scheduling.concurrent.ThreadPoolTaskExecutor.initialize                          [line171   ] : Initializing ExecutorService 'applicationTaskExecutor'
2019-07-27 19:23:41.434 INFO  --- com.competition.SpringbootDemoApplicationTests.logStarted                                        [line59    ] : Started SpringbootDemoApplicationTests in 11.653 seconds (JVM running for 13.99)
2019-07-27 19:23:42.727 INFO  --- org.springframework.scheduling.concurrent.ThreadPoolTaskExecutor.shutdown                            [line208   ] : Shutting down ExecutorService 'applicationTaskExecutor'
2019-07-27 19:23:42.743 INFO  --- com.alibaba.druid.pool.DruidDataSource.close                                                         [line1948  ] : {dataSource-1} closing ...
2019-07-27 19:23:42.795 INFO  --- com.alibaba.druid.pool.DruidDataSource.close                                                         [line2020  ] : {dataSource-1} closed
2019-07-27 19:24:27.128 INFO  --- com.competition.SpringbootDemoApplicationTests.logStarting                                       [line50    ] : Starting SpringbootDemoApplicationTests on asparagusfern-Rev-1-0 with PID 13260 (started by asparagusfern in /home/asparagusfern/IdeaProjects/springbootDemo)
2019-07-27 19:24:27.142 INFO  --- com.competition.SpringbootDemoApplicationTests.logStartupProfileInfo                             [line650   ] : The following profiles are active: dev
2019-07-27 19:24:28.849 INFO  --- org.springframework.data.repository.config.RepositoryConfigurationDelegate.multipleStoresDetected    [line244   ] : Multiple Spring Data modules found, entering strict repository configuration mode!
2019-07-27 19:24:28.854 INFO  --- org.springframework.data.repository.config.RepositoryConfigurationDelegate.registerRepositoriesIn    [line126   ] : Bootstrapping Spring Data repositories in DEFAULT mode.
2019-07-27 19:24:28.894 INFO  --- org.springframework.data.repository.config.RepositoryConfigurationDelegate.registerRepositoriesIn    [line182   ] : Finished Spring Data repository scanning in 14ms. Found 0 repository interfaces.
2019-07-27 19:24:29.726 INFO  --- xt.support.PostProcessorRegistrationDelegate$BeanPostProcessorChecker.postProcessAfterInitialization [line330   ] : Bean 'org.springframework.transaction.annotation.ProxyTransactionManagementConfiguration' of type [org.springframework.transaction.annotation.ProxyTransactionManagementConfiguration$$EnhancerBySpringCGLIB$$d469fe68] is not eligible for getting processed by all BeanPostProcessors (for example: not eligible for auto-proxying)
2019-07-27 19:24:29.917 INFO  --- com.alibaba.druid.spring.boot.autoconfigure.DruidDataSourceAutoConfigure.dataSource                  [line56    ] : Init DruidDataSource
2019-07-27 19:24:31.887 INFO  --- com.alibaba.druid.pool.DruidDataSource.init                                                          [line1003  ] : {dataSource-1} inited
2019-07-27 19:24:33.417 INFO  --- org.springframework.scheduling.concurrent.ThreadPoolTaskExecutor.initialize                          [line171   ] : Initializing ExecutorService 'applicationTaskExecutor'
2019-07-27 19:24:35.173 INFO  --- com.competition.SpringbootDemoApplicationTests.logStarted                                        [line59    ] : Started SpringbootDemoApplicationTests in 9.778 seconds (JVM running for 11.907)
2019-07-27 19:24:35.913 INFO  --- org.springframework.scheduling.concurrent.ThreadPoolTaskExecutor.shutdown                            [line208   ] : Shutting down ExecutorService 'applicationTaskExecutor'
2019-07-27 19:24:35.927 INFO  --- com.alibaba.druid.pool.DruidDataSource.close                                                         [line1948  ] : {dataSource-1} closing ...
2019-07-27 19:24:35.957 INFO  --- com.alibaba.druid.pool.DruidDataSource.close                                                         [line2020  ] : {dataSource-1} closed
2019-07-27 19:30:25.039 INFO  --- com.competition.SpringbootDemoApplicationTests.logStarting                                       [line50    ] : Starting SpringbootDemoApplicationTests on asparagusfern-Rev-1-0 with PID 13560 (started by asparagusfern in /home/asparagusfern/IdeaProjects/springbootDemo)
2019-07-27 19:30:25.046 INFO  --- com.competition.SpringbootDemoApplicationTests.logStartupProfileInfo                             [line650   ] : The following profiles are active: dev
2019-07-27 19:30:26.688 INFO  --- org.springframework.data.repository.config.RepositoryConfigurationDelegate.multipleStoresDetected    [line244   ] : Multiple Spring Data modules found, entering strict repository configuration mode!
2019-07-27 19:30:26.693 INFO  --- org.springframework.data.repository.config.RepositoryConfigurationDelegate.registerRepositoriesIn    [line126   ] : Bootstrapping Spring Data repositories in DEFAULT mode.
2019-07-27 19:30:26.726 INFO  --- org.springframework.data.repository.config.RepositoryConfigurationDelegate.registerRepositoriesIn    [line182   ] : Finished Spring Data repository scanning in 13ms. Found 0 repository interfaces.
2019-07-27 19:30:27.591 INFO  --- xt.support.PostProcessorRegistrationDelegate$BeanPostProcessorChecker.postProcessAfterInitialization [line330   ] : Bean 'org.springframework.transaction.annotation.ProxyTransactionManagementConfiguration' of type [org.springframework.transaction.annotation.ProxyTransactionManagementConfiguration$$EnhancerBySpringCGLIB$$80e84fe] is not eligible for getting processed by all BeanPostProcessors (for example: not eligible for auto-proxying)
2019-07-27 19:30:27.782 INFO  --- com.alibaba.druid.spring.boot.autoconfigure.DruidDataSourceAutoConfigure.dataSource                  [line56    ] : Init DruidDataSource
2019-07-27 19:30:29.863 INFO  --- com.alibaba.druid.pool.DruidDataSource.init                                                          [line1003  ] : {dataSource-1} inited
2019-07-27 19:30:31.476 INFO  --- org.springframework.scheduling.concurrent.ThreadPoolTaskExecutor.initialize                          [line171   ] : Initializing ExecutorService 'applicationTaskExecutor'
2019-07-27 19:30:32.952 INFO  --- com.competition.SpringbootDemoApplicationTests.logStarted                                        [line59    ] : Started SpringbootDemoApplicationTests in 9.71 seconds (JVM running for 11.81)
2019-07-27 19:30:33.666 INFO  --- org.springframework.scheduling.concurrent.ThreadPoolTaskExecutor.shutdown                            [line208   ] : Shutting down ExecutorService 'applicationTaskExecutor'
2019-07-27 19:30:33.672 INFO  --- com.alibaba.druid.pool.DruidDataSource.close                                                         [line1948  ] : {dataSource-1} closing ...
2019-07-27 19:30:33.704 INFO  --- com.alibaba.druid.pool.DruidDataSource.close                                                         [line2020  ] : {dataSource-1} closed
2019-07-27 19:33:06.871 INFO  --- com.competition.SpringbootDemoApplicationTests.logStarting                                       [line50    ] : Starting SpringbootDemoApplicationTests on asparagusfern-Rev-1-0 with PID 13726 (started by asparagusfern in /home/asparagusfern/IdeaProjects/springbootDemo)
2019-07-27 19:33:06.877 INFO  --- com.competition.SpringbootDemoApplicationTests.logStartupProfileInfo                             [line650   ] : The following profiles are active: dev
2019-07-27 19:33:08.636 INFO  --- org.springframework.data.repository.config.RepositoryConfigurationDelegate.multipleStoresDetected    [line244   ] : Multiple Spring Data modules found, entering strict repository configuration mode!
2019-07-27 19:33:08.640 INFO  --- org.springframework.data.repository.config.RepositoryConfigurationDelegate.registerRepositoriesIn    [line126   ] : Bootstrapping Spring Data repositories in DEFAULT mode.
2019-07-27 19:33:08.671 INFO  --- org.springframework.data.repository.config.RepositoryConfigurationDelegate.registerRepositoriesIn    [line182   ] : Finished Spring Data repository scanning in 12ms. Found 0 repository interfaces.
2019-07-27 19:33:09.476 INFO  --- xt.support.PostProcessorRegistrationDelegate$BeanPostProcessorChecker.postProcessAfterInitialization [line330   ] : Bean 'org.springframework.transaction.annotation.ProxyTransactionManagementConfiguration' of type [org.springframework.transaction.annotation.ProxyTransactionManagementConfiguration$$EnhancerBySpringCGLIB$$a28115a6] is not eligible for getting processed by all BeanPostProcessors (for example: not eligible for auto-proxying)
2019-07-27 19:33:09.654 INFO  --- com.alibaba.druid.spring.boot.autoconfigure.DruidDataSourceAutoConfigure.dataSource                  [line56    ] : Init DruidDataSource
2019-07-27 19:33:12.206 INFO  --- com.alibaba.druid.pool.DruidDataSource.init                                                          [line1003  ] : {dataSource-1} inited
2019-07-27 19:33:13.672 INFO  --- org.springframework.scheduling.concurrent.ThreadPoolTaskExecutor.initialize                          [line171   ] : Initializing ExecutorService 'applicationTaskExecutor'
2019-07-27 19:33:15.096 INFO  --- com.competition.SpringbootDemoApplicationTests.logStarted                                        [line59    ] : Started SpringbootDemoApplicationTests in 9.993 seconds (JVM running for 11.982)
2019-07-27 19:33:15.751 INFO  --- org.springframework.scheduling.concurrent.ThreadPoolTaskExecutor.shutdown                            [line208   ] : Shutting down ExecutorService 'applicationTaskExecutor'
2019-07-27 19:33:15.755 INFO  --- com.alibaba.druid.pool.DruidDataSource.close                                                         [line1948  ] : {dataSource-1} closing ...
2019-07-27 19:33:15.780 INFO  --- com.alibaba.druid.pool.DruidDataSource.close                                                         [line2020  ] : {dataSource-1} closed
2019-07-27 19:45:09.576 INFO  --- com.competition.SpringbootDemoApplicationTests.logStarting                                       [line50    ] : Starting SpringbootDemoApplicationTests on asparagusfern-Rev-1-0 with PID 14191 (started by asparagusfern in /home/asparagusfern/IdeaProjects/springbootDemo)
2019-07-27 19:45:09.582 INFO  --- com.competition.SpringbootDemoApplicationTests.logStartupProfileInfo                             [line650   ] : The following profiles are active: dev
2019-07-27 19:45:11.098 INFO  --- org.springframework.data.repository.config.RepositoryConfigurationDelegate.multipleStoresDetected    [line244   ] : Multiple Spring Data modules found, entering strict repository configuration mode!
2019-07-27 19:45:11.103 INFO  --- org.springframework.data.repository.config.RepositoryConfigurationDelegate.registerRepositoriesIn    [line126   ] : Bootstrapping Spring Data repositories in DEFAULT mode.
2019-07-27 19:45:11.143 INFO  --- org.springframework.data.repository.config.RepositoryConfigurationDelegate.registerRepositoriesIn    [line182   ] : Finished Spring Data repository scanning in 14ms. Found 0 repository interfaces.
2019-07-27 19:45:11.935 INFO  --- xt.support.PostProcessorRegistrationDelegate$BeanPostProcessorChecker.postProcessAfterInitialization [line330   ] : Bean 'org.springframework.transaction.annotation.ProxyTransactionManagementConfiguration' of type [org.springframework.transaction.annotation.ProxyTransactionManagementConfiguration$$EnhancerBySpringCGLIB$$e711e67] is not eligible for getting processed by all BeanPostProcessors (for example: not eligible for auto-proxying)
2019-07-27 19:45:12.124 INFO  --- com.alibaba.druid.spring.boot.autoconfigure.DruidDataSourceAutoConfigure.dataSource                  [line56    ] : Init DruidDataSource
2019-07-27 19:45:14.232 INFO  --- com.alibaba.druid.pool.DruidDataSource.init                                                          [line1003  ] : {dataSource-1} inited
2019-07-27 19:45:15.880 INFO  --- org.springframework.scheduling.concurrent.ThreadPoolTaskExecutor.initialize                          [line171   ] : Initializing ExecutorService 'applicationTaskExecutor'
2019-07-27 19:45:17.318 INFO  --- com.competition.SpringbootDemoApplicationTests.logStarted                                        [line59    ] : Started SpringbootDemoApplicationTests in 9.496 seconds (JVM running for 11.569)
2019-07-27 19:45:17.938 INFO  --- org.springframework.scheduling.concurrent.ThreadPoolTaskExecutor.shutdown                            [line208   ] : Shutting down ExecutorService 'applicationTaskExecutor'
2019-07-27 19:45:17.943 INFO  --- com.alibaba.druid.pool.DruidDataSource.close                                                         [line1948  ] : {dataSource-1} closing ...
2019-07-27 19:45:17.958 INFO  --- com.alibaba.druid.pool.DruidDataSource.close                                                         [line2020  ] : {dataSource-1} closed
2019-07-27 19:45:57.057 INFO  --- com.competition.SpringbootDemoApplicationTests.logStarting                                       [line50    ] : Starting SpringbootDemoApplicationTests on asparagusfern-Rev-1-0 with PID 14282 (started by asparagusfern in /home/asparagusfern/IdeaProjects/springbootDemo)
2019-07-27 19:45:57.067 INFO  --- com.competition.SpringbootDemoApplicationTests.logStartupProfileInfo                             [line650   ] : The following profiles are active: dev
2019-07-27 19:45:58.728 INFO  --- org.springframework.data.repository.config.RepositoryConfigurationDelegate.multipleStoresDetected    [line244   ] : Multiple Spring Data modules found, entering strict repository configuration mode!
2019-07-27 19:45:58.733 INFO  --- org.springframework.data.repository.config.RepositoryConfigurationDelegate.registerRepositoriesIn    [line126   ] : Bootstrapping Spring Data repositories in DEFAULT mode.
2019-07-27 19:45:58.773 INFO  --- org.springframework.data.repository.config.RepositoryConfigurationDelegate.registerRepositoriesIn    [line182   ] : Finished Spring Data repository scanning in 14ms. Found 0 repository interfaces.
2019-07-27 19:45:59.553 INFO  --- xt.support.PostProcessorRegistrationDelegate$BeanPostProcessorChecker.postProcessAfterInitialization [line330   ] : Bean 'org.springframework.transaction.annotation.ProxyTransactionManagementConfiguration' of type [org.springframework.transaction.annotation.ProxyTransactionManagementConfiguration$$EnhancerBySpringCGLIB$$2d7cd334] is not eligible for getting processed by all BeanPostProcessors (for example: not eligible for auto-proxying)
2019-07-27 19:45:59.759 INFO  --- com.alibaba.druid.spring.boot.autoconfigure.DruidDataSourceAutoConfigure.dataSource                  [line56    ] : Init DruidDataSource
2019-07-27 19:46:01.995 INFO  --- com.alibaba.druid.pool.DruidDataSource.init                                                          [line1003  ] : {dataSource-1} inited
2019-07-27 19:46:03.668 INFO  --- org.springframework.scheduling.concurrent.ThreadPoolTaskExecutor.initialize                          [line171   ] : Initializing ExecutorService 'applicationTaskExecutor'
2019-07-27 19:46:05.148 INFO  --- com.competition.SpringbootDemoApplicationTests.logStarted                                        [line59    ] : Started SpringbootDemoApplicationTests in 9.701 seconds (JVM running for 11.794)
2019-07-27 19:46:05.898 INFO  --- org.springframework.scheduling.concurrent.ThreadPoolTaskExecutor.shutdown                            [line208   ] : Shutting down ExecutorService 'applicationTaskExecutor'
2019-07-27 19:46:05.906 INFO  --- com.alibaba.druid.pool.DruidDataSource.close                                                         [line1948  ] : {dataSource-1} closing ...
2019-07-27 19:46:05.932 INFO  --- com.alibaba.druid.pool.DruidDataSource.close                                                         [line2020  ] : {dataSource-1} closed
2019-07-27 19:51:49.484 INFO  --- com.competition.SpringbootDemoApplicationTests.logStarting                                       [line50    ] : Starting SpringbootDemoApplicationTests on asparagusfern-Rev-1-0 with PID 14856 (started by asparagusfern in /home/asparagusfern/IdeaProjects/springbootDemo)
2019-07-27 19:51:49.493 INFO  --- com.competition.SpringbootDemoApplicationTests.logStartupProfileInfo                             [line650   ] : The following profiles are active: dev
2019-07-27 19:51:50.922 INFO  --- org.springframework.data.repository.config.RepositoryConfigurationDelegate.multipleStoresDetected    [line244   ] : Multiple Spring Data modules found, entering strict repository configuration mode!
2019-07-27 19:51:50.927 INFO  --- org.springframework.data.repository.config.RepositoryConfigurationDelegate.registerRepositoriesIn    [line126   ] : Bootstrapping Spring Data repositories in DEFAULT mode.
2019-07-27 19:51:50.966 INFO  --- org.springframework.data.repository.config.RepositoryConfigurationDelegate.registerRepositoriesIn    [line182   ] : Finished Spring Data repository scanning in 15ms. Found 0 repository interfaces.
2019-07-27 19:51:51.800 INFO  --- xt.support.PostProcessorRegistrationDelegate$BeanPostProcessorChecker.postProcessAfterInitialization [line330   ] : Bean 'org.springframework.transaction.annotation.ProxyTransactionManagementConfiguration' of type [org.springframework.transaction.annotation.ProxyTransactionManagementConfiguration$$EnhancerBySpringCGLIB$$ce921f1d] is not eligible for getting processed by all BeanPostProcessors (for example: not eligible for auto-proxying)
2019-07-27 19:51:52.188 INFO  --- com.alibaba.druid.spring.boot.autoconfigure.DruidDataSourceAutoConfigure.dataSource                  [line56    ] : Init DruidDataSource
2019-07-27 19:53:05.299 INFO  --- com.competition.SpringbootDemoApplicationTests.logStarting                                       [line50    ] : Starting SpringbootDemoApplicationTests on asparagusfern-Rev-1-0 with PID 15003 (started by asparagusfern in /home/asparagusfern/IdeaProjects/springbootDemo)
2019-07-27 19:53:05.305 INFO  --- com.competition.SpringbootDemoApplicationTests.logStartupProfileInfo                             [line650   ] : The following profiles are active: dev
2019-07-27 19:53:06.622 INFO  --- org.springframework.data.repository.config.RepositoryConfigurationDelegate.multipleStoresDetected    [line244   ] : Multiple Spring Data modules found, entering strict repository configuration mode!
2019-07-27 19:53:06.627 INFO  --- org.springframework.data.repository.config.RepositoryConfigurationDelegate.registerRepositoriesIn    [line126   ] : Bootstrapping Spring Data repositories in DEFAULT mode.
2019-07-27 19:53:06.661 INFO  --- org.springframework.data.repository.config.RepositoryConfigurationDelegate.registerRepositoriesIn    [line182   ] : Finished Spring Data repository scanning in 12ms. Found 0 repository interfaces.
2019-07-27 19:53:07.387 INFO  --- xt.support.PostProcessorRegistrationDelegate$BeanPostProcessorChecker.postProcessAfterInitialization [line330   ] : Bean 'org.springframework.transaction.annotation.ProxyTransactionManagementConfiguration' of type [org.springframework.transaction.annotation.ProxyTransactionManagementConfiguration$$EnhancerBySpringCGLIB$$b802c57c] is not eligible for getting processed by all BeanPostProcessors (for example: not eligible for auto-proxying)
2019-07-27 19:53:07.737 INFO  --- com.alibaba.druid.spring.boot.autoconfigure.DruidDataSourceAutoConfigure.dataSource                  [line56    ] : Init DruidDataSource
2019-07-27 19:55:19.328 INFO  --- com.alibaba.druid.pool.DruidDataSource.init                                                          [line1003  ] : {dataSource-1} inited
2019-07-27 19:55:19.372 INFO  --- org.springframework.boot.autoconfigure.logging.ConditionEvaluationReportLoggingListener.logMessage   [line135   ] : 

Error starting ApplicationContext. To display the conditions report re-run your application with 'debug' enabled.
2019-07-27 20:01:34.880 INFO  --- com.competition.SpringbootDemoApplicationTests.logStarting                                       [line50    ] : Starting SpringbootDemoApplicationTests on asparagusfern-Rev-1-0 with PID 15893 (started by asparagusfern in /home/asparagusfern/IdeaProjects/springbootDemo)
2019-07-27 20:01:34.883 INFO  --- com.competition.SpringbootDemoApplicationTests.logStartupProfileInfo                             [line650   ] : The following profiles are active: dev
2019-07-27 20:01:36.647 INFO  --- org.springframework.data.repository.config.RepositoryConfigurationDelegate.multipleStoresDetected    [line244   ] : Multiple Spring Data modules found, entering strict repository configuration mode!
2019-07-27 20:01:36.654 INFO  --- org.springframework.data.repository.config.RepositoryConfigurationDelegate.registerRepositoriesIn    [line126   ] : Bootstrapping Spring Data repositories in DEFAULT mode.
2019-07-27 20:01:36.700 INFO  --- org.springframework.data.repository.config.RepositoryConfigurationDelegate.registerRepositoriesIn    [line182   ] : Finished Spring Data repository scanning in 19ms. Found 0 repository interfaces.
2019-07-27 20:01:37.583 INFO  --- xt.support.PostProcessorRegistrationDelegate$BeanPostProcessorChecker.postProcessAfterInitialization [line330   ] : Bean 'org.springframework.transaction.annotation.ProxyTransactionManagementConfiguration' of type [org.springframework.transaction.annotation.ProxyTransactionManagementConfiguration$$EnhancerBySpringCGLIB$$f5ffa0dc] is not eligible for getting processed by all BeanPostProcessors (for example: not eligible for auto-proxying)
2019-07-27 20:01:37.781 INFO  --- com.alibaba.druid.spring.boot.autoconfigure.DruidDataSourceAutoConfigure.dataSource                  [line56    ] : Init DruidDataSource
2019-07-27 20:03:28.087 INFO  --- com.competition.SpringbootDemoApplicationTests.logStarting                                       [line50    ] : Starting SpringbootDemoApplicationTests on asparagusfern-Rev-1-0 with PID 16004 (started by asparagusfern in /home/asparagusfern/IdeaProjects/springbootDemo)
2019-07-27 20:03:28.104 INFO  --- com.competition.SpringbootDemoApplicationTests.logStartupProfileInfo                             [line650   ] : The following profiles are active: dev
2019-07-27 20:03:29.916 INFO  --- org.springframework.data.repository.config.RepositoryConfigurationDelegate.multipleStoresDetected    [line244   ] : Multiple Spring Data modules found, entering strict repository configuration mode!
2019-07-27 20:03:29.920 INFO  --- org.springframework.data.repository.config.RepositoryConfigurationDelegate.registerRepositoriesIn    [line126   ] : Bootstrapping Spring Data repositories in DEFAULT mode.
2019-07-27 20:03:29.953 INFO  --- org.springframework.data.repository.config.RepositoryConfigurationDelegate.registerRepositoriesIn    [line182   ] : Finished Spring Data repository scanning in 14ms. Found 0 repository interfaces.
2019-07-27 20:03:30.840 INFO  --- xt.support.PostProcessorRegistrationDelegate$BeanPostProcessorChecker.postProcessAfterInitialization [line330   ] : Bean 'org.springframework.transaction.annotation.ProxyTransactionManagementConfiguration' of type [org.springframework.transaction.annotation.ProxyTransactionManagementConfiguration$$EnhancerBySpringCGLIB$$8bb2d841] is not eligible for getting processed by all BeanPostProcessors (for example: not eligible for auto-proxying)
2019-07-27 20:03:31.042 INFO  --- com.alibaba.druid.spring.boot.autoconfigure.DruidDataSourceAutoConfigure.dataSource                  [line56    ] : Init DruidDataSource
2019-07-27 20:04:37.688 INFO  --- com.competition.SpringbootDemoApplication.logStarting                                            [line50    ] : Starting SpringbootDemoApplication on asparagusfern-Rev-1-0 with PID 16117 (/home/asparagusfern/IdeaProjects/springbootDemo/target/classes started by asparagusfern in /home/asparagusfern/IdeaProjects/springbootDemo)
2019-07-27 20:04:37.702 INFO  --- com.competition.SpringbootDemoApplication.logStartupProfileInfo                                  [line650   ] : The following profiles are active: dev
2019-07-27 20:04:38.680 INFO  --- org.springframework.data.repository.config.RepositoryConfigurationDelegate.multipleStoresDetected    [line244   ] : Multiple Spring Data modules found, entering strict repository configuration mode!
2019-07-27 20:04:38.684 INFO  --- org.springframework.data.repository.config.RepositoryConfigurationDelegate.registerRepositoriesIn    [line126   ] : Bootstrapping Spring Data repositories in DEFAULT mode.
2019-07-27 20:04:38.707 INFO  --- org.springframework.data.repository.config.RepositoryConfigurationDelegate.registerRepositoriesIn    [line182   ] : Finished Spring Data repository scanning in 7ms. Found 0 repository interfaces.
2019-07-27 20:04:39.089 INFO  --- xt.support.PostProcessorRegistrationDelegate$BeanPostProcessorChecker.postProcessAfterInitialization [line330   ] : Bean 'org.springframework.transaction.annotation.ProxyTransactionManagementConfiguration' of type [org.springframework.transaction.annotation.ProxyTransactionManagementConfiguration$$EnhancerBySpringCGLIB$$a808103b] is not eligible for getting processed by all BeanPostProcessors (for example: not eligible for auto-proxying)
2019-07-27 20:04:39.769 INFO  --- org.springframework.boot.web.embedded.tomcat.TomcatWebServer.initialize                              [line90    ] : Tomcat initialized with port(s): 8080 (http)
2019-07-27 20:04:39.792 INFO  --- org.apache.coyote.http11.Http11NioProtocol.log                                                       [line173   ] : Initializing ProtocolHandler ["http-nio-8080"]
2019-07-27 20:04:39.809 INFO  --- org.apache.catalina.core.StandardService.log                                                         [line173   ] : Starting service [Tomcat]
2019-07-27 20:04:39.810 INFO  --- org.apache.catalina.core.StandardEngine.log                                                          [line173   ] : Starting Servlet engine: [Apache Tomcat/9.0.21]
2019-07-27 20:04:40.063 INFO  --- org.apache.catalina.core.ContainerBase.[Tomcat].[localhost].[/].log                                  [line173   ] : Initializing Spring embedded WebApplicationContext
2019-07-27 20:04:40.064 INFO  --- org.springframework.web.context.ContextLoader.prepareWebApplicationContext                           [line283   ] : Root WebApplicationContext: initialization completed in 2214 ms
2019-07-27 20:04:40.188 INFO  --- com.alibaba.druid.spring.boot.autoconfigure.DruidDataSourceAutoConfigure.dataSource                  [line56    ] : Init DruidDataSource
2019-07-27 20:05:41.418 INFO  --- com.alibaba.druid.pool.DruidDataSource.init                                                          [line1003  ] : {dataSource-1} inited
2019-07-27 20:05:41.457 INFO  --- org.springframework.boot.autoconfigure.logging.ConditionEvaluationReportLoggingListener.logMessage   [line135   ] : 

Error starting ApplicationContext. To display the conditions report re-run your application with 'debug' enabled.
2019-07-27 20:06:38.539 INFO  --- com.competition.SpringbootDemoApplicationTests.logStarting                                       [line50    ] : Starting SpringbootDemoApplicationTests on asparagusfern-Rev-1-0 with PID 16766 (started by asparagusfern in /home/asparagusfern/IdeaProjects/springbootDemo)
2019-07-27 20:06:38.545 INFO  --- com.competition.SpringbootDemoApplicationTests.logStartupProfileInfo                             [line650   ] : The following profiles are active: dev
2019-07-27 20:06:40.132 INFO  --- org.springframework.data.repository.config.RepositoryConfigurationDelegate.multipleStoresDetected    [line244   ] : Multiple Spring Data modules found, entering strict repository configuration mode!
2019-07-27 20:06:40.135 INFO  --- org.springframework.data.repository.config.RepositoryConfigurationDelegate.registerRepositoriesIn    [line126   ] : Bootstrapping Spring Data repositories in DEFAULT mode.
2019-07-27 20:06:40.163 INFO  --- org.springframework.data.repository.config.RepositoryConfigurationDelegate.registerRepositoriesIn    [line182   ] : Finished Spring Data repository scanning in 10ms. Found 0 repository interfaces.
2019-07-27 20:06:41.040 INFO  --- xt.support.PostProcessorRegistrationDelegate$BeanPostProcessorChecker.postProcessAfterInitialization [line330   ] : Bean 'org.springframework.transaction.annotation.ProxyTransactionManagementConfiguration' of type [org.springframework.transaction.annotation.ProxyTransactionManagementConfiguration$$EnhancerBySpringCGLIB$$e711e67] is not eligible for getting processed by all BeanPostProcessors (for example: not eligible for auto-proxying)
2019-07-27 20:06:41.224 INFO  --- com.alibaba.druid.spring.boot.autoconfigure.DruidDataSourceAutoConfigure.dataSource                  [line56    ] : Init DruidDataSource
2019-07-27 20:06:43.835 INFO  --- com.alibaba.druid.pool.DruidDataSource.init                                                          [line1003  ] : {dataSource-1} inited
2019-07-27 20:06:46.483 INFO  --- org.springframework.scheduling.concurrent.ThreadPoolTaskExecutor.initialize                          [line171   ] : Initializing ExecutorService 'applicationTaskExecutor'
2019-07-27 20:06:51.022 INFO  --- com.alibaba.druid.pool.DruidDataSource.init                                                          [line1003  ] : {dataSource-1} inited
2019-07-27 20:06:51.029 INFO  --- org.apache.catalina.core.StandardService.log                                                         [line173   ] : Stopping service [Tomcat]
2019-07-27 20:06:51.149 INFO  --- org.springframework.boot.autoconfigure.logging.ConditionEvaluationReportLoggingListener.logMessage   [line135   ] : 

Error starting ApplicationContext. To display the conditions report re-run your application with 'debug' enabled.
2019-07-27 20:06:57.094 INFO  --- com.competition.SpringbootDemoApplicationTests.logStarted                                        [line59    ] : Started SpringbootDemoApplicationTests in 20.38 seconds (JVM running for 22.524)
2019-07-27 20:06:59.821 INFO  --- org.springframework.scheduling.concurrent.ThreadPoolTaskExecutor.shutdown                            [line208   ] : Shutting down ExecutorService 'applicationTaskExecutor'
2019-07-27 20:06:59.824 INFO  --- com.alibaba.druid.pool.DruidDataSource.close                                                         [line1948  ] : {dataSource-1} closing ...
2019-07-27 20:06:59.844 INFO  --- com.alibaba.druid.pool.DruidDataSource.close                                                         [line2020  ] : {dataSource-1} closed
2019-07-27 20:14:40.207 INFO  --- com.competition.SpringbootDemoApplicationTests.logStarting                                       [line50    ] : Starting SpringbootDemoApplicationTests on asparagusfern-Rev-1-0 with PID 17246 (started by asparagusfern in /home/asparagusfern/IdeaProjects/springbootDemo)
2019-07-27 20:14:40.213 INFO  --- com.competition.SpringbootDemoApplicationTests.logStartupProfileInfo                             [line650   ] : The following profiles are active: dev
2019-07-27 20:14:41.679 INFO  --- org.springframework.data.repository.config.RepositoryConfigurationDelegate.multipleStoresDetected    [line244   ] : Multiple Spring Data modules found, entering strict repository configuration mode!
2019-07-27 20:14:41.683 INFO  --- org.springframework.data.repository.config.RepositoryConfigurationDelegate.registerRepositoriesIn    [line126   ] : Bootstrapping Spring Data repositories in DEFAULT mode.
2019-07-27 20:14:41.718 INFO  --- org.springframework.data.repository.config.RepositoryConfigurationDelegate.registerRepositoriesIn    [line182   ] : Finished Spring Data repository scanning in 12ms. Found 0 repository interfaces.
2019-07-27 20:14:42.471 INFO  --- xt.support.PostProcessorRegistrationDelegate$BeanPostProcessorChecker.postProcessAfterInitialization [line330   ] : Bean 'org.springframework.transaction.annotation.ProxyTransactionManagementConfiguration' of type [org.springframework.transaction.annotation.ProxyTransactionManagementConfiguration$$EnhancerBySpringCGLIB$$e4862655] is not eligible for getting processed by all BeanPostProcessors (for example: not eligible for auto-proxying)
2019-07-27 20:14:42.614 INFO  --- com.alibaba.druid.spring.boot.autoconfigure.DruidDataSourceAutoConfigure.dataSource                  [line56    ] : Init DruidDataSource
2019-07-27 20:14:44.475 INFO  --- com.alibaba.druid.pool.DruidDataSource.init                                                          [line1003  ] : {dataSource-1} inited
2019-07-27 20:14:45.751 INFO  --- org.springframework.scheduling.concurrent.ThreadPoolTaskExecutor.initialize                          [line171   ] : Initializing ExecutorService 'applicationTaskExecutor'
2019-07-27 20:14:47.059 INFO  --- com.competition.SpringbootDemoApplicationTests.logStarted                                        [line59    ] : Started SpringbootDemoApplicationTests in 8.401 seconds (JVM running for 10.311)
2019-07-27 20:14:48.080 INFO  --- org.springframework.scheduling.concurrent.ThreadPoolTaskExecutor.shutdown                            [line208   ] : Shutting down ExecutorService 'applicationTaskExecutor'
2019-07-27 20:14:48.082 INFO  --- com.alibaba.druid.pool.DruidDataSource.close                                                         [line1948  ] : {dataSource-1} closing ...
2019-07-27 20:14:48.106 INFO  --- com.alibaba.druid.pool.DruidDataSource.close                                                         [line2020  ] : {dataSource-1} closed
2019-07-27 20:16:27.896 INFO  --- com.competition.SpringbootDemoApplicationTests.logStarting                                       [line50    ] : Starting SpringbootDemoApplicationTests on asparagusfern-Rev-1-0 with PID 17380 (started by asparagusfern in /home/asparagusfern/IdeaProjects/springbootDemo)
2019-07-27 20:16:27.899 INFO  --- com.competition.SpringbootDemoApplicationTests.logStartupProfileInfo                             [line650   ] : The following profiles are active: dev
2019-07-27 20:16:29.503 INFO  --- org.springframework.data.repository.config.RepositoryConfigurationDelegate.multipleStoresDetected    [line244   ] : Multiple Spring Data modules found, entering strict repository configuration mode!
2019-07-27 20:16:29.508 INFO  --- org.springframework.data.repository.config.RepositoryConfigurationDelegate.registerRepositoriesIn    [line126   ] : Bootstrapping Spring Data repositories in DEFAULT mode.
2019-07-27 20:16:29.542 INFO  --- org.springframework.data.repository.config.RepositoryConfigurationDelegate.registerRepositoriesIn    [line182   ] : Finished Spring Data repository scanning in 13ms. Found 0 repository interfaces.
2019-07-27 20:16:30.592 INFO  --- xt.support.PostProcessorRegistrationDelegate$BeanPostProcessorChecker.postProcessAfterInitialization [line330   ] : Bean 'org.springframework.transaction.annotation.ProxyTransactionManagementConfiguration' of type [org.springframework.transaction.annotation.ProxyTransactionManagementConfiguration$$EnhancerBySpringCGLIB$$932c4431] is not eligible for getting processed by all BeanPostProcessors (for example: not eligible for auto-proxying)
2019-07-27 20:16:31.097 INFO  --- com.alibaba.druid.spring.boot.autoconfigure.DruidDataSourceAutoConfigure.dataSource                  [line56    ] : Init DruidDataSource
2019-07-27 20:16:33.233 INFO  --- com.alibaba.druid.pool.DruidDataSource.init                                                          [line1003  ] : {dataSource-1} inited
2019-07-27 20:16:35.171 INFO  --- org.springframework.scheduling.concurrent.ThreadPoolTaskExecutor.initialize                          [line171   ] : Initializing ExecutorService 'applicationTaskExecutor'
2019-07-27 20:16:37.102 INFO  --- com.competition.SpringbootDemoApplicationTests.logStarted                                        [line59    ] : Started SpringbootDemoApplicationTests in 11.098 seconds (JVM running for 13.062)
2019-07-27 20:16:37.823 INFO  --- org.springframework.scheduling.concurrent.ThreadPoolTaskExecutor.shutdown                            [line208   ] : Shutting down ExecutorService 'applicationTaskExecutor'
2019-07-27 20:16:37.826 INFO  --- com.alibaba.druid.pool.DruidDataSource.close                                                         [line1948  ] : {dataSource-1} closing ...
2019-07-27 20:16:37.838 INFO  --- com.alibaba.druid.pool.DruidDataSource.close                                                         [line2020  ] : {dataSource-1} closed
