2019-07-30 10:00:20.554 INFO  --- com.competition.demo.EnumDemo.logStarting                                                            [line50    ] : Starting EnumDemo on 27 with PID 3224 (started by guohaodong in /home/guohaodong/Idea/estc)
2019-07-30 10:00:20.557 INFO  --- com.competition.demo.EnumDemo.logStartupProfileInfo                                                  [line650   ] : The following profiles are active: dev
2019-07-30 10:00:25.199 INFO  --- org.springframework.data.repository.config.RepositoryConfigurationDelegate.multipleStoresDetected    [line244   ] : Multiple Spring Data modules found, entering strict repository configuration mode!
2019-07-30 10:00:25.275 INFO  --- org.springframework.data.repository.config.RepositoryConfigurationDelegate.registerRepositoriesIn    [line126   ] : Bootstrapping Spring Data repositories in DEFAULT mode.
2019-07-30 10:00:25.446 INFO  --- org.springframework.data.repository.config.RepositoryConfigurationDelegate.registerRepositoriesIn    [line182   ] : Finished Spring Data repository scanning in 41ms. Found 0 repository interfaces.
2019-07-30 10:00:26.481 INFO  --- xt.support.PostProcessorRegistrationDelegate$BeanPostProcessorChecker.postProcessAfterInitialization [line330   ] : Bean 'org.springframework.transaction.annotation.ProxyTransactionManagementConfiguration' of type [org.springframework.transaction.annotation.ProxyTransactionManagementConfiguration$$EnhancerBySpringCGLIB$$42061d37] is not eligible for getting processed by all BeanPostProcessors (for example: not eligible for auto-proxying)
2019-07-30 10:00:26.792 INFO  --- com.alibaba.druid.spring.boot.autoconfigure.DruidDataSourceAutoConfigure.dataSource                  [line56    ] : Init DruidDataSource
2019-07-30 10:00:31.099 INFO  --- com.alibaba.druid.pool.DruidDataSource.init                                                          [line1003  ] : {dataSource-1} inited
2019-07-30 10:00:36.110 INFO  --- org.springframework.scheduling.concurrent.ThreadPoolTaskExecutor.initialize                          [line171   ] : Initializing ExecutorService 'applicationTaskExecutor'
2019-07-30 10:00:37.853 INFO  --- com.competition.demo.EnumDemo.logStarted                                                             [line59    ] : Started EnumDemo in 19.703 seconds (JVM running for 22.822)
2019-07-30 10:00:38.465 INFO  --- org.springframework.scheduling.concurrent.ThreadPoolTaskExecutor.shutdown                            [line208   ] : Shutting down ExecutorService 'applicationTaskExecutor'
2019-07-30 10:00:38.540 INFO  --- com.alibaba.druid.pool.DruidDataSource.close                                                         [line1948  ] : {dataSource-1} closing ...
2019-07-30 10:00:38.597 INFO  --- com.alibaba.druid.pool.DruidDataSource.close                                                         [line2020  ] : {dataSource-1} closed
2019-07-30 10:47:00.338 INFO  --- com.competition.SpringbootDemoApplicationTests.logStarting                                           [line50    ] : Starting SpringbootDemoApplicationTests on 27 with PID 7462 (started by guohaodong in /home/guohaodong/Idea/estc)
2019-07-30 10:47:00.415 INFO  --- com.competition.SpringbootDemoApplicationTests.logStartupProfileInfo                                 [line650   ] : The following profiles are active: dev
2019-07-30 10:47:04.446 INFO  --- org.springframework.data.repository.config.RepositoryConfigurationDelegate.multipleStoresDetected    [line244   ] : Multiple Spring Data modules found, entering strict repository configuration mode!
2019-07-30 10:47:04.457 INFO  --- org.springframework.data.repository.config.RepositoryConfigurationDelegate.registerRepositoriesIn    [line126   ] : Bootstrapping Spring Data repositories in DEFAULT mode.
2019-07-30 10:47:04.534 INFO  --- org.springframework.data.repository.config.RepositoryConfigurationDelegate.registerRepositoriesIn    [line182   ] : Finished Spring Data repository scanning in 48ms. Found 0 repository interfaces.
2019-07-30 10:47:05.614 INFO  --- xt.support.PostProcessorRegistrationDelegate$BeanPostProcessorChecker.postProcessAfterInitialization [line330   ] : Bean 'org.springframework.transaction.annotation.ProxyTransactionManagementConfiguration' of type [org.springframework.transaction.annotation.ProxyTransactionManagementConfiguration$$EnhancerBySpringCGLIB$$9d62c493] is not eligible for getting processed by all BeanPostProcessors (for example: not eligible for auto-proxying)
2019-07-30 10:47:05.885 INFO  --- com.alibaba.druid.spring.boot.autoconfigure.DruidDataSourceAutoConfigure.dataSource                  [line56    ] : Init DruidDataSource
2019-07-30 10:47:07.168 INFO  --- com.alibaba.druid.pool.DruidDataSource.init                                                          [line1003  ] : {dataSource-1} inited
2019-07-30 10:47:10.970 INFO  --- org.springframework.scheduling.concurrent.ThreadPoolTaskExecutor.initialize                          [line171   ] : Initializing ExecutorService 'applicationTaskExecutor'
2019-07-30 10:47:12.530 INFO  --- com.competition.SpringbootDemoApplicationTests.logStarted                                            [line59    ] : Started SpringbootDemoApplicationTests in 13.875 seconds (JVM running for 16.122)
2019-07-30 10:47:13.734 INFO  --- org.springframework.scheduling.concurrent.ThreadPoolTaskExecutor.shutdown                            [line208   ] : Shutting down ExecutorService 'applicationTaskExecutor'
2019-07-30 10:47:13.842 INFO  --- com.alibaba.druid.pool.DruidDataSource.close                                                         [line1948  ] : {dataSource-1} closing ...
2019-07-30 10:47:13.873 INFO  --- com.alibaba.druid.pool.DruidDataSource.close                                                         [line2020  ] : {dataSource-1} closed
2019-07-30 10:50:11.788 INFO  --- com.competition.SpringbootDemoApplicationTests.logStarting                                           [line50    ] : Starting SpringbootDemoApplicationTests on 27 with PID 7703 (started by guohaodong in /home/guohaodong/Idea/estc)
2019-07-30 10:50:11.791 INFO  --- com.competition.SpringbootDemoApplicationTests.logStartupProfileInfo                                 [line650   ] : The following profiles are active: dev
2019-07-30 10:50:13.536 INFO  --- org.springframework.data.repository.config.RepositoryConfigurationDelegate.multipleStoresDetected    [line244   ] : Multiple Spring Data modules found, entering strict repository configuration mode!
2019-07-30 10:50:13.541 INFO  --- org.springframework.data.repository.config.RepositoryConfigurationDelegate.registerRepositoriesIn    [line126   ] : Bootstrapping Spring Data repositories in DEFAULT mode.
2019-07-30 10:50:13.625 INFO  --- org.springframework.data.repository.config.RepositoryConfigurationDelegate.registerRepositoriesIn    [line182   ] : Finished Spring Data repository scanning in 44ms. Found 0 repository interfaces.
2019-07-30 10:50:14.489 INFO  --- xt.support.PostProcessorRegistrationDelegate$BeanPostProcessorChecker.postProcessAfterInitialization [line330   ] : Bean 'org.springframework.transaction.annotation.ProxyTransactionManagementConfiguration' of type [org.springframework.transaction.annotation.ProxyTransactionManagementConfiguration$$EnhancerBySpringCGLIB$$e913b03e] is not eligible for getting processed by all BeanPostProcessors (for example: not eligible for auto-proxying)
2019-07-30 10:50:14.742 INFO  --- com.alibaba.druid.spring.boot.autoconfigure.DruidDataSourceAutoConfigure.dataSource                  [line56    ] : Init DruidDataSource
2019-07-30 10:50:15.452 INFO  --- com.alibaba.druid.pool.DruidDataSource.init                                                          [line1003  ] : {dataSource-1} inited
2019-07-30 10:50:18.238 INFO  --- org.springframework.scheduling.concurrent.ThreadPoolTaskExecutor.initialize                          [line171   ] : Initializing ExecutorService 'applicationTaskExecutor'
2019-07-30 10:50:19.126 INFO  --- com.competition.SpringbootDemoApplicationTests.logStarted                                            [line59    ] : Started SpringbootDemoApplicationTests in 8.85 seconds (JVM running for 10.608)
2019-07-30 10:50:19.677 INFO  --- org.springframework.scheduling.concurrent.ThreadPoolTaskExecutor.shutdown                            [line208   ] : Shutting down ExecutorService 'applicationTaskExecutor'
2019-07-30 10:50:19.753 INFO  --- com.alibaba.druid.pool.DruidDataSource.close                                                         [line1948  ] : {dataSource-1} closing ...
2019-07-30 10:50:19.772 INFO  --- com.alibaba.druid.pool.DruidDataSource.close                                                         [line2020  ] : {dataSource-1} closed
2019-07-30 14:35:59.469 INFO  --- com.competition.SpringbootDemoApplicationTests.logStarting                                           [line50    ] : Starting SpringbootDemoApplicationTests on 27 with PID 21894 (started by guohaodong in /home/guohaodong/Idea/estc)
2019-07-30 14:35:59.526 INFO  --- com.competition.SpringbootDemoApplicationTests.logStartupProfileInfo                                 [line650   ] : The following profiles are active: dev
2019-07-30 14:36:13.128 INFO  --- org.springframework.data.repository.config.RepositoryConfigurationDelegate.multipleStoresDetected    [line244   ] : Multiple Spring Data modules found, entering strict repository configuration mode!
2019-07-30 14:36:13.164 INFO  --- org.springframework.data.repository.config.RepositoryConfigurationDelegate.registerRepositoriesIn    [line126   ] : Bootstrapping Spring Data repositories in DEFAULT mode.
2019-07-30 14:36:13.347 INFO  --- org.springframework.data.repository.config.RepositoryConfigurationDelegate.registerRepositoriesIn    [line182   ] : Finished Spring Data repository scanning in 114ms. Found 0 repository interfaces.
2019-07-30 14:36:15.849 INFO  --- xt.support.PostProcessorRegistrationDelegate$BeanPostProcessorChecker.postProcessAfterInitialization [line330   ] : Bean 'org.springframework.transaction.annotation.ProxyTransactionManagementConfiguration' of type [org.springframework.transaction.annotation.ProxyTransactionManagementConfiguration$$EnhancerBySpringCGLIB$$9855364c] is not eligible for getting processed by all BeanPostProcessors (for example: not eligible for auto-proxying)
2019-07-30 14:36:16.145 INFO  --- com.alibaba.druid.spring.boot.autoconfigure.DruidDataSourceAutoConfigure.dataSource                  [line56    ] : Init DruidDataSource
2019-07-30 14:36:18.632 INFO  --- com.alibaba.druid.pool.DruidDataSource.init                                                          [line1003  ] : {dataSource-1} inited
2019-07-30 14:36:22.795 INFO  --- org.springframework.scheduling.concurrent.ThreadPoolTaskExecutor.initialize                          [line171   ] : Initializing ExecutorService 'applicationTaskExecutor'
2019-07-30 14:36:24.623 INFO  --- com.competition.SpringbootDemoApplicationTests.logStarted                                            [line59    ] : Started SpringbootDemoApplicationTests in 28.37 seconds (JVM running for 44.016)
2019-07-30 14:36:25.974 INFO  --- org.springframework.scheduling.concurrent.ThreadPoolTaskExecutor.shutdown                            [line208   ] : Shutting down ExecutorService 'applicationTaskExecutor'
2019-07-30 14:36:26.389 INFO  --- com.alibaba.druid.pool.DruidDataSource.close                                                         [line1948  ] : {dataSource-1} closing ...
2019-07-30 14:36:26.463 INFO  --- com.alibaba.druid.pool.DruidDataSource.close                                                         [line2020  ] : {dataSource-1} closed
2019-07-30 14:52:21.703 INFO  --- com.competition.SpringbootDemoApplicationTests.logStarting                                           [line50    ] : Starting SpringbootDemoApplicationTests on 27 with PID 23175 (started by guohaodong in /home/guohaodong/Idea/estc)
2019-07-30 14:52:21.706 INFO  --- com.competition.SpringbootDemoApplicationTests.logStartupProfileInfo                                 [line650   ] : The following profiles are active: dev
2019-07-30 14:52:23.461 INFO  --- org.springframework.data.repository.config.RepositoryConfigurationDelegate.multipleStoresDetected    [line244   ] : Multiple Spring Data modules found, entering strict repository configuration mode!
2019-07-30 14:52:23.465 INFO  --- org.springframework.data.repository.config.RepositoryConfigurationDelegate.registerRepositoriesIn    [line126   ] : Bootstrapping Spring Data repositories in DEFAULT mode.
2019-07-30 14:52:23.533 INFO  --- org.springframework.data.repository.config.RepositoryConfigurationDelegate.registerRepositoriesIn    [line182   ] : Finished Spring Data repository scanning in 50ms. Found 0 repository interfaces.
2019-07-30 14:52:24.428 INFO  --- xt.support.PostProcessorRegistrationDelegate$BeanPostProcessorChecker.postProcessAfterInitialization [line330   ] : Bean 'org.springframework.transaction.annotation.ProxyTransactionManagementConfiguration' of type [org.springframework.transaction.annotation.ProxyTransactionManagementConfiguration$$EnhancerBySpringCGLIB$$9d62c493] is not eligible for getting processed by all BeanPostProcessors (for example: not eligible for auto-proxying)
2019-07-30 14:52:24.690 INFO  --- com.alibaba.druid.spring.boot.autoconfigure.DruidDataSourceAutoConfigure.dataSource                  [line56    ] : Init DruidDataSource
2019-07-30 14:52:25.450 INFO  --- com.alibaba.druid.pool.DruidDataSource.init                                                          [line1003  ] : {dataSource-1} inited
2019-07-30 14:52:27.947 INFO  --- org.springframework.scheduling.concurrent.ThreadPoolTaskExecutor.initialize                          [line171   ] : Initializing ExecutorService 'applicationTaskExecutor'
2019-07-30 14:52:28.878 INFO  --- com.competition.SpringbootDemoApplicationTests.logStarted                                            [line59    ] : Started SpringbootDemoApplicationTests in 8.755 seconds (JVM running for 10.234)
2019-07-30 14:52:29.410 INFO  --- org.springframework.scheduling.concurrent.ThreadPoolTaskExecutor.shutdown                            [line208   ] : Shutting down ExecutorService 'applicationTaskExecutor'
2019-07-30 14:52:29.491 INFO  --- com.alibaba.druid.pool.DruidDataSource.close                                                         [line1948  ] : {dataSource-1} closing ...
2019-07-30 14:52:29.515 INFO  --- com.alibaba.druid.pool.DruidDataSource.close                                                         [line2020  ] : {dataSource-1} closed
2019-07-30 14:53:38.241 INFO  --- com.competition.SpringbootDemoApplicationTests.logStarting                                           [line50    ] : Starting SpringbootDemoApplicationTests on 27 with PID 23332 (started by guohaodong in /home/guohaodong/Idea/estc)
2019-07-30 14:53:38.244 INFO  --- com.competition.SpringbootDemoApplicationTests.logStartupProfileInfo                                 [line650   ] : The following profiles are active: dev
2019-07-30 14:53:39.900 INFO  --- org.springframework.data.repository.config.RepositoryConfigurationDelegate.multipleStoresDetected    [line244   ] : Multiple Spring Data modules found, entering strict repository configuration mode!
2019-07-30 14:53:39.905 INFO  --- org.springframework.data.repository.config.RepositoryConfigurationDelegate.registerRepositoriesIn    [line126   ] : Bootstrapping Spring Data repositories in DEFAULT mode.
2019-07-30 14:53:39.976 INFO  --- org.springframework.data.repository.config.RepositoryConfigurationDelegate.registerRepositoriesIn    [line182   ] : Finished Spring Data repository scanning in 44ms. Found 0 repository interfaces.
2019-07-30 14:53:40.813 INFO  --- xt.support.PostProcessorRegistrationDelegate$BeanPostProcessorChecker.postProcessAfterInitialization [line330   ] : Bean 'org.springframework.transaction.annotation.ProxyTransactionManagementConfiguration' of type [org.springframework.transaction.annotation.ProxyTransactionManagementConfiguration$$EnhancerBySpringCGLIB$$3b4dc1b4] is not eligible for getting processed by all BeanPostProcessors (for example: not eligible for auto-proxying)
2019-07-30 14:53:41.093 INFO  --- com.alibaba.druid.spring.boot.autoconfigure.DruidDataSourceAutoConfigure.dataSource                  [line56    ] : Init DruidDataSource
2019-07-30 14:53:41.778 INFO  --- com.alibaba.druid.pool.DruidDataSource.init                                                          [line1003  ] : {dataSource-1} inited
2019-07-30 14:53:45.032 INFO  --- org.springframework.scheduling.concurrent.ThreadPoolTaskExecutor.initialize                          [line171   ] : Initializing ExecutorService 'applicationTaskExecutor'
2019-07-30 14:53:46.366 INFO  --- com.competition.SpringbootDemoApplicationTests.logStarted                                            [line59    ] : Started SpringbootDemoApplicationTests in 9.347 seconds (JVM running for 13.33)
2019-07-30 14:55:01.713 INFO  --- org.springframework.scheduling.concurrent.ThreadPoolTaskExecutor.shutdown                            [line208   ] : Shutting down ExecutorService 'applicationTaskExecutor'
2019-07-30 14:55:01.775 INFO  --- com.alibaba.druid.pool.DruidDataSource.close                                                         [line1948  ] : {dataSource-1} closing ...
2019-07-30 14:55:01.777 INFO  --- com.alibaba.druid.pool.DruidDataSource.close                                                         [line2020  ] : {dataSource-1} closed
2019-07-30 14:55:11.708 INFO  --- com.competition.SpringbootDemoApplicationTests.logStarting                                           [line50    ] : Starting SpringbootDemoApplicationTests on 27 with PID 23539 (started by guohaodong in /home/guohaodong/Idea/estc)
2019-07-30 14:55:11.715 INFO  --- com.competition.SpringbootDemoApplicationTests.logStartupProfileInfo                                 [line650   ] : The following profiles are active: dev
2019-07-30 14:55:13.632 INFO  --- org.springframework.data.repository.config.RepositoryConfigurationDelegate.multipleStoresDetected    [line244   ] : Multiple Spring Data modules found, entering strict repository configuration mode!
2019-07-30 14:55:13.637 INFO  --- org.springframework.data.repository.config.RepositoryConfigurationDelegate.registerRepositoriesIn    [line126   ] : Bootstrapping Spring Data repositories in DEFAULT mode.
2019-07-30 14:55:13.701 INFO  --- org.springframework.data.repository.config.RepositoryConfigurationDelegate.registerRepositoriesIn    [line182   ] : Finished Spring Data repository scanning in 43ms. Found 0 repository interfaces.
2019-07-30 14:55:14.558 INFO  --- xt.support.PostProcessorRegistrationDelegate$BeanPostProcessorChecker.postProcessAfterInitialization [line330   ] : Bean 'org.springframework.transaction.annotation.ProxyTransactionManagementConfiguration' of type [org.springframework.transaction.annotation.ProxyTransactionManagementConfiguration$$EnhancerBySpringCGLIB$$962967ad] is not eligible for getting processed by all BeanPostProcessors (for example: not eligible for auto-proxying)
2019-07-30 14:55:14.872 INFO  --- com.alibaba.druid.spring.boot.autoconfigure.DruidDataSourceAutoConfigure.dataSource                  [line56    ] : Init DruidDataSource
2019-07-30 14:55:15.639 INFO  --- com.alibaba.druid.pool.DruidDataSource.init                                                          [line1003  ] : {dataSource-1} inited
2019-07-30 14:55:18.721 INFO  --- org.springframework.scheduling.concurrent.ThreadPoolTaskExecutor.initialize                          [line171   ] : Initializing ExecutorService 'applicationTaskExecutor'
2019-07-30 14:55:19.824 INFO  --- com.competition.SpringbootDemoApplicationTests.logStarted                                            [line59    ] : Started SpringbootDemoApplicationTests in 9.969 seconds (JVM running for 11.97)
2019-07-30 14:55:41.945 INFO  --- org.springframework.scheduling.concurrent.ThreadPoolTaskExecutor.shutdown                            [line208   ] : Shutting down ExecutorService 'applicationTaskExecutor'
2019-07-30 14:55:42.005 INFO  --- com.alibaba.druid.pool.DruidDataSource.close                                                         [line1948  ] : {dataSource-1} closing ...
2019-07-30 14:55:42.029 INFO  --- com.alibaba.druid.pool.DruidDataSource.close                                                         [line2020  ] : {dataSource-1} closed
2019-07-30 15:07:36.837 INFO  --- com.competition.SpringbootDemoApplicationTests.logStarting                                           [line50    ] : Starting SpringbootDemoApplicationTests on 27 with PID 24374 (started by guohaodong in /home/guohaodong/Idea/estc)
2019-07-30 15:07:36.839 INFO  --- com.competition.SpringbootDemoApplicationTests.logStartupProfileInfo                                 [line650   ] : The following profiles are active: dev
2019-07-30 15:07:38.566 INFO  --- org.springframework.data.repository.config.RepositoryConfigurationDelegate.multipleStoresDetected    [line244   ] : Multiple Spring Data modules found, entering strict repository configuration mode!
2019-07-30 15:07:38.573 INFO  --- org.springframework.data.repository.config.RepositoryConfigurationDelegate.registerRepositoriesIn    [line126   ] : Bootstrapping Spring Data repositories in DEFAULT mode.
2019-07-30 15:07:38.654 INFO  --- org.springframework.data.repository.config.RepositoryConfigurationDelegate.registerRepositoriesIn    [line182   ] : Finished Spring Data repository scanning in 42ms. Found 0 repository interfaces.
2019-07-30 15:07:39.475 INFO  --- xt.support.PostProcessorRegistrationDelegate$BeanPostProcessorChecker.postProcessAfterInitialization [line330   ] : Bean 'org.springframework.transaction.annotation.ProxyTransactionManagementConfiguration' of type [org.springframework.transaction.annotation.ProxyTransactionManagementConfiguration$$EnhancerBySpringCGLIB$$a0deeca7] is not eligible for getting processed by all BeanPostProcessors (for example: not eligible for auto-proxying)
2019-07-30 15:07:39.736 INFO  --- com.alibaba.druid.spring.boot.autoconfigure.DruidDataSourceAutoConfigure.dataSource                  [line56    ] : Init DruidDataSource
2019-07-30 15:07:40.425 INFO  --- com.alibaba.druid.pool.DruidDataSource.init                                                          [line1003  ] : {dataSource-1} inited
2019-07-30 15:07:43.164 INFO  --- org.springframework.scheduling.concurrent.ThreadPoolTaskExecutor.initialize                          [line171   ] : Initializing ExecutorService 'applicationTaskExecutor'
2019-07-30 15:07:44.243 INFO  --- com.competition.SpringbootDemoApplicationTests.logStarted                                            [line59    ] : Started SpringbootDemoApplicationTests in 8.701 seconds (JVM running for 10.15)
2019-07-30 15:07:45.780 INFO  --- org.springframework.scheduling.concurrent.ThreadPoolTaskExecutor.shutdown                            [line208   ] : Shutting down ExecutorService 'applicationTaskExecutor'
2019-07-30 15:07:45.814 INFO  --- com.alibaba.druid.pool.DruidDataSource.close                                                         [line1948  ] : {dataSource-1} closing ...
2019-07-30 15:07:45.832 INFO  --- com.alibaba.druid.pool.DruidDataSource.close                                                         [line2020  ] : {dataSource-1} closed
2019-07-30 15:28:42.631 INFO  --- com.competition.SpringbootDemoApplicationTests.logStarting                                           [line50    ] : Starting SpringbootDemoApplicationTests on 27 with PID 25493 (started by guohaodong in /home/guohaodong/Idea/estc)
2019-07-30 15:28:42.639 INFO  --- com.competition.SpringbootDemoApplicationTests.logStartupProfileInfo                                 [line650   ] : The following profiles are active: dev
2019-07-30 15:28:44.793 INFO  --- org.springframework.data.repository.config.RepositoryConfigurationDelegate.multipleStoresDetected    [line244   ] : Multiple Spring Data modules found, entering strict repository configuration mode!
2019-07-30 15:28:44.799 INFO  --- org.springframework.data.repository.config.RepositoryConfigurationDelegate.registerRepositoriesIn    [line126   ] : Bootstrapping Spring Data repositories in DEFAULT mode.
2019-07-30 15:28:44.886 INFO  --- org.springframework.data.repository.config.RepositoryConfigurationDelegate.registerRepositoriesIn    [line182   ] : Finished Spring Data repository scanning in 59ms. Found 0 repository interfaces.
2019-07-30 15:28:45.707 INFO  --- xt.support.PostProcessorRegistrationDelegate$BeanPostProcessorChecker.postProcessAfterInitialization [line330   ] : Bean 'org.springframework.transaction.annotation.ProxyTransactionManagementConfiguration' of type [org.springframework.transaction.annotation.ProxyTransactionManagementConfiguration$$EnhancerBySpringCGLIB$$b568524f] is not eligible for getting processed by all BeanPostProcessors (for example: not eligible for auto-proxying)
2019-07-30 15:28:45.947 INFO  --- com.alibaba.druid.spring.boot.autoconfigure.DruidDataSourceAutoConfigure.dataSource                  [line56    ] : Init DruidDataSource
2019-07-30 15:28:46.578 INFO  --- com.alibaba.druid.pool.DruidDataSource.init                                                          [line1003  ] : {dataSource-1} inited
2019-07-30 15:28:49.522 INFO  --- org.springframework.scheduling.concurrent.ThreadPoolTaskExecutor.initialize                          [line171   ] : Initializing ExecutorService 'applicationTaskExecutor'
2019-07-30 15:28:50.678 INFO  --- com.competition.SpringbootDemoApplicationTests.logStarted                                            [line59    ] : Started SpringbootDemoApplicationTests in 9.394 seconds (JVM running for 10.905)
2019-07-30 15:28:51.027 INFO  --- org.springframework.scheduling.concurrent.ThreadPoolTaskExecutor.shutdown                            [line208   ] : Shutting down ExecutorService 'applicationTaskExecutor'
2019-07-30 15:28:51.087 INFO  --- com.alibaba.druid.pool.DruidDataSource.close                                                         [line1948  ] : {dataSource-1} closing ...
2019-07-30 15:28:51.107 INFO  --- com.alibaba.druid.pool.DruidDataSource.close                                                         [line2020  ] : {dataSource-1} closed
2019-07-30 15:29:29.643 INFO  --- com.competition.SpringbootDemoApplicationTests.logStarting                                           [line50    ] : Starting SpringbootDemoApplicationTests on 27 with PID 25623 (started by guohaodong in /home/guohaodong/Idea/estc)
2019-07-30 15:29:29.653 INFO  --- com.competition.SpringbootDemoApplicationTests.logStartupProfileInfo                                 [line650   ] : The following profiles are active: dev
2019-07-30 15:29:31.831 INFO  --- org.springframework.data.repository.config.RepositoryConfigurationDelegate.multipleStoresDetected    [line244   ] : Multiple Spring Data modules found, entering strict repository configuration mode!
2019-07-30 15:29:31.836 INFO  --- org.springframework.data.repository.config.RepositoryConfigurationDelegate.registerRepositoriesIn    [line126   ] : Bootstrapping Spring Data repositories in DEFAULT mode.
2019-07-30 15:29:31.912 INFO  --- org.springframework.data.repository.config.RepositoryConfigurationDelegate.registerRepositoriesIn    [line182   ] : Finished Spring Data repository scanning in 52ms. Found 0 repository interfaces.
2019-07-30 15:29:32.719 INFO  --- xt.support.PostProcessorRegistrationDelegate$BeanPostProcessorChecker.postProcessAfterInitialization [line330   ] : Bean 'org.springframework.transaction.annotation.ProxyTransactionManagementConfiguration' of type [org.springframework.transaction.annotation.ProxyTransactionManagementConfiguration$$EnhancerBySpringCGLIB$$3066d223] is not eligible for getting processed by all BeanPostProcessors (for example: not eligible for auto-proxying)
2019-07-30 15:29:32.976 INFO  --- com.alibaba.druid.spring.boot.autoconfigure.DruidDataSourceAutoConfigure.dataSource                  [line56    ] : Init DruidDataSource
2019-07-30 15:29:33.679 INFO  --- com.alibaba.druid.pool.DruidDataSource.init                                                          [line1003  ] : {dataSource-1} inited
2019-07-30 15:29:36.235 INFO  --- org.springframework.scheduling.concurrent.ThreadPoolTaskExecutor.initialize                          [line171   ] : Initializing ExecutorService 'applicationTaskExecutor'
2019-07-30 15:29:37.078 INFO  --- com.competition.SpringbootDemoApplicationTests.logStarted                                            [line59    ] : Started SpringbootDemoApplicationTests in 8.702 seconds (JVM running for 10.275)
2019-07-30 15:29:37.338 INFO  --- org.springframework.scheduling.concurrent.ThreadPoolTaskExecutor.shutdown                            [line208   ] : Shutting down ExecutorService 'applicationTaskExecutor'
2019-07-30 15:29:37.398 INFO  --- com.alibaba.druid.pool.DruidDataSource.close                                                         [line1948  ] : {dataSource-1} closing ...
2019-07-30 15:29:37.420 INFO  --- com.alibaba.druid.pool.DruidDataSource.close                                                         [line2020  ] : {dataSource-1} closed
2019-07-30 15:30:19.308 INFO  --- com.competition.SpringbootDemoApplicationTests.logStarting                                           [line50    ] : Starting SpringbootDemoApplicationTests on 27 with PID 25700 (started by guohaodong in /home/guohaodong/Idea/estc)
2019-07-30 15:30:19.311 INFO  --- com.competition.SpringbootDemoApplicationTests.logStartupProfileInfo                                 [line650   ] : The following profiles are active: dev
2019-07-30 15:30:21.136 INFO  --- org.springframework.data.repository.config.RepositoryConfigurationDelegate.multipleStoresDetected    [line244   ] : Multiple Spring Data modules found, entering strict repository configuration mode!
2019-07-30 15:30:21.140 INFO  --- org.springframework.data.repository.config.RepositoryConfigurationDelegate.registerRepositoriesIn    [line126   ] : Bootstrapping Spring Data repositories in DEFAULT mode.
2019-07-30 15:30:21.217 INFO  --- org.springframework.data.repository.config.RepositoryConfigurationDelegate.registerRepositoriesIn    [line182   ] : Finished Spring Data repository scanning in 45ms. Found 0 repository interfaces.
2019-07-30 15:30:22.021 INFO  --- xt.support.PostProcessorRegistrationDelegate$BeanPostProcessorChecker.postProcessAfterInitialization [line330   ] : Bean 'org.springframework.transaction.annotation.ProxyTransactionManagementConfiguration' of type [org.springframework.transaction.annotation.ProxyTransactionManagementConfiguration$$EnhancerBySpringCGLIB$$3066d223] is not eligible for getting processed by all BeanPostProcessors (for example: not eligible for auto-proxying)
2019-07-30 15:30:22.292 INFO  --- com.alibaba.druid.spring.boot.autoconfigure.DruidDataSourceAutoConfigure.dataSource                  [line56    ] : Init DruidDataSource
2019-07-30 15:30:22.985 INFO  --- com.alibaba.druid.pool.DruidDataSource.init                                                          [line1003  ] : {dataSource-1} inited
2019-07-30 15:30:25.774 INFO  --- org.springframework.scheduling.concurrent.ThreadPoolTaskExecutor.initialize                          [line171   ] : Initializing ExecutorService 'applicationTaskExecutor'
2019-07-30 15:30:26.626 INFO  --- com.competition.SpringbootDemoApplicationTests.logStarted                                            [line59    ] : Started SpringbootDemoApplicationTests in 8.88 seconds (JVM running for 10.436)
2019-07-30 15:30:26.889 INFO  --- org.springframework.scheduling.concurrent.ThreadPoolTaskExecutor.shutdown                            [line208   ] : Shutting down ExecutorService 'applicationTaskExecutor'
2019-07-30 15:30:26.931 INFO  --- com.alibaba.druid.pool.DruidDataSource.close                                                         [line1948  ] : {dataSource-1} closing ...
2019-07-30 15:30:26.949 INFO  --- com.alibaba.druid.pool.DruidDataSource.close                                                         [line2020  ] : {dataSource-1} closed
2019-07-30 18:23:24.289 INFO  --- com.competition.SpringbootDemoApplicationTests.logStarting                                           [line50    ] : Starting SpringbootDemoApplicationTests on 27 with PID 10747 (started by guohaodong in /home/guohaodong/Idea/estc)
2019-07-30 18:23:24.366 INFO  --- com.competition.SpringbootDemoApplicationTests.logStartupProfileInfo                                 [line650   ] : The following profiles are active: dev
2019-07-30 18:23:38.679 INFO  --- org.springframework.data.repository.config.RepositoryConfigurationDelegate.multipleStoresDetected    [line244   ] : Multiple Spring Data modules found, entering strict repository configuration mode!
2019-07-30 18:23:38.712 INFO  --- org.springframework.data.repository.config.RepositoryConfigurationDelegate.registerRepositoriesIn    [line126   ] : Bootstrapping Spring Data repositories in DEFAULT mode.
2019-07-30 18:23:38.851 INFO  --- org.springframework.data.repository.config.RepositoryConfigurationDelegate.registerRepositoriesIn    [line182   ] : Finished Spring Data repository scanning in 49ms. Found 0 repository interfaces.
2019-07-30 18:23:39.881 INFO  --- xt.support.PostProcessorRegistrationDelegate$BeanPostProcessorChecker.postProcessAfterInitialization [line330   ] : Bean 'org.springframework.transaction.annotation.ProxyTransactionManagementConfiguration' of type [org.springframework.transaction.annotation.ProxyTransactionManagementConfiguration$$EnhancerBySpringCGLIB$$e513c324] is not eligible for getting processed by all BeanPostProcessors (for example: not eligible for auto-proxying)
2019-07-30 18:23:40.282 INFO  --- com.alibaba.druid.spring.boot.autoconfigure.DruidDataSourceAutoConfigure.dataSource                  [line56    ] : Init DruidDataSource
2019-07-30 18:23:41.826 INFO  --- com.alibaba.druid.pool.DruidDataSource.init                                                          [line1003  ] : {dataSource-1} inited
2019-07-30 18:23:41.838 INFO  --- com.alibaba.druid.pool.DruidAbstractDataSource.setFailContinuous                                     [line1743  ] : {dataSource-1} failContinuous is true
2019-07-30 18:23:41.940 INFO  --- org.springframework.boot.autoconfigure.logging.ConditionEvaluationReportLoggingListener.logMessage   [line135   ] : 

Error starting ApplicationContext. To display the conditions report re-run your application with 'debug' enabled.
2019-07-30 18:27:19.236 INFO  --- com.competition.SpringbootDemoApplicationTests.logStarting                                           [line50    ] : Starting SpringbootDemoApplicationTests on 27 with PID 11074 (started by guohaodong in /home/guohaodong/Idea/estc)
2019-07-30 18:27:19.360 INFO  --- com.competition.SpringbootDemoApplicationTests.logStartupProfileInfo                                 [line650   ] : The following profiles are active: dev
2019-07-30 18:27:38.037 INFO  --- org.springframework.data.repository.config.RepositoryConfigurationDelegate.multipleStoresDetected    [line244   ] : Multiple Spring Data modules found, entering strict repository configuration mode!
2019-07-30 18:27:38.113 INFO  --- org.springframework.data.repository.config.RepositoryConfigurationDelegate.registerRepositoriesIn    [line126   ] : Bootstrapping Spring Data repositories in DEFAULT mode.
2019-07-30 18:27:38.589 INFO  --- org.springframework.data.repository.config.RepositoryConfigurationDelegate.registerRepositoriesIn    [line182   ] : Finished Spring Data repository scanning in 180ms. Found 0 repository interfaces.
2019-07-30 18:27:41.930 INFO  --- xt.support.PostProcessorRegistrationDelegate$BeanPostProcessorChecker.postProcessAfterInitialization [line330   ] : Bean 'org.springframework.transaction.annotation.ProxyTransactionManagementConfiguration' of type [org.springframework.transaction.annotation.ProxyTransactionManagementConfiguration$$EnhancerBySpringCGLIB$$b568524f] is not eligible for getting processed by all BeanPostProcessors (for example: not eligible for auto-proxying)
2019-07-30 18:27:42.543 INFO  --- com.alibaba.druid.spring.boot.autoconfigure.DruidDataSourceAutoConfigure.dataSource                  [line56    ] : Init DruidDataSource
2019-07-30 18:27:44.696 INFO  --- com.alibaba.druid.pool.DruidDataSource.init                                                          [line1003  ] : {dataSource-1} inited
2019-07-30 18:28:15.193 INFO  --- org.springframework.scheduling.concurrent.ThreadPoolTaskExecutor.initialize                          [line171   ] : Initializing ExecutorService 'applicationTaskExecutor'
2019-07-30 18:28:21.370 INFO  --- com.competition.SpringbootDemoApplicationTests.logStarted                                            [line59    ] : Started SpringbootDemoApplicationTests in 73.899 seconds (JVM running for 102.032)
2019-07-30 18:28:26.811 INFO  --- org.springframework.scheduling.concurrent.ThreadPoolTaskExecutor.shutdown                            [line208   ] : Shutting down ExecutorService 'applicationTaskExecutor'
2019-07-30 18:28:27.125 INFO  --- com.alibaba.druid.pool.DruidDataSource.close                                                         [line1948  ] : {dataSource-1} closing ...
2019-07-30 18:28:27.868 INFO  --- com.alibaba.druid.pool.DruidDataSource.close                                                         [line2020  ] : {dataSource-1} closed
2019-07-30 18:31:46.706 INFO  --- com.competition.SpringbootDemoApplicationTests.logStarting                                           [line50    ] : Starting SpringbootDemoApplicationTests on 27 with PID 11450 (started by guohaodong in /home/guohaodong/Idea/estc)
2019-07-30 18:31:46.708 INFO  --- com.competition.SpringbootDemoApplicationTests.logStartupProfileInfo                                 [line650   ] : The following profiles are active: dev
2019-07-30 18:31:52.428 INFO  --- org.springframework.data.repository.config.RepositoryConfigurationDelegate.multipleStoresDetected    [line244   ] : Multiple Spring Data modules found, entering strict repository configuration mode!
2019-07-30 18:31:52.431 INFO  --- org.springframework.data.repository.config.RepositoryConfigurationDelegate.registerRepositoriesIn    [line126   ] : Bootstrapping Spring Data repositories in DEFAULT mode.
2019-07-30 18:31:52.508 INFO  --- org.springframework.data.repository.config.RepositoryConfigurationDelegate.registerRepositoriesIn    [line182   ] : Finished Spring Data repository scanning in 47ms. Found 0 repository interfaces.
2019-07-30 18:31:54.869 INFO  --- xt.support.PostProcessorRegistrationDelegate$BeanPostProcessorChecker.postProcessAfterInitialization [line330   ] : Bean 'org.springframework.transaction.annotation.ProxyTransactionManagementConfiguration' of type [org.springframework.transaction.annotation.ProxyTransactionManagementConfiguration$$EnhancerBySpringCGLIB$$62dd5507] is not eligible for getting processed by all BeanPostProcessors (for example: not eligible for auto-proxying)
2019-07-30 18:31:55.313 INFO  --- com.alibaba.druid.spring.boot.autoconfigure.DruidDataSourceAutoConfigure.dataSource                  [line56    ] : Init DruidDataSource
2019-07-30 18:31:58.208 INFO  --- com.alibaba.druid.pool.DruidDataSource.init                                                          [line1003  ] : {dataSource-1} inited
2019-07-30 18:32:03.986 INFO  --- org.springframework.scheduling.concurrent.ThreadPoolTaskExecutor.initialize                          [line171   ] : Initializing ExecutorService 'applicationTaskExecutor'
2019-07-30 18:32:04.834 INFO  --- com.competition.SpringbootDemoApplicationTests.logStarted                                            [line59    ] : Started SpringbootDemoApplicationTests in 21.015 seconds (JVM running for 26.765)
2019-07-30 18:32:05.314 INFO  --- org.springframework.scheduling.concurrent.ThreadPoolTaskExecutor.shutdown                            [line208   ] : Shutting down ExecutorService 'applicationTaskExecutor'
2019-07-30 18:32:05.357 INFO  --- com.alibaba.druid.pool.DruidDataSource.close                                                         [line1948  ] : {dataSource-1} closing ...
2019-07-30 18:32:05.372 INFO  --- com.alibaba.druid.pool.DruidDataSource.close                                                         [line2020  ] : {dataSource-1} closed
2019-07-30 19:23:31.821 INFO  --- com.competition.SpringbootDemoApplicationTests.logStarting                                           [line50    ] : Starting SpringbootDemoApplicationTests on 27 with PID 13645 (started by guohaodong in /home/guohaodong/Idea/estc)
2019-07-30 19:23:31.824 INFO  --- com.competition.SpringbootDemoApplicationTests.logStartupProfileInfo                                 [line650   ] : The following profiles are active: dev
2019-07-30 19:23:33.508 INFO  --- org.springframework.data.repository.config.RepositoryConfigurationDelegate.multipleStoresDetected    [line244   ] : Multiple Spring Data modules found, entering strict repository configuration mode!
2019-07-30 19:23:33.513 INFO  --- org.springframework.data.repository.config.RepositoryConfigurationDelegate.registerRepositoriesIn    [line126   ] : Bootstrapping Spring Data repositories in DEFAULT mode.
2019-07-30 19:23:33.579 INFO  --- org.springframework.data.repository.config.RepositoryConfigurationDelegate.registerRepositoriesIn    [line182   ] : Finished Spring Data repository scanning in 42ms. Found 0 repository interfaces.
2019-07-30 19:23:34.402 INFO  --- xt.support.PostProcessorRegistrationDelegate$BeanPostProcessorChecker.postProcessAfterInitialization [line330   ] : Bean 'org.springframework.transaction.annotation.ProxyTransactionManagementConfiguration' of type [org.springframework.transaction.annotation.ProxyTransactionManagementConfiguration$$EnhancerBySpringCGLIB$$10c755cc] is not eligible for getting processed by all BeanPostProcessors (for example: not eligible for auto-proxying)
2019-07-30 19:23:34.691 INFO  --- com.alibaba.druid.spring.boot.autoconfigure.DruidDataSourceAutoConfigure.dataSource                  [line56    ] : Init DruidDataSource
2019-07-30 19:23:35.476 INFO  --- com.alibaba.druid.pool.DruidDataSource.init                                                          [line1003  ] : {dataSource-1} inited
2019-07-30 19:23:38.892 INFO  --- org.springframework.scheduling.concurrent.ThreadPoolTaskExecutor.initialize                          [line171   ] : Initializing ExecutorService 'applicationTaskExecutor'
2019-07-30 19:23:40.401 INFO  --- com.competition.SpringbootDemoApplicationTests.logStarted                                            [line59    ] : Started SpringbootDemoApplicationTests in 9.743 seconds (JVM running for 14.021)
2019-07-30 19:23:41.134 INFO  --- org.springframework.scheduling.concurrent.ThreadPoolTaskExecutor.shutdown                            [line208   ] : Shutting down ExecutorService 'applicationTaskExecutor'
2019-07-30 19:23:41.205 INFO  --- com.alibaba.druid.pool.DruidDataSource.close                                                         [line1948  ] : {dataSource-1} closing ...
2019-07-30 19:23:41.234 INFO  --- com.alibaba.druid.pool.DruidDataSource.close                                                         [line2020  ] : {dataSource-1} closed
2019-07-30 19:56:22.011 INFO  --- com.competition.SpringbootDemoApplicationTests.logStarting                                           [line50    ] : Starting SpringbootDemoApplicationTests on 27 with PID 15651 (started by guohaodong in /home/guohaodong/Idea/estc)
2019-07-30 19:56:22.013 INFO  --- com.competition.SpringbootDemoApplicationTests.logStartupProfileInfo                                 [line650   ] : The following profiles are active: dev
2019-07-30 19:56:23.782 INFO  --- org.springframework.data.repository.config.RepositoryConfigurationDelegate.multipleStoresDetected    [line244   ] : Multiple Spring Data modules found, entering strict repository configuration mode!
2019-07-30 19:56:23.787 INFO  --- org.springframework.data.repository.config.RepositoryConfigurationDelegate.registerRepositoriesIn    [line126   ] : Bootstrapping Spring Data repositories in DEFAULT mode.
2019-07-30 19:56:23.856 INFO  --- org.springframework.data.repository.config.RepositoryConfigurationDelegate.registerRepositoriesIn    [line182   ] : Finished Spring Data repository scanning in 44ms. Found 0 repository interfaces.
2019-07-30 19:56:24.578 INFO  --- xt.support.PostProcessorRegistrationDelegate$BeanPostProcessorChecker.postProcessAfterInitialization [line330   ] : Bean 'org.springframework.transaction.annotation.ProxyTransactionManagementConfiguration' of type [org.springframework.transaction.annotation.ProxyTransactionManagementConfiguration$$EnhancerBySpringCGLIB$$7eeb0fbf] is not eligible for getting processed by all BeanPostProcessors (for example: not eligible for auto-proxying)
2019-07-30 19:56:24.810 INFO  --- com.alibaba.druid.spring.boot.autoconfigure.DruidDataSourceAutoConfigure.dataSource                  [line56    ] : Init DruidDataSource
2019-07-30 19:56:25.510 INFO  --- com.alibaba.druid.pool.DruidDataSource.init                                                          [line1003  ] : {dataSource-1} inited
2019-07-30 19:56:28.513 INFO  --- org.springframework.scheduling.concurrent.ThreadPoolTaskExecutor.initialize                          [line171   ] : Initializing ExecutorService 'applicationTaskExecutor'
2019-07-30 19:56:29.659 INFO  --- com.competition.SpringbootDemoApplicationTests.logStarted                                            [line59    ] : Started SpringbootDemoApplicationTests in 9.034 seconds (JVM running for 10.59)
2019-07-30 19:56:30.275 INFO  --- org.springframework.scheduling.concurrent.ThreadPoolTaskExecutor.shutdown                            [line208   ] : Shutting down ExecutorService 'applicationTaskExecutor'
2019-07-30 19:56:30.314 INFO  --- com.alibaba.druid.pool.DruidDataSource.close                                                         [line1948  ] : {dataSource-1} closing ...
2019-07-30 19:56:30.338 INFO  --- com.alibaba.druid.pool.DruidDataSource.close                                                         [line2020  ] : {dataSource-1} closed
2019-07-30 19:57:38.721 INFO  --- com.competition.SpringbootDemoApplicationTests.logStarting                                           [line50    ] : Starting SpringbootDemoApplicationTests on 27 with PID 15796 (started by guohaodong in /home/guohaodong/Idea/estc)
2019-07-30 19:57:38.725 INFO  --- com.competition.SpringbootDemoApplicationTests.logStartupProfileInfo                                 [line650   ] : The following profiles are active: dev
2019-07-30 19:57:40.529 INFO  --- org.springframework.data.repository.config.RepositoryConfigurationDelegate.multipleStoresDetected    [line244   ] : Multiple Spring Data modules found, entering strict repository configuration mode!
2019-07-30 19:57:40.533 INFO  --- org.springframework.data.repository.config.RepositoryConfigurationDelegate.registerRepositoriesIn    [line126   ] : Bootstrapping Spring Data repositories in DEFAULT mode.
2019-07-30 19:57:40.596 INFO  --- org.springframework.data.repository.config.RepositoryConfigurationDelegate.registerRepositoriesIn    [line182   ] : Finished Spring Data repository scanning in 41ms. Found 0 repository interfaces.
2019-07-30 19:57:41.283 INFO  --- xt.support.PostProcessorRegistrationDelegate$BeanPostProcessorChecker.postProcessAfterInitialization [line330   ] : Bean 'org.springframework.transaction.annotation.ProxyTransactionManagementConfiguration' of type [org.springframework.transaction.annotation.ProxyTransactionManagementConfiguration$$EnhancerBySpringCGLIB$$5fb33a09] is not eligible for getting processed by all BeanPostProcessors (for example: not eligible for auto-proxying)
2019-07-30 19:57:41.553 INFO  --- com.alibaba.druid.spring.boot.autoconfigure.DruidDataSourceAutoConfigure.dataSource                  [line56    ] : Init DruidDataSource
2019-07-30 19:57:42.243 INFO  --- com.alibaba.druid.pool.DruidDataSource.init                                                          [line1003  ] : {dataSource-1} inited
2019-07-30 19:57:44.990 INFO  --- org.springframework.scheduling.concurrent.ThreadPoolTaskExecutor.initialize                          [line171   ] : Initializing ExecutorService 'applicationTaskExecutor'
2019-07-30 19:57:45.789 INFO  --- com.competition.SpringbootDemoApplicationTests.logStarted                                            [line59    ] : Started SpringbootDemoApplicationTests in 8.33 seconds (JVM running for 9.897)
2019-07-30 19:57:46.456 INFO  --- org.springframework.scheduling.concurrent.ThreadPoolTaskExecutor.shutdown                            [line208   ] : Shutting down ExecutorService 'applicationTaskExecutor'
2019-07-30 19:57:46.497 INFO  --- com.alibaba.druid.pool.DruidDataSource.close                                                         [line1948  ] : {dataSource-1} closing ...
2019-07-30 19:57:46.519 INFO  --- com.alibaba.druid.pool.DruidDataSource.close                                                         [line2020  ] : {dataSource-1} closed
2019-07-30 20:02:16.102 INFO  --- com.competition.SpringbootDemoApplicationTests.logStarting                                           [line50    ] : Starting SpringbootDemoApplicationTests on 27 with PID 16256 (started by guohaodong in /home/guohaodong/Idea/estc)
2019-07-30 20:02:16.104 INFO  --- com.competition.SpringbootDemoApplicationTests.logStartupProfileInfo                                 [line650   ] : The following profiles are active: dev
2019-07-30 20:02:18.147 INFO  --- org.springframework.data.repository.config.RepositoryConfigurationDelegate.multipleStoresDetected    [line244   ] : Multiple Spring Data modules found, entering strict repository configuration mode!
2019-07-30 20:02:18.151 INFO  --- org.springframework.data.repository.config.RepositoryConfigurationDelegate.registerRepositoriesIn    [line126   ] : Bootstrapping Spring Data repositories in DEFAULT mode.
2019-07-30 20:02:18.211 INFO  --- org.springframework.data.repository.config.RepositoryConfigurationDelegate.registerRepositoriesIn    [line182   ] : Finished Spring Data repository scanning in 36ms. Found 0 repository interfaces.
2019-07-30 20:02:18.916 INFO  --- xt.support.PostProcessorRegistrationDelegate$BeanPostProcessorChecker.postProcessAfterInitialization [line330   ] : Bean 'org.springframework.transaction.annotation.ProxyTransactionManagementConfiguration' of type [org.springframework.transaction.annotation.ProxyTransactionManagementConfiguration$$EnhancerBySpringCGLIB$$e513c324] is not eligible for getting processed by all BeanPostProcessors (for example: not eligible for auto-proxying)
2019-07-30 20:02:19.173 INFO  --- com.alibaba.druid.spring.boot.autoconfigure.DruidDataSourceAutoConfigure.dataSource                  [line56    ] : Init DruidDataSource
2019-07-30 20:02:19.779 INFO  --- com.alibaba.druid.pool.DruidDataSource.init                                                          [line1003  ] : {dataSource-1} inited
2019-07-30 20:02:22.655 INFO  --- org.springframework.scheduling.concurrent.ThreadPoolTaskExecutor.initialize                          [line171   ] : Initializing ExecutorService 'applicationTaskExecutor'
2019-07-30 20:02:23.726 INFO  --- com.competition.SpringbootDemoApplicationTests.logStarted                                            [line59    ] : Started SpringbootDemoApplicationTests in 9.046 seconds (JVM running for 10.716)
2019-07-30 20:02:24.292 INFO  --- org.springframework.scheduling.concurrent.ThreadPoolTaskExecutor.shutdown                            [line208   ] : Shutting down ExecutorService 'applicationTaskExecutor'
2019-07-30 20:02:24.345 INFO  --- com.alibaba.druid.pool.DruidDataSource.close                                                         [line1948  ] : {dataSource-1} closing ...
2019-07-30 20:02:24.362 INFO  --- com.alibaba.druid.pool.DruidDataSource.close                                                         [line2020  ] : {dataSource-1} closed
2019-07-30 20:08:46.487 INFO  --- com.competition.SpringbootDemoApplicationTests.logStarting                                           [line50    ] : Starting SpringbootDemoApplicationTests on 27 with PID 16786 (started by guohaodong in /home/guohaodong/Idea/estc)
2019-07-30 20:08:46.491 INFO  --- com.competition.SpringbootDemoApplicationTests.logStartupProfileInfo                                 [line650   ] : The following profiles are active: dev
2019-07-30 20:08:48.551 INFO  --- org.springframework.data.repository.config.RepositoryConfigurationDelegate.multipleStoresDetected    [line244   ] : Multiple Spring Data modules found, entering strict repository configuration mode!
2019-07-30 20:08:48.556 INFO  --- org.springframework.data.repository.config.RepositoryConfigurationDelegate.registerRepositoriesIn    [line126   ] : Bootstrapping Spring Data repositories in DEFAULT mode.
2019-07-30 20:08:48.616 INFO  --- org.springframework.data.repository.config.RepositoryConfigurationDelegate.registerRepositoriesIn    [line182   ] : Finished Spring Data repository scanning in 39ms. Found 0 repository interfaces.
2019-07-30 20:08:49.351 INFO  --- xt.support.PostProcessorRegistrationDelegate$BeanPostProcessorChecker.postProcessAfterInitialization [line330   ] : Bean 'org.springframework.transaction.annotation.ProxyTransactionManagementConfiguration' of type [org.springframework.transaction.annotation.ProxyTransactionManagementConfiguration$$EnhancerBySpringCGLIB$$e513c324] is not eligible for getting processed by all BeanPostProcessors (for example: not eligible for auto-proxying)
2019-07-30 20:08:49.591 INFO  --- com.alibaba.druid.spring.boot.autoconfigure.DruidDataSourceAutoConfigure.dataSource                  [line56    ] : Init DruidDataSource
2019-07-30 20:08:50.251 INFO  --- com.alibaba.druid.pool.DruidDataSource.init                                                          [line1003  ] : {dataSource-1} inited
2019-07-30 20:08:53.146 INFO  --- org.springframework.scheduling.concurrent.ThreadPoolTaskExecutor.initialize                          [line171   ] : Initializing ExecutorService 'applicationTaskExecutor'
2019-07-30 20:08:54.230 INFO  --- com.competition.SpringbootDemoApplicationTests.logStarted                                            [line59    ] : Started SpringbootDemoApplicationTests in 9.184 seconds (JVM running for 10.735)
2019-07-30 20:08:54.704 INFO  --- org.springframework.scheduling.concurrent.ThreadPoolTaskExecutor.shutdown                            [line208   ] : Shutting down ExecutorService 'applicationTaskExecutor'
2019-07-30 20:08:54.755 INFO  --- com.alibaba.druid.pool.DruidDataSource.close                                                         [line1948  ] : {dataSource-1} closing ...
2019-07-30 20:08:54.773 INFO  --- com.alibaba.druid.pool.DruidDataSource.close                                                         [line2020  ] : {dataSource-1} closed
2019-07-30 20:12:34.513 INFO  --- com.competition.SpringbootDemoApplicationTests.logStarting                                           [line50    ] : Starting SpringbootDemoApplicationTests on 27 with PID 17060 (started by guohaodong in /home/guohaodong/Idea/estc)
2019-07-30 20:12:34.516 INFO  --- com.competition.SpringbootDemoApplicationTests.logStartupProfileInfo                                 [line650   ] : The following profiles are active: dev
2019-07-30 20:12:36.010 INFO  --- org.springframework.data.repository.config.RepositoryConfigurationDelegate.multipleStoresDetected    [line244   ] : Multiple Spring Data modules found, entering strict repository configuration mode!
2019-07-30 20:12:36.016 INFO  --- org.springframework.data.repository.config.RepositoryConfigurationDelegate.registerRepositoriesIn    [line126   ] : Bootstrapping Spring Data repositories in DEFAULT mode.
2019-07-30 20:12:36.092 INFO  --- org.springframework.data.repository.config.RepositoryConfigurationDelegate.registerRepositoriesIn    [line182   ] : Finished Spring Data repository scanning in 43ms. Found 0 repository interfaces.
2019-07-30 20:12:36.941 INFO  --- xt.support.PostProcessorRegistrationDelegate$BeanPostProcessorChecker.postProcessAfterInitialization [line330   ] : Bean 'org.springframework.transaction.annotation.ProxyTransactionManagementConfiguration' of type [org.springframework.transaction.annotation.ProxyTransactionManagementConfiguration$$EnhancerBySpringCGLIB$$a6d2ff1] is not eligible for getting processed by all BeanPostProcessors (for example: not eligible for auto-proxying)
2019-07-30 20:12:37.212 INFO  --- com.alibaba.druid.spring.boot.autoconfigure.DruidDataSourceAutoConfigure.dataSource                  [line56    ] : Init DruidDataSource
2019-07-30 20:12:37.890 INFO  --- com.alibaba.druid.pool.DruidDataSource.init                                                          [line1003  ] : {dataSource-1} inited
2019-07-30 20:12:41.742 INFO  --- org.springframework.scheduling.concurrent.ThreadPoolTaskExecutor.initialize                          [line171   ] : Initializing ExecutorService 'applicationTaskExecutor'
2019-07-30 20:12:42.540 INFO  --- com.competition.SpringbootDemoApplicationTests.logStarted                                            [line59    ] : Started SpringbootDemoApplicationTests in 9.339 seconds (JVM running for 11.364)
2019-07-30 20:12:42.899 INFO  --- org.springframework.scheduling.concurrent.ThreadPoolTaskExecutor.shutdown                            [line208   ] : Shutting down ExecutorService 'applicationTaskExecutor'
2019-07-30 20:12:43.236 INFO  --- com.alibaba.druid.pool.DruidDataSource.close                                                         [line1948  ] : {dataSource-1} closing ...
2019-07-30 20:12:43.271 INFO  --- com.alibaba.druid.pool.DruidDataSource.close                                                         [line2020  ] : {dataSource-1} closed
2019-07-30 20:13:54.805 INFO  --- com.competition.SpringbootDemoApplicationTests.logStarting                                           [line50    ] : Starting SpringbootDemoApplicationTests on 27 with PID 17209 (started by guohaodong in /home/guohaodong/Idea/estc)
2019-07-30 20:13:54.808 INFO  --- com.competition.SpringbootDemoApplicationTests.logStartupProfileInfo                                 [line650   ] : The following profiles are active: dev
2019-07-30 20:13:56.486 INFO  --- org.springframework.data.repository.config.RepositoryConfigurationDelegate.multipleStoresDetected    [line244   ] : Multiple Spring Data modules found, entering strict repository configuration mode!
2019-07-30 20:13:56.490 INFO  --- org.springframework.data.repository.config.RepositoryConfigurationDelegate.registerRepositoriesIn    [line126   ] : Bootstrapping Spring Data repositories in DEFAULT mode.
2019-07-30 20:13:56.569 INFO  --- org.springframework.data.repository.config.RepositoryConfigurationDelegate.registerRepositoriesIn    [line182   ] : Finished Spring Data repository scanning in 54ms. Found 0 repository interfaces.
2019-07-30 20:13:57.285 INFO  --- xt.support.PostProcessorRegistrationDelegate$BeanPostProcessorChecker.postProcessAfterInitialization [line330   ] : Bean 'org.springframework.transaction.annotation.ProxyTransactionManagementConfiguration' of type [org.springframework.transaction.annotation.ProxyTransactionManagementConfiguration$$EnhancerBySpringCGLIB$$3066d223] is not eligible for getting processed by all BeanPostProcessors (for example: not eligible for auto-proxying)
2019-07-30 20:13:57.519 INFO  --- com.alibaba.druid.spring.boot.autoconfigure.DruidDataSourceAutoConfigure.dataSource                  [line56    ] : Init DruidDataSource
2019-07-30 20:13:58.231 INFO  --- com.alibaba.druid.pool.DruidDataSource.init                                                          [line1003  ] : {dataSource-1} inited
2019-07-30 20:14:01.007 INFO  --- org.springframework.scheduling.concurrent.ThreadPoolTaskExecutor.initialize                          [line171   ] : Initializing ExecutorService 'applicationTaskExecutor'
2019-07-30 20:14:02.051 INFO  --- com.competition.SpringbootDemoApplicationTests.logStarted                                            [line59    ] : Started SpringbootDemoApplicationTests in 8.515 seconds (JVM running for 10.291)
2019-07-30 20:14:02.427 INFO  --- org.springframework.scheduling.concurrent.ThreadPoolTaskExecutor.shutdown                            [line208   ] : Shutting down ExecutorService 'applicationTaskExecutor'
2019-07-30 20:14:02.460 INFO  --- com.alibaba.druid.pool.DruidDataSource.close                                                         [line1948  ] : {dataSource-1} closing ...
2019-07-30 20:14:02.478 INFO  --- com.alibaba.druid.pool.DruidDataSource.close                                                         [line2020  ] : {dataSource-1} closed
2019-07-30 20:15:10.662 INFO  --- com.competition.SpringbootDemoApplicationTests.logStarting                                           [line50    ] : Starting SpringbootDemoApplicationTests on 27 with PID 17416 (started by guohaodong in /home/guohaodong/Idea/estc)
2019-07-30 20:15:10.665 INFO  --- com.competition.SpringbootDemoApplicationTests.logStartupProfileInfo                                 [line650   ] : The following profiles are active: dev
2019-07-30 20:15:12.424 INFO  --- org.springframework.data.repository.config.RepositoryConfigurationDelegate.multipleStoresDetected    [line244   ] : Multiple Spring Data modules found, entering strict repository configuration mode!
2019-07-30 20:15:12.428 INFO  --- org.springframework.data.repository.config.RepositoryConfigurationDelegate.registerRepositoriesIn    [line126   ] : Bootstrapping Spring Data repositories in DEFAULT mode.
2019-07-30 20:15:12.481 INFO  --- org.springframework.data.repository.config.RepositoryConfigurationDelegate.registerRepositoriesIn    [line182   ] : Finished Spring Data repository scanning in 34ms. Found 0 repository interfaces.
2019-07-30 20:15:13.209 INFO  --- xt.support.PostProcessorRegistrationDelegate$BeanPostProcessorChecker.postProcessAfterInitialization [line330   ] : Bean 'org.springframework.transaction.annotation.ProxyTransactionManagementConfiguration' of type [org.springframework.transaction.annotation.ProxyTransactionManagementConfiguration$$EnhancerBySpringCGLIB$$2af0af5d] is not eligible for getting processed by all BeanPostProcessors (for example: not eligible for auto-proxying)
2019-07-30 20:15:13.474 INFO  --- com.alibaba.druid.spring.boot.autoconfigure.DruidDataSourceAutoConfigure.dataSource                  [line56    ] : Init DruidDataSource
2019-07-30 20:15:14.060 INFO  --- com.alibaba.druid.pool.DruidDataSource.init                                                          [line1003  ] : {dataSource-1} inited
2019-07-30 20:15:17.098 INFO  --- org.springframework.scheduling.concurrent.ThreadPoolTaskExecutor.initialize                          [line171   ] : Initializing ExecutorService 'applicationTaskExecutor'
2019-07-30 20:15:18.166 INFO  --- com.competition.SpringbootDemoApplicationTests.logStarted                                            [line59    ] : Started SpringbootDemoApplicationTests in 8.868 seconds (JVM running for 10.516)
2019-07-30 20:15:19.020 INFO  --- org.springframework.scheduling.concurrent.ThreadPoolTaskExecutor.shutdown                            [line208   ] : Shutting down ExecutorService 'applicationTaskExecutor'
2019-07-30 20:15:19.058 INFO  --- com.alibaba.druid.pool.DruidDataSource.close                                                         [line1948  ] : {dataSource-1} closing ...
2019-07-30 20:15:19.078 INFO  --- com.alibaba.druid.pool.DruidDataSource.close                                                         [line2020  ] : {dataSource-1} closed
2019-07-30 20:16:20.444 INFO  --- com.competition.SpringbootDemoApplicationTests.logStarting                                           [line50    ] : Starting SpringbootDemoApplicationTests on 27 with PID 17562 (started by guohaodong in /home/guohaodong/Idea/estc)
2019-07-30 20:16:20.447 INFO  --- com.competition.SpringbootDemoApplicationTests.logStartupProfileInfo                                 [line650   ] : The following profiles are active: dev
2019-07-30 20:16:22.093 INFO  --- org.springframework.data.repository.config.RepositoryConfigurationDelegate.multipleStoresDetected    [line244   ] : Multiple Spring Data modules found, entering strict repository configuration mode!
2019-07-30 20:16:22.097 INFO  --- org.springframework.data.repository.config.RepositoryConfigurationDelegate.registerRepositoriesIn    [line126   ] : Bootstrapping Spring Data repositories in DEFAULT mode.
2019-07-30 20:16:22.161 INFO  --- org.springframework.data.repository.config.RepositoryConfigurationDelegate.registerRepositoriesIn    [line182   ] : Finished Spring Data repository scanning in 30ms. Found 0 repository interfaces.
2019-07-30 20:16:23.005 INFO  --- xt.support.PostProcessorRegistrationDelegate$BeanPostProcessorChecker.postProcessAfterInitialization [line330   ] : Bean 'org.springframework.transaction.annotation.ProxyTransactionManagementConfiguration' of type [org.springframework.transaction.annotation.ProxyTransactionManagementConfiguration$$EnhancerBySpringCGLIB$$5fb33a09] is not eligible for getting processed by all BeanPostProcessors (for example: not eligible for auto-proxying)
2019-07-30 20:16:23.252 INFO  --- com.alibaba.druid.spring.boot.autoconfigure.DruidDataSourceAutoConfigure.dataSource                  [line56    ] : Init DruidDataSource
2019-07-30 20:16:23.991 INFO  --- com.alibaba.druid.pool.DruidDataSource.init                                                          [line1003  ] : {dataSource-1} inited
2019-07-30 20:16:27.137 INFO  --- org.springframework.scheduling.concurrent.ThreadPoolTaskExecutor.initialize                          [line171   ] : Initializing ExecutorService 'applicationTaskExecutor'
2019-07-30 20:16:28.227 INFO  --- com.competition.SpringbootDemoApplicationTests.logStarted                                            [line59    ] : Started SpringbootDemoApplicationTests in 8.966 seconds (JVM running for 10.5)
2019-07-30 20:16:28.903 INFO  --- org.springframework.scheduling.concurrent.ThreadPoolTaskExecutor.shutdown                            [line208   ] : Shutting down ExecutorService 'applicationTaskExecutor'
2019-07-30 20:16:28.950 INFO  --- com.alibaba.druid.pool.DruidDataSource.close                                                         [line1948  ] : {dataSource-1} closing ...
2019-07-30 20:16:28.969 INFO  --- com.alibaba.druid.pool.DruidDataSource.close                                                         [line2020  ] : {dataSource-1} closed
2019-07-30 20:17:08.941 INFO  --- com.competition.SpringbootDemoApplicationTests.logStarting                                           [line50    ] : Starting SpringbootDemoApplicationTests on 27 with PID 17634 (started by guohaodong in /home/guohaodong/Idea/estc)
2019-07-30 20:17:08.944 INFO  --- com.competition.SpringbootDemoApplicationTests.logStartupProfileInfo                                 [line650   ] : The following profiles are active: dev
2019-07-30 20:17:10.736 INFO  --- org.springframework.data.repository.config.RepositoryConfigurationDelegate.multipleStoresDetected    [line244   ] : Multiple Spring Data modules found, entering strict repository configuration mode!
2019-07-30 20:17:10.741 INFO  --- org.springframework.data.repository.config.RepositoryConfigurationDelegate.registerRepositoriesIn    [line126   ] : Bootstrapping Spring Data repositories in DEFAULT mode.
2019-07-30 20:17:10.808 INFO  --- org.springframework.data.repository.config.RepositoryConfigurationDelegate.registerRepositoriesIn    [line182   ] : Finished Spring Data repository scanning in 43ms. Found 0 repository interfaces.
2019-07-30 20:17:11.623 INFO  --- xt.support.PostProcessorRegistrationDelegate$BeanPostProcessorChecker.postProcessAfterInitialization [line330   ] : Bean 'org.springframework.transaction.annotation.ProxyTransactionManagementConfiguration' of type [org.springframework.transaction.annotation.ProxyTransactionManagementConfiguration$$EnhancerBySpringCGLIB$$e513c324] is not eligible for getting processed by all BeanPostProcessors (for example: not eligible for auto-proxying)
2019-07-30 20:17:11.889 INFO  --- com.alibaba.druid.spring.boot.autoconfigure.DruidDataSourceAutoConfigure.dataSource                  [line56    ] : Init DruidDataSource
2019-07-30 20:17:12.558 INFO  --- com.alibaba.druid.pool.DruidDataSource.init                                                          [line1003  ] : {dataSource-1} inited
2019-07-30 20:17:15.501 INFO  --- org.springframework.scheduling.concurrent.ThreadPoolTaskExecutor.initialize                          [line171   ] : Initializing ExecutorService 'applicationTaskExecutor'
2019-07-30 20:17:16.381 INFO  --- com.competition.SpringbootDemoApplicationTests.logStarted                                            [line59    ] : Started SpringbootDemoApplicationTests in 8.646 seconds (JVM running for 10.197)
2019-07-30 20:17:16.824 INFO  --- org.springframework.scheduling.concurrent.ThreadPoolTaskExecutor.shutdown                            [line208   ] : Shutting down ExecutorService 'applicationTaskExecutor'
2019-07-30 20:17:16.877 INFO  --- com.alibaba.druid.pool.DruidDataSource.close                                                         [line1948  ] : {dataSource-1} closing ...
2019-07-30 20:17:16.915 INFO  --- com.alibaba.druid.pool.DruidDataSource.close                                                         [line2020  ] : {dataSource-1} closed
2019-07-30 20:18:13.792 INFO  --- com.competition.SpringbootDemoApplicationTests.logStarting                                           [line50    ] : Starting SpringbootDemoApplicationTests on 27 with PID 17770 (started by guohaodong in /home/guohaodong/Idea/estc)
2019-07-30 20:18:13.794 INFO  --- com.competition.SpringbootDemoApplicationTests.logStartupProfileInfo                                 [line650   ] : The following profiles are active: dev
2019-07-30 20:18:15.588 INFO  --- org.springframework.data.repository.config.RepositoryConfigurationDelegate.multipleStoresDetected    [line244   ] : Multiple Spring Data modules found, entering strict repository configuration mode!
2019-07-30 20:18:15.592 INFO  --- org.springframework.data.repository.config.RepositoryConfigurationDelegate.registerRepositoriesIn    [line126   ] : Bootstrapping Spring Data repositories in DEFAULT mode.
2019-07-30 20:18:15.654 INFO  --- org.springframework.data.repository.config.RepositoryConfigurationDelegate.registerRepositoriesIn    [line182   ] : Finished Spring Data repository scanning in 29ms. Found 0 repository interfaces.
2019-07-30 20:18:16.462 INFO  --- xt.support.PostProcessorRegistrationDelegate$BeanPostProcessorChecker.postProcessAfterInitialization [line330   ] : Bean 'org.springframework.transaction.annotation.ProxyTransactionManagementConfiguration' of type [org.springframework.transaction.annotation.ProxyTransactionManagementConfiguration$$EnhancerBySpringCGLIB$$3066d223] is not eligible for getting processed by all BeanPostProcessors (for example: not eligible for auto-proxying)
2019-07-30 20:18:16.714 INFO  --- com.alibaba.druid.spring.boot.autoconfigure.DruidDataSourceAutoConfigure.dataSource                  [line56    ] : Init DruidDataSource
2019-07-30 20:18:17.394 INFO  --- com.alibaba.druid.pool.DruidDataSource.init                                                          [line1003  ] : {dataSource-1} inited
2019-07-30 20:18:20.504 INFO  --- org.springframework.scheduling.concurrent.ThreadPoolTaskExecutor.initialize                          [line171   ] : Initializing ExecutorService 'applicationTaskExecutor'
2019-07-30 20:18:21.613 INFO  --- com.competition.SpringbootDemoApplicationTests.logStarted                                            [line59    ] : Started SpringbootDemoApplicationTests in 9.092 seconds (JVM running for 10.628)
2019-07-30 20:18:22.158 INFO  --- org.springframework.scheduling.concurrent.ThreadPoolTaskExecutor.shutdown                            [line208   ] : Shutting down ExecutorService 'applicationTaskExecutor'
2019-07-30 20:18:22.218 INFO  --- com.alibaba.druid.pool.DruidDataSource.close                                                         [line1948  ] : {dataSource-1} closing ...
2019-07-30 20:18:22.242 INFO  --- com.alibaba.druid.pool.DruidDataSource.close                                                         [line2020  ] : {dataSource-1} closed
2019-07-30 20:19:15.126 INFO  --- com.competition.SpringbootDemoApplicationTests.logStarting                                           [line50    ] : Starting SpringbootDemoApplicationTests on 27 with PID 17906 (started by guohaodong in /home/guohaodong/Idea/estc)
2019-07-30 20:19:15.128 INFO  --- com.competition.SpringbootDemoApplicationTests.logStartupProfileInfo                                 [line650   ] : The following profiles are active: dev
2019-07-30 20:19:17.142 INFO  --- org.springframework.data.repository.config.RepositoryConfigurationDelegate.multipleStoresDetected    [line244   ] : Multiple Spring Data modules found, entering strict repository configuration mode!
2019-07-30 20:19:17.157 INFO  --- org.springframework.data.repository.config.RepositoryConfigurationDelegate.registerRepositoriesIn    [line126   ] : Bootstrapping Spring Data repositories in DEFAULT mode.
2019-07-30 20:19:17.211 INFO  --- org.springframework.data.repository.config.RepositoryConfigurationDelegate.registerRepositoriesIn    [line182   ] : Finished Spring Data repository scanning in 34ms. Found 0 repository interfaces.
2019-07-30 20:19:17.947 INFO  --- xt.support.PostProcessorRegistrationDelegate$BeanPostProcessorChecker.postProcessAfterInitialization [line330   ] : Bean 'org.springframework.transaction.annotation.ProxyTransactionManagementConfiguration' of type [org.springframework.transaction.annotation.ProxyTransactionManagementConfiguration$$EnhancerBySpringCGLIB$$55ffc8cc] is not eligible for getting processed by all BeanPostProcessors (for example: not eligible for auto-proxying)
2019-07-30 20:19:18.192 INFO  --- com.alibaba.druid.spring.boot.autoconfigure.DruidDataSourceAutoConfigure.dataSource                  [line56    ] : Init DruidDataSource
2019-07-30 20:19:18.853 INFO  --- com.alibaba.druid.pool.DruidDataSource.init                                                          [line1003  ] : {dataSource-1} inited
2019-07-30 20:19:21.774 INFO  --- org.springframework.scheduling.concurrent.ThreadPoolTaskExecutor.initialize                          [line171   ] : Initializing ExecutorService 'applicationTaskExecutor'
2019-07-30 20:19:22.832 INFO  --- com.competition.SpringbootDemoApplicationTests.logStarted                                            [line59    ] : Started SpringbootDemoApplicationTests in 8.882 seconds (JVM running for 10.418)
2019-07-30 20:19:23.331 INFO  --- org.springframework.scheduling.concurrent.ThreadPoolTaskExecutor.shutdown                            [line208   ] : Shutting down ExecutorService 'applicationTaskExecutor'
2019-07-30 20:19:23.364 INFO  --- com.alibaba.druid.pool.DruidDataSource.close                                                         [line1948  ] : {dataSource-1} closing ...
2019-07-30 20:19:23.382 INFO  --- com.alibaba.druid.pool.DruidDataSource.close                                                         [line2020  ] : {dataSource-1} closed
2019-07-30 20:20:18.269 INFO  --- com.competition.SpringbootDemoApplicationTests.logStarting                                           [line50    ] : Starting SpringbootDemoApplicationTests on 27 with PID 18040 (started by guohaodong in /home/guohaodong/Idea/estc)
2019-07-30 20:20:18.273 INFO  --- com.competition.SpringbootDemoApplicationTests.logStartupProfileInfo                                 [line650   ] : The following profiles are active: dev
2019-07-30 20:20:20.241 INFO  --- org.springframework.data.repository.config.RepositoryConfigurationDelegate.multipleStoresDetected    [line244   ] : Multiple Spring Data modules found, entering strict repository configuration mode!
2019-07-30 20:20:20.246 INFO  --- org.springframework.data.repository.config.RepositoryConfigurationDelegate.registerRepositoriesIn    [line126   ] : Bootstrapping Spring Data repositories in DEFAULT mode.
2019-07-30 20:20:20.321 INFO  --- org.springframework.data.repository.config.RepositoryConfigurationDelegate.registerRepositoriesIn    [line182   ] : Finished Spring Data repository scanning in 54ms. Found 0 repository interfaces.
2019-07-30 20:20:21.068 INFO  --- xt.support.PostProcessorRegistrationDelegate$BeanPostProcessorChecker.postProcessAfterInitialization [line330   ] : Bean 'org.springframework.transaction.annotation.ProxyTransactionManagementConfiguration' of type [org.springframework.transaction.annotation.ProxyTransactionManagementConfiguration$$EnhancerBySpringCGLIB$$5fb33a09] is not eligible for getting processed by all BeanPostProcessors (for example: not eligible for auto-proxying)
2019-07-30 20:20:21.328 INFO  --- com.alibaba.druid.spring.boot.autoconfigure.DruidDataSourceAutoConfigure.dataSource                  [line56    ] : Init DruidDataSource
2019-07-30 20:20:21.941 INFO  --- com.alibaba.druid.pool.DruidDataSource.init                                                          [line1003  ] : {dataSource-1} inited
2019-07-30 20:20:24.410 INFO  --- org.springframework.scheduling.concurrent.ThreadPoolTaskExecutor.initialize                          [line171   ] : Initializing ExecutorService 'applicationTaskExecutor'
2019-07-30 20:20:25.392 INFO  --- com.competition.SpringbootDemoApplicationTests.logStarted                                            [line59    ] : Started SpringbootDemoApplicationTests in 8.454 seconds (JVM running for 9.963)
2019-07-30 20:20:25.896 INFO  --- org.springframework.scheduling.concurrent.ThreadPoolTaskExecutor.shutdown                            [line208   ] : Shutting down ExecutorService 'applicationTaskExecutor'
2019-07-30 20:20:25.944 INFO  --- com.alibaba.druid.pool.DruidDataSource.close                                                         [line1948  ] : {dataSource-1} closing ...
2019-07-30 20:20:25.970 INFO  --- com.alibaba.druid.pool.DruidDataSource.close                                                         [line2020  ] : {dataSource-1} closed
