2019-08-11 09:57:56.779 INFO  --- com.competition.SpringbootDemoApplication.logStarting                                                [line50    ] : Starting SpringbootDemoApplication on LAPTOP-980LUNLK with PID 9316 (D:\com.yundings\estc-master\target\classes started by Administrator in D:\com.yundings\estc-master)
2019-08-11 09:57:56.782 INFO  --- com.competition.SpringbootDemoApplication.logStartupProfileInfo                                      [line650   ] : The following profiles are active: csw
2019-08-11 09:57:58.955 INFO  --- org.springframework.data.repository.config.RepositoryConfigurationDelegate.multipleStoresDetected    [line244   ] : Multiple Spring Data modules found, entering strict repository configuration mode!
2019-08-11 09:57:58.958 INFO  --- org.springframework.data.repository.config.RepositoryConfigurationDelegate.registerRepositoriesIn    [line126   ] : Bootstrapping Spring Data repositories in DEFAULT mode.
2019-08-11 09:57:59.006 INFO  --- org.springframework.data.repository.config.RepositoryConfigurationDelegate.registerRepositoriesIn    [line182   ] : Finished Spring Data repository scanning in 28ms. Found 0 repository interfaces.
2019-08-11 09:57:59.330 INFO  --- xt.support.PostProcessorRegistrationDelegate$BeanPostProcessorChecker.postProcessAfterInitialization [line330   ] : Bean 'org.springframework.transaction.annotation.ProxyTransactionManagementConfiguration' of type [org.springframework.transaction.annotation.ProxyTransactionManagementConfiguration$$EnhancerBySpringCGLIB$$efaecfe4] is not eligible for getting processed by all BeanPostProcessors (for example: not eligible for auto-proxying)
2019-08-11 09:57:59.458 INFO  --- xt.support.PostProcessorRegistrationDelegate$BeanPostProcessorChecker.postProcessAfterInitialization [line330   ] : Bean 'com.competition.config.ShiroConfig' of type [com.competition.config.ShiroConfig] is not eligible for getting processed by all BeanPostProcessors (for example: not eligible for auto-proxying)
2019-08-11 09:57:59.474 INFO  --- xt.support.PostProcessorRegistrationDelegate$BeanPostProcessorChecker.postProcessAfterInitialization [line330   ] : Bean 'credentialsMatcher' of type [org.apache.shiro.authc.credential.HashedCredentialsMatcher] is not eligible for getting processed by all BeanPostProcessors (for example: not eligible for auto-proxying)
2019-08-11 09:57:59.556 INFO  --- xt.support.PostProcessorRegistrationDelegate$BeanPostProcessorChecker.postProcessAfterInitialization [line330   ] : Bean 'mybatis-plus-com.baomidou.mybatisplus.autoconfigure.MybatisPlusProperties' of type [com.baomidou.mybatisplus.autoconfigure.MybatisPlusProperties] is not eligible for getting processed by all BeanPostProcessors (for example: not eligible for auto-proxying)
2019-08-11 09:57:59.563 INFO  --- xt.support.PostProcessorRegistrationDelegate$BeanPostProcessorChecker.postProcessAfterInitialization [line330   ] : Bean 'com.competition.config.MybatisPlusConfig' of type [com.competition.config.MybatisPlusConfig] is not eligible for getting processed by all BeanPostProcessors (for example: not eligible for auto-proxying)
2019-08-11 09:57:59.570 INFO  --- xt.support.PostProcessorRegistrationDelegate$BeanPostProcessorChecker.postProcessAfterInitialization [line330   ] : Bean 'paginationInterceptor' of type [com.baomidou.mybatisplus.extension.plugins.PaginationInterceptor] is not eligible for getting processed by all BeanPostProcessors (for example: not eligible for auto-proxying)
2019-08-11 09:57:59.579 INFO  --- xt.support.PostProcessorRegistrationDelegate$BeanPostProcessorChecker.postProcessAfterInitialization [line330   ] : Bean 'com.baomidou.mybatisplus.autoconfigure.MybatisPlusAutoConfiguration' of type [com.baomidou.mybatisplus.autoconfigure.MybatisPlusAutoConfiguration$$EnhancerBySpringCGLIB$$2d773c7e] is not eligible for getting processed by all BeanPostProcessors (for example: not eligible for auto-proxying)
2019-08-11 09:57:59.583 INFO  --- xt.support.PostProcessorRegistrationDelegate$BeanPostProcessorChecker.postProcessAfterInitialization [line330   ] : Bean 'com.alibaba.druid.spring.boot.autoconfigure.DruidDataSourceAutoConfigure' of type [com.alibaba.druid.spring.boot.autoconfigure.DruidDataSourceAutoConfigure$$EnhancerBySpringCGLIB$$95ac556] is not eligible for getting processed by all BeanPostProcessors (for example: not eligible for auto-proxying)
2019-08-11 09:57:59.588 INFO  --- com.alibaba.druid.spring.boot.autoconfigure.DruidDataSourceAutoConfigure.dataSource                  [line56    ] : Init DruidDataSource
2019-08-11 09:57:59.672 INFO  --- xt.support.PostProcessorRegistrationDelegate$BeanPostProcessorChecker.postProcessAfterInitialization [line330   ] : Bean 'spring.datasource-org.springframework.boot.autoconfigure.jdbc.DataSourceProperties' of type [org.springframework.boot.autoconfigure.jdbc.DataSourceProperties] is not eligible for getting processed by all BeanPostProcessors (for example: not eligible for auto-proxying)
2019-08-11 09:58:17.305 INFO  --- com.alibaba.druid.pool.DruidDataSource.init                                                          [line1003  ] : {dataSource-1} inited
2019-08-11 09:58:17.307 INFO  --- xt.support.PostProcessorRegistrationDelegate$BeanPostProcessorChecker.postProcessAfterInitialization [line330   ] : Bean 'dataSource' of type [com.alibaba.druid.spring.boot.autoconfigure.DruidDataSourceWrapper] is not eligible for getting processed by all BeanPostProcessors (for example: not eligible for auto-proxying)
2019-08-11 09:58:17.357 INFO  --- xt.support.PostProcessorRegistrationDelegate$BeanPostProcessorChecker.postProcessAfterInitialization [line330   ] : Bean 'org.springframework.boot.autoconfigure.jdbc.DataSourceInitializerInvoker' of type [org.springframework.boot.autoconfigure.jdbc.DataSourceInitializerInvoker] is not eligible for getting processed by all BeanPostProcessors (for example: not eligible for auto-proxying)
2019-08-11 09:58:18.175 INFO  --- xt.support.PostProcessorRegistrationDelegate$BeanPostProcessorChecker.postProcessAfterInitialization [line330   ] : Bean 'sqlSessionFactory' of type [org.apache.ibatis.session.defaults.DefaultSqlSessionFactory] is not eligible for getting processed by all BeanPostProcessors (for example: not eligible for auto-proxying)
2019-08-11 09:58:18.197 INFO  --- xt.support.PostProcessorRegistrationDelegate$BeanPostProcessorChecker.postProcessAfterInitialization [line330   ] : Bean 'sqlSessionTemplate' of type [org.mybatis.spring.SqlSessionTemplate] is not eligible for getting processed by all BeanPostProcessors (for example: not eligible for auto-proxying)
2019-08-11 09:58:18.279 INFO  --- xt.support.PostProcessorRegistrationDelegate$BeanPostProcessorChecker.postProcessAfterInitialization [line330   ] : Bean 'userMapper' of type [org.mybatis.spring.mapper.MapperFactoryBean] is not eligible for getting processed by all BeanPostProcessors (for example: not eligible for auto-proxying)
2019-08-11 09:58:18.286 INFO  --- xt.support.PostProcessorRegistrationDelegate$BeanPostProcessorChecker.postProcessAfterInitialization [line330   ] : Bean 'userMapper' of type [com.sun.proxy.$Proxy83] is not eligible for getting processed by all BeanPostProcessors (for example: not eligible for auto-proxying)
2019-08-11 09:58:18.290 INFO  --- xt.support.PostProcessorRegistrationDelegate$BeanPostProcessorChecker.postProcessAfterInitialization [line330   ] : Bean 'userServiceImpl' of type [com.competition.service.impl.UserServiceImpl] is not eligible for getting processed by all BeanPostProcessors (for example: not eligible for auto-proxying)
2019-08-11 09:58:18.339 INFO  --- xt.support.PostProcessorRegistrationDelegate$BeanPostProcessorChecker.postProcessAfterInitialization [line330   ] : Bean 'userRealm' of type [com.competition.shiro.UserRealm] is not eligible for getting processed by all BeanPostProcessors (for example: not eligible for auto-proxying)
2019-08-11 09:58:18.383 INFO  --- xt.support.PostProcessorRegistrationDelegate$BeanPostProcessorChecker.postProcessAfterInitialization [line330   ] : Bean 'defaultSecurityManager' of type [org.apache.shiro.web.mgt.DefaultWebSecurityManager] is not eligible for getting processed by all BeanPostProcessors (for example: not eligible for auto-proxying)
2019-08-11 09:58:18.805 INFO  --- org.springframework.boot.web.embedded.tomcat.TomcatWebServer.initialize                              [line90    ] : Tomcat initialized with port(s): 8080 (http)
2019-08-11 09:58:18.819 INFO  --- org.apache.coyote.http11.Http11NioProtocol.log                                                       [line173   ] : Initializing ProtocolHandler ["http-nio-8080"]
2019-08-11 09:58:18.826 INFO  --- org.apache.catalina.core.StandardService.log                                                         [line173   ] : Starting service [Tomcat]
2019-08-11 09:58:18.826 INFO  --- org.apache.catalina.core.StandardEngine.log                                                          [line173   ] : Starting Servlet engine: [Apache Tomcat/9.0.21]
2019-08-11 09:58:18.831 INFO  --- org.apache.catalina.core.AprLifecycleListener.log                                                    [line173   ] : Loaded APR based Apache Tomcat Native library [1.2.21] using APR version [1.6.5].
2019-08-11 09:58:18.831 INFO  --- org.apache.catalina.core.AprLifecycleListener.log                                                    [line173   ] : APR capabilities: IPv6 [true], sendfile [true], accept filters [false], random [true].
2019-08-11 09:58:18.831 INFO  --- org.apache.catalina.core.AprLifecycleListener.log                                                    [line173   ] : APR/OpenSSL configuration: useAprConnector [false], useOpenSSL [true]
2019-08-11 09:58:18.903 INFO  --- org.apache.catalina.core.AprLifecycleListener.log                                                    [line173   ] : OpenSSL successfully initialized [OpenSSL 1.1.1a  20 Nov 2018]
2019-08-11 09:58:19.290 INFO  --- org.apache.catalina.core.ContainerBase.[Tomcat].[localhost].[/].log                                  [line173   ] : Initializing Spring embedded WebApplicationContext
2019-08-11 09:58:19.291 INFO  --- org.springframework.web.context.ContextLoader.prepareWebApplicationContext                           [line283   ] : Root WebApplicationContext: initialization completed in 22379 ms
2019-08-11 09:58:20.946 INFO  --- springfox.documentation.spring.web.PropertySourcedRequestMappingHandlerMapping.initHandlerMethods    [line69    ] : Mapped URL path [/v2/api-docs] onto method [public org.springframework.http.ResponseEntity<springfox.documentation.spring.web.json.Json> springfox.documentation.swagger2.web.Swagger2Controller.getDocumentation(java.lang.String,javax.servlet.http.HttpServletRequest)]
2019-08-11 09:58:21.147 INFO  --- org.springframework.scheduling.concurrent.ThreadPoolTaskExecutor.initialize                          [line171   ] : Initializing ExecutorService 'applicationTaskExecutor'
2019-08-11 09:58:21.522 INFO  --- springfox.documentation.spring.web.plugins.DocumentationPluginsBootstrapper.start                    [line160   ] : Context refreshed
2019-08-11 09:58:21.543 INFO  --- springfox.documentation.spring.web.plugins.DocumentationPluginsBootstrapper.start                    [line163   ] : Found 1 custom documentation plugin(s)
2019-08-11 09:58:21.575 INFO  --- springfox.documentation.spring.web.scanners.ApiListingReferenceScanner.scan                          [line41    ] : Scanning for api listing references
2019-08-11 09:58:21.748 INFO  --- springfox.documentation.spring.web.readers.operation.CachingOperationNameGenerator.startingWith      [line40    ] : Generating unique operation named: attentionUsingPUT_1
2019-08-11 09:58:21.816 INFO  --- org.apache.coyote.http11.Http11NioProtocol.log                                                       [line173   ] : Starting ProtocolHandler ["http-nio-8080"]
2019-08-11 09:58:21.897 INFO  --- org.springframework.boot.web.embedded.tomcat.TomcatWebServer.start                                   [line202   ] : Tomcat started on port(s): 8080 (http) with context path ''
2019-08-11 09:58:21.904 INFO  --- com.competition.SpringbootDemoApplication.logStarted                                                 [line59    ] : Started SpringbootDemoApplication in 25.815 seconds (JVM running for 27.155)
2019-08-11 09:59:00.768 INFO  --- org.apache.catalina.core.ContainerBase.[Tomcat].[localhost].[/].log                                  [line173   ] : Initializing Spring DispatcherServlet 'dispatcherServlet'
2019-08-11 09:59:00.769 INFO  --- org.springframework.web.servlet.DispatcherServlet.initServletBean                                    [line524   ] : Initializing Servlet 'dispatcherServlet'
2019-08-11 09:59:00.778 INFO  --- org.springframework.web.servlet.DispatcherServlet.initServletBean                                    [line546   ] : Completed initialization in 9 ms
2019-08-11 09:59:08.260 INFO  --- com.competition.shiro.UserRealm.doGetAuthenticationInfo                                              [line65    ] : 执行认证逻辑
2019-08-11 09:59:38.434 INFO  --- com.competition.SpringbootDemoApplication.logStarting                                                [line50    ] : Starting SpringbootDemoApplication on LAPTOP-980LUNLK with PID 17420 (D:\com.yundings\estc-master\target\classes started by Administrator in D:\com.yundings\estc-master)
2019-08-11 09:59:38.437 INFO  --- com.competition.SpringbootDemoApplication.logStartupProfileInfo                                      [line650   ] : The following profiles are active: csw
2019-08-11 09:59:39.602 INFO  --- org.springframework.data.repository.config.RepositoryConfigurationDelegate.multipleStoresDetected    [line244   ] : Multiple Spring Data modules found, entering strict repository configuration mode!
2019-08-11 09:59:39.608 INFO  --- org.springframework.data.repository.config.RepositoryConfigurationDelegate.registerRepositoriesIn    [line126   ] : Bootstrapping Spring Data repositories in DEFAULT mode.
2019-08-11 09:59:39.670 INFO  --- org.springframework.data.repository.config.RepositoryConfigurationDelegate.registerRepositoriesIn    [line182   ] : Finished Spring Data repository scanning in 41ms. Found 0 repository interfaces.
2019-08-11 09:59:40.018 INFO  --- xt.support.PostProcessorRegistrationDelegate$BeanPostProcessorChecker.postProcessAfterInitialization [line330   ] : Bean 'org.springframework.transaction.annotation.ProxyTransactionManagementConfiguration' of type [org.springframework.transaction.annotation.ProxyTransactionManagementConfiguration$$EnhancerBySpringCGLIB$$c52fdd68] is not eligible for getting processed by all BeanPostProcessors (for example: not eligible for auto-proxying)
2019-08-11 09:59:40.082 INFO  --- xt.support.PostProcessorRegistrationDelegate$BeanPostProcessorChecker.postProcessAfterInitialization [line330   ] : Bean 'com.competition.config.ShiroConfig' of type [com.competition.config.ShiroConfig] is not eligible for getting processed by all BeanPostProcessors (for example: not eligible for auto-proxying)
2019-08-11 09:59:40.088 INFO  --- xt.support.PostProcessorRegistrationDelegate$BeanPostProcessorChecker.postProcessAfterInitialization [line330   ] : Bean 'credentialsMatcher' of type [org.apache.shiro.authc.credential.HashedCredentialsMatcher] is not eligible for getting processed by all BeanPostProcessors (for example: not eligible for auto-proxying)
2019-08-11 09:59:40.136 INFO  --- xt.support.PostProcessorRegistrationDelegate$BeanPostProcessorChecker.postProcessAfterInitialization [line330   ] : Bean 'mybatis-plus-com.baomidou.mybatisplus.autoconfigure.MybatisPlusProperties' of type [com.baomidou.mybatisplus.autoconfigure.MybatisPlusProperties] is not eligible for getting processed by all BeanPostProcessors (for example: not eligible for auto-proxying)
2019-08-11 09:59:40.148 INFO  --- xt.support.PostProcessorRegistrationDelegate$BeanPostProcessorChecker.postProcessAfterInitialization [line330   ] : Bean 'com.competition.config.MybatisPlusConfig' of type [com.competition.config.MybatisPlusConfig] is not eligible for getting processed by all BeanPostProcessors (for example: not eligible for auto-proxying)
2019-08-11 09:59:40.155 INFO  --- xt.support.PostProcessorRegistrationDelegate$BeanPostProcessorChecker.postProcessAfterInitialization [line330   ] : Bean 'paginationInterceptor' of type [com.baomidou.mybatisplus.extension.plugins.PaginationInterceptor] is not eligible for getting processed by all BeanPostProcessors (for example: not eligible for auto-proxying)
2019-08-11 09:59:40.172 INFO  --- xt.support.PostProcessorRegistrationDelegate$BeanPostProcessorChecker.postProcessAfterInitialization [line330   ] : Bean 'com.baomidou.mybatisplus.autoconfigure.MybatisPlusAutoConfiguration' of type [com.baomidou.mybatisplus.autoconfigure.MybatisPlusAutoConfiguration$$EnhancerBySpringCGLIB$$2f84a02] is not eligible for getting processed by all BeanPostProcessors (for example: not eligible for auto-proxying)
2019-08-11 09:59:40.178 INFO  --- xt.support.PostProcessorRegistrationDelegate$BeanPostProcessorChecker.postProcessAfterInitialization [line330   ] : Bean 'com.alibaba.druid.spring.boot.autoconfigure.DruidDataSourceAutoConfigure' of type [com.alibaba.druid.spring.boot.autoconfigure.DruidDataSourceAutoConfigure$$EnhancerBySpringCGLIB$$dedbd2da] is not eligible for getting processed by all BeanPostProcessors (for example: not eligible for auto-proxying)
2019-08-11 09:59:40.184 INFO  --- com.alibaba.druid.spring.boot.autoconfigure.DruidDataSourceAutoConfigure.dataSource                  [line56    ] : Init DruidDataSource
2019-08-11 09:59:40.243 INFO  --- xt.support.PostProcessorRegistrationDelegate$BeanPostProcessorChecker.postProcessAfterInitialization [line330   ] : Bean 'spring.datasource-org.springframework.boot.autoconfigure.jdbc.DataSourceProperties' of type [org.springframework.boot.autoconfigure.jdbc.DataSourceProperties] is not eligible for getting processed by all BeanPostProcessors (for example: not eligible for auto-proxying)
2019-08-11 10:00:12.878 INFO  --- com.alibaba.druid.pool.DruidDataSource.init                                                          [line1003  ] : {dataSource-1} inited
2019-08-11 10:00:12.879 INFO  --- xt.support.PostProcessorRegistrationDelegate$BeanPostProcessorChecker.postProcessAfterInitialization [line330   ] : Bean 'dataSource' of type [com.alibaba.druid.spring.boot.autoconfigure.DruidDataSourceWrapper] is not eligible for getting processed by all BeanPostProcessors (for example: not eligible for auto-proxying)
2019-08-11 10:00:12.921 INFO  --- xt.support.PostProcessorRegistrationDelegate$BeanPostProcessorChecker.postProcessAfterInitialization [line330   ] : Bean 'org.springframework.boot.autoconfigure.jdbc.DataSourceInitializerInvoker' of type [org.springframework.boot.autoconfigure.jdbc.DataSourceInitializerInvoker] is not eligible for getting processed by all BeanPostProcessors (for example: not eligible for auto-proxying)
2019-08-11 10:00:13.193 INFO  --- xt.support.PostProcessorRegistrationDelegate$BeanPostProcessorChecker.postProcessAfterInitialization [line330   ] : Bean 'sqlSessionFactory' of type [org.apache.ibatis.session.defaults.DefaultSqlSessionFactory] is not eligible for getting processed by all BeanPostProcessors (for example: not eligible for auto-proxying)
2019-08-11 10:00:13.198 INFO  --- xt.support.PostProcessorRegistrationDelegate$BeanPostProcessorChecker.postProcessAfterInitialization [line330   ] : Bean 'sqlSessionTemplate' of type [org.mybatis.spring.SqlSessionTemplate] is not eligible for getting processed by all BeanPostProcessors (for example: not eligible for auto-proxying)
2019-08-11 10:00:13.243 INFO  --- xt.support.PostProcessorRegistrationDelegate$BeanPostProcessorChecker.postProcessAfterInitialization [line330   ] : Bean 'userMapper' of type [org.mybatis.spring.mapper.MapperFactoryBean] is not eligible for getting processed by all BeanPostProcessors (for example: not eligible for auto-proxying)
2019-08-11 10:00:13.250 INFO  --- xt.support.PostProcessorRegistrationDelegate$BeanPostProcessorChecker.postProcessAfterInitialization [line330   ] : Bean 'userMapper' of type [com.sun.proxy.$Proxy83] is not eligible for getting processed by all BeanPostProcessors (for example: not eligible for auto-proxying)
2019-08-11 10:00:13.254 INFO  --- xt.support.PostProcessorRegistrationDelegate$BeanPostProcessorChecker.postProcessAfterInitialization [line330   ] : Bean 'userServiceImpl' of type [com.competition.service.impl.UserServiceImpl] is not eligible for getting processed by all BeanPostProcessors (for example: not eligible for auto-proxying)
2019-08-11 10:00:13.299 INFO  --- xt.support.PostProcessorRegistrationDelegate$BeanPostProcessorChecker.postProcessAfterInitialization [line330   ] : Bean 'userRealm' of type [com.competition.shiro.UserRealm] is not eligible for getting processed by all BeanPostProcessors (for example: not eligible for auto-proxying)
2019-08-11 10:00:13.337 INFO  --- xt.support.PostProcessorRegistrationDelegate$BeanPostProcessorChecker.postProcessAfterInitialization [line330   ] : Bean 'defaultSecurityManager' of type [org.apache.shiro.web.mgt.DefaultWebSecurityManager] is not eligible for getting processed by all BeanPostProcessors (for example: not eligible for auto-proxying)
2019-08-11 10:00:13.723 INFO  --- org.springframework.boot.web.embedded.tomcat.TomcatWebServer.initialize                              [line90    ] : Tomcat initialized with port(s): 8080 (http)
2019-08-11 10:00:13.734 INFO  --- org.apache.coyote.http11.Http11NioProtocol.log                                                       [line173   ] : Initializing ProtocolHandler ["http-nio-8080"]
2019-08-11 10:00:13.740 INFO  --- org.apache.catalina.core.StandardService.log                                                         [line173   ] : Starting service [Tomcat]
2019-08-11 10:00:13.740 INFO  --- org.apache.catalina.core.StandardEngine.log                                                          [line173   ] : Starting Servlet engine: [Apache Tomcat/9.0.21]
2019-08-11 10:00:13.744 INFO  --- org.apache.catalina.core.AprLifecycleListener.log                                                    [line173   ] : Loaded APR based Apache Tomcat Native library [1.2.21] using APR version [1.6.5].
2019-08-11 10:00:13.745 INFO  --- org.apache.catalina.core.AprLifecycleListener.log                                                    [line173   ] : APR capabilities: IPv6 [true], sendfile [true], accept filters [false], random [true].
2019-08-11 10:00:13.745 INFO  --- org.apache.catalina.core.AprLifecycleListener.log                                                    [line173   ] : APR/OpenSSL configuration: useAprConnector [false], useOpenSSL [true]
2019-08-11 10:00:13.748 INFO  --- org.apache.catalina.core.AprLifecycleListener.log                                                    [line173   ] : OpenSSL successfully initialized [OpenSSL 1.1.1a  20 Nov 2018]
2019-08-11 10:00:14.045 INFO  --- org.apache.catalina.core.ContainerBase.[Tomcat].[localhost].[/].log                                  [line173   ] : Initializing Spring embedded WebApplicationContext
2019-08-11 10:00:14.045 INFO  --- org.springframework.web.context.ContextLoader.prepareWebApplicationContext                           [line283   ] : Root WebApplicationContext: initialization completed in 35540 ms
2019-08-11 10:00:14.906 INFO  --- springfox.documentation.spring.web.PropertySourcedRequestMappingHandlerMapping.initHandlerMethods    [line69    ] : Mapped URL path [/v2/api-docs] onto method [public org.springframework.http.ResponseEntity<springfox.documentation.spring.web.json.Json> springfox.documentation.swagger2.web.Swagger2Controller.getDocumentation(java.lang.String,javax.servlet.http.HttpServletRequest)]
2019-08-11 10:00:15.018 INFO  --- org.springframework.scheduling.concurrent.ThreadPoolTaskExecutor.initialize                          [line171   ] : Initializing ExecutorService 'applicationTaskExecutor'
2019-08-11 10:00:15.300 INFO  --- springfox.documentation.spring.web.plugins.DocumentationPluginsBootstrapper.start                    [line160   ] : Context refreshed
2019-08-11 10:00:15.314 INFO  --- springfox.documentation.spring.web.plugins.DocumentationPluginsBootstrapper.start                    [line163   ] : Found 1 custom documentation plugin(s)
2019-08-11 10:00:15.337 INFO  --- springfox.documentation.spring.web.scanners.ApiListingReferenceScanner.scan                          [line41    ] : Scanning for api listing references
2019-08-11 10:00:15.675 INFO  --- springfox.documentation.spring.web.readers.operation.CachingOperationNameGenerator.startingWith      [line40    ] : Generating unique operation named: attentionUsingPUT_1
2019-08-11 10:00:15.779 INFO  --- org.apache.coyote.http11.Http11NioProtocol.log                                                       [line173   ] : Starting ProtocolHandler ["http-nio-8080"]
2019-08-11 10:00:15.803 INFO  --- org.springframework.boot.web.embedded.tomcat.TomcatWebServer.start                                   [line202   ] : Tomcat started on port(s): 8080 (http) with context path ''
2019-08-11 10:00:15.810 INFO  --- com.competition.SpringbootDemoApplication.logStarted                                                 [line59    ] : Started SpringbootDemoApplication in 37.826 seconds (JVM running for 39.488)
2019-08-11 10:00:30.413 INFO  --- org.apache.catalina.core.ContainerBase.[Tomcat].[localhost].[/].log                                  [line173   ] : Initializing Spring DispatcherServlet 'dispatcherServlet'
2019-08-11 10:00:30.413 INFO  --- org.springframework.web.servlet.DispatcherServlet.initServletBean                                    [line524   ] : Initializing Servlet 'dispatcherServlet'
2019-08-11 10:00:30.420 INFO  --- org.springframework.web.servlet.DispatcherServlet.initServletBean                                    [line546   ] : Completed initialization in 6 ms
2019-08-11 10:00:37.080 INFO  --- com.competition.shiro.UserRealm.doGetAuthenticationInfo                                              [line65    ] : 执行认证逻辑
2019-08-11 10:00:57.279 INFO  --- com.competition.shiro.UserRealm.doGetAuthenticationInfo                                              [line65    ] : 执行认证逻辑
2019-08-11 10:04:49.306 INFO  --- com.competition.SpringbootDemoApplication.logStarting                                                [line50    ] : Starting SpringbootDemoApplication on LAPTOP-980LUNLK with PID 24372 (D:\com.yundings\estc-master\target\classes started by Administrator in D:\com.yundings\estc-master)
2019-08-11 10:04:49.309 INFO  --- com.competition.SpringbootDemoApplication.logStartupProfileInfo                                      [line650   ] : The following profiles are active: csw
2019-08-11 10:04:50.484 INFO  --- org.springframework.data.repository.config.RepositoryConfigurationDelegate.multipleStoresDetected    [line244   ] : Multiple Spring Data modules found, entering strict repository configuration mode!
2019-08-11 10:04:50.487 INFO  --- org.springframework.data.repository.config.RepositoryConfigurationDelegate.registerRepositoriesIn    [line126   ] : Bootstrapping Spring Data repositories in DEFAULT mode.
2019-08-11 10:04:50.536 INFO  --- org.springframework.data.repository.config.RepositoryConfigurationDelegate.registerRepositoriesIn    [line182   ] : Finished Spring Data repository scanning in 31ms. Found 0 repository interfaces.
2019-08-11 10:04:51.156 INFO  --- xt.support.PostProcessorRegistrationDelegate$BeanPostProcessorChecker.postProcessAfterInitialization [line330   ] : Bean 'org.springframework.transaction.annotation.ProxyTransactionManagementConfiguration' of type [org.springframework.transaction.annotation.ProxyTransactionManagementConfiguration$$EnhancerBySpringCGLIB$$373d1eed] is not eligible for getting processed by all BeanPostProcessors (for example: not eligible for auto-proxying)
2019-08-11 10:04:51.232 INFO  --- xt.support.PostProcessorRegistrationDelegate$BeanPostProcessorChecker.postProcessAfterInitialization [line330   ] : Bean 'com.competition.config.ShiroConfig' of type [com.competition.config.ShiroConfig] is not eligible for getting processed by all BeanPostProcessors (for example: not eligible for auto-proxying)
2019-08-11 10:04:51.237 INFO  --- xt.support.PostProcessorRegistrationDelegate$BeanPostProcessorChecker.postProcessAfterInitialization [line330   ] : Bean 'credentialsMatcher' of type [org.apache.shiro.authc.credential.HashedCredentialsMatcher] is not eligible for getting processed by all BeanPostProcessors (for example: not eligible for auto-proxying)
2019-08-11 10:04:51.275 INFO  --- xt.support.PostProcessorRegistrationDelegate$BeanPostProcessorChecker.postProcessAfterInitialization [line330   ] : Bean 'mybatis-plus-com.baomidou.mybatisplus.autoconfigure.MybatisPlusProperties' of type [com.baomidou.mybatisplus.autoconfigure.MybatisPlusProperties] is not eligible for getting processed by all BeanPostProcessors (for example: not eligible for auto-proxying)
2019-08-11 10:04:51.279 INFO  --- xt.support.PostProcessorRegistrationDelegate$BeanPostProcessorChecker.postProcessAfterInitialization [line330   ] : Bean 'com.competition.config.MybatisPlusConfig' of type [com.competition.config.MybatisPlusConfig] is not eligible for getting processed by all BeanPostProcessors (for example: not eligible for auto-proxying)
2019-08-11 10:04:51.281 INFO  --- xt.support.PostProcessorRegistrationDelegate$BeanPostProcessorChecker.postProcessAfterInitialization [line330   ] : Bean 'paginationInterceptor' of type [com.baomidou.mybatisplus.extension.plugins.PaginationInterceptor] is not eligible for getting processed by all BeanPostProcessors (for example: not eligible for auto-proxying)
2019-08-11 10:04:51.288 INFO  --- xt.support.PostProcessorRegistrationDelegate$BeanPostProcessorChecker.postProcessAfterInitialization [line330   ] : Bean 'com.baomidou.mybatisplus.autoconfigure.MybatisPlusAutoConfiguration' of type [com.baomidou.mybatisplus.autoconfigure.MybatisPlusAutoConfiguration$$EnhancerBySpringCGLIB$$75058b87] is not eligible for getting processed by all BeanPostProcessors (for example: not eligible for auto-proxying)
2019-08-11 10:04:51.294 INFO  --- xt.support.PostProcessorRegistrationDelegate$BeanPostProcessorChecker.postProcessAfterInitialization [line330   ] : Bean 'com.alibaba.druid.spring.boot.autoconfigure.DruidDataSourceAutoConfigure' of type [com.alibaba.druid.spring.boot.autoconfigure.DruidDataSourceAutoConfigure$$EnhancerBySpringCGLIB$$50e9145f] is not eligible for getting processed by all BeanPostProcessors (for example: not eligible for auto-proxying)
2019-08-11 10:04:51.300 INFO  --- com.alibaba.druid.spring.boot.autoconfigure.DruidDataSourceAutoConfigure.dataSource                  [line56    ] : Init DruidDataSource
2019-08-11 10:04:51.388 INFO  --- xt.support.PostProcessorRegistrationDelegate$BeanPostProcessorChecker.postProcessAfterInitialization [line330   ] : Bean 'spring.datasource-org.springframework.boot.autoconfigure.jdbc.DataSourceProperties' of type [org.springframework.boot.autoconfigure.jdbc.DataSourceProperties] is not eligible for getting processed by all BeanPostProcessors (for example: not eligible for auto-proxying)
2019-08-11 10:05:21.569 INFO  --- com.alibaba.druid.pool.DruidDataSource.init                                                          [line1003  ] : {dataSource-1} inited
2019-08-11 10:05:21.570 INFO  --- xt.support.PostProcessorRegistrationDelegate$BeanPostProcessorChecker.postProcessAfterInitialization [line330   ] : Bean 'dataSource' of type [com.alibaba.druid.spring.boot.autoconfigure.DruidDataSourceWrapper] is not eligible for getting processed by all BeanPostProcessors (for example: not eligible for auto-proxying)
2019-08-11 10:05:21.612 INFO  --- xt.support.PostProcessorRegistrationDelegate$BeanPostProcessorChecker.postProcessAfterInitialization [line330   ] : Bean 'org.springframework.boot.autoconfigure.jdbc.DataSourceInitializerInvoker' of type [org.springframework.boot.autoconfigure.jdbc.DataSourceInitializerInvoker] is not eligible for getting processed by all BeanPostProcessors (for example: not eligible for auto-proxying)
2019-08-11 10:05:21.854 INFO  --- xt.support.PostProcessorRegistrationDelegate$BeanPostProcessorChecker.postProcessAfterInitialization [line330   ] : Bean 'sqlSessionFactory' of type [org.apache.ibatis.session.defaults.DefaultSqlSessionFactory] is not eligible for getting processed by all BeanPostProcessors (for example: not eligible for auto-proxying)
2019-08-11 10:05:21.864 INFO  --- xt.support.PostProcessorRegistrationDelegate$BeanPostProcessorChecker.postProcessAfterInitialization [line330   ] : Bean 'sqlSessionTemplate' of type [org.mybatis.spring.SqlSessionTemplate] is not eligible for getting processed by all BeanPostProcessors (for example: not eligible for auto-proxying)
2019-08-11 10:05:21.933 INFO  --- xt.support.PostProcessorRegistrationDelegate$BeanPostProcessorChecker.postProcessAfterInitialization [line330   ] : Bean 'userMapper' of type [org.mybatis.spring.mapper.MapperFactoryBean] is not eligible for getting processed by all BeanPostProcessors (for example: not eligible for auto-proxying)
2019-08-11 10:05:21.937 INFO  --- xt.support.PostProcessorRegistrationDelegate$BeanPostProcessorChecker.postProcessAfterInitialization [line330   ] : Bean 'userMapper' of type [com.sun.proxy.$Proxy83] is not eligible for getting processed by all BeanPostProcessors (for example: not eligible for auto-proxying)
2019-08-11 10:05:21.941 INFO  --- xt.support.PostProcessorRegistrationDelegate$BeanPostProcessorChecker.postProcessAfterInitialization [line330   ] : Bean 'userServiceImpl' of type [com.competition.service.impl.UserServiceImpl] is not eligible for getting processed by all BeanPostProcessors (for example: not eligible for auto-proxying)
2019-08-11 10:05:21.964 INFO  --- xt.support.PostProcessorRegistrationDelegate$BeanPostProcessorChecker.postProcessAfterInitialization [line330   ] : Bean 'userRealm' of type [com.competition.shiro.UserRealm] is not eligible for getting processed by all BeanPostProcessors (for example: not eligible for auto-proxying)
2019-08-11 10:05:21.986 INFO  --- xt.support.PostProcessorRegistrationDelegate$BeanPostProcessorChecker.postProcessAfterInitialization [line330   ] : Bean 'defaultSecurityManager' of type [org.apache.shiro.web.mgt.DefaultWebSecurityManager] is not eligible for getting processed by all BeanPostProcessors (for example: not eligible for auto-proxying)
2019-08-11 10:05:22.288 INFO  --- org.springframework.boot.web.embedded.tomcat.TomcatWebServer.initialize                              [line90    ] : Tomcat initialized with port(s): 8080 (http)
2019-08-11 10:05:22.328 INFO  --- org.apache.coyote.http11.Http11NioProtocol.log                                                       [line173   ] : Initializing ProtocolHandler ["http-nio-8080"]
2019-08-11 10:05:22.345 INFO  --- org.apache.catalina.core.StandardService.log                                                         [line173   ] : Starting service [Tomcat]
2019-08-11 10:05:22.346 INFO  --- org.apache.catalina.core.StandardEngine.log                                                          [line173   ] : Starting Servlet engine: [Apache Tomcat/9.0.21]
2019-08-11 10:05:22.356 INFO  --- org.apache.catalina.core.AprLifecycleListener.log                                                    [line173   ] : Loaded APR based Apache Tomcat Native library [1.2.21] using APR version [1.6.5].
2019-08-11 10:05:22.357 INFO  --- org.apache.catalina.core.AprLifecycleListener.log                                                    [line173   ] : APR capabilities: IPv6 [true], sendfile [true], accept filters [false], random [true].
2019-08-11 10:05:22.358 INFO  --- org.apache.catalina.core.AprLifecycleListener.log                                                    [line173   ] : APR/OpenSSL configuration: useAprConnector [false], useOpenSSL [true]
2019-08-11 10:05:22.365 INFO  --- org.apache.catalina.core.AprLifecycleListener.log                                                    [line173   ] : OpenSSL successfully initialized [OpenSSL 1.1.1a  20 Nov 2018]
2019-08-11 10:05:22.643 INFO  --- org.apache.catalina.core.ContainerBase.[Tomcat].[localhost].[/].log                                  [line173   ] : Initializing Spring embedded WebApplicationContext
2019-08-11 10:05:22.643 INFO  --- org.springframework.web.context.ContextLoader.prepareWebApplicationContext                           [line283   ] : Root WebApplicationContext: initialization completed in 33262 ms
2019-08-11 10:05:23.632 INFO  --- springfox.documentation.spring.web.PropertySourcedRequestMappingHandlerMapping.initHandlerMethods    [line69    ] : Mapped URL path [/v2/api-docs] onto method [public org.springframework.http.ResponseEntity<springfox.documentation.spring.web.json.Json> springfox.documentation.swagger2.web.Swagger2Controller.getDocumentation(java.lang.String,javax.servlet.http.HttpServletRequest)]
2019-08-11 10:05:23.820 INFO  --- org.springframework.scheduling.concurrent.ThreadPoolTaskExecutor.initialize                          [line171   ] : Initializing ExecutorService 'applicationTaskExecutor'
2019-08-11 10:05:24.216 INFO  --- springfox.documentation.spring.web.plugins.DocumentationPluginsBootstrapper.start                    [line160   ] : Context refreshed
2019-08-11 10:05:24.227 INFO  --- springfox.documentation.spring.web.plugins.DocumentationPluginsBootstrapper.start                    [line163   ] : Found 1 custom documentation plugin(s)
2019-08-11 10:05:24.249 INFO  --- springfox.documentation.spring.web.scanners.ApiListingReferenceScanner.scan                          [line41    ] : Scanning for api listing references
2019-08-11 10:05:24.606 INFO  --- springfox.documentation.spring.web.readers.operation.CachingOperationNameGenerator.startingWith      [line40    ] : Generating unique operation named: attentionUsingPUT_1
2019-08-11 10:05:24.815 INFO  --- org.apache.coyote.http11.Http11NioProtocol.log                                                       [line173   ] : Starting ProtocolHandler ["http-nio-8080"]
2019-08-11 10:05:24.872 INFO  --- org.springframework.boot.web.embedded.tomcat.TomcatWebServer.start                                   [line202   ] : Tomcat started on port(s): 8080 (http) with context path ''
2019-08-11 10:05:24.877 INFO  --- com.competition.SpringbootDemoApplication.logStarted                                                 [line59    ] : Started SpringbootDemoApplication in 36.103 seconds (JVM running for 37.52)
2019-08-11 10:05:34.583 INFO  --- org.apache.catalina.core.ContainerBase.[Tomcat].[localhost].[/].log                                  [line173   ] : Initializing Spring DispatcherServlet 'dispatcherServlet'
2019-08-11 10:05:34.583 INFO  --- org.springframework.web.servlet.DispatcherServlet.initServletBean                                    [line524   ] : Initializing Servlet 'dispatcherServlet'
2019-08-11 10:05:34.590 INFO  --- org.springframework.web.servlet.DispatcherServlet.initServletBean                                    [line546   ] : Completed initialization in 6 ms
2019-08-11 10:05:52.851 INFO  --- com.competition.shiro.UserRealm.doGetAuthenticationInfo                                              [line65    ] : 执行认证逻辑
2019-08-11 10:06:08.361 INFO  --- com.competition.shiro.UserRealm.doGetAuthenticationInfo                                              [line65    ] : 执行认证逻辑
2019-08-11 10:06:17.063 INFO  --- com.competition.shiro.UserRealm.doGetAuthenticationInfo                                              [line65    ] : 执行认证逻辑
