2019-07-29 17:07:07.971 INFO  --- com.competition.demo.LogbackDemo.logStarting                                                         [line50    ] : Starting LogbackDemo on 27 with PID 24516 (started by guohaodong in /home/guohaodong/Idea/estc)
2019-07-29 17:07:07.974 INFO  --- com.competition.demo.LogbackDemo.logStartupProfileInfo                                               [line650   ] : The following profiles are active: dev
2019-07-29 17:08:52.401 INFO  --- com.competition.demo.LogbackDemo.logStarting                                                         [line50    ] : Starting LogbackDemo on 27 with PID 24896 (started by guohaodong in /home/guohaodong/Idea/estc)
2019-07-29 17:08:52.415 INFO  --- com.competition.demo.LogbackDemo.logStartupProfileInfo                                               [line650   ] : The following profiles are active: dev
2019-07-29 17:08:55.253 INFO  --- org.springframework.data.repository.config.RepositoryConfigurationDelegate.multipleStoresDetected    [line244   ] : Multiple Spring Data modules found, entering strict repository configuration mode!
2019-07-29 17:08:55.276 INFO  --- org.springframework.data.repository.config.RepositoryConfigurationDelegate.registerRepositoriesIn    [line126   ] : Bootstrapping Spring Data repositories in DEFAULT mode.
2019-07-29 17:08:55.352 INFO  --- org.springframework.data.repository.config.RepositoryConfigurationDelegate.registerRepositoriesIn    [line182   ] : Finished Spring Data repository scanning in 27ms. Found 0 repository interfaces.
2019-07-29 17:08:56.695 INFO  --- xt.support.PostProcessorRegistrationDelegate$BeanPostProcessorChecker.postProcessAfterInitialization [line330   ] : Bean 'org.springframework.transaction.annotation.ProxyTransactionManagementConfiguration' of type [org.springframework.transaction.annotation.ProxyTransactionManagementConfiguration$$EnhancerBySpringCGLIB$$d17b8e8b] is not eligible for getting processed by all BeanPostProcessors (for example: not eligible for auto-proxying)
2019-07-29 17:08:57.996 INFO  --- org.springframework.boot.autoconfigure.logging.ConditionEvaluationReportLoggingListener.logMessage   [line135   ] : 

Error starting ApplicationContext. To display the conditions report re-run your application with 'debug' enabled.
2019-07-29 17:14:55.077 INFO  --- com.competition.demo.LogbackDemo.logStarting                                                         [line50    ] : Starting LogbackDemo on 27 with PID 25300 (started by guohaodong in /home/guohaodong/Idea/estc)
2019-07-29 17:14:55.084 INFO  --- com.competition.demo.LogbackDemo.logStartupProfileInfo                                               [line650   ] : The following profiles are active: dev
2019-07-29 17:14:57.020 INFO  --- org.springframework.data.repository.config.RepositoryConfigurationDelegate.multipleStoresDetected    [line244   ] : Multiple Spring Data modules found, entering strict repository configuration mode!
2019-07-29 17:14:57.026 INFO  --- org.springframework.data.repository.config.RepositoryConfigurationDelegate.registerRepositoriesIn    [line126   ] : Bootstrapping Spring Data repositories in DEFAULT mode.
2019-07-29 17:14:57.081 INFO  --- org.springframework.data.repository.config.RepositoryConfigurationDelegate.registerRepositoriesIn    [line182   ] : Finished Spring Data repository scanning in 29ms. Found 0 repository interfaces.
2019-07-29 17:14:58.006 INFO  --- xt.support.PostProcessorRegistrationDelegate$BeanPostProcessorChecker.postProcessAfterInitialization [line330   ] : Bean 'org.springframework.transaction.annotation.ProxyTransactionManagementConfiguration' of type [org.springframework.transaction.annotation.ProxyTransactionManagementConfiguration$$EnhancerBySpringCGLIB$$903421] is not eligible for getting processed by all BeanPostProcessors (for example: not eligible for auto-proxying)
2019-07-29 17:14:58.159 INFO  --- org.springframework.boot.autoconfigure.logging.ConditionEvaluationReportLoggingListener.logMessage   [line135   ] : 

Error starting ApplicationContext. To display the conditions report re-run your application with 'debug' enabled.
2019-07-29 17:16:28.702 INFO  --- com.competition.demo.LogbackDemo.logStarting                                                         [line50    ] : Starting LogbackDemo on 27 with PID 25455 (started by guohaodong in /home/guohaodong/Idea/estc)
2019-07-29 17:16:28.715 INFO  --- com.competition.demo.LogbackDemo.logStartupProfileInfo                                               [line650   ] : The following profiles are active: dev
2019-07-29 17:16:30.978 INFO  --- org.springframework.data.repository.config.RepositoryConfigurationDelegate.multipleStoresDetected    [line244   ] : Multiple Spring Data modules found, entering strict repository configuration mode!
2019-07-29 17:16:30.983 INFO  --- org.springframework.data.repository.config.RepositoryConfigurationDelegate.registerRepositoriesIn    [line126   ] : Bootstrapping Spring Data repositories in DEFAULT mode.
2019-07-29 17:16:31.045 INFO  --- org.springframework.data.repository.config.RepositoryConfigurationDelegate.registerRepositoriesIn    [line182   ] : Finished Spring Data repository scanning in 32ms. Found 0 repository interfaces.
2019-07-29 17:16:31.845 INFO  --- xt.support.PostProcessorRegistrationDelegate$BeanPostProcessorChecker.postProcessAfterInitialization [line330   ] : Bean 'org.springframework.transaction.annotation.ProxyTransactionManagementConfiguration' of type [org.springframework.transaction.annotation.ProxyTransactionManagementConfiguration$$EnhancerBySpringCGLIB$$f07a99a6] is not eligible for getting processed by all BeanPostProcessors (for example: not eligible for auto-proxying)
2019-07-29 17:16:32.021 INFO  --- org.springframework.boot.autoconfigure.logging.ConditionEvaluationReportLoggingListener.logMessage   [line135   ] : 

Error starting ApplicationContext. To display the conditions report re-run your application with 'debug' enabled.
2019-07-29 17:26:05.588 INFO  --- com.competition.demo.LogbackDemo.logStarting                                                         [line50    ] : Starting LogbackDemo on 27 with PID 26404 (started by guohaodong in /home/guohaodong/Idea/estc)
2019-07-29 17:26:05.622 INFO  --- com.competition.demo.LogbackDemo.logStartupProfileInfo                                               [line650   ] : The following profiles are active: dev
2019-07-29 17:26:21.470 INFO  --- org.springframework.data.repository.config.RepositoryConfigurationDelegate.multipleStoresDetected    [line244   ] : Multiple Spring Data modules found, entering strict repository configuration mode!
2019-07-29 17:26:21.523 INFO  --- org.springframework.data.repository.config.RepositoryConfigurationDelegate.registerRepositoriesIn    [line126   ] : Bootstrapping Spring Data repositories in DEFAULT mode.
2019-07-29 17:26:22.379 INFO  --- org.springframework.data.repository.config.RepositoryConfigurationDelegate.registerRepositoriesIn    [line182   ] : Finished Spring Data repository scanning in 208ms. Found 0 repository interfaces.
2019-07-29 17:26:29.052 INFO  --- xt.support.PostProcessorRegistrationDelegate$BeanPostProcessorChecker.postProcessAfterInitialization [line330   ] : Bean 'org.springframework.transaction.annotation.ProxyTransactionManagementConfiguration' of type [org.springframework.transaction.annotation.ProxyTransactionManagementConfiguration$$EnhancerBySpringCGLIB$$515f29e9] is not eligible for getting processed by all BeanPostProcessors (for example: not eligible for auto-proxying)
2019-07-29 17:26:29.458 INFO  --- org.springframework.boot.autoconfigure.logging.ConditionEvaluationReportLoggingListener.logMessage   [line135   ] : 

Error starting ApplicationContext. To display the conditions report re-run your application with 'debug' enabled.
2019-07-29 17:27:37.348 INFO  --- com.competition.SpringbootDemoApplication.logStarting                                                [line50    ] : Starting SpringbootDemoApplication on 27 with PID 26590 (/home/guohaodong/Idea/estc/target/classes started by guohaodong in /home/guohaodong/Idea/estc)
2019-07-29 17:27:37.355 INFO  --- com.competition.SpringbootDemoApplication.logStartupProfileInfo                                      [line650   ] : The following profiles are active: dev
2019-07-29 17:27:38.757 INFO  --- org.springframework.data.repository.config.RepositoryConfigurationDelegate.multipleStoresDetected    [line244   ] : Multiple Spring Data modules found, entering strict repository configuration mode!
2019-07-29 17:27:38.761 INFO  --- org.springframework.data.repository.config.RepositoryConfigurationDelegate.registerRepositoriesIn    [line126   ] : Bootstrapping Spring Data repositories in DEFAULT mode.
2019-07-29 17:27:38.797 INFO  --- org.springframework.data.repository.config.RepositoryConfigurationDelegate.registerRepositoriesIn    [line182   ] : Finished Spring Data repository scanning in 21ms. Found 0 repository interfaces.
2019-07-29 17:27:39.436 INFO  --- xt.support.PostProcessorRegistrationDelegate$BeanPostProcessorChecker.postProcessAfterInitialization [line330   ] : Bean 'org.springframework.transaction.annotation.ProxyTransactionManagementConfiguration' of type [org.springframework.transaction.annotation.ProxyTransactionManagementConfiguration$$EnhancerBySpringCGLIB$$929d7a2] is not eligible for getting processed by all BeanPostProcessors (for example: not eligible for auto-proxying)
2019-07-29 17:27:41.360 INFO  --- org.springframework.boot.web.embedded.tomcat.TomcatWebServer.initialize                              [line90    ] : Tomcat initialized with port(s): 8080 (http)
2019-07-29 17:27:41.417 INFO  --- org.apache.coyote.http11.Http11NioProtocol.log                                                       [line173   ] : Initializing ProtocolHandler ["http-nio-8080"]
2019-07-29 17:27:41.514 INFO  --- org.apache.catalina.core.StandardService.log                                                         [line173   ] : Starting service [Tomcat]
2019-07-29 17:27:41.516 INFO  --- org.apache.catalina.core.StandardEngine.log                                                          [line173   ] : Starting Servlet engine: [Apache Tomcat/9.0.21]
2019-07-29 17:27:44.465 INFO  --- org.apache.catalina.core.ContainerBase.[Tomcat].[localhost].[/].log                                  [line173   ] : Initializing Spring embedded WebApplicationContext
2019-07-29 17:27:44.467 INFO  --- org.springframework.web.context.ContextLoader.prepareWebApplicationContext                           [line283   ] : Root WebApplicationContext: initialization completed in 6829 ms
2019-07-29 17:27:45.817 INFO  --- org.apache.catalina.core.StandardService.log                                                         [line173   ] : Stopping service [Tomcat]
2019-07-29 17:27:46.341 INFO  --- org.springframework.boot.autoconfigure.logging.ConditionEvaluationReportLoggingListener.logMessage   [line135   ] : 

Error starting ApplicationContext. To display the conditions report re-run your application with 'debug' enabled.
2019-07-29 17:33:26.206 INFO  --- com.competition.demo.LogbackDemo.logStarting                                                         [line50    ] : Starting LogbackDemo on 27 with PID 27141 (started by guohaodong in /home/guohaodong/Idea/estc)
2019-07-29 17:33:26.212 INFO  --- com.competition.demo.LogbackDemo.logStartupProfileInfo                                               [line650   ] : The following profiles are active: dev
2019-07-29 17:33:29.191 INFO  --- org.springframework.data.repository.config.RepositoryConfigurationDelegate.multipleStoresDetected    [line244   ] : Multiple Spring Data modules found, entering strict repository configuration mode!
2019-07-29 17:33:29.198 INFO  --- org.springframework.data.repository.config.RepositoryConfigurationDelegate.registerRepositoriesIn    [line126   ] : Bootstrapping Spring Data repositories in DEFAULT mode.
2019-07-29 17:33:29.267 INFO  --- org.springframework.data.repository.config.RepositoryConfigurationDelegate.registerRepositoriesIn    [line182   ] : Finished Spring Data repository scanning in 29ms. Found 0 repository interfaces.
2019-07-29 17:33:30.643 INFO  --- xt.support.PostProcessorRegistrationDelegate$BeanPostProcessorChecker.postProcessAfterInitialization [line330   ] : Bean 'org.springframework.transaction.annotation.ProxyTransactionManagementConfiguration' of type [org.springframework.transaction.annotation.ProxyTransactionManagementConfiguration$$EnhancerBySpringCGLIB$$5e927de] is not eligible for getting processed by all BeanPostProcessors (for example: not eligible for auto-proxying)
2019-07-29 17:33:31.274 INFO  --- org.springframework.boot.autoconfigure.logging.ConditionEvaluationReportLoggingListener.logMessage   [line135   ] : 

Error starting ApplicationContext. To display the conditions report re-run your application with 'debug' enabled.
2019-07-29 17:34:51.046 INFO  --- com.competition.demo.LogbackDemo.logStarting                                                         [line50    ] : Starting LogbackDemo on 27 with PID 27281 (started by guohaodong in /home/guohaodong/Idea/estc)
2019-07-29 17:34:51.055 INFO  --- com.competition.demo.LogbackDemo.logStartupProfileInfo                                               [line650   ] : The following profiles are active: dev
2019-07-29 17:34:53.343 INFO  --- org.springframework.data.repository.config.RepositoryConfigurationDelegate.multipleStoresDetected    [line244   ] : Multiple Spring Data modules found, entering strict repository configuration mode!
2019-07-29 17:34:53.349 INFO  --- org.springframework.data.repository.config.RepositoryConfigurationDelegate.registerRepositoriesIn    [line126   ] : Bootstrapping Spring Data repositories in DEFAULT mode.
2019-07-29 17:34:53.408 INFO  --- org.springframework.data.repository.config.RepositoryConfigurationDelegate.registerRepositoriesIn    [line182   ] : Finished Spring Data repository scanning in 31ms. Found 0 repository interfaces.
2019-07-29 17:34:54.375 INFO  --- xt.support.PostProcessorRegistrationDelegate$BeanPostProcessorChecker.postProcessAfterInitialization [line330   ] : Bean 'org.springframework.transaction.annotation.ProxyTransactionManagementConfiguration' of type [org.springframework.transaction.annotation.ProxyTransactionManagementConfiguration$$EnhancerBySpringCGLIB$$78897197] is not eligible for getting processed by all BeanPostProcessors (for example: not eligible for auto-proxying)
2019-07-29 17:34:54.514 INFO  --- org.springframework.boot.autoconfigure.logging.ConditionEvaluationReportLoggingListener.logMessage   [line135   ] : 

Error starting ApplicationContext. To display the conditions report re-run your application with 'debug' enabled.
2019-07-29 17:40:52.429 INFO  --- com.competition.SpringbootDemoApplication.logStarting                                                [line50    ] : Starting SpringbootDemoApplication on 27 with PID 27727 (/home/guohaodong/Idea/estc/target/classes started by guohaodong in /home/guohaodong/Idea/estc)
2019-07-29 17:40:52.433 INFO  --- com.competition.SpringbootDemoApplication.logStartupProfileInfo                                      [line650   ] : The following profiles are active: dev
2019-07-29 17:40:54.491 INFO  --- org.springframework.data.repository.config.RepositoryConfigurationDelegate.multipleStoresDetected    [line244   ] : Multiple Spring Data modules found, entering strict repository configuration mode!
2019-07-29 17:40:54.496 INFO  --- org.springframework.data.repository.config.RepositoryConfigurationDelegate.registerRepositoriesIn    [line126   ] : Bootstrapping Spring Data repositories in DEFAULT mode.
2019-07-29 17:40:54.572 INFO  --- org.springframework.data.repository.config.RepositoryConfigurationDelegate.registerRepositoriesIn    [line182   ] : Finished Spring Data repository scanning in 45ms. Found 0 repository interfaces.
2019-07-29 17:40:55.761 INFO  --- xt.support.PostProcessorRegistrationDelegate$BeanPostProcessorChecker.postProcessAfterInitialization [line330   ] : Bean 'org.springframework.transaction.annotation.ProxyTransactionManagementConfiguration' of type [org.springframework.transaction.annotation.ProxyTransactionManagementConfiguration$$EnhancerBySpringCGLIB$$ffb2c8d0] is not eligible for getting processed by all BeanPostProcessors (for example: not eligible for auto-proxying)
2019-07-29 17:41:02.715 INFO  --- org.springframework.boot.web.embedded.tomcat.TomcatWebServer.initialize                              [line90    ] : Tomcat initialized with port(s): 8080 (http)
2019-07-29 17:41:02.761 INFO  --- org.apache.coyote.http11.Http11NioProtocol.log                                                       [line173   ] : Initializing ProtocolHandler ["http-nio-8080"]
2019-07-29 17:41:02.799 INFO  --- org.apache.catalina.core.StandardService.log                                                         [line173   ] : Starting service [Tomcat]
2019-07-29 17:41:02.801 INFO  --- org.apache.catalina.core.StandardEngine.log                                                          [line173   ] : Starting Servlet engine: [Apache Tomcat/9.0.21]
2019-07-29 17:41:03.044 INFO  --- org.apache.catalina.core.ContainerBase.[Tomcat].[localhost].[/].log                                  [line173   ] : Initializing Spring embedded WebApplicationContext
2019-07-29 17:41:03.045 INFO  --- org.springframework.web.context.ContextLoader.prepareWebApplicationContext                           [line283   ] : Root WebApplicationContext: initialization completed in 10464 ms
2019-07-29 17:41:03.261 INFO  --- org.apache.catalina.core.StandardService.log                                                         [line173   ] : Stopping service [Tomcat]
2019-07-29 17:41:03.410 INFO  --- org.springframework.boot.autoconfigure.logging.ConditionEvaluationReportLoggingListener.logMessage   [line135   ] : 

Error starting ApplicationContext. To display the conditions report re-run your application with 'debug' enabled.
2019-07-29 17:45:01.818 INFO  --- com.competition.SpringbootDemoApplication.logStarting                                                [line50    ] : Starting SpringbootDemoApplication on 27 with PID 28055 (/home/guohaodong/Idea/estc/target/classes started by guohaodong in /home/guohaodong/Idea/estc)
2019-07-29 17:45:01.823 INFO  --- com.competition.SpringbootDemoApplication.logStartupProfileInfo                                      [line650   ] : The following profiles are active: dev
2019-07-29 17:45:03.356 INFO  --- org.springframework.data.repository.config.RepositoryConfigurationDelegate.multipleStoresDetected    [line244   ] : Multiple Spring Data modules found, entering strict repository configuration mode!
2019-07-29 17:45:03.361 INFO  --- org.springframework.data.repository.config.RepositoryConfigurationDelegate.registerRepositoriesIn    [line126   ] : Bootstrapping Spring Data repositories in DEFAULT mode.
2019-07-29 17:45:03.413 INFO  --- org.springframework.data.repository.config.RepositoryConfigurationDelegate.registerRepositoriesIn    [line182   ] : Finished Spring Data repository scanning in 25ms. Found 0 repository interfaces.
2019-07-29 17:45:04.030 INFO  --- xt.support.PostProcessorRegistrationDelegate$BeanPostProcessorChecker.postProcessAfterInitialization [line330   ] : Bean 'org.springframework.transaction.annotation.ProxyTransactionManagementConfiguration' of type [org.springframework.transaction.annotation.ProxyTransactionManagementConfiguration$$EnhancerBySpringCGLIB$$886f9078] is not eligible for getting processed by all BeanPostProcessors (for example: not eligible for auto-proxying)
2019-07-29 17:45:04.327 INFO  --- org.springframework.boot.web.embedded.tomcat.TomcatWebServer.initialize                              [line90    ] : Tomcat initialized with port(s): 8080 (http)
2019-07-29 17:45:04.345 INFO  --- org.apache.coyote.http11.Http11NioProtocol.log                                                       [line173   ] : Initializing ProtocolHandler ["http-nio-8080"]
2019-07-29 17:45:04.368 INFO  --- org.apache.catalina.core.StandardService.log                                                         [line173   ] : Starting service [Tomcat]
2019-07-29 17:45:04.368 INFO  --- org.apache.catalina.core.StandardEngine.log                                                          [line173   ] : Starting Servlet engine: [Apache Tomcat/9.0.21]
2019-07-29 17:45:04.505 INFO  --- org.apache.catalina.core.ContainerBase.[Tomcat].[localhost].[/].log                                  [line173   ] : Initializing Spring embedded WebApplicationContext
2019-07-29 17:45:04.506 INFO  --- org.springframework.web.context.ContextLoader.prepareWebApplicationContext                           [line283   ] : Root WebApplicationContext: initialization completed in 2501 ms
2019-07-29 17:45:04.820 INFO  --- com.alibaba.druid.spring.boot.autoconfigure.DruidDataSourceAutoConfigure.dataSource                  [line56    ] : Init DruidDataSource
2019-07-29 17:45:11.406 INFO  --- com.alibaba.druid.pool.DruidDataSource.init                                                          [line1003  ] : {dataSource-1} inited
2019-07-29 17:45:12.089 INFO  --- com.alibaba.druid.pool.DruidDataSource.close                                                         [line1948  ] : {dataSource-1} closing ...
2019-07-29 17:45:12.162 INFO  --- com.alibaba.druid.pool.DruidDataSource.close                                                         [line2020  ] : {dataSource-1} closed
2019-07-29 17:45:12.169 INFO  --- org.apache.catalina.core.StandardService.log                                                         [line173   ] : Stopping service [Tomcat]
2019-07-29 17:45:12.185 INFO  --- org.springframework.boot.autoconfigure.logging.ConditionEvaluationReportLoggingListener.logMessage   [line135   ] : 

Error starting ApplicationContext. To display the conditions report re-run your application with 'debug' enabled.
2019-07-29 17:46:26.461 INFO  --- com.competition.SpringbootDemoApplication.logStarting                                                [line50    ] : Starting SpringbootDemoApplication on 27 with PID 28263 (/home/guohaodong/Idea/estc/target/classes started by guohaodong in /home/guohaodong/Idea/estc)
2019-07-29 17:46:26.466 INFO  --- com.competition.SpringbootDemoApplication.logStartupProfileInfo                                      [line650   ] : The following profiles are active: dev
2019-07-29 17:46:27.629 INFO  --- org.springframework.data.repository.config.RepositoryConfigurationDelegate.multipleStoresDetected    [line244   ] : Multiple Spring Data modules found, entering strict repository configuration mode!
2019-07-29 17:46:27.632 INFO  --- org.springframework.data.repository.config.RepositoryConfigurationDelegate.registerRepositoriesIn    [line126   ] : Bootstrapping Spring Data repositories in DEFAULT mode.
2019-07-29 17:46:27.671 INFO  --- org.springframework.data.repository.config.RepositoryConfigurationDelegate.registerRepositoriesIn    [line182   ] : Finished Spring Data repository scanning in 23ms. Found 0 repository interfaces.
2019-07-29 17:46:28.148 INFO  --- xt.support.PostProcessorRegistrationDelegate$BeanPostProcessorChecker.postProcessAfterInitialization [line330   ] : Bean 'org.springframework.transaction.annotation.ProxyTransactionManagementConfiguration' of type [org.springframework.transaction.annotation.ProxyTransactionManagementConfiguration$$EnhancerBySpringCGLIB$$94cb51c9] is not eligible for getting processed by all BeanPostProcessors (for example: not eligible for auto-proxying)
2019-07-29 17:46:28.468 INFO  --- org.springframework.boot.web.embedded.tomcat.TomcatWebServer.initialize                              [line90    ] : Tomcat initialized with port(s): 8080 (http)
2019-07-29 17:46:28.483 INFO  --- org.apache.coyote.http11.Http11NioProtocol.log                                                       [line173   ] : Initializing ProtocolHandler ["http-nio-8080"]
2019-07-29 17:46:28.498 INFO  --- org.apache.catalina.core.StandardService.log                                                         [line173   ] : Starting service [Tomcat]
2019-07-29 17:46:28.499 INFO  --- org.apache.catalina.core.StandardEngine.log                                                          [line173   ] : Starting Servlet engine: [Apache Tomcat/9.0.21]
2019-07-29 17:46:28.604 INFO  --- org.apache.catalina.core.ContainerBase.[Tomcat].[localhost].[/].log                                  [line173   ] : Initializing Spring embedded WebApplicationContext
2019-07-29 17:46:28.605 INFO  --- org.springframework.web.context.ContextLoader.prepareWebApplicationContext                           [line283   ] : Root WebApplicationContext: initialization completed in 1975 ms
2019-07-29 17:46:28.733 INFO  --- com.alibaba.druid.spring.boot.autoconfigure.DruidDataSourceAutoConfigure.dataSource                  [line56    ] : Init DruidDataSource
2019-07-29 17:46:29.121 INFO  --- com.alibaba.druid.pool.DruidDataSource.init                                                          [line1003  ] : {dataSource-1} inited
2019-07-29 17:46:30.766 INFO  --- org.springframework.scheduling.concurrent.ThreadPoolTaskExecutor.initialize                          [line171   ] : Initializing ExecutorService 'applicationTaskExecutor'
2019-07-29 17:46:31.500 INFO  --- org.apache.coyote.http11.Http11NioProtocol.log                                                       [line173   ] : Starting ProtocolHandler ["http-nio-8080"]
2019-07-29 17:46:31.649 INFO  --- org.springframework.boot.web.embedded.tomcat.TomcatWebServer.start                                   [line202   ] : Tomcat started on port(s): 8080 (http) with context path ''
2019-07-29 17:46:31.653 INFO  --- com.competition.SpringbootDemoApplication.logStarted                                                 [line59    ] : Started SpringbootDemoApplication in 6.147 seconds (JVM running for 6.936)
2019-07-29 17:51:01.572 INFO  --- com.competition.demo.LogbackDemo.logStarting                                                         [line50    ] : Starting LogbackDemo on 27 with PID 28765 (started by guohaodong in /home/guohaodong/Idea/estc)
2019-07-29 17:51:01.575 INFO  --- com.competition.demo.LogbackDemo.logStartupProfileInfo                                               [line650   ] : The following profiles are active: dev
2019-07-29 17:51:10.386 INFO  --- org.springframework.data.repository.config.RepositoryConfigurationDelegate.multipleStoresDetected    [line244   ] : Multiple Spring Data modules found, entering strict repository configuration mode!
2019-07-29 17:51:10.391 INFO  --- org.springframework.data.repository.config.RepositoryConfigurationDelegate.registerRepositoriesIn    [line126   ] : Bootstrapping Spring Data repositories in DEFAULT mode.
2019-07-29 17:51:10.657 INFO  --- org.springframework.data.repository.config.RepositoryConfigurationDelegate.registerRepositoriesIn    [line182   ] : Finished Spring Data repository scanning in 194ms. Found 0 repository interfaces.
2019-07-29 17:51:12.463 INFO  --- xt.support.PostProcessorRegistrationDelegate$BeanPostProcessorChecker.postProcessAfterInitialization [line330   ] : Bean 'org.springframework.transaction.annotation.ProxyTransactionManagementConfiguration' of type [org.springframework.transaction.annotation.ProxyTransactionManagementConfiguration$$EnhancerBySpringCGLIB$$92fda9d] is not eligible for getting processed by all BeanPostProcessors (for example: not eligible for auto-proxying)
2019-07-29 17:51:12.811 INFO  --- com.alibaba.druid.spring.boot.autoconfigure.DruidDataSourceAutoConfigure.dataSource                  [line56    ] : Init DruidDataSource
2019-07-29 17:51:13.700 INFO  --- com.alibaba.druid.pool.DruidDataSource.init                                                          [line1003  ] : {dataSource-1} inited
2019-07-29 17:51:20.803 INFO  --- org.springframework.scheduling.concurrent.ThreadPoolTaskExecutor.initialize                          [line171   ] : Initializing ExecutorService 'applicationTaskExecutor'
2019-07-29 17:51:22.244 INFO  --- com.competition.demo.LogbackDemo.logStarted                                                          [line59    ] : Started LogbackDemo in 22.38 seconds (JVM running for 24.226)
2019-07-29 17:51:22.897 INFO  --- org.springframework.scheduling.concurrent.ThreadPoolTaskExecutor.shutdown                            [line208   ] : Shutting down ExecutorService 'applicationTaskExecutor'
2019-07-29 17:51:23.150 INFO  --- com.alibaba.druid.pool.DruidDataSource.close                                                         [line1948  ] : {dataSource-1} closing ...
2019-07-29 17:51:23.732 INFO  --- com.alibaba.druid.pool.DruidDataSource.close                                                         [line2020  ] : {dataSource-1} closed
2019-07-29 17:53:08.600 INFO  --- com.competition.demo.LogbackDemo.logStarting                                                         [line50    ] : Starting LogbackDemo on 27 with PID 28947 (started by guohaodong in /home/guohaodong/Idea/estc)
2019-07-29 17:53:08.708 INFO  --- com.competition.demo.LogbackDemo.logStartupProfileInfo                                               [line650   ] : The following profiles are active: dev
2019-07-29 17:53:11.268 INFO  --- org.springframework.data.repository.config.RepositoryConfigurationDelegate.multipleStoresDetected    [line244   ] : Multiple Spring Data modules found, entering strict repository configuration mode!
2019-07-29 17:53:11.276 INFO  --- org.springframework.data.repository.config.RepositoryConfigurationDelegate.registerRepositoriesIn    [line126   ] : Bootstrapping Spring Data repositories in DEFAULT mode.
2019-07-29 17:53:11.455 INFO  --- org.springframework.data.repository.config.RepositoryConfigurationDelegate.registerRepositoriesIn    [line182   ] : Finished Spring Data repository scanning in 94ms. Found 0 repository interfaces.
2019-07-29 17:53:12.237 INFO  --- xt.support.PostProcessorRegistrationDelegate$BeanPostProcessorChecker.postProcessAfterInitialization [line330   ] : Bean 'org.springframework.transaction.annotation.ProxyTransactionManagementConfiguration' of type [org.springframework.transaction.annotation.ProxyTransactionManagementConfiguration$$EnhancerBySpringCGLIB$$54b0c55e] is not eligible for getting processed by all BeanPostProcessors (for example: not eligible for auto-proxying)
2019-07-29 17:53:12.487 INFO  --- com.alibaba.druid.spring.boot.autoconfigure.DruidDataSourceAutoConfigure.dataSource                  [line56    ] : Init DruidDataSource
2019-07-29 17:53:13.156 INFO  --- com.alibaba.druid.pool.DruidDataSource.init                                                          [line1003  ] : {dataSource-1} inited
2019-07-29 17:53:15.800 INFO  --- org.springframework.scheduling.concurrent.ThreadPoolTaskExecutor.initialize                          [line171   ] : Initializing ExecutorService 'applicationTaskExecutor'
2019-07-29 17:53:16.962 INFO  --- com.competition.demo.LogbackDemo.logStarted                                                          [line59    ] : Started LogbackDemo in 9.459 seconds (JVM running for 10.967)
2019-07-29 17:53:17.321 INFO  --- org.springframework.scheduling.concurrent.ThreadPoolTaskExecutor.shutdown                            [line208   ] : Shutting down ExecutorService 'applicationTaskExecutor'
2019-07-29 17:53:17.371 INFO  --- com.alibaba.druid.pool.DruidDataSource.close                                                         [line1948  ] : {dataSource-1} closing ...
2019-07-29 17:53:17.400 INFO  --- com.alibaba.druid.pool.DruidDataSource.close                                                         [line2020  ] : {dataSource-1} closed
2019-07-29 17:53:45.711 INFO  --- com.competition.demo.LogbackDemo.logStarting                                                         [line50    ] : Starting LogbackDemo on 27 with PID 29065 (started by guohaodong in /home/guohaodong/Idea/estc)
2019-07-29 17:53:45.718 INFO  --- com.competition.demo.LogbackDemo.logStartupProfileInfo                                               [line650   ] : The following profiles are active: dev
2019-07-29 17:53:48.868 INFO  --- org.springframework.data.repository.config.RepositoryConfigurationDelegate.multipleStoresDetected    [line244   ] : Multiple Spring Data modules found, entering strict repository configuration mode!
2019-07-29 17:53:48.873 INFO  --- org.springframework.data.repository.config.RepositoryConfigurationDelegate.registerRepositoriesIn    [line126   ] : Bootstrapping Spring Data repositories in DEFAULT mode.
2019-07-29 17:53:48.953 INFO  --- org.springframework.data.repository.config.RepositoryConfigurationDelegate.registerRepositoriesIn    [line182   ] : Finished Spring Data repository scanning in 48ms. Found 0 repository interfaces.
2019-07-29 17:53:49.883 INFO  --- xt.support.PostProcessorRegistrationDelegate$BeanPostProcessorChecker.postProcessAfterInitialization [line330   ] : Bean 'org.springframework.transaction.annotation.ProxyTransactionManagementConfiguration' of type [org.springframework.transaction.annotation.ProxyTransactionManagementConfiguration$$EnhancerBySpringCGLIB$$287e81e6] is not eligible for getting processed by all BeanPostProcessors (for example: not eligible for auto-proxying)
2019-07-29 17:53:50.199 INFO  --- com.alibaba.druid.spring.boot.autoconfigure.DruidDataSourceAutoConfigure.dataSource                  [line56    ] : Init DruidDataSource
2019-07-29 17:53:51.042 INFO  --- com.alibaba.druid.pool.DruidDataSource.init                                                          [line1003  ] : {dataSource-1} inited
2019-07-29 17:53:54.284 INFO  --- org.springframework.scheduling.concurrent.ThreadPoolTaskExecutor.initialize                          [line171   ] : Initializing ExecutorService 'applicationTaskExecutor'
2019-07-29 17:53:55.442 INFO  --- com.competition.demo.LogbackDemo.logStarted                                                          [line59    ] : Started LogbackDemo in 11.223 seconds (JVM running for 12.722)
2019-07-29 17:53:55.772 INFO  --- org.springframework.scheduling.concurrent.ThreadPoolTaskExecutor.shutdown                            [line208   ] : Shutting down ExecutorService 'applicationTaskExecutor'
2019-07-29 17:53:55.908 INFO  --- com.alibaba.druid.pool.DruidDataSource.close                                                         [line1948  ] : {dataSource-1} closing ...
2019-07-29 17:53:55.926 INFO  --- com.alibaba.druid.pool.DruidDataSource.close                                                         [line2020  ] : {dataSource-1} closed
2019-07-29 17:55:30.648 INFO  --- com.competition.demo.LogbackDemo.logStarting                                                         [line50    ] : Starting LogbackDemo on 27 with PID 29281 (started by guohaodong in /home/guohaodong/Idea/estc)
2019-07-29 17:55:30.655 INFO  --- com.competition.demo.LogbackDemo.logStartupProfileInfo                                               [line650   ] : The following profiles are active: dev
2019-07-29 17:55:33.284 INFO  --- org.springframework.data.repository.config.RepositoryConfigurationDelegate.multipleStoresDetected    [line244   ] : Multiple Spring Data modules found, entering strict repository configuration mode!
2019-07-29 17:55:33.290 INFO  --- org.springframework.data.repository.config.RepositoryConfigurationDelegate.registerRepositoriesIn    [line126   ] : Bootstrapping Spring Data repositories in DEFAULT mode.
2019-07-29 17:55:33.371 INFO  --- org.springframework.data.repository.config.RepositoryConfigurationDelegate.registerRepositoriesIn    [line182   ] : Finished Spring Data repository scanning in 54ms. Found 0 repository interfaces.
2019-07-29 17:55:34.247 INFO  --- xt.support.PostProcessorRegistrationDelegate$BeanPostProcessorChecker.postProcessAfterInitialization [line330   ] : Bean 'org.springframework.transaction.annotation.ProxyTransactionManagementConfiguration' of type [org.springframework.transaction.annotation.ProxyTransactionManagementConfiguration$$EnhancerBySpringCGLIB$$99d56133] is not eligible for getting processed by all BeanPostProcessors (for example: not eligible for auto-proxying)
2019-07-29 17:55:34.499 INFO  --- com.alibaba.druid.spring.boot.autoconfigure.DruidDataSourceAutoConfigure.dataSource                  [line56    ] : Init DruidDataSource
2019-07-29 17:55:35.286 INFO  --- com.alibaba.druid.pool.DruidDataSource.init                                                          [line1003  ] : {dataSource-1} inited
2019-07-29 17:55:38.355 INFO  --- org.springframework.scheduling.concurrent.ThreadPoolTaskExecutor.initialize                          [line171   ] : Initializing ExecutorService 'applicationTaskExecutor'
2019-07-29 17:55:39.892 INFO  --- com.competition.demo.LogbackDemo.logStarted                                                          [line59    ] : Started LogbackDemo in 11.426 seconds (JVM running for 13.069)
2019-07-29 17:55:40.255 INFO  --- org.springframework.scheduling.concurrent.ThreadPoolTaskExecutor.shutdown                            [line208   ] : Shutting down ExecutorService 'applicationTaskExecutor'
2019-07-29 17:55:40.311 INFO  --- com.alibaba.druid.pool.DruidDataSource.close                                                         [line1948  ] : {dataSource-1} closing ...
2019-07-29 17:55:40.345 INFO  --- com.alibaba.druid.pool.DruidDataSource.close                                                         [line2020  ] : {dataSource-1} closed
2019-07-29 17:59:02.256 INFO  --- com.competition.SpringbootDemoApplicationTests.logStarting                                           [line50    ] : Starting SpringbootDemoApplicationTests on 27 with PID 29580 (started by guohaodong in /home/guohaodong/Idea/estc)
2019-07-29 17:59:02.262 INFO  --- com.competition.SpringbootDemoApplicationTests.logStartupProfileInfo                                 [line650   ] : The following profiles are active: dev
2019-07-29 17:59:04.527 INFO  --- org.springframework.data.repository.config.RepositoryConfigurationDelegate.multipleStoresDetected    [line244   ] : Multiple Spring Data modules found, entering strict repository configuration mode!
2019-07-29 17:59:04.534 INFO  --- org.springframework.data.repository.config.RepositoryConfigurationDelegate.registerRepositoriesIn    [line126   ] : Bootstrapping Spring Data repositories in DEFAULT mode.
2019-07-29 17:59:04.603 INFO  --- org.springframework.data.repository.config.RepositoryConfigurationDelegate.registerRepositoriesIn    [line182   ] : Finished Spring Data repository scanning in 44ms. Found 0 repository interfaces.
2019-07-29 17:59:05.430 INFO  --- xt.support.PostProcessorRegistrationDelegate$BeanPostProcessorChecker.postProcessAfterInitialization [line330   ] : Bean 'org.springframework.transaction.annotation.ProxyTransactionManagementConfiguration' of type [org.springframework.transaction.annotation.ProxyTransactionManagementConfiguration$$EnhancerBySpringCGLIB$$ff3e059a] is not eligible for getting processed by all BeanPostProcessors (for example: not eligible for auto-proxying)
2019-07-29 17:59:05.672 INFO  --- com.alibaba.druid.spring.boot.autoconfigure.DruidDataSourceAutoConfigure.dataSource                  [line56    ] : Init DruidDataSource
2019-07-29 17:59:06.296 INFO  --- com.alibaba.druid.pool.DruidDataSource.init                                                          [line1003  ] : {dataSource-1} inited
2019-07-29 17:59:09.788 INFO  --- org.springframework.scheduling.concurrent.ThreadPoolTaskExecutor.initialize                          [line171   ] : Initializing ExecutorService 'applicationTaskExecutor'
2019-07-29 17:59:11.194 INFO  --- com.competition.SpringbootDemoApplicationTests.logStarted                                            [line59    ] : Started SpringbootDemoApplicationTests in 10.691 seconds (JVM running for 12.68)
2019-07-29 17:59:11.516 INFO  --- com.competition.SpringbootDemoApplicationTests.contextLoads                                          [line20    ] : 信息
2019-07-29 17:59:11.549 INFO  --- org.springframework.scheduling.concurrent.ThreadPoolTaskExecutor.shutdown                            [line208   ] : Shutting down ExecutorService 'applicationTaskExecutor'
2019-07-29 17:59:11.610 INFO  --- com.alibaba.druid.pool.DruidDataSource.close                                                         [line1948  ] : {dataSource-1} closing ...
2019-07-29 17:59:11.744 INFO  --- com.alibaba.druid.pool.DruidDataSource.close                                                         [line2020  ] : {dataSource-1} closed
2019-07-29 17:59:56.245 INFO  --- com.competition.SpringbootDemoApplicationTests.logStarting                                           [line50    ] : Starting SpringbootDemoApplicationTests on 27 with PID 29715 (started by guohaodong in /home/guohaodong/Idea/estc)
2019-07-29 17:59:56.250 INFO  --- com.competition.SpringbootDemoApplicationTests.logStartupProfileInfo                                 [line650   ] : The following profiles are active: dev
2019-07-29 17:59:58.975 INFO  --- org.springframework.data.repository.config.RepositoryConfigurationDelegate.multipleStoresDetected    [line244   ] : Multiple Spring Data modules found, entering strict repository configuration mode!
2019-07-29 17:59:58.980 INFO  --- org.springframework.data.repository.config.RepositoryConfigurationDelegate.registerRepositoriesIn    [line126   ] : Bootstrapping Spring Data repositories in DEFAULT mode.
2019-07-29 17:59:59.083 INFO  --- org.springframework.data.repository.config.RepositoryConfigurationDelegate.registerRepositoriesIn    [line182   ] : Finished Spring Data repository scanning in 79ms. Found 0 repository interfaces.
2019-07-29 18:00:00.030 INFO  --- xt.support.PostProcessorRegistrationDelegate$BeanPostProcessorChecker.postProcessAfterInitialization [line330   ] : Bean 'org.springframework.transaction.annotation.ProxyTransactionManagementConfiguration' of type [org.springframework.transaction.annotation.ProxyTransactionManagementConfiguration$$EnhancerBySpringCGLIB$$99d56133] is not eligible for getting processed by all BeanPostProcessors (for example: not eligible for auto-proxying)
2019-07-29 18:00:00.324 INFO  --- com.alibaba.druid.spring.boot.autoconfigure.DruidDataSourceAutoConfigure.dataSource                  [line56    ] : Init DruidDataSource
2019-07-29 18:00:01.594 INFO  --- com.alibaba.druid.pool.DruidDataSource.init                                                          [line1003  ] : {dataSource-1} inited
2019-07-29 18:00:06.188 INFO  --- org.springframework.scheduling.concurrent.ThreadPoolTaskExecutor.initialize                          [line171   ] : Initializing ExecutorService 'applicationTaskExecutor'
2019-07-29 18:00:07.224 INFO  --- com.competition.SpringbootDemoApplicationTests.logStarted                                            [line59    ] : Started SpringbootDemoApplicationTests in 12.851 seconds (JVM running for 14.927)
2019-07-29 18:00:07.568 INFO  --- com.competition.SpringbootDemoApplicationTests.contextLoads                                          [line20    ] : 信息
2019-07-29 18:00:07.600 INFO  --- org.springframework.scheduling.concurrent.ThreadPoolTaskExecutor.shutdown                            [line208   ] : Shutting down ExecutorService 'applicationTaskExecutor'
2019-07-29 18:00:07.666 INFO  --- com.alibaba.druid.pool.DruidDataSource.close                                                         [line1948  ] : {dataSource-1} closing ...
2019-07-29 18:00:07.688 INFO  --- com.alibaba.druid.pool.DruidDataSource.close                                                         [line2020  ] : {dataSource-1} closed
2019-07-29 18:01:22.523 INFO  --- com.competition.SpringbootDemoApplicationTests.logStarting                                           [line50    ] : Starting SpringbootDemoApplicationTests on 27 with PID 29867 (started by guohaodong in /home/guohaodong/Idea/estc)
2019-07-29 18:01:22.526 INFO  --- com.competition.SpringbootDemoApplicationTests.logStartupProfileInfo                                 [line650   ] : The following profiles are active: dev
2019-07-29 18:01:24.847 INFO  --- org.springframework.data.repository.config.RepositoryConfigurationDelegate.multipleStoresDetected    [line244   ] : Multiple Spring Data modules found, entering strict repository configuration mode!
2019-07-29 18:01:24.851 INFO  --- org.springframework.data.repository.config.RepositoryConfigurationDelegate.registerRepositoriesIn    [line126   ] : Bootstrapping Spring Data repositories in DEFAULT mode.
2019-07-29 18:01:24.932 INFO  --- org.springframework.data.repository.config.RepositoryConfigurationDelegate.registerRepositoriesIn    [line182   ] : Finished Spring Data repository scanning in 60ms. Found 0 repository interfaces.
2019-07-29 18:01:25.632 INFO  --- xt.support.PostProcessorRegistrationDelegate$BeanPostProcessorChecker.postProcessAfterInitialization [line330   ] : Bean 'org.springframework.transaction.annotation.ProxyTransactionManagementConfiguration' of type [org.springframework.transaction.annotation.ProxyTransactionManagementConfiguration$$EnhancerBySpringCGLIB$$9d62c493] is not eligible for getting processed by all BeanPostProcessors (for example: not eligible for auto-proxying)
2019-07-29 18:01:25.881 INFO  --- com.alibaba.druid.spring.boot.autoconfigure.DruidDataSourceAutoConfigure.dataSource                  [line56    ] : Init DruidDataSource
2019-07-29 18:01:26.614 INFO  --- com.alibaba.druid.pool.DruidDataSource.init                                                          [line1003  ] : {dataSource-1} inited
2019-07-29 18:01:29.480 INFO  --- org.springframework.scheduling.concurrent.ThreadPoolTaskExecutor.initialize                          [line171   ] : Initializing ExecutorService 'applicationTaskExecutor'
2019-07-29 18:01:30.616 INFO  --- com.competition.SpringbootDemoApplicationTests.logStarted                                            [line59    ] : Started SpringbootDemoApplicationTests in 9.395 seconds (JVM running for 10.833)
2019-07-29 18:01:30.962 INFO  --- com.competition.SpringbootDemoApplicationTests.contextLoads                                          [line20    ] : 信息
2019-07-29 18:01:30.990 INFO  --- org.springframework.scheduling.concurrent.ThreadPoolTaskExecutor.shutdown                            [line208   ] : Shutting down ExecutorService 'applicationTaskExecutor'
2019-07-29 18:01:31.025 INFO  --- com.alibaba.druid.pool.DruidDataSource.close                                                         [line1948  ] : {dataSource-1} closing ...
2019-07-29 18:01:31.058 INFO  --- com.alibaba.druid.pool.DruidDataSource.close                                                         [line2020  ] : {dataSource-1} closed
2019-07-29 18:02:17.012 INFO  --- com.competition.SpringbootDemoApplicationTests.logStarting                                           [line50    ] : Starting SpringbootDemoApplicationTests on 27 with PID 29990 (started by guohaodong in /home/guohaodong/Idea/estc)
2019-07-29 18:02:17.014 INFO  --- com.competition.SpringbootDemoApplicationTests.logStartupProfileInfo                                 [line650   ] : The following profiles are active: dev
2019-07-29 18:02:18.862 INFO  --- org.springframework.data.repository.config.RepositoryConfigurationDelegate.multipleStoresDetected    [line244   ] : Multiple Spring Data modules found, entering strict repository configuration mode!
2019-07-29 18:02:18.867 INFO  --- org.springframework.data.repository.config.RepositoryConfigurationDelegate.registerRepositoriesIn    [line126   ] : Bootstrapping Spring Data repositories in DEFAULT mode.
2019-07-29 18:02:18.947 INFO  --- org.springframework.data.repository.config.RepositoryConfigurationDelegate.registerRepositoriesIn    [line182   ] : Finished Spring Data repository scanning in 59ms. Found 0 repository interfaces.
2019-07-29 18:02:19.669 INFO  --- xt.support.PostProcessorRegistrationDelegate$BeanPostProcessorChecker.postProcessAfterInitialization [line330   ] : Bean 'org.springframework.transaction.annotation.ProxyTransactionManagementConfiguration' of type [org.springframework.transaction.annotation.ProxyTransactionManagementConfiguration$$EnhancerBySpringCGLIB$$710bd50a] is not eligible for getting processed by all BeanPostProcessors (for example: not eligible for auto-proxying)
2019-07-29 18:02:19.904 INFO  --- com.alibaba.druid.spring.boot.autoconfigure.DruidDataSourceAutoConfigure.dataSource                  [line56    ] : Init DruidDataSource
2019-07-29 18:02:20.621 INFO  --- com.alibaba.druid.pool.DruidDataSource.init                                                          [line1003  ] : {dataSource-1} inited
2019-07-29 18:02:23.298 INFO  --- org.springframework.scheduling.concurrent.ThreadPoolTaskExecutor.initialize                          [line171   ] : Initializing ExecutorService 'applicationTaskExecutor'
2019-07-29 18:02:24.219 INFO  --- com.competition.SpringbootDemoApplicationTests.logStarted                                            [line59    ] : Started SpringbootDemoApplicationTests in 8.51 seconds (JVM running for 10.08)
2019-07-29 18:02:24.456 INFO  --- com.competition.SpringbootDemoApplicationTests.contextLoads                                          [line20    ] : 信息
2019-07-29 18:02:24.475 INFO  --- org.springframework.scheduling.concurrent.ThreadPoolTaskExecutor.shutdown                            [line208   ] : Shutting down ExecutorService 'applicationTaskExecutor'
2019-07-29 18:02:24.521 INFO  --- com.alibaba.druid.pool.DruidDataSource.close                                                         [line1948  ] : {dataSource-1} closing ...
2019-07-29 18:02:24.542 INFO  --- com.alibaba.druid.pool.DruidDataSource.close                                                         [line2020  ] : {dataSource-1} closed
2019-07-29 18:02:52.052 INFO  --- com.competition.demo.LogbackDemo.logStarting                                                         [line50    ] : Starting LogbackDemo on 27 with PID 30059 (started by guohaodong in /home/guohaodong/Idea/estc)
2019-07-29 18:02:52.054 INFO  --- com.competition.demo.LogbackDemo.logStartupProfileInfo                                               [line650   ] : The following profiles are active: dev
2019-07-29 18:02:53.858 INFO  --- org.springframework.data.repository.config.RepositoryConfigurationDelegate.multipleStoresDetected    [line244   ] : Multiple Spring Data modules found, entering strict repository configuration mode!
2019-07-29 18:02:53.863 INFO  --- org.springframework.data.repository.config.RepositoryConfigurationDelegate.registerRepositoriesIn    [line126   ] : Bootstrapping Spring Data repositories in DEFAULT mode.
2019-07-29 18:02:53.928 INFO  --- org.springframework.data.repository.config.RepositoryConfigurationDelegate.registerRepositoriesIn    [line182   ] : Finished Spring Data repository scanning in 43ms. Found 0 repository interfaces.
2019-07-29 18:02:54.776 INFO  --- xt.support.PostProcessorRegistrationDelegate$BeanPostProcessorChecker.postProcessAfterInitialization [line330   ] : Bean 'org.springframework.transaction.annotation.ProxyTransactionManagementConfiguration' of type [org.springframework.transaction.annotation.ProxyTransactionManagementConfiguration$$EnhancerBySpringCGLIB$$282b7f15] is not eligible for getting processed by all BeanPostProcessors (for example: not eligible for auto-proxying)
2019-07-29 18:02:55.018 INFO  --- com.alibaba.druid.spring.boot.autoconfigure.DruidDataSourceAutoConfigure.dataSource                  [line56    ] : Init DruidDataSource
2019-07-29 18:02:55.703 INFO  --- com.alibaba.druid.pool.DruidDataSource.init                                                          [line1003  ] : {dataSource-1} inited
2019-07-29 18:02:58.624 INFO  --- org.springframework.scheduling.concurrent.ThreadPoolTaskExecutor.initialize                          [line171   ] : Initializing ExecutorService 'applicationTaskExecutor'
2019-07-29 18:02:59.722 INFO  --- com.competition.demo.LogbackDemo.logStarted                                                          [line59    ] : Started LogbackDemo in 9.023 seconds (JVM running for 10.617)
2019-07-29 18:02:59.990 INFO  --- org.springframework.scheduling.concurrent.ThreadPoolTaskExecutor.shutdown                            [line208   ] : Shutting down ExecutorService 'applicationTaskExecutor'
2019-07-29 18:03:00.029 INFO  --- com.alibaba.druid.pool.DruidDataSource.close                                                         [line1948  ] : {dataSource-1} closing ...
2019-07-29 18:03:00.044 INFO  --- com.alibaba.druid.pool.DruidDataSource.close                                                         [line2020  ] : {dataSource-1} closed
2019-07-29 18:03:11.838 INFO  --- com.competition.SpringbootDemoApplicationTests.logStarting                                           [line50    ] : Starting SpringbootDemoApplicationTests on 27 with PID 30168 (started by guohaodong in /home/guohaodong/Idea/estc)
2019-07-29 18:03:11.841 INFO  --- com.competition.SpringbootDemoApplicationTests.logStartupProfileInfo                                 [line650   ] : The following profiles are active: dev
2019-07-29 18:03:14.215 INFO  --- org.springframework.data.repository.config.RepositoryConfigurationDelegate.multipleStoresDetected    [line244   ] : Multiple Spring Data modules found, entering strict repository configuration mode!
2019-07-29 18:03:14.218 INFO  --- org.springframework.data.repository.config.RepositoryConfigurationDelegate.registerRepositoriesIn    [line126   ] : Bootstrapping Spring Data repositories in DEFAULT mode.
2019-07-29 18:03:14.279 INFO  --- org.springframework.data.repository.config.RepositoryConfigurationDelegate.registerRepositoriesIn    [line182   ] : Finished Spring Data repository scanning in 39ms. Found 0 repository interfaces.
2019-07-29 18:03:15.010 INFO  --- xt.support.PostProcessorRegistrationDelegate$BeanPostProcessorChecker.postProcessAfterInitialization [line330   ] : Bean 'org.springframework.transaction.annotation.ProxyTransactionManagementConfiguration' of type [org.springframework.transaction.annotation.ProxyTransactionManagementConfiguration$$EnhancerBySpringCGLIB$$72ef6bf2] is not eligible for getting processed by all BeanPostProcessors (for example: not eligible for auto-proxying)
2019-07-29 18:03:15.238 INFO  --- com.alibaba.druid.spring.boot.autoconfigure.DruidDataSourceAutoConfigure.dataSource                  [line56    ] : Init DruidDataSource
2019-07-29 18:03:15.949 INFO  --- com.alibaba.druid.pool.DruidDataSource.init                                                          [line1003  ] : {dataSource-1} inited
2019-07-29 18:03:18.603 INFO  --- org.springframework.scheduling.concurrent.ThreadPoolTaskExecutor.initialize                          [line171   ] : Initializing ExecutorService 'applicationTaskExecutor'
2019-07-29 18:03:19.481 INFO  --- com.competition.SpringbootDemoApplicationTests.logStarted                                            [line59    ] : Started SpringbootDemoApplicationTests in 9.054 seconds (JVM running for 10.554)
2019-07-29 18:03:19.731 INFO  --- com.competition.SpringbootDemoApplicationTests.contextLoads                                          [line20    ] : 信息
2019-07-29 18:03:19.758 INFO  --- org.springframework.scheduling.concurrent.ThreadPoolTaskExecutor.shutdown                            [line208   ] : Shutting down ExecutorService 'applicationTaskExecutor'
2019-07-29 18:03:19.805 INFO  --- com.alibaba.druid.pool.DruidDataSource.close                                                         [line1948  ] : {dataSource-1} closing ...
2019-07-29 18:03:19.822 INFO  --- com.alibaba.druid.pool.DruidDataSource.close                                                         [line2020  ] : {dataSource-1} closed
2019-07-29 18:03:36.586 INFO  --- com.competition.demo.LogbackDemo.logStarting                                                         [line50    ] : Starting LogbackDemo on 27 with PID 30239 (started by guohaodong in /home/guohaodong/Idea/estc)
2019-07-29 18:03:36.589 INFO  --- com.competition.demo.LogbackDemo.logStartupProfileInfo                                               [line650   ] : The following profiles are active: dev
2019-07-29 18:03:38.989 INFO  --- org.springframework.data.repository.config.RepositoryConfigurationDelegate.multipleStoresDetected    [line244   ] : Multiple Spring Data modules found, entering strict repository configuration mode!
2019-07-29 18:03:38.993 INFO  --- org.springframework.data.repository.config.RepositoryConfigurationDelegate.registerRepositoriesIn    [line126   ] : Bootstrapping Spring Data repositories in DEFAULT mode.
2019-07-29 18:03:39.078 INFO  --- org.springframework.data.repository.config.RepositoryConfigurationDelegate.registerRepositoriesIn    [line182   ] : Finished Spring Data repository scanning in 45ms. Found 0 repository interfaces.
2019-07-29 18:03:39.962 INFO  --- xt.support.PostProcessorRegistrationDelegate$BeanPostProcessorChecker.postProcessAfterInitialization [line330   ] : Bean 'org.springframework.transaction.annotation.ProxyTransactionManagementConfiguration' of type [org.springframework.transaction.annotation.ProxyTransactionManagementConfiguration$$EnhancerBySpringCGLIB$$79e540c3] is not eligible for getting processed by all BeanPostProcessors (for example: not eligible for auto-proxying)
2019-07-29 18:03:40.244 INFO  --- com.alibaba.druid.spring.boot.autoconfigure.DruidDataSourceAutoConfigure.dataSource                  [line56    ] : Init DruidDataSource
2019-07-29 18:03:40.963 INFO  --- com.alibaba.druid.pool.DruidDataSource.init                                                          [line1003  ] : {dataSource-1} inited
2019-07-29 18:03:44.183 INFO  --- org.springframework.scheduling.concurrent.ThreadPoolTaskExecutor.initialize                          [line171   ] : Initializing ExecutorService 'applicationTaskExecutor'
2019-07-29 18:03:45.300 INFO  --- com.competition.demo.LogbackDemo.logStarted                                                          [line59    ] : Started LogbackDemo in 10.17 seconds (JVM running for 12.209)
2019-07-29 18:03:45.641 INFO  --- org.springframework.scheduling.concurrent.ThreadPoolTaskExecutor.shutdown                            [line208   ] : Shutting down ExecutorService 'applicationTaskExecutor'
2019-07-29 18:03:45.688 INFO  --- com.alibaba.druid.pool.DruidDataSource.close                                                         [line1948  ] : {dataSource-1} closing ...
2019-07-29 18:03:45.703 INFO  --- com.alibaba.druid.pool.DruidDataSource.close                                                         [line2020  ] : {dataSource-1} closed
2019-07-29 18:07:46.735 INFO  --- com.competition.demo.LogbackDemo.logStarting                                                         [line50    ] : Starting LogbackDemo on 27 with PID 30593 (started by guohaodong in /home/guohaodong/Idea/estc)
2019-07-29 18:07:46.747 INFO  --- com.competition.demo.LogbackDemo.logStartupProfileInfo                                               [line650   ] : The following profiles are active: dev
2019-07-29 18:07:48.538 INFO  --- org.springframework.data.repository.config.RepositoryConfigurationDelegate.multipleStoresDetected    [line244   ] : Multiple Spring Data modules found, entering strict repository configuration mode!
2019-07-29 18:07:48.542 INFO  --- org.springframework.data.repository.config.RepositoryConfigurationDelegate.registerRepositoriesIn    [line126   ] : Bootstrapping Spring Data repositories in DEFAULT mode.
2019-07-29 18:07:48.607 INFO  --- org.springframework.data.repository.config.RepositoryConfigurationDelegate.registerRepositoriesIn    [line182   ] : Finished Spring Data repository scanning in 45ms. Found 0 repository interfaces.
2019-07-29 18:07:49.466 INFO  --- xt.support.PostProcessorRegistrationDelegate$BeanPostProcessorChecker.postProcessAfterInitialization [line330   ] : Bean 'org.springframework.transaction.annotation.ProxyTransactionManagementConfiguration' of type [org.springframework.transaction.annotation.ProxyTransactionManagementConfiguration$$EnhancerBySpringCGLIB$$72ef6bf2] is not eligible for getting processed by all BeanPostProcessors (for example: not eligible for auto-proxying)
2019-07-29 18:07:49.703 INFO  --- com.alibaba.druid.spring.boot.autoconfigure.DruidDataSourceAutoConfigure.dataSource                  [line56    ] : Init DruidDataSource
2019-07-29 18:07:50.361 INFO  --- com.alibaba.druid.pool.DruidDataSource.init                                                          [line1003  ] : {dataSource-1} inited
2019-07-29 18:07:53.281 INFO  --- org.springframework.scheduling.concurrent.ThreadPoolTaskExecutor.initialize                          [line171   ] : Initializing ExecutorService 'applicationTaskExecutor'
2019-07-29 18:07:54.603 INFO  --- com.competition.demo.LogbackDemo.logStarted                                                          [line59    ] : Started LogbackDemo in 9.237 seconds (JVM running for 10.864)
2019-07-29 18:07:54.896 INFO  --- org.springframework.scheduling.concurrent.ThreadPoolTaskExecutor.shutdown                            [line208   ] : Shutting down ExecutorService 'applicationTaskExecutor'
2019-07-29 18:07:54.955 INFO  --- com.alibaba.druid.pool.DruidDataSource.close                                                         [line1948  ] : {dataSource-1} closing ...
2019-07-29 18:07:54.981 INFO  --- com.alibaba.druid.pool.DruidDataSource.close                                                         [line2020  ] : {dataSource-1} closed
2019-07-29 18:08:35.370 INFO  --- com.competition.demo.LogbackDemo.logStarting                                                         [line50    ] : Starting LogbackDemo on 27 with PID 30704 (started by guohaodong in /home/guohaodong/Idea/estc)
2019-07-29 18:08:35.373 INFO  --- com.competition.demo.LogbackDemo.logStartupProfileInfo                                               [line650   ] : The following profiles are active: dev
2019-07-29 18:08:37.591 INFO  --- org.springframework.data.repository.config.RepositoryConfigurationDelegate.multipleStoresDetected    [line244   ] : Multiple Spring Data modules found, entering strict repository configuration mode!
2019-07-29 18:08:37.597 INFO  --- org.springframework.data.repository.config.RepositoryConfigurationDelegate.registerRepositoriesIn    [line126   ] : Bootstrapping Spring Data repositories in DEFAULT mode.
2019-07-29 18:08:37.683 INFO  --- org.springframework.data.repository.config.RepositoryConfigurationDelegate.registerRepositoriesIn    [line182   ] : Finished Spring Data repository scanning in 58ms. Found 0 repository interfaces.
2019-07-29 18:08:38.503 INFO  --- xt.support.PostProcessorRegistrationDelegate$BeanPostProcessorChecker.postProcessAfterInitialization [line330   ] : Bean 'org.springframework.transaction.annotation.ProxyTransactionManagementConfiguration' of type [org.springframework.transaction.annotation.ProxyTransactionManagementConfiguration$$EnhancerBySpringCGLIB$$3d3d0b06] is not eligible for getting processed by all BeanPostProcessors (for example: not eligible for auto-proxying)
2019-07-29 18:08:38.780 INFO  --- com.alibaba.druid.spring.boot.autoconfigure.DruidDataSourceAutoConfigure.dataSource                  [line56    ] : Init DruidDataSource
2019-07-29 18:08:39.458 INFO  --- com.alibaba.druid.pool.DruidDataSource.init                                                          [line1003  ] : {dataSource-1} inited
2019-07-29 18:08:42.333 INFO  --- org.springframework.scheduling.concurrent.ThreadPoolTaskExecutor.initialize                          [line171   ] : Initializing ExecutorService 'applicationTaskExecutor'
2019-07-29 18:08:43.301 INFO  --- com.competition.demo.LogbackDemo.logStarted                                                          [line59    ] : Started LogbackDemo in 9.278 seconds (JVM running for 10.737)
2019-07-29 18:08:43.587 INFO  --- org.springframework.scheduling.concurrent.ThreadPoolTaskExecutor.shutdown                            [line208   ] : Shutting down ExecutorService 'applicationTaskExecutor'
2019-07-29 18:08:43.644 INFO  --- com.alibaba.druid.pool.DruidDataSource.close                                                         [line1948  ] : {dataSource-1} closing ...
2019-07-29 18:08:43.661 INFO  --- com.alibaba.druid.pool.DruidDataSource.close                                                         [line2020  ] : {dataSource-1} closed
2019-07-29 18:09:16.156 INFO  --- com.competition.demo.LogbackDemo.logStarting                                                         [line50    ] : Starting LogbackDemo on 27 with PID 30777 (started by guohaodong in /home/guohaodong/Idea/estc)
2019-07-29 18:09:16.159 INFO  --- com.competition.demo.LogbackDemo.logStartupProfileInfo                                               [line650   ] : The following profiles are active: dev
2019-07-29 18:09:18.334 INFO  --- org.springframework.data.repository.config.RepositoryConfigurationDelegate.multipleStoresDetected    [line244   ] : Multiple Spring Data modules found, entering strict repository configuration mode!
2019-07-29 18:09:18.339 INFO  --- org.springframework.data.repository.config.RepositoryConfigurationDelegate.registerRepositoriesIn    [line126   ] : Bootstrapping Spring Data repositories in DEFAULT mode.
2019-07-29 18:09:18.452 INFO  --- org.springframework.data.repository.config.RepositoryConfigurationDelegate.registerRepositoriesIn    [line182   ] : Finished Spring Data repository scanning in 56ms. Found 0 repository interfaces.
2019-07-29 18:09:19.258 INFO  --- xt.support.PostProcessorRegistrationDelegate$BeanPostProcessorChecker.postProcessAfterInitialization [line330   ] : Bean 'org.springframework.transaction.annotation.ProxyTransactionManagementConfiguration' of type [org.springframework.transaction.annotation.ProxyTransactionManagementConfiguration$$EnhancerBySpringCGLIB$$3d3d0b06] is not eligible for getting processed by all BeanPostProcessors (for example: not eligible for auto-proxying)
2019-07-29 18:09:19.530 INFO  --- com.alibaba.druid.spring.boot.autoconfigure.DruidDataSourceAutoConfigure.dataSource                  [line56    ] : Init DruidDataSource
2019-07-29 18:09:20.452 INFO  --- com.alibaba.druid.pool.DruidDataSource.init                                                          [line1003  ] : {dataSource-1} inited
2019-07-29 18:09:24.129 INFO  --- org.springframework.scheduling.concurrent.ThreadPoolTaskExecutor.initialize                          [line171   ] : Initializing ExecutorService 'applicationTaskExecutor'
2019-07-29 18:09:25.131 INFO  --- com.competition.demo.LogbackDemo.logStarted                                                          [line59    ] : Started LogbackDemo in 10.298 seconds (JVM running for 11.855)
2019-07-29 18:09:25.492 INFO  --- org.springframework.scheduling.concurrent.ThreadPoolTaskExecutor.shutdown                            [line208   ] : Shutting down ExecutorService 'applicationTaskExecutor'
2019-07-29 18:09:25.548 INFO  --- com.alibaba.druid.pool.DruidDataSource.close                                                         [line1948  ] : {dataSource-1} closing ...
2019-07-29 18:09:25.567 INFO  --- com.alibaba.druid.pool.DruidDataSource.close                                                         [line2020  ] : {dataSource-1} closed
2019-07-29 18:09:34.452 INFO  --- com.competition.demo.LogbackDemo.logStarting                                                         [line50    ] : Starting LogbackDemo on 27 with PID 30845 (started by guohaodong in /home/guohaodong/Idea/estc)
2019-07-29 18:09:34.455 INFO  --- com.competition.demo.LogbackDemo.logStartupProfileInfo                                               [line650   ] : The following profiles are active: dev
2019-07-29 18:09:36.586 INFO  --- org.springframework.data.repository.config.RepositoryConfigurationDelegate.multipleStoresDetected    [line244   ] : Multiple Spring Data modules found, entering strict repository configuration mode!
2019-07-29 18:09:36.590 INFO  --- org.springframework.data.repository.config.RepositoryConfigurationDelegate.registerRepositoriesIn    [line126   ] : Bootstrapping Spring Data repositories in DEFAULT mode.
2019-07-29 18:09:36.658 INFO  --- org.springframework.data.repository.config.RepositoryConfigurationDelegate.registerRepositoriesIn    [line182   ] : Finished Spring Data repository scanning in 51ms. Found 0 repository interfaces.
2019-07-29 18:09:37.572 INFO  --- xt.support.PostProcessorRegistrationDelegate$BeanPostProcessorChecker.postProcessAfterInitialization [line330   ] : Bean 'org.springframework.transaction.annotation.ProxyTransactionManagementConfiguration' of type [org.springframework.transaction.annotation.ProxyTransactionManagementConfiguration$$EnhancerBySpringCGLIB$$98141af8] is not eligible for getting processed by all BeanPostProcessors (for example: not eligible for auto-proxying)
2019-07-29 18:09:37.848 INFO  --- com.alibaba.druid.spring.boot.autoconfigure.DruidDataSourceAutoConfigure.dataSource                  [line56    ] : Init DruidDataSource
2019-07-29 18:09:38.605 INFO  --- com.alibaba.druid.pool.DruidDataSource.init                                                          [line1003  ] : {dataSource-1} inited
2019-07-29 18:09:41.367 INFO  --- org.springframework.scheduling.concurrent.ThreadPoolTaskExecutor.initialize                          [line171   ] : Initializing ExecutorService 'applicationTaskExecutor'
2019-07-29 18:09:42.222 INFO  --- com.competition.demo.LogbackDemo.logStarted                                                          [line59    ] : Started LogbackDemo in 9.096 seconds (JVM running for 10.682)
2019-07-29 18:09:42.470 INFO  --- org.springframework.scheduling.concurrent.ThreadPoolTaskExecutor.shutdown                            [line208   ] : Shutting down ExecutorService 'applicationTaskExecutor'
2019-07-29 18:09:42.510 INFO  --- com.alibaba.druid.pool.DruidDataSource.close                                                         [line1948  ] : {dataSource-1} closing ...
2019-07-29 18:09:42.526 INFO  --- com.alibaba.druid.pool.DruidDataSource.close                                                         [line2020  ] : {dataSource-1} closed
2019-07-29 18:12:35.221 INFO  --- com.competition.demo.LogbackDemo.logStarting                                                         [line50    ] : Starting LogbackDemo on 27 with PID 31105 (started by guohaodong in /home/guohaodong/Idea/estc)
2019-07-29 18:12:35.223 INFO  --- com.competition.demo.LogbackDemo.logStartupProfileInfo                                               [line650   ] : The following profiles are active: dev
2019-07-29 18:12:36.940 INFO  --- org.springframework.data.repository.config.RepositoryConfigurationDelegate.multipleStoresDetected    [line244   ] : Multiple Spring Data modules found, entering strict repository configuration mode!
2019-07-29 18:12:36.946 INFO  --- org.springframework.data.repository.config.RepositoryConfigurationDelegate.registerRepositoriesIn    [line126   ] : Bootstrapping Spring Data repositories in DEFAULT mode.
2019-07-29 18:12:37.049 INFO  --- org.springframework.data.repository.config.RepositoryConfigurationDelegate.registerRepositoriesIn    [line182   ] : Finished Spring Data repository scanning in 75ms. Found 0 repository interfaces.
2019-07-29 18:12:37.777 INFO  --- xt.support.PostProcessorRegistrationDelegate$BeanPostProcessorChecker.postProcessAfterInitialization [line330   ] : Bean 'org.springframework.transaction.annotation.ProxyTransactionManagementConfiguration' of type [org.springframework.transaction.annotation.ProxyTransactionManagementConfiguration$$EnhancerBySpringCGLIB$$72ef6bf2] is not eligible for getting processed by all BeanPostProcessors (for example: not eligible for auto-proxying)
2019-07-29 18:12:38.019 INFO  --- com.alibaba.druid.spring.boot.autoconfigure.DruidDataSourceAutoConfigure.dataSource                  [line56    ] : Init DruidDataSource
2019-07-29 18:12:38.637 INFO  --- com.alibaba.druid.pool.DruidDataSource.init                                                          [line1003  ] : {dataSource-1} inited
2019-07-29 18:12:41.518 INFO  --- org.springframework.scheduling.concurrent.ThreadPoolTaskExecutor.initialize                          [line171   ] : Initializing ExecutorService 'applicationTaskExecutor'
2019-07-29 18:12:42.490 INFO  --- com.competition.demo.LogbackDemo.logStarted                                                          [line59    ] : Started LogbackDemo in 8.757 seconds (JVM running for 10.356)
2019-07-29 18:12:42.853 INFO  --- org.springframework.scheduling.concurrent.ThreadPoolTaskExecutor.shutdown                            [line208   ] : Shutting down ExecutorService 'applicationTaskExecutor'
2019-07-29 18:12:42.901 INFO  --- com.alibaba.druid.pool.DruidDataSource.close                                                         [line1948  ] : {dataSource-1} closing ...
2019-07-29 18:12:42.927 INFO  --- com.alibaba.druid.pool.DruidDataSource.close                                                         [line2020  ] : {dataSource-1} closed
2019-07-29 20:32:41.578 INFO  --- com.competition.SpringbootDemoApplicationTests.logStarting                                           [line50    ] : Starting SpringbootDemoApplicationTests on 27 with PID 8281 (started by guohaodong in /home/guohaodong/Idea/estc)
2019-07-29 20:32:41.580 INFO  --- com.competition.SpringbootDemoApplicationTests.logStartupProfileInfo                                 [line650   ] : The following profiles are active: dev
2019-07-29 20:32:44.179 INFO  --- org.springframework.data.repository.config.RepositoryConfigurationDelegate.multipleStoresDetected    [line244   ] : Multiple Spring Data modules found, entering strict repository configuration mode!
2019-07-29 20:32:44.219 INFO  --- org.springframework.data.repository.config.RepositoryConfigurationDelegate.registerRepositoriesIn    [line126   ] : Bootstrapping Spring Data repositories in DEFAULT mode.
2019-07-29 20:32:44.306 INFO  --- org.springframework.data.repository.config.RepositoryConfigurationDelegate.registerRepositoriesIn    [line182   ] : Finished Spring Data repository scanning in 42ms. Found 0 repository interfaces.
2019-07-29 20:32:45.382 INFO  --- xt.support.PostProcessorRegistrationDelegate$BeanPostProcessorChecker.postProcessAfterInitialization [line330   ] : Bean 'org.springframework.transaction.annotation.ProxyTransactionManagementConfiguration' of type [org.springframework.transaction.annotation.ProxyTransactionManagementConfiguration$$EnhancerBySpringCGLIB$$4f8f580e] is not eligible for getting processed by all BeanPostProcessors (for example: not eligible for auto-proxying)
2019-07-29 20:32:45.676 INFO  --- com.alibaba.druid.spring.boot.autoconfigure.DruidDataSourceAutoConfigure.dataSource                  [line56    ] : Init DruidDataSource
2019-07-29 20:32:46.975 INFO  --- com.alibaba.druid.pool.DruidDataSource.init                                                          [line1003  ] : {dataSource-1} inited
2019-07-29 20:32:53.891 INFO  --- org.springframework.scheduling.concurrent.ThreadPoolTaskExecutor.initialize                          [line171   ] : Initializing ExecutorService 'applicationTaskExecutor'
2019-07-29 20:32:55.138 INFO  --- com.competition.SpringbootDemoApplicationTests.logStarted                                            [line59    ] : Started SpringbootDemoApplicationTests in 14.962 seconds (JVM running for 17.892)
2019-07-29 20:32:55.786 INFO  --- org.springframework.scheduling.concurrent.ThreadPoolTaskExecutor.shutdown                            [line208   ] : Shutting down ExecutorService 'applicationTaskExecutor'
2019-07-29 20:32:55.855 INFO  --- com.alibaba.druid.pool.DruidDataSource.close                                                         [line1948  ] : {dataSource-1} closing ...
2019-07-29 20:32:55.904 INFO  --- com.alibaba.druid.pool.DruidDataSource.close                                                         [line2020  ] : {dataSource-1} closed
2019-07-29 20:34:11.274 INFO  --- com.competition.SpringbootDemoApplicationTests.logStarting                                           [line50    ] : Starting SpringbootDemoApplicationTests on 27 with PID 8428 (started by guohaodong in /home/guohaodong/Idea/estc)
2019-07-29 20:34:11.277 INFO  --- com.competition.SpringbootDemoApplicationTests.logStartupProfileInfo                                 [line650   ] : The following profiles are active: dev
2019-07-29 20:34:13.001 INFO  --- org.springframework.data.repository.config.RepositoryConfigurationDelegate.multipleStoresDetected    [line244   ] : Multiple Spring Data modules found, entering strict repository configuration mode!
2019-07-29 20:34:13.004 INFO  --- org.springframework.data.repository.config.RepositoryConfigurationDelegate.registerRepositoriesIn    [line126   ] : Bootstrapping Spring Data repositories in DEFAULT mode.
2019-07-29 20:34:13.066 INFO  --- org.springframework.data.repository.config.RepositoryConfigurationDelegate.registerRepositoriesIn    [line182   ] : Finished Spring Data repository scanning in 46ms. Found 0 repository interfaces.
2019-07-29 20:34:13.800 INFO  --- xt.support.PostProcessorRegistrationDelegate$BeanPostProcessorChecker.postProcessAfterInitialization [line330   ] : Bean 'org.springframework.transaction.annotation.ProxyTransactionManagementConfiguration' of type [org.springframework.transaction.annotation.ProxyTransactionManagementConfiguration$$EnhancerBySpringCGLIB$$5838840] is not eligible for getting processed by all BeanPostProcessors (for example: not eligible for auto-proxying)
2019-07-29 20:34:14.033 INFO  --- com.alibaba.druid.spring.boot.autoconfigure.DruidDataSourceAutoConfigure.dataSource                  [line56    ] : Init DruidDataSource
2019-07-29 20:34:14.625 INFO  --- com.alibaba.druid.pool.DruidDataSource.init                                                          [line1003  ] : {dataSource-1} inited
2019-07-29 20:34:17.567 INFO  --- org.springframework.scheduling.concurrent.ThreadPoolTaskExecutor.initialize                          [line171   ] : Initializing ExecutorService 'applicationTaskExecutor'
2019-07-29 20:34:18.480 INFO  --- com.competition.SpringbootDemoApplicationTests.logStarted                                            [line59    ] : Started SpringbootDemoApplicationTests in 8.459 seconds (JVM running for 10.128)
2019-07-29 20:34:19.669 INFO  --- org.springframework.scheduling.concurrent.ThreadPoolTaskExecutor.shutdown                            [line208   ] : Shutting down ExecutorService 'applicationTaskExecutor'
2019-07-29 20:34:19.713 INFO  --- com.alibaba.druid.pool.DruidDataSource.close                                                         [line1948  ] : {dataSource-1} closing ...
2019-07-29 20:34:19.727 INFO  --- com.alibaba.druid.pool.DruidDataSource.close                                                         [line2020  ] : {dataSource-1} closed
2019-07-29 20:51:40.874 INFO  --- com.competition.SpringbootDemoApplicationTests.logStarting                                           [line50    ] : Starting SpringbootDemoApplicationTests on 27 with PID 9753 (started by guohaodong in /home/guohaodong/Idea/estc)
2019-07-29 20:51:40.877 INFO  --- com.competition.SpringbootDemoApplicationTests.logStartupProfileInfo                                 [line650   ] : The following profiles are active: dev
2019-07-29 20:51:43.048 INFO  --- org.springframework.data.repository.config.RepositoryConfigurationDelegate.multipleStoresDetected    [line244   ] : Multiple Spring Data modules found, entering strict repository configuration mode!
2019-07-29 20:51:43.051 INFO  --- org.springframework.data.repository.config.RepositoryConfigurationDelegate.registerRepositoriesIn    [line126   ] : Bootstrapping Spring Data repositories in DEFAULT mode.
2019-07-29 20:51:43.117 INFO  --- org.springframework.data.repository.config.RepositoryConfigurationDelegate.registerRepositoriesIn    [line182   ] : Finished Spring Data repository scanning in 47ms. Found 0 repository interfaces.
2019-07-29 20:51:43.862 INFO  --- xt.support.PostProcessorRegistrationDelegate$BeanPostProcessorChecker.postProcessAfterInitialization [line330   ] : Bean 'org.springframework.transaction.annotation.ProxyTransactionManagementConfiguration' of type [org.springframework.transaction.annotation.ProxyTransactionManagementConfiguration$$EnhancerBySpringCGLIB$$d17b8e8b] is not eligible for getting processed by all BeanPostProcessors (for example: not eligible for auto-proxying)
2019-07-29 20:51:44.100 INFO  --- com.alibaba.druid.spring.boot.autoconfigure.DruidDataSourceAutoConfigure.dataSource                  [line56    ] : Init DruidDataSource
2019-07-29 20:51:44.848 INFO  --- com.alibaba.druid.pool.DruidDataSource.init                                                          [line1003  ] : {dataSource-1} inited
2019-07-29 20:51:47.694 INFO  --- org.springframework.scheduling.concurrent.ThreadPoolTaskExecutor.initialize                          [line171   ] : Initializing ExecutorService 'applicationTaskExecutor'
2019-07-29 20:51:48.707 INFO  --- com.competition.SpringbootDemoApplicationTests.logStarted                                            [line59    ] : Started SpringbootDemoApplicationTests in 9.253 seconds (JVM running for 10.936)
2019-07-29 20:51:52.127 INFO  --- org.springframework.scheduling.concurrent.ThreadPoolTaskExecutor.shutdown                            [line208   ] : Shutting down ExecutorService 'applicationTaskExecutor'
2019-07-29 20:51:52.149 INFO  --- com.alibaba.druid.pool.DruidDataSource.close                                                         [line1948  ] : {dataSource-1} closing ...
2019-07-29 20:51:52.168 INFO  --- com.alibaba.druid.pool.DruidDataSource.close                                                         [line2020  ] : {dataSource-1} closed
2019-07-29 20:52:50.557 INFO  --- com.competition.SpringbootDemoApplicationTests.logStarting                                           [line50    ] : Starting SpringbootDemoApplicationTests on 27 with PID 9957 (started by guohaodong in /home/guohaodong/Idea/estc)
2019-07-29 20:52:50.560 INFO  --- com.competition.SpringbootDemoApplicationTests.logStartupProfileInfo                                 [line650   ] : The following profiles are active: dev
2019-07-29 20:52:52.654 INFO  --- org.springframework.data.repository.config.RepositoryConfigurationDelegate.multipleStoresDetected    [line244   ] : Multiple Spring Data modules found, entering strict repository configuration mode!
2019-07-29 20:52:52.660 INFO  --- org.springframework.data.repository.config.RepositoryConfigurationDelegate.registerRepositoriesIn    [line126   ] : Bootstrapping Spring Data repositories in DEFAULT mode.
2019-07-29 20:52:52.723 INFO  --- org.springframework.data.repository.config.RepositoryConfigurationDelegate.registerRepositoriesIn    [line182   ] : Finished Spring Data repository scanning in 39ms. Found 0 repository interfaces.
2019-07-29 20:52:53.480 INFO  --- xt.support.PostProcessorRegistrationDelegate$BeanPostProcessorChecker.postProcessAfterInitialization [line330   ] : Bean 'org.springframework.transaction.annotation.ProxyTransactionManagementConfiguration' of type [org.springframework.transaction.annotation.ProxyTransactionManagementConfiguration$$EnhancerBySpringCGLIB$$5838840] is not eligible for getting processed by all BeanPostProcessors (for example: not eligible for auto-proxying)
2019-07-29 20:52:53.716 INFO  --- com.alibaba.druid.spring.boot.autoconfigure.DruidDataSourceAutoConfigure.dataSource                  [line56    ] : Init DruidDataSource
2019-07-29 20:52:54.368 INFO  --- com.alibaba.druid.pool.DruidDataSource.init                                                          [line1003  ] : {dataSource-1} inited
2019-07-29 20:52:57.234 INFO  --- org.springframework.scheduling.concurrent.ThreadPoolTaskExecutor.initialize                          [line171   ] : Initializing ExecutorService 'applicationTaskExecutor'
2019-07-29 20:52:58.141 INFO  --- com.competition.SpringbootDemoApplicationTests.logStarted                                            [line59    ] : Started SpringbootDemoApplicationTests in 8.905 seconds (JVM running for 10.432)
2019-07-29 20:52:58.726 INFO  --- org.springframework.scheduling.concurrent.ThreadPoolTaskExecutor.shutdown                            [line208   ] : Shutting down ExecutorService 'applicationTaskExecutor'
2019-07-29 20:52:58.790 INFO  --- com.alibaba.druid.pool.DruidDataSource.close                                                         [line1948  ] : {dataSource-1} closing ...
2019-07-29 20:52:58.805 INFO  --- com.alibaba.druid.pool.DruidDataSource.close                                                         [line2020  ] : {dataSource-1} closed
2019-07-29 20:55:06.486 INFO  --- com.competition.SpringbootDemoApplicationTests.logStarting                                           [line50    ] : Starting SpringbootDemoApplicationTests on 27 with PID 10232 (started by guohaodong in /home/guohaodong/Idea/estc)
2019-07-29 20:55:06.489 INFO  --- com.competition.SpringbootDemoApplicationTests.logStartupProfileInfo                                 [line650   ] : The following profiles are active: dev
2019-07-29 20:55:09.014 INFO  --- org.springframework.data.repository.config.RepositoryConfigurationDelegate.multipleStoresDetected    [line244   ] : Multiple Spring Data modules found, entering strict repository configuration mode!
2019-07-29 20:55:09.018 INFO  --- org.springframework.data.repository.config.RepositoryConfigurationDelegate.registerRepositoriesIn    [line126   ] : Bootstrapping Spring Data repositories in DEFAULT mode.
2019-07-29 20:55:09.112 INFO  --- org.springframework.data.repository.config.RepositoryConfigurationDelegate.registerRepositoriesIn    [line182   ] : Finished Spring Data repository scanning in 64ms. Found 0 repository interfaces.
2019-07-29 20:55:10.121 INFO  --- xt.support.PostProcessorRegistrationDelegate$BeanPostProcessorChecker.postProcessAfterInitialization [line330   ] : Bean 'org.springframework.transaction.annotation.ProxyTransactionManagementConfiguration' of type [org.springframework.transaction.annotation.ProxyTransactionManagementConfiguration$$EnhancerBySpringCGLIB$$42061d37] is not eligible for getting processed by all BeanPostProcessors (for example: not eligible for auto-proxying)
2019-07-29 20:55:10.398 INFO  --- com.alibaba.druid.spring.boot.autoconfigure.DruidDataSourceAutoConfigure.dataSource                  [line56    ] : Init DruidDataSource
2019-07-29 20:55:11.193 INFO  --- com.alibaba.druid.pool.DruidDataSource.init                                                          [line1003  ] : {dataSource-1} inited
2019-07-29 20:55:15.454 INFO  --- org.springframework.scheduling.concurrent.ThreadPoolTaskExecutor.initialize                          [line171   ] : Initializing ExecutorService 'applicationTaskExecutor'
2019-07-29 20:55:16.713 INFO  --- com.competition.SpringbootDemoApplicationTests.logStarted                                            [line59    ] : Started SpringbootDemoApplicationTests in 11.711 seconds (JVM running for 13.564)
2019-07-29 20:55:17.397 INFO  --- org.springframework.scheduling.concurrent.ThreadPoolTaskExecutor.shutdown                            [line208   ] : Shutting down ExecutorService 'applicationTaskExecutor'
2019-07-29 20:55:17.434 INFO  --- com.alibaba.druid.pool.DruidDataSource.close                                                         [line1948  ] : {dataSource-1} closing ...
2019-07-29 20:55:17.459 INFO  --- com.alibaba.druid.pool.DruidDataSource.close                                                         [line2020  ] : {dataSource-1} closed
2019-07-29 20:55:28.189 INFO  --- com.competition.SpringbootDemoApplicationTests.logStarting                                           [line50    ] : Starting SpringbootDemoApplicationTests on 27 with PID 10302 (started by guohaodong in /home/guohaodong/Idea/estc)
2019-07-29 20:55:28.192 INFO  --- com.competition.SpringbootDemoApplicationTests.logStartupProfileInfo                                 [line650   ] : The following profiles are active: dev
2019-07-29 20:55:30.223 INFO  --- org.springframework.data.repository.config.RepositoryConfigurationDelegate.multipleStoresDetected    [line244   ] : Multiple Spring Data modules found, entering strict repository configuration mode!
2019-07-29 20:55:30.226 INFO  --- org.springframework.data.repository.config.RepositoryConfigurationDelegate.registerRepositoriesIn    [line126   ] : Bootstrapping Spring Data repositories in DEFAULT mode.
2019-07-29 20:55:30.301 INFO  --- org.springframework.data.repository.config.RepositoryConfigurationDelegate.registerRepositoriesIn    [line182   ] : Finished Spring Data repository scanning in 58ms. Found 0 repository interfaces.
2019-07-29 20:55:31.125 INFO  --- xt.support.PostProcessorRegistrationDelegate$BeanPostProcessorChecker.postProcessAfterInitialization [line330   ] : Bean 'org.springframework.transaction.annotation.ProxyTransactionManagementConfiguration' of type [org.springframework.transaction.annotation.ProxyTransactionManagementConfiguration$$EnhancerBySpringCGLIB$$986d89e3] is not eligible for getting processed by all BeanPostProcessors (for example: not eligible for auto-proxying)
2019-07-29 20:55:31.373 INFO  --- com.alibaba.druid.spring.boot.autoconfigure.DruidDataSourceAutoConfigure.dataSource                  [line56    ] : Init DruidDataSource
2019-07-29 20:55:32.076 INFO  --- com.alibaba.druid.pool.DruidDataSource.init                                                          [line1003  ] : {dataSource-1} inited
2019-07-29 20:55:34.754 INFO  --- org.springframework.scheduling.concurrent.ThreadPoolTaskExecutor.initialize                          [line171   ] : Initializing ExecutorService 'applicationTaskExecutor'
2019-07-29 20:55:35.607 INFO  --- com.competition.SpringbootDemoApplicationTests.logStarted                                            [line59    ] : Started SpringbootDemoApplicationTests in 8.819 seconds (JVM running for 10.597)
2019-07-29 20:55:36.116 INFO  --- org.springframework.scheduling.concurrent.ThreadPoolTaskExecutor.shutdown                            [line208   ] : Shutting down ExecutorService 'applicationTaskExecutor'
2019-07-29 20:55:36.174 INFO  --- com.alibaba.druid.pool.DruidDataSource.close                                                         [line1948  ] : {dataSource-1} closing ...
2019-07-29 20:55:36.194 INFO  --- com.alibaba.druid.pool.DruidDataSource.close                                                         [line2020  ] : {dataSource-1} closed
2019-07-29 20:56:05.471 INFO  --- com.competition.SpringbootDemoApplicationTests.logStarting                                           [line50    ] : Starting SpringbootDemoApplicationTests on 27 with PID 10440 (started by guohaodong in /home/guohaodong/Idea/estc)
2019-07-29 20:56:05.474 INFO  --- com.competition.SpringbootDemoApplicationTests.logStartupProfileInfo                                 [line650   ] : The following profiles are active: dev
2019-07-29 20:56:07.269 INFO  --- org.springframework.data.repository.config.RepositoryConfigurationDelegate.multipleStoresDetected    [line244   ] : Multiple Spring Data modules found, entering strict repository configuration mode!
2019-07-29 20:56:07.275 INFO  --- org.springframework.data.repository.config.RepositoryConfigurationDelegate.registerRepositoriesIn    [line126   ] : Bootstrapping Spring Data repositories in DEFAULT mode.
2019-07-29 20:56:07.334 INFO  --- org.springframework.data.repository.config.RepositoryConfigurationDelegate.registerRepositoriesIn    [line182   ] : Finished Spring Data repository scanning in 37ms. Found 0 repository interfaces.
2019-07-29 20:56:08.099 INFO  --- xt.support.PostProcessorRegistrationDelegate$BeanPostProcessorChecker.postProcessAfterInitialization [line330   ] : Bean 'org.springframework.transaction.annotation.ProxyTransactionManagementConfiguration' of type [org.springframework.transaction.annotation.ProxyTransactionManagementConfiguration$$EnhancerBySpringCGLIB$$986d89e3] is not eligible for getting processed by all BeanPostProcessors (for example: not eligible for auto-proxying)
2019-07-29 20:56:08.344 INFO  --- com.alibaba.druid.spring.boot.autoconfigure.DruidDataSourceAutoConfigure.dataSource                  [line56    ] : Init DruidDataSource
2019-07-29 20:56:09.090 INFO  --- com.alibaba.druid.pool.DruidDataSource.init                                                          [line1003  ] : {dataSource-1} inited
2019-07-29 20:56:12.161 INFO  --- org.springframework.scheduling.concurrent.ThreadPoolTaskExecutor.initialize                          [line171   ] : Initializing ExecutorService 'applicationTaskExecutor'
2019-07-29 20:56:13.359 INFO  --- com.competition.SpringbootDemoApplicationTests.logStarted                                            [line59    ] : Started SpringbootDemoApplicationTests in 9.333 seconds (JVM running for 11.098)
2019-07-29 20:56:13.919 INFO  --- org.springframework.scheduling.concurrent.ThreadPoolTaskExecutor.shutdown                            [line208   ] : Shutting down ExecutorService 'applicationTaskExecutor'
2019-07-29 20:56:13.971 INFO  --- com.alibaba.druid.pool.DruidDataSource.close                                                         [line1948  ] : {dataSource-1} closing ...
2019-07-29 20:56:13.992 INFO  --- com.alibaba.druid.pool.DruidDataSource.close                                                         [line2020  ] : {dataSource-1} closed
