2019-08-03 09:06:28.813 INFO  --- com.competition.SpringbootDemoApplication.logStarting                                                [line50    ] : Starting SpringbootDemoApplication on 27 with PID 2667 (/home/guohaodong/Idea/estc/target/classes started by guohaodong in /home/guohaodong/Idea/estc)
2019-08-03 09:06:28.816 INFO  --- com.competition.SpringbootDemoApplication.logStartupProfileInfo                                      [line650   ] : The following profiles are active: ghd
2019-08-03 09:06:31.138 INFO  --- org.springframework.data.repository.config.RepositoryConfigurationDelegate.multipleStoresDetected    [line244   ] : Multiple Spring Data modules found, entering strict repository configuration mode!
2019-08-03 09:06:31.144 INFO  --- org.springframework.data.repository.config.RepositoryConfigurationDelegate.registerRepositoriesIn    [line126   ] : Bootstrapping Spring Data repositories in DEFAULT mode.
2019-08-03 09:06:31.256 INFO  --- org.springframework.data.repository.config.RepositoryConfigurationDelegate.registerRepositoriesIn    [line182   ] : Finished Spring Data repository scanning in 60ms. Found 0 repository interfaces.
2019-08-03 09:06:31.797 INFO  --- xt.support.PostProcessorRegistrationDelegate$BeanPostProcessorChecker.postProcessAfterInitialization [line330   ] : Bean 'org.springframework.transaction.annotation.ProxyTransactionManagementConfiguration' of type [org.springframework.transaction.annotation.ProxyTransactionManagementConfiguration$$EnhancerBySpringCGLIB$$a1c4a5f8] is not eligible for getting processed by all BeanPostProcessors (for example: not eligible for auto-proxying)
2019-08-03 09:06:32.362 INFO  --- org.springframework.boot.web.embedded.tomcat.TomcatWebServer.initialize                              [line90    ] : Tomcat initialized with port(s): 8080 (http)
2019-08-03 09:06:32.388 INFO  --- org.apache.coyote.http11.Http11NioProtocol.log                                                       [line173   ] : Initializing ProtocolHandler ["http-nio-8080"]
2019-08-03 09:06:32.420 INFO  --- org.apache.catalina.core.StandardService.log                                                         [line173   ] : Starting service [Tomcat]
2019-08-03 09:06:32.420 INFO  --- org.apache.catalina.core.StandardEngine.log                                                          [line173   ] : Starting Servlet engine: [Apache Tomcat/9.0.21]
2019-08-03 09:06:32.527 INFO  --- org.apache.catalina.core.ContainerBase.[Tomcat].[localhost].[/].log                                  [line173   ] : Initializing Spring embedded WebApplicationContext
2019-08-03 09:06:32.528 INFO  --- org.springframework.web.context.ContextLoader.prepareWebApplicationContext                           [line283   ] : Root WebApplicationContext: initialization completed in 3471 ms
2019-08-03 09:06:32.750 INFO  --- com.alibaba.druid.spring.boot.autoconfigure.DruidDataSourceAutoConfigure.dataSource                  [line56    ] : Init DruidDataSource
2019-08-03 09:06:33.085 INFO  --- com.alibaba.druid.pool.DruidDataSource.init                                                          [line1003  ] : {dataSource-1} inited
2019-08-03 09:06:33.091 INFO  --- com.alibaba.druid.pool.DruidAbstractDataSource.setFailContinuous                                     [line1743  ] : {dataSource-1} failContinuous is true
2019-08-03 09:06:33.093 INFO  --- org.apache.catalina.core.StandardService.log                                                         [line173   ] : Stopping service [Tomcat]
2019-08-03 09:06:33.111 INFO  --- org.springframework.boot.autoconfigure.logging.ConditionEvaluationReportLoggingListener.logMessage   [line135   ] : 

Error starting ApplicationContext. To display the conditions report re-run your application with 'debug' enabled.
2019-08-03 09:09:31.953 INFO  --- com.competition.SpringbootDemoApplication.logStarting                                                [line50    ] : Starting SpringbootDemoApplication on 27 with PID 3050 (/home/guohaodong/Idea/estc/target/classes started by guohaodong in /home/guohaodong/Idea/estc)
2019-08-03 09:09:31.958 INFO  --- com.competition.SpringbootDemoApplication.logStartupProfileInfo                                      [line650   ] : The following profiles are active: prod
2019-08-03 09:09:37.856 INFO  --- com.competition.SpringbootDemoApplication.logStarting                                                [line50    ] : Starting SpringbootDemoApplication on 27 with PID 3102 (/home/guohaodong/Idea/estc/target/classes started by guohaodong in /home/guohaodong/Idea/estc)
2019-08-03 09:09:37.862 INFO  --- com.competition.SpringbootDemoApplication.logStartupProfileInfo                                      [line646   ] : No active profile set, falling back to default profiles: default
2019-08-03 09:09:39.081 INFO  --- org.springframework.data.repository.config.RepositoryConfigurationDelegate.multipleStoresDetected    [line244   ] : Multiple Spring Data modules found, entering strict repository configuration mode!
2019-08-03 09:09:39.084 INFO  --- org.springframework.data.repository.config.RepositoryConfigurationDelegate.registerRepositoriesIn    [line126   ] : Bootstrapping Spring Data repositories in DEFAULT mode.
2019-08-03 09:09:39.129 INFO  --- org.springframework.data.repository.config.RepositoryConfigurationDelegate.registerRepositoriesIn    [line182   ] : Finished Spring Data repository scanning in 26ms. Found 0 repository interfaces.
2019-08-03 09:09:39.634 INFO  --- xt.support.PostProcessorRegistrationDelegate$BeanPostProcessorChecker.postProcessAfterInitialization [line330   ] : Bean 'org.springframework.transaction.annotation.ProxyTransactionManagementConfiguration' of type [org.springframework.transaction.annotation.ProxyTransactionManagementConfiguration$$EnhancerBySpringCGLIB$$95100001] is not eligible for getting processed by all BeanPostProcessors (for example: not eligible for auto-proxying)
2019-08-03 09:09:39.962 INFO  --- org.springframework.boot.web.embedded.tomcat.TomcatWebServer.initialize                              [line90    ] : Tomcat initialized with port(s): 8080 (http)
2019-08-03 09:09:39.979 INFO  --- org.apache.coyote.http11.Http11NioProtocol.log                                                       [line173   ] : Initializing ProtocolHandler ["http-nio-8080"]
2019-08-03 09:09:39.994 INFO  --- org.apache.catalina.core.StandardService.log                                                         [line173   ] : Starting service [Tomcat]
2019-08-03 09:09:39.995 INFO  --- org.apache.catalina.core.StandardEngine.log                                                          [line173   ] : Starting Servlet engine: [Apache Tomcat/9.0.21]
2019-08-03 09:09:40.103 INFO  --- org.apache.catalina.core.ContainerBase.[Tomcat].[localhost].[/].log                                  [line173   ] : Initializing Spring embedded WebApplicationContext
2019-08-03 09:09:40.104 INFO  --- org.springframework.web.context.ContextLoader.prepareWebApplicationContext                           [line283   ] : Root WebApplicationContext: initialization completed in 2088 ms
2019-08-03 09:09:40.221 INFO  --- com.alibaba.druid.spring.boot.autoconfigure.DruidDataSourceAutoConfigure.dataSource                  [line56    ] : Init DruidDataSource
2019-08-03 09:09:43.054 INFO  --- com.alibaba.druid.pool.DruidDataSource.init                                                          [line1003  ] : {dataSource-1} inited
2019-08-03 09:09:46.487 INFO  --- com.alibaba.druid.pool.DruidDataSource.close                                                         [line1948  ] : {dataSource-1} closing ...
2019-08-03 09:09:46.496 INFO  --- com.alibaba.druid.pool.DruidDataSource.close                                                         [line2020  ] : {dataSource-1} closed
2019-08-03 09:09:46.501 INFO  --- org.apache.catalina.core.StandardService.log                                                         [line173   ] : Stopping service [Tomcat]
2019-08-03 09:09:46.515 INFO  --- org.springframework.boot.autoconfigure.logging.ConditionEvaluationReportLoggingListener.logMessage   [line135   ] : 

Error starting ApplicationContext. To display the conditions report re-run your application with 'debug' enabled.
2019-08-03 09:12:59.354 INFO  --- com.competition.SpringbootDemoApplication.logStarting                                                [line50    ] : Starting SpringbootDemoApplication on 27 with PID 3357 (/home/guohaodong/Idea/estc/target/classes started by guohaodong in /home/guohaodong/Idea/estc)
2019-08-03 09:12:59.360 INFO  --- com.competition.SpringbootDemoApplication.logStartupProfileInfo                                      [line646   ] : No active profile set, falling back to default profiles: default
2019-08-03 09:13:00.704 INFO  --- org.springframework.data.repository.config.RepositoryConfigurationDelegate.multipleStoresDetected    [line244   ] : Multiple Spring Data modules found, entering strict repository configuration mode!
2019-08-03 09:13:00.708 INFO  --- org.springframework.data.repository.config.RepositoryConfigurationDelegate.registerRepositoriesIn    [line126   ] : Bootstrapping Spring Data repositories in DEFAULT mode.
2019-08-03 09:13:00.869 INFO  --- org.springframework.data.repository.config.RepositoryConfigurationDelegate.registerRepositoriesIn    [line182   ] : Finished Spring Data repository scanning in 28ms. Found 0 repository interfaces.
2019-08-03 09:13:01.395 INFO  --- xt.support.PostProcessorRegistrationDelegate$BeanPostProcessorChecker.postProcessAfterInitialization [line330   ] : Bean 'org.springframework.transaction.annotation.ProxyTransactionManagementConfiguration' of type [org.springframework.transaction.annotation.ProxyTransactionManagementConfiguration$$EnhancerBySpringCGLIB$$9031847f] is not eligible for getting processed by all BeanPostProcessors (for example: not eligible for auto-proxying)
2019-08-03 09:13:01.731 INFO  --- org.springframework.boot.web.embedded.tomcat.TomcatWebServer.initialize                              [line90    ] : Tomcat initialized with port(s): 8080 (http)
2019-08-03 09:13:01.756 INFO  --- org.apache.coyote.http11.Http11NioProtocol.log                                                       [line173   ] : Initializing ProtocolHandler ["http-nio-8080"]
2019-08-03 09:13:01.777 INFO  --- org.apache.catalina.core.StandardService.log                                                         [line173   ] : Starting service [Tomcat]
2019-08-03 09:13:01.778 INFO  --- org.apache.catalina.core.StandardEngine.log                                                          [line173   ] : Starting Servlet engine: [Apache Tomcat/9.0.21]
2019-08-03 09:13:01.890 INFO  --- org.apache.catalina.core.ContainerBase.[Tomcat].[localhost].[/].log                                  [line173   ] : Initializing Spring embedded WebApplicationContext
2019-08-03 09:13:01.891 INFO  --- org.springframework.web.context.ContextLoader.prepareWebApplicationContext                           [line283   ] : Root WebApplicationContext: initialization completed in 2464 ms
2019-08-03 09:13:02.007 INFO  --- com.alibaba.druid.spring.boot.autoconfigure.DruidDataSourceAutoConfigure.dataSource                  [line56    ] : Init DruidDataSource
2019-08-03 09:13:03.718 INFO  --- com.alibaba.druid.pool.DruidDataSource.init                                                          [line1003  ] : {dataSource-1} inited
2019-08-03 09:13:06.649 INFO  --- org.springframework.scheduling.concurrent.ThreadPoolTaskExecutor.initialize                          [line171   ] : Initializing ExecutorService 'applicationTaskExecutor'
2019-08-03 09:13:07.195 INFO  --- org.apache.coyote.http11.Http11NioProtocol.log                                                       [line173   ] : Starting ProtocolHandler ["http-nio-8080"]
2019-08-03 09:13:07.226 INFO  --- org.springframework.boot.web.embedded.tomcat.TomcatWebServer.start                                   [line202   ] : Tomcat started on port(s): 8080 (http) with context path ''
2019-08-03 09:13:07.230 INFO  --- com.competition.SpringbootDemoApplication.logStarted                                                 [line59    ] : Started SpringbootDemoApplication in 8.839 seconds (JVM running for 9.638)
2019-08-03 09:20:35.252 INFO  --- org.apache.catalina.core.ContainerBase.[Tomcat].[localhost].[/].log                                  [line173   ] : Initializing Spring DispatcherServlet 'dispatcherServlet'
2019-08-03 09:20:35.252 INFO  --- org.springframework.web.servlet.DispatcherServlet.initServletBean                                    [line524   ] : Initializing Servlet 'dispatcherServlet'
2019-08-03 09:20:35.266 INFO  --- org.springframework.web.servlet.DispatcherServlet.initServletBean                                    [line546   ] : Completed initialization in 12 ms
2019-08-03 09:31:25.987 INFO  --- org.springframework.scheduling.concurrent.ThreadPoolTaskExecutor.shutdown                            [line208   ] : Shutting down ExecutorService 'applicationTaskExecutor'
2019-08-03 09:31:26.293 INFO  --- com.alibaba.druid.pool.DruidDataSource.close                                                         [line1948  ] : {dataSource-1} closing ...
2019-08-03 09:31:26.311 INFO  --- com.alibaba.druid.pool.DruidDataSource.close                                                         [line2020  ] : {dataSource-1} closed
