2019-08-10 09:02:48.379 INFO  --- com.competition.demo.test.logStarting                                                                [line50    ] : Starting test on LAPTOP-980LUNLK with PID 5368 (started by Administrator in D:\com.yundings\estc-master)
2019-08-10 09:02:48.380 INFO  --- com.competition.demo.test.logStartupProfileInfo                                                      [line650   ] : The following profiles are active: csw
2019-08-10 09:02:49.862 INFO  --- org.springframework.data.repository.config.RepositoryConfigurationDelegate.multipleStoresDetected    [line244   ] : Multiple Spring Data modules found, entering strict repository configuration mode!
2019-08-10 09:02:49.865 INFO  --- org.springframework.data.repository.config.RepositoryConfigurationDelegate.registerRepositoriesIn    [line126   ] : Bootstrapping Spring Data repositories in DEFAULT mode.
2019-08-10 09:02:49.917 INFO  --- org.springframework.data.repository.config.RepositoryConfigurationDelegate.registerRepositoriesIn    [line182   ] : Finished Spring Data repository scanning in 33ms. Found 0 repository interfaces.
2019-08-10 09:02:50.292 INFO  --- xt.support.PostProcessorRegistrationDelegate$BeanPostProcessorChecker.postProcessAfterInitialization [line330   ] : Bean 'org.springframework.transaction.annotation.ProxyTransactionManagementConfiguration' of type [org.springframework.transaction.annotation.ProxyTransactionManagementConfiguration$$EnhancerBySpringCGLIB$$7c497601] is not eligible for getting processed by all BeanPostProcessors (for example: not eligible for auto-proxying)
2019-08-10 09:02:50.438 INFO  --- xt.support.PostProcessorRegistrationDelegate$BeanPostProcessorChecker.postProcessAfterInitialization [line330   ] : Bean 'com.competition.config.ShiroConfig' of type [com.competition.config.ShiroConfig] is not eligible for getting processed by all BeanPostProcessors (for example: not eligible for auto-proxying)
2019-08-10 09:02:50.448 INFO  --- xt.support.PostProcessorRegistrationDelegate$BeanPostProcessorChecker.postProcessAfterInitialization [line330   ] : Bean 'credentialsMatcher' of type [org.apache.shiro.authc.credential.HashedCredentialsMatcher] is not eligible for getting processed by all BeanPostProcessors (for example: not eligible for auto-proxying)
2019-08-10 09:02:50.501 INFO  --- xt.support.PostProcessorRegistrationDelegate$BeanPostProcessorChecker.postProcessAfterInitialization [line330   ] : Bean 'mybatis-plus-com.baomidou.mybatisplus.autoconfigure.MybatisPlusProperties' of type [com.baomidou.mybatisplus.autoconfigure.MybatisPlusProperties] is not eligible for getting processed by all BeanPostProcessors (for example: not eligible for auto-proxying)
2019-08-10 09:02:50.509 INFO  --- xt.support.PostProcessorRegistrationDelegate$BeanPostProcessorChecker.postProcessAfterInitialization [line330   ] : Bean 'com.competition.config.MybatisPlusConfig' of type [com.competition.config.MybatisPlusConfig] is not eligible for getting processed by all BeanPostProcessors (for example: not eligible for auto-proxying)
2019-08-10 09:02:50.517 INFO  --- xt.support.PostProcessorRegistrationDelegate$BeanPostProcessorChecker.postProcessAfterInitialization [line330   ] : Bean 'paginationInterceptor' of type [com.baomidou.mybatisplus.extension.plugins.PaginationInterceptor] is not eligible for getting processed by all BeanPostProcessors (for example: not eligible for auto-proxying)
2019-08-10 09:02:50.527 INFO  --- xt.support.PostProcessorRegistrationDelegate$BeanPostProcessorChecker.postProcessAfterInitialization [line330   ] : Bean 'com.baomidou.mybatisplus.autoconfigure.MybatisPlusAutoConfiguration' of type [com.baomidou.mybatisplus.autoconfigure.MybatisPlusAutoConfiguration$$EnhancerBySpringCGLIB$$ba11e29b] is not eligible for getting processed by all BeanPostProcessors (for example: not eligible for auto-proxying)
2019-08-10 09:02:50.532 INFO  --- xt.support.PostProcessorRegistrationDelegate$BeanPostProcessorChecker.postProcessAfterInitialization [line330   ] : Bean 'com.alibaba.druid.spring.boot.autoconfigure.DruidDataSourceAutoConfigure' of type [com.alibaba.druid.spring.boot.autoconfigure.DruidDataSourceAutoConfigure$$EnhancerBySpringCGLIB$$95f56b73] is not eligible for getting processed by all BeanPostProcessors (for example: not eligible for auto-proxying)
2019-08-10 09:02:50.534 INFO  --- com.alibaba.druid.spring.boot.autoconfigure.DruidDataSourceAutoConfigure.dataSource                  [line56    ] : Init DruidDataSource
2019-08-10 09:02:50.595 INFO  --- xt.support.PostProcessorRegistrationDelegate$BeanPostProcessorChecker.postProcessAfterInitialization [line330   ] : Bean 'spring.datasource-org.springframework.boot.autoconfigure.jdbc.DataSourceProperties' of type [org.springframework.boot.autoconfigure.jdbc.DataSourceProperties] is not eligible for getting processed by all BeanPostProcessors (for example: not eligible for auto-proxying)
2019-08-10 09:02:52.759 INFO  --- com.alibaba.druid.pool.DruidDataSource.init                                                          [line1003  ] : {dataSource-1} inited
2019-08-10 09:02:52.760 INFO  --- xt.support.PostProcessorRegistrationDelegate$BeanPostProcessorChecker.postProcessAfterInitialization [line330   ] : Bean 'dataSource' of type [com.alibaba.druid.spring.boot.autoconfigure.DruidDataSourceWrapper] is not eligible for getting processed by all BeanPostProcessors (for example: not eligible for auto-proxying)
2019-08-10 09:02:52.786 INFO  --- xt.support.PostProcessorRegistrationDelegate$BeanPostProcessorChecker.postProcessAfterInitialization [line330   ] : Bean 'org.springframework.boot.autoconfigure.jdbc.DataSourceInitializerInvoker' of type [org.springframework.boot.autoconfigure.jdbc.DataSourceInitializerInvoker] is not eligible for getting processed by all BeanPostProcessors (for example: not eligible for auto-proxying)
2019-08-10 09:02:53.104 INFO  --- xt.support.PostProcessorRegistrationDelegate$BeanPostProcessorChecker.postProcessAfterInitialization [line330   ] : Bean 'sqlSessionFactory' of type [org.apache.ibatis.session.defaults.DefaultSqlSessionFactory] is not eligible for getting processed by all BeanPostProcessors (for example: not eligible for auto-proxying)
2019-08-10 09:02:53.115 INFO  --- xt.support.PostProcessorRegistrationDelegate$BeanPostProcessorChecker.postProcessAfterInitialization [line330   ] : Bean 'sqlSessionTemplate' of type [org.mybatis.spring.SqlSessionTemplate] is not eligible for getting processed by all BeanPostProcessors (for example: not eligible for auto-proxying)
2019-08-10 09:02:53.147 INFO  --- xt.support.PostProcessorRegistrationDelegate$BeanPostProcessorChecker.postProcessAfterInitialization [line330   ] : Bean 'userMapper' of type [org.mybatis.spring.mapper.MapperFactoryBean] is not eligible for getting processed by all BeanPostProcessors (for example: not eligible for auto-proxying)
2019-08-10 09:02:53.151 INFO  --- xt.support.PostProcessorRegistrationDelegate$BeanPostProcessorChecker.postProcessAfterInitialization [line330   ] : Bean 'userMapper' of type [com.sun.proxy.$Proxy89] is not eligible for getting processed by all BeanPostProcessors (for example: not eligible for auto-proxying)
2019-08-10 09:02:53.154 INFO  --- xt.support.PostProcessorRegistrationDelegate$BeanPostProcessorChecker.postProcessAfterInitialization [line330   ] : Bean 'userServiceImpl' of type [com.competition.service.impl.UserServiceImpl] is not eligible for getting processed by all BeanPostProcessors (for example: not eligible for auto-proxying)
2019-08-10 09:02:53.181 INFO  --- xt.support.PostProcessorRegistrationDelegate$BeanPostProcessorChecker.postProcessAfterInitialization [line330   ] : Bean 'userRealm' of type [com.competition.shiro.UserRealm] is not eligible for getting processed by all BeanPostProcessors (for example: not eligible for auto-proxying)
2019-08-10 09:02:53.220 INFO  --- xt.support.PostProcessorRegistrationDelegate$BeanPostProcessorChecker.postProcessAfterInitialization [line330   ] : Bean 'defaultSecurityManager' of type [org.apache.shiro.web.mgt.DefaultWebSecurityManager] is not eligible for getting processed by all BeanPostProcessors (for example: not eligible for auto-proxying)
2019-08-10 09:02:54.547 INFO  --- springfox.documentation.spring.web.PropertySourcedRequestMappingHandlerMapping.initHandlerMethods    [line69    ] : Mapped URL path [/v2/api-docs] onto method [public org.springframework.http.ResponseEntity<springfox.documentation.spring.web.json.Json> springfox.documentation.swagger2.web.Swagger2Controller.getDocumentation(java.lang.String,javax.servlet.http.HttpServletRequest)]
2019-08-10 09:02:55.283 INFO  --- org.springframework.scheduling.concurrent.ThreadPoolTaskExecutor.initialize                          [line171   ] : Initializing ExecutorService 'applicationTaskExecutor'
2019-08-10 09:02:56.011 INFO  --- springfox.documentation.spring.web.plugins.DocumentationPluginsBootstrapper.start                    [line160   ] : Context refreshed
2019-08-10 09:02:56.032 INFO  --- springfox.documentation.spring.web.plugins.DocumentationPluginsBootstrapper.start                    [line163   ] : Found 1 custom documentation plugin(s)
2019-08-10 09:02:56.065 INFO  --- springfox.documentation.spring.web.scanners.ApiListingReferenceScanner.scan                          [line41    ] : Scanning for api listing references
2019-08-10 09:02:56.295 INFO  --- springfox.documentation.spring.web.readers.operation.CachingOperationNameGenerator.startingWith      [line40    ] : Generating unique operation named: updateCompetitionUsingPUT_1
2019-08-10 09:02:56.299 INFO  --- springfox.documentation.spring.web.readers.operation.CachingOperationNameGenerator.startingWith      [line40    ] : Generating unique operation named: attentionUsingPUT_1
2019-08-10 09:02:56.403 INFO  --- com.competition.demo.test.logStarted                                                                 [line59    ] : Started test in 8.632 seconds (JVM running for 9.647)
2019-08-10 09:02:56.662 INFO  --- org.springframework.scheduling.concurrent.ThreadPoolTaskExecutor.shutdown                            [line208   ] : Shutting down ExecutorService 'applicationTaskExecutor'
2019-08-10 09:02:56.679 INFO  --- com.alibaba.druid.pool.DruidDataSource.close                                                         [line1948  ] : {dataSource-1} closing ...
2019-08-10 09:02:56.684 INFO  --- com.alibaba.druid.pool.DruidDataSource.close                                                         [line2020  ] : {dataSource-1} closed
2019-08-10 09:03:13.678 INFO  --- com.competition.demo.test.logStarting                                                                [line50    ] : Starting test on LAPTOP-980LUNLK with PID 2844 (started by Administrator in D:\com.yundings\estc-master)
2019-08-10 09:03:13.679 INFO  --- com.competition.demo.test.logStartupProfileInfo                                                      [line650   ] : The following profiles are active: csw
2019-08-10 09:03:14.704 INFO  --- org.springframework.data.repository.config.RepositoryConfigurationDelegate.multipleStoresDetected    [line244   ] : Multiple Spring Data modules found, entering strict repository configuration mode!
2019-08-10 09:03:14.706 INFO  --- org.springframework.data.repository.config.RepositoryConfigurationDelegate.registerRepositoriesIn    [line126   ] : Bootstrapping Spring Data repositories in DEFAULT mode.
2019-08-10 09:03:14.742 INFO  --- org.springframework.data.repository.config.RepositoryConfigurationDelegate.registerRepositoriesIn    [line182   ] : Finished Spring Data repository scanning in 25ms. Found 0 repository interfaces.
2019-08-10 09:03:15.089 INFO  --- xt.support.PostProcessorRegistrationDelegate$BeanPostProcessorChecker.postProcessAfterInitialization [line330   ] : Bean 'org.springframework.transaction.annotation.ProxyTransactionManagementConfiguration' of type [org.springframework.transaction.annotation.ProxyTransactionManagementConfiguration$$EnhancerBySpringCGLIB$$7c497601] is not eligible for getting processed by all BeanPostProcessors (for example: not eligible for auto-proxying)
2019-08-10 09:03:15.223 INFO  --- xt.support.PostProcessorRegistrationDelegate$BeanPostProcessorChecker.postProcessAfterInitialization [line330   ] : Bean 'com.competition.config.ShiroConfig' of type [com.competition.config.ShiroConfig] is not eligible for getting processed by all BeanPostProcessors (for example: not eligible for auto-proxying)
2019-08-10 09:03:15.230 INFO  --- xt.support.PostProcessorRegistrationDelegate$BeanPostProcessorChecker.postProcessAfterInitialization [line330   ] : Bean 'credentialsMatcher' of type [org.apache.shiro.authc.credential.HashedCredentialsMatcher] is not eligible for getting processed by all BeanPostProcessors (for example: not eligible for auto-proxying)
2019-08-10 09:03:15.282 INFO  --- xt.support.PostProcessorRegistrationDelegate$BeanPostProcessorChecker.postProcessAfterInitialization [line330   ] : Bean 'mybatis-plus-com.baomidou.mybatisplus.autoconfigure.MybatisPlusProperties' of type [com.baomidou.mybatisplus.autoconfigure.MybatisPlusProperties] is not eligible for getting processed by all BeanPostProcessors (for example: not eligible for auto-proxying)
2019-08-10 09:03:15.288 INFO  --- xt.support.PostProcessorRegistrationDelegate$BeanPostProcessorChecker.postProcessAfterInitialization [line330   ] : Bean 'com.competition.config.MybatisPlusConfig' of type [com.competition.config.MybatisPlusConfig] is not eligible for getting processed by all BeanPostProcessors (for example: not eligible for auto-proxying)
2019-08-10 09:03:15.296 INFO  --- xt.support.PostProcessorRegistrationDelegate$BeanPostProcessorChecker.postProcessAfterInitialization [line330   ] : Bean 'paginationInterceptor' of type [com.baomidou.mybatisplus.extension.plugins.PaginationInterceptor] is not eligible for getting processed by all BeanPostProcessors (for example: not eligible for auto-proxying)
2019-08-10 09:03:15.305 INFO  --- xt.support.PostProcessorRegistrationDelegate$BeanPostProcessorChecker.postProcessAfterInitialization [line330   ] : Bean 'com.baomidou.mybatisplus.autoconfigure.MybatisPlusAutoConfiguration' of type [com.baomidou.mybatisplus.autoconfigure.MybatisPlusAutoConfiguration$$EnhancerBySpringCGLIB$$ba11e29b] is not eligible for getting processed by all BeanPostProcessors (for example: not eligible for auto-proxying)
2019-08-10 09:03:15.311 INFO  --- xt.support.PostProcessorRegistrationDelegate$BeanPostProcessorChecker.postProcessAfterInitialization [line330   ] : Bean 'com.alibaba.druid.spring.boot.autoconfigure.DruidDataSourceAutoConfigure' of type [com.alibaba.druid.spring.boot.autoconfigure.DruidDataSourceAutoConfigure$$EnhancerBySpringCGLIB$$95f56b73] is not eligible for getting processed by all BeanPostProcessors (for example: not eligible for auto-proxying)
2019-08-10 09:03:15.314 INFO  --- com.alibaba.druid.spring.boot.autoconfigure.DruidDataSourceAutoConfigure.dataSource                  [line56    ] : Init DruidDataSource
2019-08-10 09:03:15.380 INFO  --- xt.support.PostProcessorRegistrationDelegate$BeanPostProcessorChecker.postProcessAfterInitialization [line330   ] : Bean 'spring.datasource-org.springframework.boot.autoconfigure.jdbc.DataSourceProperties' of type [org.springframework.boot.autoconfigure.jdbc.DataSourceProperties] is not eligible for getting processed by all BeanPostProcessors (for example: not eligible for auto-proxying)
2019-08-10 09:03:17.359 INFO  --- com.alibaba.druid.pool.DruidDataSource.init                                                          [line1003  ] : {dataSource-1} inited
2019-08-10 09:03:17.360 INFO  --- xt.support.PostProcessorRegistrationDelegate$BeanPostProcessorChecker.postProcessAfterInitialization [line330   ] : Bean 'dataSource' of type [com.alibaba.druid.spring.boot.autoconfigure.DruidDataSourceWrapper] is not eligible for getting processed by all BeanPostProcessors (for example: not eligible for auto-proxying)
2019-08-10 09:03:17.383 INFO  --- xt.support.PostProcessorRegistrationDelegate$BeanPostProcessorChecker.postProcessAfterInitialization [line330   ] : Bean 'org.springframework.boot.autoconfigure.jdbc.DataSourceInitializerInvoker' of type [org.springframework.boot.autoconfigure.jdbc.DataSourceInitializerInvoker] is not eligible for getting processed by all BeanPostProcessors (for example: not eligible for auto-proxying)
2019-08-10 09:03:17.663 INFO  --- xt.support.PostProcessorRegistrationDelegate$BeanPostProcessorChecker.postProcessAfterInitialization [line330   ] : Bean 'sqlSessionFactory' of type [org.apache.ibatis.session.defaults.DefaultSqlSessionFactory] is not eligible for getting processed by all BeanPostProcessors (for example: not eligible for auto-proxying)
2019-08-10 09:03:17.675 INFO  --- xt.support.PostProcessorRegistrationDelegate$BeanPostProcessorChecker.postProcessAfterInitialization [line330   ] : Bean 'sqlSessionTemplate' of type [org.mybatis.spring.SqlSessionTemplate] is not eligible for getting processed by all BeanPostProcessors (for example: not eligible for auto-proxying)
2019-08-10 09:03:17.729 INFO  --- xt.support.PostProcessorRegistrationDelegate$BeanPostProcessorChecker.postProcessAfterInitialization [line330   ] : Bean 'userMapper' of type [org.mybatis.spring.mapper.MapperFactoryBean] is not eligible for getting processed by all BeanPostProcessors (for example: not eligible for auto-proxying)
2019-08-10 09:03:17.734 INFO  --- xt.support.PostProcessorRegistrationDelegate$BeanPostProcessorChecker.postProcessAfterInitialization [line330   ] : Bean 'userMapper' of type [com.sun.proxy.$Proxy89] is not eligible for getting processed by all BeanPostProcessors (for example: not eligible for auto-proxying)
2019-08-10 09:03:17.739 INFO  --- xt.support.PostProcessorRegistrationDelegate$BeanPostProcessorChecker.postProcessAfterInitialization [line330   ] : Bean 'userServiceImpl' of type [com.competition.service.impl.UserServiceImpl] is not eligible for getting processed by all BeanPostProcessors (for example: not eligible for auto-proxying)
2019-08-10 09:03:17.771 INFO  --- xt.support.PostProcessorRegistrationDelegate$BeanPostProcessorChecker.postProcessAfterInitialization [line330   ] : Bean 'userRealm' of type [com.competition.shiro.UserRealm] is not eligible for getting processed by all BeanPostProcessors (for example: not eligible for auto-proxying)
2019-08-10 09:03:17.811 INFO  --- xt.support.PostProcessorRegistrationDelegate$BeanPostProcessorChecker.postProcessAfterInitialization [line330   ] : Bean 'defaultSecurityManager' of type [org.apache.shiro.web.mgt.DefaultWebSecurityManager] is not eligible for getting processed by all BeanPostProcessors (for example: not eligible for auto-proxying)
2019-08-10 09:03:19.013 INFO  --- springfox.documentation.spring.web.PropertySourcedRequestMappingHandlerMapping.initHandlerMethods    [line69    ] : Mapped URL path [/v2/api-docs] onto method [public org.springframework.http.ResponseEntity<springfox.documentation.spring.web.json.Json> springfox.documentation.swagger2.web.Swagger2Controller.getDocumentation(java.lang.String,javax.servlet.http.HttpServletRequest)]
2019-08-10 09:03:19.454 INFO  --- org.springframework.scheduling.concurrent.ThreadPoolTaskExecutor.initialize                          [line171   ] : Initializing ExecutorService 'applicationTaskExecutor'
2019-08-10 09:03:20.030 INFO  --- springfox.documentation.spring.web.plugins.DocumentationPluginsBootstrapper.start                    [line160   ] : Context refreshed
2019-08-10 09:03:20.048 INFO  --- springfox.documentation.spring.web.plugins.DocumentationPluginsBootstrapper.start                    [line163   ] : Found 1 custom documentation plugin(s)
2019-08-10 09:03:20.074 INFO  --- springfox.documentation.spring.web.scanners.ApiListingReferenceScanner.scan                          [line41    ] : Scanning for api listing references
2019-08-10 09:03:20.292 INFO  --- springfox.documentation.spring.web.readers.operation.CachingOperationNameGenerator.startingWith      [line40    ] : Generating unique operation named: updateCompetitionUsingPUT_1
2019-08-10 09:03:20.295 INFO  --- springfox.documentation.spring.web.readers.operation.CachingOperationNameGenerator.startingWith      [line40    ] : Generating unique operation named: attentionUsingPUT_1
2019-08-10 09:03:20.393 INFO  --- com.competition.demo.test.logStarted                                                                 [line59    ] : Started test in 7.225 seconds (JVM running for 8.146)
2019-08-10 09:03:20.620 INFO  --- org.springframework.scheduling.concurrent.ThreadPoolTaskExecutor.shutdown                            [line208   ] : Shutting down ExecutorService 'applicationTaskExecutor'
2019-08-10 09:03:20.635 INFO  --- com.alibaba.druid.pool.DruidDataSource.close                                                         [line1948  ] : {dataSource-1} closing ...
2019-08-10 09:03:20.641 INFO  --- com.alibaba.druid.pool.DruidDataSource.close                                                         [line2020  ] : {dataSource-1} closed
2019-08-10 09:04:38.575 INFO  --- com.competition.demo.test.logStarting                                                                [line50    ] : Starting test on LAPTOP-980LUNLK with PID 8700 (started by Administrator in D:\com.yundings\estc-master)
2019-08-10 09:04:38.576 INFO  --- com.competition.demo.test.logStartupProfileInfo                                                      [line650   ] : The following profiles are active: csw
2019-08-10 09:04:39.544 INFO  --- org.springframework.data.repository.config.RepositoryConfigurationDelegate.multipleStoresDetected    [line244   ] : Multiple Spring Data modules found, entering strict repository configuration mode!
2019-08-10 09:04:39.547 INFO  --- org.springframework.data.repository.config.RepositoryConfigurationDelegate.registerRepositoriesIn    [line126   ] : Bootstrapping Spring Data repositories in DEFAULT mode.
2019-08-10 09:04:39.586 INFO  --- org.springframework.data.repository.config.RepositoryConfigurationDelegate.registerRepositoriesIn    [line182   ] : Finished Spring Data repository scanning in 28ms. Found 0 repository interfaces.
2019-08-10 09:04:39.952 INFO  --- xt.support.PostProcessorRegistrationDelegate$BeanPostProcessorChecker.postProcessAfterInitialization [line330   ] : Bean 'org.springframework.transaction.annotation.ProxyTransactionManagementConfiguration' of type [org.springframework.transaction.annotation.ProxyTransactionManagementConfiguration$$EnhancerBySpringCGLIB$$7c497601] is not eligible for getting processed by all BeanPostProcessors (for example: not eligible for auto-proxying)
2019-08-10 09:04:40.086 INFO  --- xt.support.PostProcessorRegistrationDelegate$BeanPostProcessorChecker.postProcessAfterInitialization [line330   ] : Bean 'com.competition.config.ShiroConfig' of type [com.competition.config.ShiroConfig] is not eligible for getting processed by all BeanPostProcessors (for example: not eligible for auto-proxying)
2019-08-10 09:04:40.093 INFO  --- xt.support.PostProcessorRegistrationDelegate$BeanPostProcessorChecker.postProcessAfterInitialization [line330   ] : Bean 'credentialsMatcher' of type [org.apache.shiro.authc.credential.HashedCredentialsMatcher] is not eligible for getting processed by all BeanPostProcessors (for example: not eligible for auto-proxying)
2019-08-10 09:04:40.144 INFO  --- xt.support.PostProcessorRegistrationDelegate$BeanPostProcessorChecker.postProcessAfterInitialization [line330   ] : Bean 'mybatis-plus-com.baomidou.mybatisplus.autoconfigure.MybatisPlusProperties' of type [com.baomidou.mybatisplus.autoconfigure.MybatisPlusProperties] is not eligible for getting processed by all BeanPostProcessors (for example: not eligible for auto-proxying)
2019-08-10 09:04:40.150 INFO  --- xt.support.PostProcessorRegistrationDelegate$BeanPostProcessorChecker.postProcessAfterInitialization [line330   ] : Bean 'com.competition.config.MybatisPlusConfig' of type [com.competition.config.MybatisPlusConfig] is not eligible for getting processed by all BeanPostProcessors (for example: not eligible for auto-proxying)
2019-08-10 09:04:40.158 INFO  --- xt.support.PostProcessorRegistrationDelegate$BeanPostProcessorChecker.postProcessAfterInitialization [line330   ] : Bean 'paginationInterceptor' of type [com.baomidou.mybatisplus.extension.plugins.PaginationInterceptor] is not eligible for getting processed by all BeanPostProcessors (for example: not eligible for auto-proxying)
2019-08-10 09:04:40.167 INFO  --- xt.support.PostProcessorRegistrationDelegate$BeanPostProcessorChecker.postProcessAfterInitialization [line330   ] : Bean 'com.baomidou.mybatisplus.autoconfigure.MybatisPlusAutoConfiguration' of type [com.baomidou.mybatisplus.autoconfigure.MybatisPlusAutoConfiguration$$EnhancerBySpringCGLIB$$ba11e29b] is not eligible for getting processed by all BeanPostProcessors (for example: not eligible for auto-proxying)
2019-08-10 09:04:40.171 INFO  --- xt.support.PostProcessorRegistrationDelegate$BeanPostProcessorChecker.postProcessAfterInitialization [line330   ] : Bean 'com.alibaba.druid.spring.boot.autoconfigure.DruidDataSourceAutoConfigure' of type [com.alibaba.druid.spring.boot.autoconfigure.DruidDataSourceAutoConfigure$$EnhancerBySpringCGLIB$$95f56b73] is not eligible for getting processed by all BeanPostProcessors (for example: not eligible for auto-proxying)
2019-08-10 09:04:40.173 INFO  --- com.alibaba.druid.spring.boot.autoconfigure.DruidDataSourceAutoConfigure.dataSource                  [line56    ] : Init DruidDataSource
2019-08-10 09:04:40.229 INFO  --- xt.support.PostProcessorRegistrationDelegate$BeanPostProcessorChecker.postProcessAfterInitialization [line330   ] : Bean 'spring.datasource-org.springframework.boot.autoconfigure.jdbc.DataSourceProperties' of type [org.springframework.boot.autoconfigure.jdbc.DataSourceProperties] is not eligible for getting processed by all BeanPostProcessors (for example: not eligible for auto-proxying)
2019-08-10 09:04:42.625 INFO  --- com.alibaba.druid.pool.DruidDataSource.init                                                          [line1003  ] : {dataSource-1} inited
2019-08-10 09:04:42.626 INFO  --- xt.support.PostProcessorRegistrationDelegate$BeanPostProcessorChecker.postProcessAfterInitialization [line330   ] : Bean 'dataSource' of type [com.alibaba.druid.spring.boot.autoconfigure.DruidDataSourceWrapper] is not eligible for getting processed by all BeanPostProcessors (for example: not eligible for auto-proxying)
2019-08-10 09:04:42.659 INFO  --- xt.support.PostProcessorRegistrationDelegate$BeanPostProcessorChecker.postProcessAfterInitialization [line330   ] : Bean 'org.springframework.boot.autoconfigure.jdbc.DataSourceInitializerInvoker' of type [org.springframework.boot.autoconfigure.jdbc.DataSourceInitializerInvoker] is not eligible for getting processed by all BeanPostProcessors (for example: not eligible for auto-proxying)
2019-08-10 09:04:42.926 INFO  --- xt.support.PostProcessorRegistrationDelegate$BeanPostProcessorChecker.postProcessAfterInitialization [line330   ] : Bean 'sqlSessionFactory' of type [org.apache.ibatis.session.defaults.DefaultSqlSessionFactory] is not eligible for getting processed by all BeanPostProcessors (for example: not eligible for auto-proxying)
2019-08-10 09:04:42.937 INFO  --- xt.support.PostProcessorRegistrationDelegate$BeanPostProcessorChecker.postProcessAfterInitialization [line330   ] : Bean 'sqlSessionTemplate' of type [org.mybatis.spring.SqlSessionTemplate] is not eligible for getting processed by all BeanPostProcessors (for example: not eligible for auto-proxying)
2019-08-10 09:04:42.977 INFO  --- xt.support.PostProcessorRegistrationDelegate$BeanPostProcessorChecker.postProcessAfterInitialization [line330   ] : Bean 'userMapper' of type [org.mybatis.spring.mapper.MapperFactoryBean] is not eligible for getting processed by all BeanPostProcessors (for example: not eligible for auto-proxying)
2019-08-10 09:04:42.981 INFO  --- xt.support.PostProcessorRegistrationDelegate$BeanPostProcessorChecker.postProcessAfterInitialization [line330   ] : Bean 'userMapper' of type [com.sun.proxy.$Proxy89] is not eligible for getting processed by all BeanPostProcessors (for example: not eligible for auto-proxying)
2019-08-10 09:04:42.984 INFO  --- xt.support.PostProcessorRegistrationDelegate$BeanPostProcessorChecker.postProcessAfterInitialization [line330   ] : Bean 'userServiceImpl' of type [com.competition.service.impl.UserServiceImpl] is not eligible for getting processed by all BeanPostProcessors (for example: not eligible for auto-proxying)
2019-08-10 09:04:43.021 INFO  --- xt.support.PostProcessorRegistrationDelegate$BeanPostProcessorChecker.postProcessAfterInitialization [line330   ] : Bean 'userRealm' of type [com.competition.shiro.UserRealm] is not eligible for getting processed by all BeanPostProcessors (for example: not eligible for auto-proxying)
2019-08-10 09:04:43.055 INFO  --- xt.support.PostProcessorRegistrationDelegate$BeanPostProcessorChecker.postProcessAfterInitialization [line330   ] : Bean 'defaultSecurityManager' of type [org.apache.shiro.web.mgt.DefaultWebSecurityManager] is not eligible for getting processed by all BeanPostProcessors (for example: not eligible for auto-proxying)
2019-08-10 09:04:44.312 INFO  --- springfox.documentation.spring.web.PropertySourcedRequestMappingHandlerMapping.initHandlerMethods    [line69    ] : Mapped URL path [/v2/api-docs] onto method [public org.springframework.http.ResponseEntity<springfox.documentation.spring.web.json.Json> springfox.documentation.swagger2.web.Swagger2Controller.getDocumentation(java.lang.String,javax.servlet.http.HttpServletRequest)]
2019-08-10 09:04:44.755 INFO  --- org.springframework.scheduling.concurrent.ThreadPoolTaskExecutor.initialize                          [line171   ] : Initializing ExecutorService 'applicationTaskExecutor'
2019-08-10 09:04:45.397 INFO  --- springfox.documentation.spring.web.plugins.DocumentationPluginsBootstrapper.start                    [line160   ] : Context refreshed
2019-08-10 09:04:45.418 INFO  --- springfox.documentation.spring.web.plugins.DocumentationPluginsBootstrapper.start                    [line163   ] : Found 1 custom documentation plugin(s)
2019-08-10 09:04:45.451 INFO  --- springfox.documentation.spring.web.scanners.ApiListingReferenceScanner.scan                          [line41    ] : Scanning for api listing references
2019-08-10 09:04:45.713 INFO  --- springfox.documentation.spring.web.readers.operation.CachingOperationNameGenerator.startingWith      [line40    ] : Generating unique operation named: updateCompetitionUsingPUT_1
2019-08-10 09:04:45.717 INFO  --- springfox.documentation.spring.web.readers.operation.CachingOperationNameGenerator.startingWith      [line40    ] : Generating unique operation named: attentionUsingPUT_1
2019-08-10 09:04:45.810 INFO  --- com.competition.demo.test.logStarted                                                                 [line59    ] : Started test in 7.738 seconds (JVM running for 8.749)
2019-08-10 09:04:46.072 INFO  --- org.springframework.scheduling.concurrent.ThreadPoolTaskExecutor.shutdown                            [line208   ] : Shutting down ExecutorService 'applicationTaskExecutor'
2019-08-10 09:04:46.090 INFO  --- com.alibaba.druid.pool.DruidDataSource.close                                                         [line1948  ] : {dataSource-1} closing ...
2019-08-10 09:04:46.096 INFO  --- com.alibaba.druid.pool.DruidDataSource.close                                                         [line2020  ] : {dataSource-1} closed
2019-08-10 09:06:05.297 INFO  --- com.competition.demo.test.logStarting                                                                [line50    ] : Starting test on LAPTOP-980LUNLK with PID 22696 (started by Administrator in D:\com.yundings\estc-master)
2019-08-10 09:06:05.298 INFO  --- com.competition.demo.test.logStartupProfileInfo                                                      [line650   ] : The following profiles are active: csw
2019-08-10 09:06:06.617 INFO  --- org.springframework.data.repository.config.RepositoryConfigurationDelegate.multipleStoresDetected    [line244   ] : Multiple Spring Data modules found, entering strict repository configuration mode!
2019-08-10 09:06:06.620 INFO  --- org.springframework.data.repository.config.RepositoryConfigurationDelegate.registerRepositoriesIn    [line126   ] : Bootstrapping Spring Data repositories in DEFAULT mode.
2019-08-10 09:06:06.659 INFO  --- org.springframework.data.repository.config.RepositoryConfigurationDelegate.registerRepositoriesIn    [line182   ] : Finished Spring Data repository scanning in 28ms. Found 0 repository interfaces.
2019-08-10 09:06:07.049 INFO  --- xt.support.PostProcessorRegistrationDelegate$BeanPostProcessorChecker.postProcessAfterInitialization [line330   ] : Bean 'org.springframework.transaction.annotation.ProxyTransactionManagementConfiguration' of type [org.springframework.transaction.annotation.ProxyTransactionManagementConfiguration$$EnhancerBySpringCGLIB$$daa9266e] is not eligible for getting processed by all BeanPostProcessors (for example: not eligible for auto-proxying)
2019-08-10 09:06:07.188 INFO  --- xt.support.PostProcessorRegistrationDelegate$BeanPostProcessorChecker.postProcessAfterInitialization [line330   ] : Bean 'com.competition.config.ShiroConfig' of type [com.competition.config.ShiroConfig] is not eligible for getting processed by all BeanPostProcessors (for example: not eligible for auto-proxying)
2019-08-10 09:06:07.196 INFO  --- xt.support.PostProcessorRegistrationDelegate$BeanPostProcessorChecker.postProcessAfterInitialization [line330   ] : Bean 'credentialsMatcher' of type [org.apache.shiro.authc.credential.HashedCredentialsMatcher] is not eligible for getting processed by all BeanPostProcessors (for example: not eligible for auto-proxying)
2019-08-10 09:06:07.248 INFO  --- xt.support.PostProcessorRegistrationDelegate$BeanPostProcessorChecker.postProcessAfterInitialization [line330   ] : Bean 'mybatis-plus-com.baomidou.mybatisplus.autoconfigure.MybatisPlusProperties' of type [com.baomidou.mybatisplus.autoconfigure.MybatisPlusProperties] is not eligible for getting processed by all BeanPostProcessors (for example: not eligible for auto-proxying)
2019-08-10 09:06:07.254 INFO  --- xt.support.PostProcessorRegistrationDelegate$BeanPostProcessorChecker.postProcessAfterInitialization [line330   ] : Bean 'com.competition.config.MybatisPlusConfig' of type [com.competition.config.MybatisPlusConfig] is not eligible for getting processed by all BeanPostProcessors (for example: not eligible for auto-proxying)
2019-08-10 09:06:07.261 INFO  --- xt.support.PostProcessorRegistrationDelegate$BeanPostProcessorChecker.postProcessAfterInitialization [line330   ] : Bean 'paginationInterceptor' of type [com.baomidou.mybatisplus.extension.plugins.PaginationInterceptor] is not eligible for getting processed by all BeanPostProcessors (for example: not eligible for auto-proxying)
2019-08-10 09:06:07.268 INFO  --- xt.support.PostProcessorRegistrationDelegate$BeanPostProcessorChecker.postProcessAfterInitialization [line330   ] : Bean 'com.baomidou.mybatisplus.autoconfigure.MybatisPlusAutoConfiguration' of type [com.baomidou.mybatisplus.autoconfigure.MybatisPlusAutoConfiguration$$EnhancerBySpringCGLIB$$18719308] is not eligible for getting processed by all BeanPostProcessors (for example: not eligible for auto-proxying)
2019-08-10 09:06:07.272 INFO  --- xt.support.PostProcessorRegistrationDelegate$BeanPostProcessorChecker.postProcessAfterInitialization [line330   ] : Bean 'com.alibaba.druid.spring.boot.autoconfigure.DruidDataSourceAutoConfigure' of type [com.alibaba.druid.spring.boot.autoconfigure.DruidDataSourceAutoConfigure$$EnhancerBySpringCGLIB$$f4551be0] is not eligible for getting processed by all BeanPostProcessors (for example: not eligible for auto-proxying)
2019-08-10 09:06:07.274 INFO  --- com.alibaba.druid.spring.boot.autoconfigure.DruidDataSourceAutoConfigure.dataSource                  [line56    ] : Init DruidDataSource
2019-08-10 09:06:07.324 INFO  --- xt.support.PostProcessorRegistrationDelegate$BeanPostProcessorChecker.postProcessAfterInitialization [line330   ] : Bean 'spring.datasource-org.springframework.boot.autoconfigure.jdbc.DataSourceProperties' of type [org.springframework.boot.autoconfigure.jdbc.DataSourceProperties] is not eligible for getting processed by all BeanPostProcessors (for example: not eligible for auto-proxying)
2019-08-10 09:06:09.539 INFO  --- com.alibaba.druid.pool.DruidDataSource.init                                                          [line1003  ] : {dataSource-1} inited
2019-08-10 09:06:09.540 INFO  --- xt.support.PostProcessorRegistrationDelegate$BeanPostProcessorChecker.postProcessAfterInitialization [line330   ] : Bean 'dataSource' of type [com.alibaba.druid.spring.boot.autoconfigure.DruidDataSourceWrapper] is not eligible for getting processed by all BeanPostProcessors (for example: not eligible for auto-proxying)
2019-08-10 09:06:09.569 INFO  --- xt.support.PostProcessorRegistrationDelegate$BeanPostProcessorChecker.postProcessAfterInitialization [line330   ] : Bean 'org.springframework.boot.autoconfigure.jdbc.DataSourceInitializerInvoker' of type [org.springframework.boot.autoconfigure.jdbc.DataSourceInitializerInvoker] is not eligible for getting processed by all BeanPostProcessors (for example: not eligible for auto-proxying)
2019-08-10 09:06:09.806 INFO  --- xt.support.PostProcessorRegistrationDelegate$BeanPostProcessorChecker.postProcessAfterInitialization [line330   ] : Bean 'sqlSessionFactory' of type [org.apache.ibatis.session.defaults.DefaultSqlSessionFactory] is not eligible for getting processed by all BeanPostProcessors (for example: not eligible for auto-proxying)
2019-08-10 09:06:09.816 INFO  --- xt.support.PostProcessorRegistrationDelegate$BeanPostProcessorChecker.postProcessAfterInitialization [line330   ] : Bean 'sqlSessionTemplate' of type [org.mybatis.spring.SqlSessionTemplate] is not eligible for getting processed by all BeanPostProcessors (for example: not eligible for auto-proxying)
2019-08-10 09:06:09.859 INFO  --- xt.support.PostProcessorRegistrationDelegate$BeanPostProcessorChecker.postProcessAfterInitialization [line330   ] : Bean 'userMapper' of type [org.mybatis.spring.mapper.MapperFactoryBean] is not eligible for getting processed by all BeanPostProcessors (for example: not eligible for auto-proxying)
2019-08-10 09:06:09.863 INFO  --- xt.support.PostProcessorRegistrationDelegate$BeanPostProcessorChecker.postProcessAfterInitialization [line330   ] : Bean 'userMapper' of type [com.sun.proxy.$Proxy89] is not eligible for getting processed by all BeanPostProcessors (for example: not eligible for auto-proxying)
2019-08-10 09:06:09.866 INFO  --- xt.support.PostProcessorRegistrationDelegate$BeanPostProcessorChecker.postProcessAfterInitialization [line330   ] : Bean 'userServiceImpl' of type [com.competition.service.impl.UserServiceImpl] is not eligible for getting processed by all BeanPostProcessors (for example: not eligible for auto-proxying)
2019-08-10 09:06:09.890 INFO  --- xt.support.PostProcessorRegistrationDelegate$BeanPostProcessorChecker.postProcessAfterInitialization [line330   ] : Bean 'userRealm' of type [com.competition.shiro.UserRealm] is not eligible for getting processed by all BeanPostProcessors (for example: not eligible for auto-proxying)
2019-08-10 09:06:09.919 INFO  --- xt.support.PostProcessorRegistrationDelegate$BeanPostProcessorChecker.postProcessAfterInitialization [line330   ] : Bean 'defaultSecurityManager' of type [org.apache.shiro.web.mgt.DefaultWebSecurityManager] is not eligible for getting processed by all BeanPostProcessors (for example: not eligible for auto-proxying)
2019-08-10 09:06:11.260 INFO  --- springfox.documentation.spring.web.PropertySourcedRequestMappingHandlerMapping.initHandlerMethods    [line69    ] : Mapped URL path [/v2/api-docs] onto method [public org.springframework.http.ResponseEntity<springfox.documentation.spring.web.json.Json> springfox.documentation.swagger2.web.Swagger2Controller.getDocumentation(java.lang.String,javax.servlet.http.HttpServletRequest)]
2019-08-10 09:06:11.703 INFO  --- org.springframework.scheduling.concurrent.ThreadPoolTaskExecutor.initialize                          [line171   ] : Initializing ExecutorService 'applicationTaskExecutor'
2019-08-10 09:06:12.326 INFO  --- springfox.documentation.spring.web.plugins.DocumentationPluginsBootstrapper.start                    [line160   ] : Context refreshed
2019-08-10 09:06:12.342 INFO  --- springfox.documentation.spring.web.plugins.DocumentationPluginsBootstrapper.start                    [line163   ] : Found 1 custom documentation plugin(s)
2019-08-10 09:06:12.368 INFO  --- springfox.documentation.spring.web.scanners.ApiListingReferenceScanner.scan                          [line41    ] : Scanning for api listing references
2019-08-10 09:06:12.580 INFO  --- springfox.documentation.spring.web.readers.operation.CachingOperationNameGenerator.startingWith      [line40    ] : Generating unique operation named: updateCompetitionUsingPUT_1
2019-08-10 09:06:12.584 INFO  --- springfox.documentation.spring.web.readers.operation.CachingOperationNameGenerator.startingWith      [line40    ] : Generating unique operation named: attentionUsingPUT_1
2019-08-10 09:06:12.679 INFO  --- com.competition.demo.test.logStarted                                                                 [line59    ] : Started test in 7.929 seconds (JVM running for 8.901)
2019-08-10 09:06:12.945 INFO  --- org.springframework.scheduling.concurrent.ThreadPoolTaskExecutor.shutdown                            [line208   ] : Shutting down ExecutorService 'applicationTaskExecutor'
2019-08-10 09:06:12.964 INFO  --- com.alibaba.druid.pool.DruidDataSource.close                                                         [line1948  ] : {dataSource-1} closing ...
2019-08-10 09:06:12.970 INFO  --- com.alibaba.druid.pool.DruidDataSource.close                                                         [line2020  ] : {dataSource-1} closed
2019-08-10 09:09:27.806 INFO  --- com.competition.demo.test.logStarting                                                                [line50    ] : Starting test on LAPTOP-980LUNLK with PID 6156 (started by Administrator in D:\com.yundings\estc-master)
2019-08-10 09:09:27.807 INFO  --- com.competition.demo.test.logStartupProfileInfo                                                      [line650   ] : The following profiles are active: csw
2019-08-10 09:09:28.946 INFO  --- org.springframework.data.repository.config.RepositoryConfigurationDelegate.multipleStoresDetected    [line244   ] : Multiple Spring Data modules found, entering strict repository configuration mode!
2019-08-10 09:09:28.949 INFO  --- org.springframework.data.repository.config.RepositoryConfigurationDelegate.registerRepositoriesIn    [line126   ] : Bootstrapping Spring Data repositories in DEFAULT mode.
2019-08-10 09:09:28.989 INFO  --- org.springframework.data.repository.config.RepositoryConfigurationDelegate.registerRepositoriesIn    [line182   ] : Finished Spring Data repository scanning in 29ms. Found 0 repository interfaces.
2019-08-10 09:09:29.348 INFO  --- xt.support.PostProcessorRegistrationDelegate$BeanPostProcessorChecker.postProcessAfterInitialization [line330   ] : Bean 'org.springframework.transaction.annotation.ProxyTransactionManagementConfiguration' of type [org.springframework.transaction.annotation.ProxyTransactionManagementConfiguration$$EnhancerBySpringCGLIB$$7c497601] is not eligible for getting processed by all BeanPostProcessors (for example: not eligible for auto-proxying)
2019-08-10 09:09:29.478 INFO  --- xt.support.PostProcessorRegistrationDelegate$BeanPostProcessorChecker.postProcessAfterInitialization [line330   ] : Bean 'com.competition.config.ShiroConfig' of type [com.competition.config.ShiroConfig] is not eligible for getting processed by all BeanPostProcessors (for example: not eligible for auto-proxying)
2019-08-10 09:09:29.485 INFO  --- xt.support.PostProcessorRegistrationDelegate$BeanPostProcessorChecker.postProcessAfterInitialization [line330   ] : Bean 'credentialsMatcher' of type [org.apache.shiro.authc.credential.HashedCredentialsMatcher] is not eligible for getting processed by all BeanPostProcessors (for example: not eligible for auto-proxying)
2019-08-10 09:09:29.536 INFO  --- xt.support.PostProcessorRegistrationDelegate$BeanPostProcessorChecker.postProcessAfterInitialization [line330   ] : Bean 'mybatis-plus-com.baomidou.mybatisplus.autoconfigure.MybatisPlusProperties' of type [com.baomidou.mybatisplus.autoconfigure.MybatisPlusProperties] is not eligible for getting processed by all BeanPostProcessors (for example: not eligible for auto-proxying)
2019-08-10 09:09:29.541 INFO  --- xt.support.PostProcessorRegistrationDelegate$BeanPostProcessorChecker.postProcessAfterInitialization [line330   ] : Bean 'com.competition.config.MybatisPlusConfig' of type [com.competition.config.MybatisPlusConfig] is not eligible for getting processed by all BeanPostProcessors (for example: not eligible for auto-proxying)
2019-08-10 09:09:29.548 INFO  --- xt.support.PostProcessorRegistrationDelegate$BeanPostProcessorChecker.postProcessAfterInitialization [line330   ] : Bean 'paginationInterceptor' of type [com.baomidou.mybatisplus.extension.plugins.PaginationInterceptor] is not eligible for getting processed by all BeanPostProcessors (for example: not eligible for auto-proxying)
2019-08-10 09:09:29.557 INFO  --- xt.support.PostProcessorRegistrationDelegate$BeanPostProcessorChecker.postProcessAfterInitialization [line330   ] : Bean 'com.baomidou.mybatisplus.autoconfigure.MybatisPlusAutoConfiguration' of type [com.baomidou.mybatisplus.autoconfigure.MybatisPlusAutoConfiguration$$EnhancerBySpringCGLIB$$ba11e29b] is not eligible for getting processed by all BeanPostProcessors (for example: not eligible for auto-proxying)
2019-08-10 09:09:29.562 INFO  --- xt.support.PostProcessorRegistrationDelegate$BeanPostProcessorChecker.postProcessAfterInitialization [line330   ] : Bean 'com.alibaba.druid.spring.boot.autoconfigure.DruidDataSourceAutoConfigure' of type [com.alibaba.druid.spring.boot.autoconfigure.DruidDataSourceAutoConfigure$$EnhancerBySpringCGLIB$$95f56b73] is not eligible for getting processed by all BeanPostProcessors (for example: not eligible for auto-proxying)
2019-08-10 09:09:29.564 INFO  --- com.alibaba.druid.spring.boot.autoconfigure.DruidDataSourceAutoConfigure.dataSource                  [line56    ] : Init DruidDataSource
2019-08-10 09:09:29.623 INFO  --- xt.support.PostProcessorRegistrationDelegate$BeanPostProcessorChecker.postProcessAfterInitialization [line330   ] : Bean 'spring.datasource-org.springframework.boot.autoconfigure.jdbc.DataSourceProperties' of type [org.springframework.boot.autoconfigure.jdbc.DataSourceProperties] is not eligible for getting processed by all BeanPostProcessors (for example: not eligible for auto-proxying)
2019-08-10 09:09:31.745 INFO  --- com.alibaba.druid.pool.DruidDataSource.init                                                          [line1003  ] : {dataSource-1} inited
2019-08-10 09:09:31.746 INFO  --- xt.support.PostProcessorRegistrationDelegate$BeanPostProcessorChecker.postProcessAfterInitialization [line330   ] : Bean 'dataSource' of type [com.alibaba.druid.spring.boot.autoconfigure.DruidDataSourceWrapper] is not eligible for getting processed by all BeanPostProcessors (for example: not eligible for auto-proxying)
2019-08-10 09:09:31.786 INFO  --- xt.support.PostProcessorRegistrationDelegate$BeanPostProcessorChecker.postProcessAfterInitialization [line330   ] : Bean 'org.springframework.boot.autoconfigure.jdbc.DataSourceInitializerInvoker' of type [org.springframework.boot.autoconfigure.jdbc.DataSourceInitializerInvoker] is not eligible for getting processed by all BeanPostProcessors (for example: not eligible for auto-proxying)
2019-08-10 09:09:32.036 INFO  --- xt.support.PostProcessorRegistrationDelegate$BeanPostProcessorChecker.postProcessAfterInitialization [line330   ] : Bean 'sqlSessionFactory' of type [org.apache.ibatis.session.defaults.DefaultSqlSessionFactory] is not eligible for getting processed by all BeanPostProcessors (for example: not eligible for auto-proxying)
2019-08-10 09:09:32.046 INFO  --- xt.support.PostProcessorRegistrationDelegate$BeanPostProcessorChecker.postProcessAfterInitialization [line330   ] : Bean 'sqlSessionTemplate' of type [org.mybatis.spring.SqlSessionTemplate] is not eligible for getting processed by all BeanPostProcessors (for example: not eligible for auto-proxying)
2019-08-10 09:09:32.089 INFO  --- xt.support.PostProcessorRegistrationDelegate$BeanPostProcessorChecker.postProcessAfterInitialization [line330   ] : Bean 'userMapper' of type [org.mybatis.spring.mapper.MapperFactoryBean] is not eligible for getting processed by all BeanPostProcessors (for example: not eligible for auto-proxying)
2019-08-10 09:09:32.093 INFO  --- xt.support.PostProcessorRegistrationDelegate$BeanPostProcessorChecker.postProcessAfterInitialization [line330   ] : Bean 'userMapper' of type [com.sun.proxy.$Proxy89] is not eligible for getting processed by all BeanPostProcessors (for example: not eligible for auto-proxying)
2019-08-10 09:09:32.096 INFO  --- xt.support.PostProcessorRegistrationDelegate$BeanPostProcessorChecker.postProcessAfterInitialization [line330   ] : Bean 'userServiceImpl' of type [com.competition.service.impl.UserServiceImpl] is not eligible for getting processed by all BeanPostProcessors (for example: not eligible for auto-proxying)
2019-08-10 09:09:32.119 INFO  --- xt.support.PostProcessorRegistrationDelegate$BeanPostProcessorChecker.postProcessAfterInitialization [line330   ] : Bean 'userRealm' of type [com.competition.shiro.UserRealm] is not eligible for getting processed by all BeanPostProcessors (for example: not eligible for auto-proxying)
2019-08-10 09:09:32.148 INFO  --- xt.support.PostProcessorRegistrationDelegate$BeanPostProcessorChecker.postProcessAfterInitialization [line330   ] : Bean 'defaultSecurityManager' of type [org.apache.shiro.web.mgt.DefaultWebSecurityManager] is not eligible for getting processed by all BeanPostProcessors (for example: not eligible for auto-proxying)
2019-08-10 09:09:33.352 INFO  --- springfox.documentation.spring.web.PropertySourcedRequestMappingHandlerMapping.initHandlerMethods    [line69    ] : Mapped URL path [/v2/api-docs] onto method [public org.springframework.http.ResponseEntity<springfox.documentation.spring.web.json.Json> springfox.documentation.swagger2.web.Swagger2Controller.getDocumentation(java.lang.String,javax.servlet.http.HttpServletRequest)]
2019-08-10 09:09:33.782 INFO  --- org.springframework.scheduling.concurrent.ThreadPoolTaskExecutor.initialize                          [line171   ] : Initializing ExecutorService 'applicationTaskExecutor'
2019-08-10 09:09:34.382 INFO  --- springfox.documentation.spring.web.plugins.DocumentationPluginsBootstrapper.start                    [line160   ] : Context refreshed
2019-08-10 09:09:34.400 INFO  --- springfox.documentation.spring.web.plugins.DocumentationPluginsBootstrapper.start                    [line163   ] : Found 1 custom documentation plugin(s)
2019-08-10 09:09:34.426 INFO  --- springfox.documentation.spring.web.scanners.ApiListingReferenceScanner.scan                          [line41    ] : Scanning for api listing references
2019-08-10 09:09:34.657 INFO  --- springfox.documentation.spring.web.readers.operation.CachingOperationNameGenerator.startingWith      [line40    ] : Generating unique operation named: updateCompetitionUsingPUT_1
2019-08-10 09:09:34.660 INFO  --- springfox.documentation.spring.web.readers.operation.CachingOperationNameGenerator.startingWith      [line40    ] : Generating unique operation named: attentionUsingPUT_1
2019-08-10 09:09:34.763 INFO  --- com.competition.demo.test.logStarted                                                                 [line59    ] : Started test in 7.451 seconds (JVM running for 8.43)
2019-08-10 09:09:34.995 INFO  --- org.springframework.scheduling.concurrent.ThreadPoolTaskExecutor.shutdown                            [line208   ] : Shutting down ExecutorService 'applicationTaskExecutor'
2019-08-10 09:09:35.009 INFO  --- com.alibaba.druid.pool.DruidDataSource.close                                                         [line1948  ] : {dataSource-1} closing ...
2019-08-10 09:09:35.015 INFO  --- com.alibaba.druid.pool.DruidDataSource.close                                                         [line2020  ] : {dataSource-1} closed
2019-08-10 09:10:48.614 INFO  --- com.competition.demo.test.logStarting                                                                [line50    ] : Starting test on LAPTOP-980LUNLK with PID 17540 (started by Administrator in D:\com.yundings\estc-master)
2019-08-10 09:10:48.615 INFO  --- com.competition.demo.test.logStartupProfileInfo                                                      [line650   ] : The following profiles are active: csw
2019-08-10 09:10:49.859 INFO  --- org.springframework.data.repository.config.RepositoryConfigurationDelegate.multipleStoresDetected    [line244   ] : Multiple Spring Data modules found, entering strict repository configuration mode!
2019-08-10 09:10:49.861 INFO  --- org.springframework.data.repository.config.RepositoryConfigurationDelegate.registerRepositoriesIn    [line126   ] : Bootstrapping Spring Data repositories in DEFAULT mode.
2019-08-10 09:10:49.900 INFO  --- org.springframework.data.repository.config.RepositoryConfigurationDelegate.registerRepositoriesIn    [line182   ] : Finished Spring Data repository scanning in 26ms. Found 0 repository interfaces.
2019-08-10 09:10:50.250 INFO  --- xt.support.PostProcessorRegistrationDelegate$BeanPostProcessorChecker.postProcessAfterInitialization [line330   ] : Bean 'org.springframework.transaction.annotation.ProxyTransactionManagementConfiguration' of type [org.springframework.transaction.annotation.ProxyTransactionManagementConfiguration$$EnhancerBySpringCGLIB$$f5b62531] is not eligible for getting processed by all BeanPostProcessors (for example: not eligible for auto-proxying)
2019-08-10 09:10:50.381 INFO  --- xt.support.PostProcessorRegistrationDelegate$BeanPostProcessorChecker.postProcessAfterInitialization [line330   ] : Bean 'com.competition.config.ShiroConfig' of type [com.competition.config.ShiroConfig] is not eligible for getting processed by all BeanPostProcessors (for example: not eligible for auto-proxying)
2019-08-10 09:10:50.388 INFO  --- xt.support.PostProcessorRegistrationDelegate$BeanPostProcessorChecker.postProcessAfterInitialization [line330   ] : Bean 'credentialsMatcher' of type [org.apache.shiro.authc.credential.HashedCredentialsMatcher] is not eligible for getting processed by all BeanPostProcessors (for example: not eligible for auto-proxying)
2019-08-10 09:10:50.440 INFO  --- xt.support.PostProcessorRegistrationDelegate$BeanPostProcessorChecker.postProcessAfterInitialization [line330   ] : Bean 'mybatis-plus-com.baomidou.mybatisplus.autoconfigure.MybatisPlusProperties' of type [com.baomidou.mybatisplus.autoconfigure.MybatisPlusProperties] is not eligible for getting processed by all BeanPostProcessors (for example: not eligible for auto-proxying)
2019-08-10 09:10:50.445 INFO  --- xt.support.PostProcessorRegistrationDelegate$BeanPostProcessorChecker.postProcessAfterInitialization [line330   ] : Bean 'com.competition.config.MybatisPlusConfig' of type [com.competition.config.MybatisPlusConfig] is not eligible for getting processed by all BeanPostProcessors (for example: not eligible for auto-proxying)
2019-08-10 09:10:50.451 INFO  --- xt.support.PostProcessorRegistrationDelegate$BeanPostProcessorChecker.postProcessAfterInitialization [line330   ] : Bean 'paginationInterceptor' of type [com.baomidou.mybatisplus.extension.plugins.PaginationInterceptor] is not eligible for getting processed by all BeanPostProcessors (for example: not eligible for auto-proxying)
2019-08-10 09:10:50.460 INFO  --- xt.support.PostProcessorRegistrationDelegate$BeanPostProcessorChecker.postProcessAfterInitialization [line330   ] : Bean 'com.baomidou.mybatisplus.autoconfigure.MybatisPlusAutoConfiguration' of type [com.baomidou.mybatisplus.autoconfigure.MybatisPlusAutoConfiguration$$EnhancerBySpringCGLIB$$337e91cb] is not eligible for getting processed by all BeanPostProcessors (for example: not eligible for auto-proxying)
2019-08-10 09:10:50.464 INFO  --- xt.support.PostProcessorRegistrationDelegate$BeanPostProcessorChecker.postProcessAfterInitialization [line330   ] : Bean 'com.alibaba.druid.spring.boot.autoconfigure.DruidDataSourceAutoConfigure' of type [com.alibaba.druid.spring.boot.autoconfigure.DruidDataSourceAutoConfigure$$EnhancerBySpringCGLIB$$f621aa3] is not eligible for getting processed by all BeanPostProcessors (for example: not eligible for auto-proxying)
2019-08-10 09:10:50.466 INFO  --- com.alibaba.druid.spring.boot.autoconfigure.DruidDataSourceAutoConfigure.dataSource                  [line56    ] : Init DruidDataSource
2019-08-10 09:10:50.517 INFO  --- xt.support.PostProcessorRegistrationDelegate$BeanPostProcessorChecker.postProcessAfterInitialization [line330   ] : Bean 'spring.datasource-org.springframework.boot.autoconfigure.jdbc.DataSourceProperties' of type [org.springframework.boot.autoconfigure.jdbc.DataSourceProperties] is not eligible for getting processed by all BeanPostProcessors (for example: not eligible for auto-proxying)
2019-08-10 09:10:52.426 INFO  --- com.alibaba.druid.pool.DruidDataSource.init                                                          [line1003  ] : {dataSource-1} inited
2019-08-10 09:10:52.428 INFO  --- xt.support.PostProcessorRegistrationDelegate$BeanPostProcessorChecker.postProcessAfterInitialization [line330   ] : Bean 'dataSource' of type [com.alibaba.druid.spring.boot.autoconfigure.DruidDataSourceWrapper] is not eligible for getting processed by all BeanPostProcessors (for example: not eligible for auto-proxying)
2019-08-10 09:10:52.462 INFO  --- xt.support.PostProcessorRegistrationDelegate$BeanPostProcessorChecker.postProcessAfterInitialization [line330   ] : Bean 'org.springframework.boot.autoconfigure.jdbc.DataSourceInitializerInvoker' of type [org.springframework.boot.autoconfigure.jdbc.DataSourceInitializerInvoker] is not eligible for getting processed by all BeanPostProcessors (for example: not eligible for auto-proxying)
2019-08-10 09:10:52.764 INFO  --- xt.support.PostProcessorRegistrationDelegate$BeanPostProcessorChecker.postProcessAfterInitialization [line330   ] : Bean 'sqlSessionFactory' of type [org.apache.ibatis.session.defaults.DefaultSqlSessionFactory] is not eligible for getting processed by all BeanPostProcessors (for example: not eligible for auto-proxying)
2019-08-10 09:10:52.784 INFO  --- xt.support.PostProcessorRegistrationDelegate$BeanPostProcessorChecker.postProcessAfterInitialization [line330   ] : Bean 'sqlSessionTemplate' of type [org.mybatis.spring.SqlSessionTemplate] is not eligible for getting processed by all BeanPostProcessors (for example: not eligible for auto-proxying)
2019-08-10 09:10:52.823 INFO  --- xt.support.PostProcessorRegistrationDelegate$BeanPostProcessorChecker.postProcessAfterInitialization [line330   ] : Bean 'userMapper' of type [org.mybatis.spring.mapper.MapperFactoryBean] is not eligible for getting processed by all BeanPostProcessors (for example: not eligible for auto-proxying)
2019-08-10 09:10:52.827 INFO  --- xt.support.PostProcessorRegistrationDelegate$BeanPostProcessorChecker.postProcessAfterInitialization [line330   ] : Bean 'userMapper' of type [com.sun.proxy.$Proxy89] is not eligible for getting processed by all BeanPostProcessors (for example: not eligible for auto-proxying)
2019-08-10 09:10:52.830 INFO  --- xt.support.PostProcessorRegistrationDelegate$BeanPostProcessorChecker.postProcessAfterInitialization [line330   ] : Bean 'userServiceImpl' of type [com.competition.service.impl.UserServiceImpl] is not eligible for getting processed by all BeanPostProcessors (for example: not eligible for auto-proxying)
2019-08-10 09:10:52.860 INFO  --- xt.support.PostProcessorRegistrationDelegate$BeanPostProcessorChecker.postProcessAfterInitialization [line330   ] : Bean 'userRealm' of type [com.competition.shiro.UserRealm] is not eligible for getting processed by all BeanPostProcessors (for example: not eligible for auto-proxying)
2019-08-10 09:10:52.892 INFO  --- xt.support.PostProcessorRegistrationDelegate$BeanPostProcessorChecker.postProcessAfterInitialization [line330   ] : Bean 'defaultSecurityManager' of type [org.apache.shiro.web.mgt.DefaultWebSecurityManager] is not eligible for getting processed by all BeanPostProcessors (for example: not eligible for auto-proxying)
2019-08-10 09:10:54.060 INFO  --- springfox.documentation.spring.web.PropertySourcedRequestMappingHandlerMapping.initHandlerMethods    [line69    ] : Mapped URL path [/v2/api-docs] onto method [public org.springframework.http.ResponseEntity<springfox.documentation.spring.web.json.Json> springfox.documentation.swagger2.web.Swagger2Controller.getDocumentation(java.lang.String,javax.servlet.http.HttpServletRequest)]
2019-08-10 09:10:54.473 INFO  --- org.springframework.scheduling.concurrent.ThreadPoolTaskExecutor.initialize                          [line171   ] : Initializing ExecutorService 'applicationTaskExecutor'
2019-08-10 09:10:55.047 INFO  --- springfox.documentation.spring.web.plugins.DocumentationPluginsBootstrapper.start                    [line160   ] : Context refreshed
2019-08-10 09:10:55.066 INFO  --- springfox.documentation.spring.web.plugins.DocumentationPluginsBootstrapper.start                    [line163   ] : Found 1 custom documentation plugin(s)
2019-08-10 09:10:55.097 INFO  --- springfox.documentation.spring.web.scanners.ApiListingReferenceScanner.scan                          [line41    ] : Scanning for api listing references
2019-08-10 09:10:55.324 INFO  --- springfox.documentation.spring.web.readers.operation.CachingOperationNameGenerator.startingWith      [line40    ] : Generating unique operation named: updateCompetitionUsingPUT_1
2019-08-10 09:10:55.327 INFO  --- springfox.documentation.spring.web.readers.operation.CachingOperationNameGenerator.startingWith      [line40    ] : Generating unique operation named: attentionUsingPUT_1
2019-08-10 09:10:55.425 INFO  --- com.competition.demo.test.logStarted                                                                 [line59    ] : Started test in 7.342 seconds (JVM running for 8.224)
2019-08-10 09:10:55.683 INFO  --- org.springframework.scheduling.concurrent.ThreadPoolTaskExecutor.shutdown                            [line208   ] : Shutting down ExecutorService 'applicationTaskExecutor'
2019-08-10 09:10:55.701 INFO  --- com.alibaba.druid.pool.DruidDataSource.close                                                         [line1948  ] : {dataSource-1} closing ...
2019-08-10 09:10:55.708 INFO  --- com.alibaba.druid.pool.DruidDataSource.close                                                         [line2020  ] : {dataSource-1} closed
2019-08-10 10:13:27.534 INFO  --- com.competition.SpringbootDemoApplication.logStarting                                                [line50    ] : Starting SpringbootDemoApplication on LAPTOP-980LUNLK with PID 20792 (D:\com.yundings\estc-master\target\classes started by Administrator in D:\com.yundings\estc-master)
2019-08-10 10:13:27.536 INFO  --- com.competition.SpringbootDemoApplication.logStartupProfileInfo                                      [line650   ] : The following profiles are active: csw
2019-08-10 10:13:28.279 INFO  --- org.springframework.data.repository.config.RepositoryConfigurationDelegate.multipleStoresDetected    [line244   ] : Multiple Spring Data modules found, entering strict repository configuration mode!
2019-08-10 10:13:28.280 INFO  --- org.springframework.data.repository.config.RepositoryConfigurationDelegate.registerRepositoriesIn    [line126   ] : Bootstrapping Spring Data repositories in DEFAULT mode.
2019-08-10 10:13:28.307 INFO  --- org.springframework.data.repository.config.RepositoryConfigurationDelegate.registerRepositoriesIn    [line182   ] : Finished Spring Data repository scanning in 18ms. Found 0 repository interfaces.
2019-08-10 10:13:28.508 INFO  --- xt.support.PostProcessorRegistrationDelegate$BeanPostProcessorChecker.postProcessAfterInitialization [line330   ] : Bean 'org.springframework.transaction.annotation.ProxyTransactionManagementConfiguration' of type [org.springframework.transaction.annotation.ProxyTransactionManagementConfiguration$$EnhancerBySpringCGLIB$$67b5f1ab] is not eligible for getting processed by all BeanPostProcessors (for example: not eligible for auto-proxying)
2019-08-10 10:13:28.554 INFO  --- xt.support.PostProcessorRegistrationDelegate$BeanPostProcessorChecker.postProcessAfterInitialization [line330   ] : Bean 'com.competition.config.ShiroConfig' of type [com.competition.config.ShiroConfig] is not eligible for getting processed by all BeanPostProcessors (for example: not eligible for auto-proxying)
2019-08-10 10:13:28.559 INFO  --- xt.support.PostProcessorRegistrationDelegate$BeanPostProcessorChecker.postProcessAfterInitialization [line330   ] : Bean 'credentialsMatcher' of type [org.apache.shiro.authc.credential.HashedCredentialsMatcher] is not eligible for getting processed by all BeanPostProcessors (for example: not eligible for auto-proxying)
2019-08-10 10:13:28.594 INFO  --- xt.support.PostProcessorRegistrationDelegate$BeanPostProcessorChecker.postProcessAfterInitialization [line330   ] : Bean 'mybatis-plus-com.baomidou.mybatisplus.autoconfigure.MybatisPlusProperties' of type [com.baomidou.mybatisplus.autoconfigure.MybatisPlusProperties] is not eligible for getting processed by all BeanPostProcessors (for example: not eligible for auto-proxying)
2019-08-10 10:13:28.598 INFO  --- xt.support.PostProcessorRegistrationDelegate$BeanPostProcessorChecker.postProcessAfterInitialization [line330   ] : Bean 'com.competition.config.MybatisPlusConfig' of type [com.competition.config.MybatisPlusConfig] is not eligible for getting processed by all BeanPostProcessors (for example: not eligible for auto-proxying)
2019-08-10 10:13:28.600 INFO  --- xt.support.PostProcessorRegistrationDelegate$BeanPostProcessorChecker.postProcessAfterInitialization [line330   ] : Bean 'paginationInterceptor' of type [com.baomidou.mybatisplus.extension.plugins.PaginationInterceptor] is not eligible for getting processed by all BeanPostProcessors (for example: not eligible for auto-proxying)
2019-08-10 10:13:28.605 INFO  --- xt.support.PostProcessorRegistrationDelegate$BeanPostProcessorChecker.postProcessAfterInitialization [line330   ] : Bean 'com.baomidou.mybatisplus.autoconfigure.MybatisPlusAutoConfiguration' of type [com.baomidou.mybatisplus.autoconfigure.MybatisPlusAutoConfiguration$$EnhancerBySpringCGLIB$$a57e5e45] is not eligible for getting processed by all BeanPostProcessors (for example: not eligible for auto-proxying)
2019-08-10 10:13:28.607 INFO  --- xt.support.PostProcessorRegistrationDelegate$BeanPostProcessorChecker.postProcessAfterInitialization [line330   ] : Bean 'com.alibaba.druid.spring.boot.autoconfigure.DruidDataSourceAutoConfigure' of type [com.alibaba.druid.spring.boot.autoconfigure.DruidDataSourceAutoConfigure$$EnhancerBySpringCGLIB$$8161e71d] is not eligible for getting processed by all BeanPostProcessors (for example: not eligible for auto-proxying)
2019-08-10 10:13:28.608 INFO  --- com.alibaba.druid.spring.boot.autoconfigure.DruidDataSourceAutoConfigure.dataSource                  [line56    ] : Init DruidDataSource
2019-08-10 10:13:28.643 INFO  --- xt.support.PostProcessorRegistrationDelegate$BeanPostProcessorChecker.postProcessAfterInitialization [line330   ] : Bean 'spring.datasource-org.springframework.boot.autoconfigure.jdbc.DataSourceProperties' of type [org.springframework.boot.autoconfigure.jdbc.DataSourceProperties] is not eligible for getting processed by all BeanPostProcessors (for example: not eligible for auto-proxying)
2019-08-10 10:13:30.076 INFO  --- com.alibaba.druid.pool.DruidDataSource.init                                                          [line1003  ] : {dataSource-1} inited
2019-08-10 10:13:30.077 INFO  --- xt.support.PostProcessorRegistrationDelegate$BeanPostProcessorChecker.postProcessAfterInitialization [line330   ] : Bean 'dataSource' of type [com.alibaba.druid.spring.boot.autoconfigure.DruidDataSourceWrapper] is not eligible for getting processed by all BeanPostProcessors (for example: not eligible for auto-proxying)
2019-08-10 10:13:30.105 INFO  --- xt.support.PostProcessorRegistrationDelegate$BeanPostProcessorChecker.postProcessAfterInitialization [line330   ] : Bean 'org.springframework.boot.autoconfigure.jdbc.DataSourceInitializerInvoker' of type [org.springframework.boot.autoconfigure.jdbc.DataSourceInitializerInvoker] is not eligible for getting processed by all BeanPostProcessors (for example: not eligible for auto-proxying)
2019-08-10 10:13:30.274 INFO  --- xt.support.PostProcessorRegistrationDelegate$BeanPostProcessorChecker.postProcessAfterInitialization [line330   ] : Bean 'sqlSessionFactory' of type [org.apache.ibatis.session.defaults.DefaultSqlSessionFactory] is not eligible for getting processed by all BeanPostProcessors (for example: not eligible for auto-proxying)
2019-08-10 10:13:30.279 INFO  --- xt.support.PostProcessorRegistrationDelegate$BeanPostProcessorChecker.postProcessAfterInitialization [line330   ] : Bean 'sqlSessionTemplate' of type [org.mybatis.spring.SqlSessionTemplate] is not eligible for getting processed by all BeanPostProcessors (for example: not eligible for auto-proxying)
2019-08-10 10:13:30.298 INFO  --- xt.support.PostProcessorRegistrationDelegate$BeanPostProcessorChecker.postProcessAfterInitialization [line330   ] : Bean 'userMapper' of type [org.mybatis.spring.mapper.MapperFactoryBean] is not eligible for getting processed by all BeanPostProcessors (for example: not eligible for auto-proxying)
2019-08-10 10:13:30.301 INFO  --- xt.support.PostProcessorRegistrationDelegate$BeanPostProcessorChecker.postProcessAfterInitialization [line330   ] : Bean 'userMapper' of type [com.sun.proxy.$Proxy83] is not eligible for getting processed by all BeanPostProcessors (for example: not eligible for auto-proxying)
2019-08-10 10:13:30.302 INFO  --- xt.support.PostProcessorRegistrationDelegate$BeanPostProcessorChecker.postProcessAfterInitialization [line330   ] : Bean 'userServiceImpl' of type [com.competition.service.impl.UserServiceImpl] is not eligible for getting processed by all BeanPostProcessors (for example: not eligible for auto-proxying)
2019-08-10 10:13:30.317 INFO  --- xt.support.PostProcessorRegistrationDelegate$BeanPostProcessorChecker.postProcessAfterInitialization [line330   ] : Bean 'userRealm' of type [com.competition.shiro.UserRealm] is not eligible for getting processed by all BeanPostProcessors (for example: not eligible for auto-proxying)
2019-08-10 10:13:30.331 INFO  --- xt.support.PostProcessorRegistrationDelegate$BeanPostProcessorChecker.postProcessAfterInitialization [line330   ] : Bean 'defaultSecurityManager' of type [org.apache.shiro.web.mgt.DefaultWebSecurityManager] is not eligible for getting processed by all BeanPostProcessors (for example: not eligible for auto-proxying)
2019-08-10 10:13:30.502 INFO  --- org.springframework.boot.web.embedded.tomcat.TomcatWebServer.initialize                              [line90    ] : Tomcat initialized with port(s): 8080 (http)
2019-08-10 10:13:30.513 INFO  --- org.apache.coyote.http11.Http11NioProtocol.log                                                       [line173   ] : Initializing ProtocolHandler ["http-nio-8080"]
2019-08-10 10:13:30.519 INFO  --- org.apache.catalina.core.StandardService.log                                                         [line173   ] : Starting service [Tomcat]
2019-08-10 10:13:30.519 INFO  --- org.apache.catalina.core.StandardEngine.log                                                          [line173   ] : Starting Servlet engine: [Apache Tomcat/9.0.21]
2019-08-10 10:13:30.524 INFO  --- org.apache.catalina.core.AprLifecycleListener.log                                                    [line173   ] : Loaded APR based Apache Tomcat Native library [1.2.21] using APR version [1.6.5].
2019-08-10 10:13:30.524 INFO  --- org.apache.catalina.core.AprLifecycleListener.log                                                    [line173   ] : APR capabilities: IPv6 [true], sendfile [true], accept filters [false], random [true].
2019-08-10 10:13:30.524 INFO  --- org.apache.catalina.core.AprLifecycleListener.log                                                    [line173   ] : APR/OpenSSL configuration: useAprConnector [false], useOpenSSL [true]
2019-08-10 10:13:30.679 INFO  --- org.apache.catalina.core.AprLifecycleListener.log                                                    [line173   ] : OpenSSL successfully initialized [OpenSSL 1.1.1a  20 Nov 2018]
2019-08-10 10:13:30.879 INFO  --- org.apache.catalina.core.ContainerBase.[Tomcat].[localhost].[/].log                                  [line173   ] : Initializing Spring embedded WebApplicationContext
2019-08-10 10:13:30.879 INFO  --- org.springframework.web.context.ContextLoader.prepareWebApplicationContext                           [line283   ] : Root WebApplicationContext: initialization completed in 3282 ms
2019-08-10 10:13:31.433 INFO  --- springfox.documentation.spring.web.PropertySourcedRequestMappingHandlerMapping.initHandlerMethods    [line69    ] : Mapped URL path [/v2/api-docs] onto method [public org.springframework.http.ResponseEntity<springfox.documentation.spring.web.json.Json> springfox.documentation.swagger2.web.Swagger2Controller.getDocumentation(java.lang.String,javax.servlet.http.HttpServletRequest)]
2019-08-10 10:13:31.521 INFO  --- org.springframework.scheduling.concurrent.ThreadPoolTaskExecutor.initialize                          [line171   ] : Initializing ExecutorService 'applicationTaskExecutor'
2019-08-10 10:13:31.746 INFO  --- springfox.documentation.spring.web.plugins.DocumentationPluginsBootstrapper.start                    [line160   ] : Context refreshed
2019-08-10 10:13:31.756 INFO  --- springfox.documentation.spring.web.plugins.DocumentationPluginsBootstrapper.start                    [line163   ] : Found 1 custom documentation plugin(s)
2019-08-10 10:13:31.776 INFO  --- springfox.documentation.spring.web.scanners.ApiListingReferenceScanner.scan                          [line41    ] : Scanning for api listing references
2019-08-10 10:13:31.902 INFO  --- springfox.documentation.spring.web.readers.operation.CachingOperationNameGenerator.startingWith      [line40    ] : Generating unique operation named: attentionUsingPUT_1
2019-08-10 10:13:31.956 INFO  --- org.apache.coyote.http11.Http11NioProtocol.log                                                       [line173   ] : Starting ProtocolHandler ["http-nio-8080"]
2019-08-10 10:13:31.974 INFO  --- org.springframework.boot.web.embedded.tomcat.TomcatWebServer.start                                   [line202   ] : Tomcat started on port(s): 8080 (http) with context path ''
2019-08-10 10:13:31.976 INFO  --- com.competition.SpringbootDemoApplication.logStarted                                                 [line59    ] : Started SpringbootDemoApplication in 4.804 seconds (JVM running for 5.797)
2019-08-10 10:14:23.355 INFO  --- org.apache.catalina.core.ContainerBase.[Tomcat].[localhost].[/].log                                  [line173   ] : Initializing Spring DispatcherServlet 'dispatcherServlet'
2019-08-10 10:14:23.355 INFO  --- org.springframework.web.servlet.DispatcherServlet.initServletBean                                    [line524   ] : Initializing Servlet 'dispatcherServlet'
2019-08-10 10:14:23.363 INFO  --- org.springframework.web.servlet.DispatcherServlet.initServletBean                                    [line546   ] : Completed initialization in 7 ms
2019-08-10 10:14:36.715 INFO  --- com.competition.shiro.UserRealm.doGetAuthenticationInfo                                              [line64    ] : 
2019-08-10 10:14:53.754 INFO  --- com.competition.shiro.UserRealm.doGetAuthenticationInfo                                              [line64    ] : 
