2019-08-20 09:40:29.800 INFO  --- com.competition.SpringbootDemoApplication.logStarting                                                [line50    ] : Starting SpringbootDemoApplication on 27 with PID 28656 (/home/guohaodong/Idea/estc/target/classes started by guohaodong in /home/guohaodong/Idea/estc)
2019-08-20 09:40:29.809 INFO  --- com.competition.SpringbootDemoApplication.logStartupProfileInfo                                      [line650   ] : The following profiles are active: csw
2019-08-20 09:40:35.281 INFO  --- org.springframework.data.repository.config.RepositoryConfigurationDelegate.multipleStoresDetected    [line244   ] : Multiple Spring Data modules found, entering strict repository configuration mode!
2019-08-20 09:40:35.287 INFO  --- org.springframework.data.repository.config.RepositoryConfigurationDelegate.registerRepositoriesIn    [line126   ] : Bootstrapping Spring Data repositories in DEFAULT mode.
2019-08-20 09:40:35.426 INFO  --- org.springframework.data.repository.config.RepositoryConfigurationDelegate.registerRepositoriesIn    [line182   ] : Finished Spring Data repository scanning in 49ms. Found 0 repository interfaces.
2019-08-20 09:40:36.243 INFO  --- xt.support.PostProcessorRegistrationDelegate$BeanPostProcessorChecker.postProcessAfterInitialization [line330   ] : Bean 'org.springframework.transaction.annotation.ProxyTransactionManagementConfiguration' of type [org.springframework.transaction.annotation.ProxyTransactionManagementConfiguration$$EnhancerBySpringCGLIB$$4323d911] is not eligible for getting processed by all BeanPostProcessors (for example: not eligible for auto-proxying)
2019-08-20 09:40:36.510 INFO  --- xt.support.PostProcessorRegistrationDelegate$BeanPostProcessorChecker.postProcessAfterInitialization [line330   ] : Bean 'mybatis-plus-com.baomidou.mybatisplus.autoconfigure.MybatisPlusProperties' of type [com.baomidou.mybatisplus.autoconfigure.MybatisPlusProperties] is not eligible for getting processed by all BeanPostProcessors (for example: not eligible for auto-proxying)
2019-08-20 09:40:36.519 INFO  --- xt.support.PostProcessorRegistrationDelegate$BeanPostProcessorChecker.postProcessAfterInitialization [line330   ] : Bean 'com.competition.config.MybatisPlusConfig' of type [com.competition.config.MybatisPlusConfig] is not eligible for getting processed by all BeanPostProcessors (for example: not eligible for auto-proxying)
2019-08-20 09:40:36.582 INFO  --- xt.support.PostProcessorRegistrationDelegate$BeanPostProcessorChecker.postProcessAfterInitialization [line330   ] : Bean 'paginationInterceptor' of type [com.baomidou.mybatisplus.extension.plugins.PaginationInterceptor] is not eligible for getting processed by all BeanPostProcessors (for example: not eligible for auto-proxying)
2019-08-20 09:40:36.600 INFO  --- xt.support.PostProcessorRegistrationDelegate$BeanPostProcessorChecker.postProcessAfterInitialization [line330   ] : Bean 'com.baomidou.mybatisplus.autoconfigure.MybatisPlusAutoConfiguration' of type [com.baomidou.mybatisplus.autoconfigure.MybatisPlusAutoConfiguration$$EnhancerBySpringCGLIB$$80ec45ab] is not eligible for getting processed by all BeanPostProcessors (for example: not eligible for auto-proxying)
2019-08-20 09:40:36.604 INFO  --- xt.support.PostProcessorRegistrationDelegate$BeanPostProcessorChecker.postProcessAfterInitialization [line330   ] : Bean 'com.alibaba.druid.spring.boot.autoconfigure.DruidDataSourceAutoConfigure' of type [com.alibaba.druid.spring.boot.autoconfigure.DruidDataSourceAutoConfigure$$EnhancerBySpringCGLIB$$5ccfce83] is not eligible for getting processed by all BeanPostProcessors (for example: not eligible for auto-proxying)
2019-08-20 09:40:36.609 INFO  --- com.alibaba.druid.spring.boot.autoconfigure.DruidDataSourceAutoConfigure.dataSource                  [line56    ] : Init DruidDataSource
2019-08-20 09:40:36.862 INFO  --- xt.support.PostProcessorRegistrationDelegate$BeanPostProcessorChecker.postProcessAfterInitialization [line330   ] : Bean 'spring.datasource-org.springframework.boot.autoconfigure.jdbc.DataSourceProperties' of type [org.springframework.boot.autoconfigure.jdbc.DataSourceProperties] is not eligible for getting processed by all BeanPostProcessors (for example: not eligible for auto-proxying)
2019-08-20 09:40:39.040 INFO  --- com.alibaba.druid.pool.DruidDataSource.init                                                          [line1003  ] : {dataSource-1} inited
2019-08-20 09:40:39.041 INFO  --- xt.support.PostProcessorRegistrationDelegate$BeanPostProcessorChecker.postProcessAfterInitialization [line330   ] : Bean 'dataSource' of type [com.alibaba.druid.spring.boot.autoconfigure.DruidDataSourceWrapper] is not eligible for getting processed by all BeanPostProcessors (for example: not eligible for auto-proxying)
2019-08-20 09:40:39.084 INFO  --- xt.support.PostProcessorRegistrationDelegate$BeanPostProcessorChecker.postProcessAfterInitialization [line330   ] : Bean 'org.springframework.boot.autoconfigure.jdbc.DataSourceInitializerInvoker' of type [org.springframework.boot.autoconfigure.jdbc.DataSourceInitializerInvoker] is not eligible for getting processed by all BeanPostProcessors (for example: not eligible for auto-proxying)
2019-08-20 09:40:39.728 INFO  --- xt.support.PostProcessorRegistrationDelegate$BeanPostProcessorChecker.postProcessAfterInitialization [line330   ] : Bean 'sqlSessionFactory' of type [org.apache.ibatis.session.defaults.DefaultSqlSessionFactory] is not eligible for getting processed by all BeanPostProcessors (for example: not eligible for auto-proxying)
2019-08-20 09:40:39.739 INFO  --- xt.support.PostProcessorRegistrationDelegate$BeanPostProcessorChecker.postProcessAfterInitialization [line330   ] : Bean 'sqlSessionTemplate' of type [org.mybatis.spring.SqlSessionTemplate] is not eligible for getting processed by all BeanPostProcessors (for example: not eligible for auto-proxying)
2019-08-20 09:40:39.765 INFO  --- xt.support.PostProcessorRegistrationDelegate$BeanPostProcessorChecker.postProcessAfterInitialization [line330   ] : Bean 'userDao' of type [org.mybatis.spring.mapper.MapperFactoryBean] is not eligible for getting processed by all BeanPostProcessors (for example: not eligible for auto-proxying)
2019-08-20 09:40:39.772 INFO  --- xt.support.PostProcessorRegistrationDelegate$BeanPostProcessorChecker.postProcessAfterInitialization [line330   ] : Bean 'userDao' of type [com.sun.proxy.$Proxy85] is not eligible for getting processed by all BeanPostProcessors (for example: not eligible for auto-proxying)
2019-08-20 09:40:39.776 INFO  --- xt.support.PostProcessorRegistrationDelegate$BeanPostProcessorChecker.postProcessAfterInitialization [line330   ] : Bean 'UserServiceX' of type [xyz.xlong99.service.impl.UserServiceImpl] is not eligible for getting processed by all BeanPostProcessors (for example: not eligible for auto-proxying)
2019-08-20 09:40:39.860 INFO  --- xt.support.PostProcessorRegistrationDelegate$BeanPostProcessorChecker.postProcessAfterInitialization [line330   ] : Bean 'userMapper' of type [org.mybatis.spring.mapper.MapperFactoryBean] is not eligible for getting processed by all BeanPostProcessors (for example: not eligible for auto-proxying)
2019-08-20 09:40:39.863 INFO  --- xt.support.PostProcessorRegistrationDelegate$BeanPostProcessorChecker.postProcessAfterInitialization [line330   ] : Bean 'userMapper' of type [com.sun.proxy.$Proxy88] is not eligible for getting processed by all BeanPostProcessors (for example: not eligible for auto-proxying)
2019-08-20 09:40:39.867 INFO  --- xt.support.PostProcessorRegistrationDelegate$BeanPostProcessorChecker.postProcessAfterInitialization [line330   ] : Bean 'UserService' of type [com.competition.service.impl.UserServiceImpl] is not eligible for getting processed by all BeanPostProcessors (for example: not eligible for auto-proxying)
2019-08-20 09:40:39.906 INFO  --- xt.support.PostProcessorRegistrationDelegate$BeanPostProcessorChecker.postProcessAfterInitialization [line330   ] : Bean 'com.competition.config.ShiroConfig' of type [com.competition.config.ShiroConfig] is not eligible for getting processed by all BeanPostProcessors (for example: not eligible for auto-proxying)
2019-08-20 09:40:39.930 INFO  --- xt.support.PostProcessorRegistrationDelegate$BeanPostProcessorChecker.postProcessAfterInitialization [line330   ] : Bean 'credentialsMatcher' of type [org.apache.shiro.authc.credential.HashedCredentialsMatcher] is not eligible for getting processed by all BeanPostProcessors (for example: not eligible for auto-proxying)
2019-08-20 09:40:39.946 INFO  --- xt.support.PostProcessorRegistrationDelegate$BeanPostProcessorChecker.postProcessAfterInitialization [line330   ] : Bean 'userRealm' of type [com.competition.shiro.UserRealm] is not eligible for getting processed by all BeanPostProcessors (for example: not eligible for auto-proxying)
2019-08-20 09:40:40.005 INFO  --- xt.support.PostProcessorRegistrationDelegate$BeanPostProcessorChecker.postProcessAfterInitialization [line330   ] : Bean 'defaultSecurityManager' of type [org.apache.shiro.web.mgt.DefaultWebSecurityManager] is not eligible for getting processed by all BeanPostProcessors (for example: not eligible for auto-proxying)
2019-08-20 09:40:40.914 INFO  --- org.springframework.boot.web.embedded.tomcat.TomcatWebServer.initialize                              [line90    ] : Tomcat initialized with port(s): 8080 (http)
2019-08-20 09:40:40.941 INFO  --- org.apache.coyote.http11.Http11NioProtocol.log                                                       [line173   ] : Initializing ProtocolHandler ["http-nio-8080"]
2019-08-20 09:40:40.992 INFO  --- org.apache.catalina.core.StandardService.log                                                         [line173   ] : Starting service [Tomcat]
2019-08-20 09:40:40.993 INFO  --- org.apache.catalina.core.StandardEngine.log                                                          [line173   ] : Starting Servlet engine: [Apache Tomcat/9.0.21]
2019-08-20 09:40:41.150 INFO  --- org.apache.catalina.core.ContainerBase.[Tomcat].[localhost].[/].log                                  [line173   ] : Initializing Spring embedded WebApplicationContext
2019-08-20 09:40:41.150 INFO  --- org.springframework.web.context.ContextLoader.prepareWebApplicationContext                           [line283   ] : Root WebApplicationContext: initialization completed in 10825 ms
2019-08-20 09:40:43.883 INFO  --- springfox.documentation.spring.web.PropertySourcedRequestMappingHandlerMapping.initHandlerMethods    [line69    ] : Mapped URL path [/v2/api-docs] onto method [public org.springframework.http.ResponseEntity<springfox.documentation.spring.web.json.Json> springfox.documentation.swagger2.web.Swagger2Controller.getDocumentation(java.lang.String,javax.servlet.http.HttpServletRequest)]
2019-08-20 09:40:44.186 INFO  --- org.springframework.scheduling.concurrent.ThreadPoolTaskExecutor.initialize                          [line171   ] : Initializing ExecutorService 'applicationTaskExecutor'
2019-08-20 09:40:44.982 INFO  --- springfox.documentation.spring.web.plugins.DocumentationPluginsBootstrapper.start                    [line160   ] : Context refreshed
2019-08-20 09:40:45.029 INFO  --- springfox.documentation.spring.web.plugins.DocumentationPluginsBootstrapper.start                    [line163   ] : Found 1 custom documentation plugin(s)
2019-08-20 09:40:45.094 INFO  --- springfox.documentation.spring.web.scanners.ApiListingReferenceScanner.scan                          [line41    ] : Scanning for api listing references
2019-08-20 09:40:45.756 INFO  --- springfox.documentation.spring.web.readers.operation.CachingOperationNameGenerator.startingWith      [line40    ] : Generating unique operation named: updateCompetitionUsingPUT_1
2019-08-20 09:40:45.872 INFO  --- springfox.documentation.spring.web.readers.operation.CachingOperationNameGenerator.startingWith      [line40    ] : Generating unique operation named: attentionUsingPUT_1
2019-08-20 09:40:47.282 INFO  --- org.apache.coyote.http11.Http11NioProtocol.log                                                       [line173   ] : Starting ProtocolHandler ["http-nio-8080"]
2019-08-20 09:40:47.415 INFO  --- org.springframework.boot.web.embedded.tomcat.TomcatWebServer.start                                   [line202   ] : Tomcat started on port(s): 8080 (http) with context path ''
2019-08-20 09:40:47.424 INFO  --- com.competition.SpringbootDemoApplication.logStarted                                                 [line59    ] : Started SpringbootDemoApplication in 20.292 seconds (JVM running for 27.512)
