2019-08-01 09:23:38.490 INFO  --- com.competition.demo.EnumDemo.logStarting                                                            [line50    ] : Starting EnumDemo on 27 with PID 32036 (started by guohaodong in /home/guohaodong/Idea/estc)
2019-08-01 09:23:38.492 INFO  --- com.competition.demo.EnumDemo.logStartupProfileInfo                                                  [line650   ] : The following profiles are active: dev
2019-08-01 09:23:48.115 INFO  --- org.springframework.data.repository.config.RepositoryConfigurationDelegate.multipleStoresDetected    [line244   ] : Multiple Spring Data modules found, entering strict repository configuration mode!
2019-08-01 09:23:48.148 INFO  --- org.springframework.data.repository.config.RepositoryConfigurationDelegate.registerRepositoriesIn    [line126   ] : Bootstrapping Spring Data repositories in DEFAULT mode.
2019-08-01 09:23:48.352 INFO  --- org.springframework.data.repository.config.RepositoryConfigurationDelegate.registerRepositoriesIn    [line182   ] : Finished Spring Data repository scanning in 72ms. Found 0 repository interfaces.
2019-08-01 09:23:49.879 INFO  --- xt.support.PostProcessorRegistrationDelegate$BeanPostProcessorChecker.postProcessAfterInitialization [line330   ] : Bean 'org.springframework.transaction.annotation.ProxyTransactionManagementConfiguration' of type [org.springframework.transaction.annotation.ProxyTransactionManagementConfiguration$$EnhancerBySpringCGLIB$$11404c3f] is not eligible for getting processed by all BeanPostProcessors (for example: not eligible for auto-proxying)
2019-08-01 09:23:50.194 INFO  --- com.alibaba.druid.spring.boot.autoconfigure.DruidDataSourceAutoConfigure.dataSource                  [line56    ] : Init DruidDataSource
2019-08-01 09:23:51.744 INFO  --- com.alibaba.druid.pool.DruidDataSource.init                                                          [line1003  ] : {dataSource-1} inited
2019-08-01 09:23:55.754 INFO  --- org.springframework.scheduling.concurrent.ThreadPoolTaskExecutor.initialize                          [line171   ] : Initializing ExecutorService 'applicationTaskExecutor'
2019-08-01 09:23:57.254 INFO  --- com.competition.demo.EnumDemo.logStarted                                                             [line59    ] : Started EnumDemo in 23.265 seconds (JVM running for 28.152)
2019-08-01 09:23:57.821 INFO  --- org.springframework.scheduling.concurrent.ThreadPoolTaskExecutor.shutdown                            [line208   ] : Shutting down ExecutorService 'applicationTaskExecutor'
2019-08-01 09:23:57.874 INFO  --- com.alibaba.druid.pool.DruidDataSource.close                                                         [line1948  ] : {dataSource-1} closing ...
2019-08-01 09:23:57.917 INFO  --- com.alibaba.druid.pool.DruidDataSource.close                                                         [line2020  ] : {dataSource-1} closed
2019-08-01 09:25:41.520 INFO  --- com.competition.demo.EnumDemo.logStarting                                                            [line50    ] : Starting EnumDemo on 27 with PID 32362 (started by guohaodong in /home/guohaodong/Idea/estc)
2019-08-01 09:25:41.522 INFO  --- com.competition.demo.EnumDemo.logStartupProfileInfo                                                  [line650   ] : The following profiles are active: dev
2019-08-01 09:25:43.380 INFO  --- org.springframework.data.repository.config.RepositoryConfigurationDelegate.multipleStoresDetected    [line244   ] : Multiple Spring Data modules found, entering strict repository configuration mode!
2019-08-01 09:25:43.399 INFO  --- org.springframework.data.repository.config.RepositoryConfigurationDelegate.registerRepositoriesIn    [line126   ] : Bootstrapping Spring Data repositories in DEFAULT mode.
2019-08-01 09:25:43.470 INFO  --- org.springframework.data.repository.config.RepositoryConfigurationDelegate.registerRepositoriesIn    [line182   ] : Finished Spring Data repository scanning in 29ms. Found 0 repository interfaces.
2019-08-01 09:25:44.227 INFO  --- xt.support.PostProcessorRegistrationDelegate$BeanPostProcessorChecker.postProcessAfterInitialization [line330   ] : Bean 'org.springframework.transaction.annotation.ProxyTransactionManagementConfiguration' of type [org.springframework.transaction.annotation.ProxyTransactionManagementConfiguration$$EnhancerBySpringCGLIB$$e2e91a6d] is not eligible for getting processed by all BeanPostProcessors (for example: not eligible for auto-proxying)
2019-08-01 09:25:44.492 INFO  --- com.alibaba.druid.spring.boot.autoconfigure.DruidDataSourceAutoConfigure.dataSource                  [line56    ] : Init DruidDataSource
2019-08-01 09:25:45.159 INFO  --- com.alibaba.druid.pool.DruidDataSource.init                                                          [line1003  ] : {dataSource-1} inited
2019-08-01 09:25:48.376 INFO  --- org.springframework.scheduling.concurrent.ThreadPoolTaskExecutor.initialize                          [line171   ] : Initializing ExecutorService 'applicationTaskExecutor'
2019-08-01 09:25:49.620 INFO  --- com.competition.demo.EnumDemo.logStarted                                                             [line59    ] : Started EnumDemo in 9.48 seconds (JVM running for 10.934)
2019-08-01 09:25:50.744 INFO  --- com.competition.demo.EnumDemo.enumDemo                                                               [line22    ] : 信息
2019-08-01 09:25:50.771 INFO  --- org.springframework.scheduling.concurrent.ThreadPoolTaskExecutor.shutdown                            [line208   ] : Shutting down ExecutorService 'applicationTaskExecutor'
2019-08-01 09:25:50.814 INFO  --- com.alibaba.druid.pool.DruidDataSource.close                                                         [line1948  ] : {dataSource-1} closing ...
2019-08-01 09:25:50.829 INFO  --- com.alibaba.druid.pool.DruidDataSource.close                                                         [line2020  ] : {dataSource-1} closed
2019-08-01 09:26:21.724 INFO  --- com.competition.demo.EnumDemo.logStarting                                                            [line50    ] : Starting EnumDemo on 27 with PID 32494 (started by guohaodong in /home/guohaodong/Idea/estc)
2019-08-01 09:26:21.727 INFO  --- com.competition.demo.EnumDemo.logStartupProfileInfo                                                  [line650   ] : The following profiles are active: dev
2019-08-01 09:26:23.517 INFO  --- org.springframework.data.repository.config.RepositoryConfigurationDelegate.multipleStoresDetected    [line244   ] : Multiple Spring Data modules found, entering strict repository configuration mode!
2019-08-01 09:26:23.522 INFO  --- org.springframework.data.repository.config.RepositoryConfigurationDelegate.registerRepositoriesIn    [line126   ] : Bootstrapping Spring Data repositories in DEFAULT mode.
2019-08-01 09:26:23.592 INFO  --- org.springframework.data.repository.config.RepositoryConfigurationDelegate.registerRepositoriesIn    [line182   ] : Finished Spring Data repository scanning in 44ms. Found 0 repository interfaces.
2019-08-01 09:26:24.382 INFO  --- xt.support.PostProcessorRegistrationDelegate$BeanPostProcessorChecker.postProcessAfterInitialization [line330   ] : Bean 'org.springframework.transaction.annotation.ProxyTransactionManagementConfiguration' of type [org.springframework.transaction.annotation.ProxyTransactionManagementConfiguration$$EnhancerBySpringCGLIB$$eb041e5e] is not eligible for getting processed by all BeanPostProcessors (for example: not eligible for auto-proxying)
2019-08-01 09:26:24.640 INFO  --- com.alibaba.druid.spring.boot.autoconfigure.DruidDataSourceAutoConfigure.dataSource                  [line56    ] : Init DruidDataSource
2019-08-01 09:26:25.405 INFO  --- com.alibaba.druid.pool.DruidDataSource.init                                                          [line1003  ] : {dataSource-1} inited
2019-08-01 09:26:28.968 INFO  --- org.springframework.scheduling.concurrent.ThreadPoolTaskExecutor.initialize                          [line171   ] : Initializing ExecutorService 'applicationTaskExecutor'
2019-08-01 09:26:29.974 INFO  --- com.competition.demo.EnumDemo.logStarted                                                             [line59    ] : Started EnumDemo in 9.851 seconds (JVM running for 12.185)
2019-08-01 09:26:30.279 INFO  --- com.competition.demo.EnumDemo.enumDemo                                                               [line22    ] : 信息
2019-08-01 09:26:30.308 INFO  --- org.springframework.scheduling.concurrent.ThreadPoolTaskExecutor.shutdown                            [line208   ] : Shutting down ExecutorService 'applicationTaskExecutor'
2019-08-01 09:26:30.340 INFO  --- com.alibaba.druid.pool.DruidDataSource.close                                                         [line1948  ] : {dataSource-1} closing ...
2019-08-01 09:26:30.364 INFO  --- com.alibaba.druid.pool.DruidDataSource.close                                                         [line2020  ] : {dataSource-1} closed
2019-08-01 09:49:00.390 INFO  --- com.competition.demo.WrapperDemo.logStarting                                                         [line50    ] : Starting WrapperDemo on 27 with PID 1993 (started by guohaodong in /home/guohaodong/Idea/estc)
2019-08-01 09:49:00.392 INFO  --- com.competition.demo.WrapperDemo.logStartupProfileInfo                                               [line650   ] : The following profiles are active: dev
2019-08-01 09:49:03.374 INFO  --- org.springframework.data.repository.config.RepositoryConfigurationDelegate.multipleStoresDetected    [line244   ] : Multiple Spring Data modules found, entering strict repository configuration mode!
2019-08-01 09:49:03.381 INFO  --- org.springframework.data.repository.config.RepositoryConfigurationDelegate.registerRepositoriesIn    [line126   ] : Bootstrapping Spring Data repositories in DEFAULT mode.
2019-08-01 09:49:03.651 INFO  --- org.springframework.data.repository.config.RepositoryConfigurationDelegate.registerRepositoriesIn    [line182   ] : Finished Spring Data repository scanning in 221ms. Found 0 repository interfaces.
2019-08-01 09:49:04.385 INFO  --- xt.support.PostProcessorRegistrationDelegate$BeanPostProcessorChecker.postProcessAfterInitialization [line330   ] : Bean 'org.springframework.transaction.annotation.ProxyTransactionManagementConfiguration' of type [org.springframework.transaction.annotation.ProxyTransactionManagementConfiguration$$EnhancerBySpringCGLIB$$7eeb0fbf] is not eligible for getting processed by all BeanPostProcessors (for example: not eligible for auto-proxying)
2019-08-01 09:49:04.629 INFO  --- com.alibaba.druid.spring.boot.autoconfigure.DruidDataSourceAutoConfigure.dataSource                  [line56    ] : Init DruidDataSource
2019-08-01 09:49:05.366 INFO  --- com.alibaba.druid.pool.DruidDataSource.init                                                          [line1003  ] : {dataSource-1} inited
2019-08-01 09:49:08.810 INFO  --- org.springframework.scheduling.concurrent.ThreadPoolTaskExecutor.initialize                          [line171   ] : Initializing ExecutorService 'applicationTaskExecutor'
2019-08-01 09:49:13.574 INFO  --- com.competition.demo.WrapperDemo.logStarted                                                          [line59    ] : Started WrapperDemo in 14.454 seconds (JVM running for 16.063)
2019-08-01 09:49:16.964 INFO  --- com.competition.demo.WrapperDemo.setCompetitionWikiServiceT                                          [line30    ] : 测试内容
2019-08-01 09:49:17.036 INFO  --- org.springframework.scheduling.concurrent.ThreadPoolTaskExecutor.shutdown                            [line208   ] : Shutting down ExecutorService 'applicationTaskExecutor'
2019-08-01 09:49:17.305 INFO  --- com.alibaba.druid.pool.DruidDataSource.close                                                         [line1948  ] : {dataSource-1} closing ...
2019-08-01 09:49:17.462 INFO  --- com.alibaba.druid.pool.DruidDataSource.close                                                         [line2020  ] : {dataSource-1} closed
2019-08-01 10:04:01.553 INFO  --- com.competition.demo.WrapperDemo.logStarting                                                         [line50    ] : Starting WrapperDemo on 27 with PID 3063 (started by guohaodong in /home/guohaodong/Idea/estc)
2019-08-01 10:04:01.556 INFO  --- com.competition.demo.WrapperDemo.logStartupProfileInfo                                               [line650   ] : The following profiles are active: dev
2019-08-01 10:04:06.243 INFO  --- org.springframework.data.repository.config.RepositoryConfigurationDelegate.multipleStoresDetected    [line244   ] : Multiple Spring Data modules found, entering strict repository configuration mode!
2019-08-01 10:04:06.248 INFO  --- org.springframework.data.repository.config.RepositoryConfigurationDelegate.registerRepositoriesIn    [line126   ] : Bootstrapping Spring Data repositories in DEFAULT mode.
2019-08-01 10:04:06.309 INFO  --- org.springframework.data.repository.config.RepositoryConfigurationDelegate.registerRepositoriesIn    [line182   ] : Finished Spring Data repository scanning in 41ms. Found 0 repository interfaces.
2019-08-01 10:04:07.077 INFO  --- xt.support.PostProcessorRegistrationDelegate$BeanPostProcessorChecker.postProcessAfterInitialization [line330   ] : Bean 'org.springframework.transaction.annotation.ProxyTransactionManagementConfiguration' of type [org.springframework.transaction.annotation.ProxyTransactionManagementConfiguration$$EnhancerBySpringCGLIB$$5fb33a09] is not eligible for getting processed by all BeanPostProcessors (for example: not eligible for auto-proxying)
2019-08-01 10:04:07.329 INFO  --- com.alibaba.druid.spring.boot.autoconfigure.DruidDataSourceAutoConfigure.dataSource                  [line56    ] : Init DruidDataSource
2019-08-01 10:04:08.194 INFO  --- com.alibaba.druid.pool.DruidDataSource.init                                                          [line1003  ] : {dataSource-1} inited
2019-08-01 10:04:11.268 INFO  --- org.springframework.scheduling.concurrent.ThreadPoolTaskExecutor.initialize                          [line171   ] : Initializing ExecutorService 'applicationTaskExecutor'
2019-08-01 10:04:12.424 INFO  --- com.competition.demo.WrapperDemo.logStarted                                                          [line59    ] : Started WrapperDemo in 12.673 seconds (JVM running for 15.517)
2019-08-01 10:04:14.660 INFO  --- com.competition.demo.WrapperDemo.setCompetitionWikiServiceT                                          [line30    ] : null
2019-08-01 10:04:14.673 INFO  --- org.springframework.scheduling.concurrent.ThreadPoolTaskExecutor.shutdown                            [line208   ] : Shutting down ExecutorService 'applicationTaskExecutor'
2019-08-01 10:04:14.718 INFO  --- com.alibaba.druid.pool.DruidDataSource.close                                                         [line1948  ] : {dataSource-1} closing ...
2019-08-01 10:04:14.774 INFO  --- com.alibaba.druid.pool.DruidDataSource.close                                                         [line2020  ] : {dataSource-1} closed
2019-08-01 10:07:50.542 INFO  --- com.competition.demo.WrapperDemo.logStarting                                                         [line50    ] : Starting WrapperDemo on 27 with PID 3345 (started by guohaodong in /home/guohaodong/Idea/estc)
2019-08-01 10:07:50.544 INFO  --- com.competition.demo.WrapperDemo.logStartupProfileInfo                                               [line650   ] : The following profiles are active: dev
2019-08-01 10:07:53.076 INFO  --- org.springframework.data.repository.config.RepositoryConfigurationDelegate.multipleStoresDetected    [line244   ] : Multiple Spring Data modules found, entering strict repository configuration mode!
2019-08-01 10:07:53.081 INFO  --- org.springframework.data.repository.config.RepositoryConfigurationDelegate.registerRepositoriesIn    [line126   ] : Bootstrapping Spring Data repositories in DEFAULT mode.
2019-08-01 10:07:53.141 INFO  --- org.springframework.data.repository.config.RepositoryConfigurationDelegate.registerRepositoriesIn    [line182   ] : Finished Spring Data repository scanning in 39ms. Found 0 repository interfaces.
2019-08-01 10:07:53.838 INFO  --- xt.support.PostProcessorRegistrationDelegate$BeanPostProcessorChecker.postProcessAfterInitialization [line330   ] : Bean 'org.springframework.transaction.annotation.ProxyTransactionManagementConfiguration' of type [org.springframework.transaction.annotation.ProxyTransactionManagementConfiguration$$EnhancerBySpringCGLIB$$a6d2ff1] is not eligible for getting processed by all BeanPostProcessors (for example: not eligible for auto-proxying)
2019-08-01 10:07:54.086 INFO  --- com.alibaba.druid.spring.boot.autoconfigure.DruidDataSourceAutoConfigure.dataSource                  [line56    ] : Init DruidDataSource
2019-08-01 10:07:54.777 INFO  --- com.alibaba.druid.pool.DruidDataSource.init                                                          [line1003  ] : {dataSource-1} inited
2019-08-01 10:07:57.726 INFO  --- org.springframework.scheduling.concurrent.ThreadPoolTaskExecutor.initialize                          [line171   ] : Initializing ExecutorService 'applicationTaskExecutor'
2019-08-01 10:07:58.949 INFO  --- com.competition.demo.WrapperDemo.logStarted                                                          [line59    ] : Started WrapperDemo in 10.277 seconds (JVM running for 12.73)
2019-08-01 10:07:59.590 INFO  --- com.competition.demo.WrapperDemo.setCompetitionWikiServiceT                                          [line30    ] : null
2019-08-01 10:07:59.605 INFO  --- org.springframework.scheduling.concurrent.ThreadPoolTaskExecutor.shutdown                            [line208   ] : Shutting down ExecutorService 'applicationTaskExecutor'
2019-08-01 10:07:59.657 INFO  --- com.alibaba.druid.pool.DruidDataSource.close                                                         [line1948  ] : {dataSource-1} closing ...
2019-08-01 10:07:59.678 INFO  --- com.alibaba.druid.pool.DruidDataSource.close                                                         [line2020  ] : {dataSource-1} closed
2019-08-01 10:08:17.199 INFO  --- com.competition.demo.WrapperDemo.logStarting                                                         [line50    ] : Starting WrapperDemo on 27 with PID 3475 (started by guohaodong in /home/guohaodong/Idea/estc)
2019-08-01 10:08:17.202 INFO  --- com.competition.demo.WrapperDemo.logStartupProfileInfo                                               [line650   ] : The following profiles are active: dev
2019-08-01 10:08:19.209 INFO  --- org.springframework.data.repository.config.RepositoryConfigurationDelegate.multipleStoresDetected    [line244   ] : Multiple Spring Data modules found, entering strict repository configuration mode!
2019-08-01 10:08:19.215 INFO  --- org.springframework.data.repository.config.RepositoryConfigurationDelegate.registerRepositoriesIn    [line126   ] : Bootstrapping Spring Data repositories in DEFAULT mode.
2019-08-01 10:08:19.295 INFO  --- org.springframework.data.repository.config.RepositoryConfigurationDelegate.registerRepositoriesIn    [line182   ] : Finished Spring Data repository scanning in 43ms. Found 0 repository interfaces.
2019-08-01 10:08:20.072 INFO  --- xt.support.PostProcessorRegistrationDelegate$BeanPostProcessorChecker.postProcessAfterInitialization [line330   ] : Bean 'org.springframework.transaction.annotation.ProxyTransactionManagementConfiguration' of type [org.springframework.transaction.annotation.ProxyTransactionManagementConfiguration$$EnhancerBySpringCGLIB$$c93d7770] is not eligible for getting processed by all BeanPostProcessors (for example: not eligible for auto-proxying)
2019-08-01 10:08:20.320 INFO  --- com.alibaba.druid.spring.boot.autoconfigure.DruidDataSourceAutoConfigure.dataSource                  [line56    ] : Init DruidDataSource
2019-08-01 10:08:21.012 INFO  --- com.alibaba.druid.pool.DruidDataSource.init                                                          [line1003  ] : {dataSource-1} inited
2019-08-01 10:08:24.308 INFO  --- org.springframework.scheduling.concurrent.ThreadPoolTaskExecutor.initialize                          [line171   ] : Initializing ExecutorService 'applicationTaskExecutor'
2019-08-01 10:08:25.206 INFO  --- com.competition.demo.WrapperDemo.logStarted                                                          [line59    ] : Started WrapperDemo in 9.389 seconds (JVM running for 11.0)
2019-08-01 10:08:25.811 INFO  --- com.competition.demo.WrapperDemo.setCompetitionWikiServiceT                                          [line30    ] : weizhi
2019-08-01 10:08:25.830 INFO  --- org.springframework.scheduling.concurrent.ThreadPoolTaskExecutor.shutdown                            [line208   ] : Shutting down ExecutorService 'applicationTaskExecutor'
2019-08-01 10:08:25.876 INFO  --- com.alibaba.druid.pool.DruidDataSource.close                                                         [line1948  ] : {dataSource-1} closing ...
2019-08-01 10:08:25.897 INFO  --- com.alibaba.druid.pool.DruidDataSource.close                                                         [line2020  ] : {dataSource-1} closed
2019-08-01 11:51:55.679 INFO  --- com.competition.demo.WrapperDemo.logStarting                                                         [line50    ] : Starting WrapperDemo on 27 with PID 11272 (started by guohaodong in /home/guohaodong/Idea/estc)
2019-08-01 11:51:55.762 INFO  --- com.competition.demo.WrapperDemo.logStartupProfileInfo                                               [line650   ] : The following profiles are active: dev
2019-08-01 11:52:04.912 INFO  --- org.springframework.data.repository.config.RepositoryConfigurationDelegate.multipleStoresDetected    [line244   ] : Multiple Spring Data modules found, entering strict repository configuration mode!
2019-08-01 11:52:04.920 INFO  --- org.springframework.data.repository.config.RepositoryConfigurationDelegate.registerRepositoriesIn    [line126   ] : Bootstrapping Spring Data repositories in DEFAULT mode.
2019-08-01 11:52:05.085 INFO  --- org.springframework.data.repository.config.RepositoryConfigurationDelegate.registerRepositoriesIn    [line182   ] : Finished Spring Data repository scanning in 53ms. Found 0 repository interfaces.
2019-08-01 11:52:06.390 INFO  --- xt.support.PostProcessorRegistrationDelegate$BeanPostProcessorChecker.postProcessAfterInitialization [line330   ] : Bean 'org.springframework.transaction.annotation.ProxyTransactionManagementConfiguration' of type [org.springframework.transaction.annotation.ProxyTransactionManagementConfiguration$$EnhancerBySpringCGLIB$$f4274485] is not eligible for getting processed by all BeanPostProcessors (for example: not eligible for auto-proxying)
2019-08-01 11:52:06.880 INFO  --- com.alibaba.druid.spring.boot.autoconfigure.DruidDataSourceAutoConfigure.dataSource                  [line56    ] : Init DruidDataSource
2019-08-01 11:52:10.268 INFO  --- com.alibaba.druid.pool.DruidDataSource.init                                                          [line1003  ] : {dataSource-1} inited
2019-08-01 11:52:16.030 INFO  --- org.springframework.scheduling.concurrent.ThreadPoolTaskExecutor.initialize                          [line171   ] : Initializing ExecutorService 'applicationTaskExecutor'
2019-08-01 11:52:18.273 INFO  --- com.competition.demo.WrapperDemo.logStarted                                                          [line59    ] : Started WrapperDemo in 28.664 seconds (JVM running for 45.194)
2019-08-01 11:52:42.585 INFO  --- com.competition.demo.WrapperDemo.setCompetitionWikiServiceT                                          [line30    ] : weizhi
2019-08-01 11:52:42.677 INFO  --- org.springframework.scheduling.concurrent.ThreadPoolTaskExecutor.shutdown                            [line208   ] : Shutting down ExecutorService 'applicationTaskExecutor'
2019-08-01 11:52:42.957 INFO  --- com.alibaba.druid.pool.DruidDataSource.close                                                         [line1948  ] : {dataSource-1} closing ...
2019-08-01 11:52:43.080 INFO  --- com.alibaba.druid.pool.DruidDataSource.close                                                         [line2020  ] : {dataSource-1} closed
2019-08-01 11:53:29.651 INFO  --- com.competition.demo.WrapperDemo.logStarting                                                         [line50    ] : Starting WrapperDemo on 27 with PID 11507 (started by guohaodong in /home/guohaodong/Idea/estc)
2019-08-01 11:53:29.654 INFO  --- com.competition.demo.WrapperDemo.logStartupProfileInfo                                               [line650   ] : The following profiles are active: dev
2019-08-01 11:53:33.580 INFO  --- org.springframework.data.repository.config.RepositoryConfigurationDelegate.multipleStoresDetected    [line244   ] : Multiple Spring Data modules found, entering strict repository configuration mode!
2019-08-01 11:53:33.629 INFO  --- org.springframework.data.repository.config.RepositoryConfigurationDelegate.registerRepositoriesIn    [line126   ] : Bootstrapping Spring Data repositories in DEFAULT mode.
2019-08-01 11:53:33.758 INFO  --- org.springframework.data.repository.config.RepositoryConfigurationDelegate.registerRepositoriesIn    [line182   ] : Finished Spring Data repository scanning in 69ms. Found 0 repository interfaces.
2019-08-01 11:53:34.953 INFO  --- xt.support.PostProcessorRegistrationDelegate$BeanPostProcessorChecker.postProcessAfterInitialization [line330   ] : Bean 'org.springframework.transaction.annotation.ProxyTransactionManagementConfiguration' of type [org.springframework.transaction.annotation.ProxyTransactionManagementConfiguration$$EnhancerBySpringCGLIB$$7eeb0fbf] is not eligible for getting processed by all BeanPostProcessors (for example: not eligible for auto-proxying)
2019-08-01 11:53:35.273 INFO  --- com.alibaba.druid.spring.boot.autoconfigure.DruidDataSourceAutoConfigure.dataSource                  [line56    ] : Init DruidDataSource
2019-08-01 11:53:39.830 INFO  --- com.alibaba.druid.pool.DruidDataSource.init                                                          [line1003  ] : {dataSource-1} inited
2019-08-01 11:53:43.790 INFO  --- org.springframework.scheduling.concurrent.ThreadPoolTaskExecutor.initialize                          [line171   ] : Initializing ExecutorService 'applicationTaskExecutor'
2019-08-01 11:53:45.190 INFO  --- com.competition.demo.WrapperDemo.logStarted                                                          [line59    ] : Started WrapperDemo in 17.917 seconds (JVM running for 20.372)
2019-08-01 11:53:46.253 INFO  --- com.competition.demo.WrapperDemo.setCompetitionWikiServiceT                                          [line30    ] : weizhi
2019-08-01 11:53:46.278 INFO  --- org.springframework.scheduling.concurrent.ThreadPoolTaskExecutor.shutdown                            [line208   ] : Shutting down ExecutorService 'applicationTaskExecutor'
2019-08-01 11:53:46.338 INFO  --- com.alibaba.druid.pool.DruidDataSource.close                                                         [line1948  ] : {dataSource-1} closing ...
2019-08-01 11:53:46.443 INFO  --- com.alibaba.druid.pool.DruidDataSource.close                                                         [line2020  ] : {dataSource-1} closed
2019-08-01 12:01:08.503 INFO  --- com.competition.demo.WrapperDemo.logStarting                                                         [line50    ] : Starting WrapperDemo on 27 with PID 12091 (started by guohaodong in /home/guohaodong/Idea/estc)
2019-08-01 12:01:08.506 INFO  --- com.competition.demo.WrapperDemo.logStartupProfileInfo                                               [line650   ] : The following profiles are active: dev
2019-08-01 12:01:10.921 INFO  --- org.springframework.data.repository.config.RepositoryConfigurationDelegate.multipleStoresDetected    [line244   ] : Multiple Spring Data modules found, entering strict repository configuration mode!
2019-08-01 12:01:10.930 INFO  --- org.springframework.data.repository.config.RepositoryConfigurationDelegate.registerRepositoriesIn    [line126   ] : Bootstrapping Spring Data repositories in DEFAULT mode.
2019-08-01 12:01:11.062 INFO  --- org.springframework.data.repository.config.RepositoryConfigurationDelegate.registerRepositoriesIn    [line182   ] : Finished Spring Data repository scanning in 79ms. Found 0 repository interfaces.
2019-08-01 12:01:12.130 INFO  --- xt.support.PostProcessorRegistrationDelegate$BeanPostProcessorChecker.postProcessAfterInitialization [line330   ] : Bean 'org.springframework.transaction.annotation.ProxyTransactionManagementConfiguration' of type [org.springframework.transaction.annotation.ProxyTransactionManagementConfiguration$$EnhancerBySpringCGLIB$$382d515] is not eligible for getting processed by all BeanPostProcessors (for example: not eligible for auto-proxying)
2019-08-01 12:01:12.447 INFO  --- com.alibaba.druid.spring.boot.autoconfigure.DruidDataSourceAutoConfigure.dataSource                  [line56    ] : Init DruidDataSource
2019-08-01 12:01:17.350 INFO  --- com.alibaba.druid.pool.DruidDataSource.init                                                          [line1003  ] : {dataSource-1} inited
2019-08-01 12:01:20.884 INFO  --- org.springframework.scheduling.concurrent.ThreadPoolTaskExecutor.initialize                          [line171   ] : Initializing ExecutorService 'applicationTaskExecutor'
2019-08-01 12:01:23.114 INFO  --- com.competition.demo.WrapperDemo.logStarted                                                          [line59    ] : Started WrapperDemo in 15.944 seconds (JVM running for 17.428)
2019-08-01 12:01:25.977 INFO  --- com.competition.demo.WrapperDemo.setCompetitionWikiServiceT                                          [line30    ] : weizhi
2019-08-01 12:01:26.177 INFO  --- org.springframework.scheduling.concurrent.ThreadPoolTaskExecutor.shutdown                            [line208   ] : Shutting down ExecutorService 'applicationTaskExecutor'
2019-08-01 12:01:26.634 INFO  --- com.alibaba.druid.pool.DruidDataSource.close                                                         [line1948  ] : {dataSource-1} closing ...
2019-08-01 12:01:27.477 INFO  --- com.alibaba.druid.pool.DruidDataSource.close                                                         [line2020  ] : {dataSource-1} closed
