2019-08-17 09:00:28.485 ERROR  --- com.competition.advise.GlobalEx.ex                                                                   [line65    ] : 喂不活的异常
2019-08-17 09:00:28.486 ERROR  --- com.competition.advise.GlobalEx.ex                                                                   [line66    ] : org.springframework.web.bind.MissingRequestHeaderException: Missing request header 'authorization' for method parameter of type String
2019-08-17 09:03:17.325 ERROR  --- com.competition.advise.GlobalEx.ex                                                                   [line65    ] : 喂不活的异常
2019-08-17 09:03:17.325 ERROR  --- com.competition.advise.GlobalEx.ex                                                                   [line66    ] : org.springframework.web.HttpRequestMethodNotSupportedException: Request method 'PUT' not supported
2019-08-17 15:09:56.031 ERROR  --- org.thymeleaf.TemplateEngine.process                                                                 [line1136  ] : [THYMELEAF][http-nio-8080-exec-3] Exception processing template "shiro/loginByPassword": Error resolving template [shiro/loginByPassword], template might not exist or might not be accessible by any of the configured Template Resolvers
org.thymeleaf.exceptions.TemplateInputException: Error resolving template [shiro/loginByPassword], template might not exist or might not be accessible by any of the configured Template Resolvers
	at org.thymeleaf.engine.TemplateManager.resolveTemplate(TemplateManager.java:869)
	at org.thymeleaf.engine.TemplateManager.parseAndProcess(TemplateManager.java:607)
	at org.thymeleaf.TemplateEngine.process(TemplateEngine.java:1098)
	at org.thymeleaf.TemplateEngine.process(TemplateEngine.java:1072)
	at org.thymeleaf.spring5.view.ThymeleafView.renderFragment(ThymeleafView.java:362)
	at org.thymeleaf.spring5.view.ThymeleafView.render(ThymeleafView.java:189)
	at org.springframework.web.servlet.DispatcherServlet.render(DispatcherServlet.java:1371)
	at org.springframework.web.servlet.DispatcherServlet.processDispatchResult(DispatcherServlet.java:1117)
	at org.springframework.web.servlet.DispatcherServlet.doDispatch(DispatcherServlet.java:1056)
	at org.springframework.web.servlet.DispatcherServlet.doService(DispatcherServlet.java:942)
	at org.springframework.web.servlet.FrameworkServlet.processRequest(FrameworkServlet.java:1005)
	at org.springframework.web.servlet.FrameworkServlet.doPost(FrameworkServlet.java:908)
	at javax.servlet.http.HttpServlet.service(HttpServlet.java:660)
	at org.springframework.web.servlet.FrameworkServlet.service(FrameworkServlet.java:882)
	at javax.servlet.http.HttpServlet.service(HttpServlet.java:741)
	at org.apache.catalina.core.ApplicationFilterChain.internalDoFilter(ApplicationFilterChain.java:231)
	at org.apache.catalina.core.ApplicationFilterChain.doFilter(ApplicationFilterChain.java:166)
	at org.apache.tomcat.websocket.server.WsFilter.doFilter(WsFilter.java:53)
	at org.apache.catalina.core.ApplicationFilterChain.internalDoFilter(ApplicationFilterChain.java:193)
	at org.apache.catalina.core.ApplicationFilterChain.doFilter(ApplicationFilterChain.java:166)
	at org.apache.shiro.web.servlet.AbstractShiroFilter.executeChain(AbstractShiroFilter.java:449)
	at org.apache.shiro.web.servlet.AbstractShiroFilter$1.call(AbstractShiroFilter.java:365)
	at org.apache.shiro.subject.support.SubjectCallable.doCall(SubjectCallable.java:90)
	at org.apache.shiro.subject.support.SubjectCallable.call(SubjectCallable.java:83)
	at org.apache.shiro.subject.support.DelegatingSubject.execute(DelegatingSubject.java:387)
	at org.apache.shiro.web.servlet.AbstractShiroFilter.doFilterInternal(AbstractShiroFilter.java:362)
	at org.apache.shiro.web.servlet.OncePerRequestFilter.doFilter(OncePerRequestFilter.java:125)
	at org.apache.catalina.core.ApplicationFilterChain.internalDoFilter(ApplicationFilterChain.java:193)
	at org.apache.catalina.core.ApplicationFilterChain.doFilter(ApplicationFilterChain.java:166)
	at org.springframework.web.filter.RequestContextFilter.doFilterInternal(RequestContextFilter.java:99)
	at org.springframework.web.filter.OncePerRequestFilter.doFilter(OncePerRequestFilter.java:109)
	at org.apache.catalina.core.ApplicationFilterChain.internalDoFilter(ApplicationFilterChain.java:193)
	at org.apache.catalina.core.ApplicationFilterChain.doFilter(ApplicationFilterChain.java:166)
	at org.springframework.web.filter.FormContentFilter.doFilterInternal(FormContentFilter.java:92)
	at org.springframework.web.filter.OncePerRequestFilter.doFilter(OncePerRequestFilter.java:109)
	at org.apache.catalina.core.ApplicationFilterChain.internalDoFilter(ApplicationFilterChain.java:193)
	at org.apache.catalina.core.ApplicationFilterChain.doFilter(ApplicationFilterChain.java:166)
	at org.springframework.web.filter.HiddenHttpMethodFilter.doFilterInternal(HiddenHttpMethodFilter.java:93)
	at org.springframework.web.filter.OncePerRequestFilter.doFilter(OncePerRequestFilter.java:109)
	at org.apache.catalina.core.ApplicationFilterChain.internalDoFilter(ApplicationFilterChain.java:193)
	at org.apache.catalina.core.ApplicationFilterChain.doFilter(ApplicationFilterChain.java:166)
	at org.springframework.web.filter.CharacterEncodingFilter.doFilterInternal(CharacterEncodingFilter.java:200)
	at org.springframework.web.filter.OncePerRequestFilter.doFilter(OncePerRequestFilter.java:109)
	at org.apache.catalina.core.ApplicationFilterChain.internalDoFilter(ApplicationFilterChain.java:193)
	at org.apache.catalina.core.ApplicationFilterChain.doFilter(ApplicationFilterChain.java:166)
	at org.apache.catalina.core.StandardWrapperValve.invoke(StandardWrapperValve.java:202)
	at org.apache.catalina.core.StandardContextValve.invoke(StandardContextValve.java:96)
	at org.apache.catalina.authenticator.AuthenticatorBase.invoke(AuthenticatorBase.java:490)
	at org.apache.catalina.core.StandardHostValve.invoke(StandardHostValve.java:139)
	at org.apache.catalina.valves.ErrorReportValve.invoke(ErrorReportValve.java:92)
	at org.apache.catalina.core.StandardEngineValve.invoke(StandardEngineValve.java:74)
	at org.apache.catalina.connector.CoyoteAdapter.service(CoyoteAdapter.java:343)
	at org.apache.coyote.http11.Http11Processor.service(Http11Processor.java:408)
	at org.apache.coyote.AbstractProcessorLight.process(AbstractProcessorLight.java:66)
	at org.apache.coyote.AbstractProtocol$ConnectionHandler.process(AbstractProtocol.java:853)
	at org.apache.tomcat.util.net.NioEndpoint$SocketProcessor.doRun(NioEndpoint.java:1587)
	at org.apache.tomcat.util.net.SocketProcessorBase.run(SocketProcessorBase.java:49)
	at java.util.concurrent.ThreadPoolExecutor.runWorker(ThreadPoolExecutor.java:1149)
	at java.util.concurrent.ThreadPoolExecutor$Worker.run(ThreadPoolExecutor.java:624)
	at org.apache.tomcat.util.threads.TaskThread$WrappingRunnable.run(TaskThread.java:61)
	at java.lang.Thread.run(Thread.java:748)
2019-08-17 15:09:56.038 ERROR  --- org.apache.catalina.core.ContainerBase.[Tomcat].[localhost].[/].[dispatcherServlet].log              [line175   ] : Servlet.service() for servlet [dispatcherServlet] in context with path [] threw exception [Request processing failed; nested exception is org.thymeleaf.exceptions.TemplateInputException: Error resolving template [shiro/loginByPassword], template might not exist or might not be accessible by any of the configured Template Resolvers] with root cause
org.thymeleaf.exceptions.TemplateInputException: Error resolving template [shiro/loginByPassword], template might not exist or might not be accessible by any of the configured Template Resolvers
	at org.thymeleaf.engine.TemplateManager.resolveTemplate(TemplateManager.java:869)
	at org.thymeleaf.engine.TemplateManager.parseAndProcess(TemplateManager.java:607)
	at org.thymeleaf.TemplateEngine.process(TemplateEngine.java:1098)
	at org.thymeleaf.TemplateEngine.process(TemplateEngine.java:1072)
	at org.thymeleaf.spring5.view.ThymeleafView.renderFragment(ThymeleafView.java:362)
	at org.thymeleaf.spring5.view.ThymeleafView.render(ThymeleafView.java:189)
	at org.springframework.web.servlet.DispatcherServlet.render(DispatcherServlet.java:1371)
	at org.springframework.web.servlet.DispatcherServlet.processDispatchResult(DispatcherServlet.java:1117)
	at org.springframework.web.servlet.DispatcherServlet.doDispatch(DispatcherServlet.java:1056)
	at org.springframework.web.servlet.DispatcherServlet.doService(DispatcherServlet.java:942)
	at org.springframework.web.servlet.FrameworkServlet.processRequest(FrameworkServlet.java:1005)
	at org.springframework.web.servlet.FrameworkServlet.doPost(FrameworkServlet.java:908)
	at javax.servlet.http.HttpServlet.service(HttpServlet.java:660)
	at org.springframework.web.servlet.FrameworkServlet.service(FrameworkServlet.java:882)
	at javax.servlet.http.HttpServlet.service(HttpServlet.java:741)
	at org.apache.catalina.core.ApplicationFilterChain.internalDoFilter(ApplicationFilterChain.java:231)
	at org.apache.catalina.core.ApplicationFilterChain.doFilter(ApplicationFilterChain.java:166)
	at org.apache.tomcat.websocket.server.WsFilter.doFilter(WsFilter.java:53)
	at org.apache.catalina.core.ApplicationFilterChain.internalDoFilter(ApplicationFilterChain.java:193)
	at org.apache.catalina.core.ApplicationFilterChain.doFilter(ApplicationFilterChain.java:166)
	at org.apache.shiro.web.servlet.AbstractShiroFilter.executeChain(AbstractShiroFilter.java:449)
	at org.apache.shiro.web.servlet.AbstractShiroFilter$1.call(AbstractShiroFilter.java:365)
	at org.apache.shiro.subject.support.SubjectCallable.doCall(SubjectCallable.java:90)
	at org.apache.shiro.subject.support.SubjectCallable.call(SubjectCallable.java:83)
	at org.apache.shiro.subject.support.DelegatingSubject.execute(DelegatingSubject.java:387)
	at org.apache.shiro.web.servlet.AbstractShiroFilter.doFilterInternal(AbstractShiroFilter.java:362)
	at org.apache.shiro.web.servlet.OncePerRequestFilter.doFilter(OncePerRequestFilter.java:125)
	at org.apache.catalina.core.ApplicationFilterChain.internalDoFilter(ApplicationFilterChain.java:193)
	at org.apache.catalina.core.ApplicationFilterChain.doFilter(ApplicationFilterChain.java:166)
	at org.springframework.web.filter.RequestContextFilter.doFilterInternal(RequestContextFilter.java:99)
	at org.springframework.web.filter.OncePerRequestFilter.doFilter(OncePerRequestFilter.java:109)
	at org.apache.catalina.core.ApplicationFilterChain.internalDoFilter(ApplicationFilterChain.java:193)
	at org.apache.catalina.core.ApplicationFilterChain.doFilter(ApplicationFilterChain.java:166)
	at org.springframework.web.filter.FormContentFilter.doFilterInternal(FormContentFilter.java:92)
	at org.springframework.web.filter.OncePerRequestFilter.doFilter(OncePerRequestFilter.java:109)
	at org.apache.catalina.core.ApplicationFilterChain.internalDoFilter(ApplicationFilterChain.java:193)
	at org.apache.catalina.core.ApplicationFilterChain.doFilter(ApplicationFilterChain.java:166)
	at org.springframework.web.filter.HiddenHttpMethodFilter.doFilterInternal(HiddenHttpMethodFilter.java:93)
	at org.springframework.web.filter.OncePerRequestFilter.doFilter(OncePerRequestFilter.java:109)
	at org.apache.catalina.core.ApplicationFilterChain.internalDoFilter(ApplicationFilterChain.java:193)
	at org.apache.catalina.core.ApplicationFilterChain.doFilter(ApplicationFilterChain.java:166)
	at org.springframework.web.filter.CharacterEncodingFilter.doFilterInternal(CharacterEncodingFilter.java:200)
	at org.springframework.web.filter.OncePerRequestFilter.doFilter(OncePerRequestFilter.java:109)
	at org.apache.catalina.core.ApplicationFilterChain.internalDoFilter(ApplicationFilterChain.java:193)
	at org.apache.catalina.core.ApplicationFilterChain.doFilter(ApplicationFilterChain.java:166)
	at org.apache.catalina.core.StandardWrapperValve.invoke(StandardWrapperValve.java:202)
	at org.apache.catalina.core.StandardContextValve.invoke(StandardContextValve.java:96)
	at org.apache.catalina.authenticator.AuthenticatorBase.invoke(AuthenticatorBase.java:490)
	at org.apache.catalina.core.StandardHostValve.invoke(StandardHostValve.java:139)
	at org.apache.catalina.valves.ErrorReportValve.invoke(ErrorReportValve.java:92)
	at org.apache.catalina.core.StandardEngineValve.invoke(StandardEngineValve.java:74)
	at org.apache.catalina.connector.CoyoteAdapter.service(CoyoteAdapter.java:343)
	at org.apache.coyote.http11.Http11Processor.service(Http11Processor.java:408)
	at org.apache.coyote.AbstractProcessorLight.process(AbstractProcessorLight.java:66)
	at org.apache.coyote.AbstractProtocol$ConnectionHandler.process(AbstractProtocol.java:853)
	at org.apache.tomcat.util.net.NioEndpoint$SocketProcessor.doRun(NioEndpoint.java:1587)
	at org.apache.tomcat.util.net.SocketProcessorBase.run(SocketProcessorBase.java:49)
	at java.util.concurrent.ThreadPoolExecutor.runWorker(ThreadPoolExecutor.java:1149)
	at java.util.concurrent.ThreadPoolExecutor$Worker.run(ThreadPoolExecutor.java:624)
	at org.apache.tomcat.util.threads.TaskThread$WrappingRunnable.run(TaskThread.java:61)
	at java.lang.Thread.run(Thread.java:748)
2019-08-17 18:51:49.061 ERROR  --- com.competition.advise.GlobalEx.ex                                                                   [line65    ] : 喂不活的异常
2019-08-17 18:51:49.084 ERROR  --- com.competition.advise.GlobalEx.ex                                                                   [line65    ] : 喂不活的异常
2019-08-17 18:51:49.088 ERROR  --- com.competition.advise.GlobalEx.ex                                                                   [line65    ] : 喂不活的异常
2019-08-17 18:51:49.332 ERROR  --- com.competition.advise.GlobalEx.ex                                                                   [line66    ] : class org.springframework.http.converter.HttpMessageNotReadableException
2019-08-17 18:51:49.332 ERROR  --- com.competition.advise.GlobalEx.ex                                                                   [line66    ] : class org.springframework.http.converter.HttpMessageNotReadableException
2019-08-17 18:51:49.332 ERROR  --- com.competition.advise.GlobalEx.ex                                                                   [line66    ] : class org.springframework.http.converter.HttpMessageNotReadableException
2019-08-17 18:51:49.438 ERROR  --- com.competition.advise.GlobalEx.ex                                                                   [line65    ] : 喂不活的异常
2019-08-17 18:51:49.438 ERROR  --- com.competition.advise.GlobalEx.ex                                                                   [line66    ] : class org.apache.catalina.connector.ClientAbortException
2019-08-17 18:51:53.539 ERROR  --- com.competition.advise.GlobalEx.ex                                                                   [line65    ] : 喂不活的异常
2019-08-17 18:51:53.539 ERROR  --- com.competition.advise.GlobalEx.ex                                                                   [line66    ] : class org.springframework.http.converter.HttpMessageNotReadableException
2019-08-17 18:51:53.767 ERROR  --- com.competition.advise.GlobalEx.ex                                                                   [line65    ] : 喂不活的异常
2019-08-17 18:51:53.768 ERROR  --- com.competition.advise.GlobalEx.ex                                                                   [line66    ] : class org.springframework.http.converter.HttpMessageNotReadableException
2019-08-17 18:51:53.999 ERROR  --- com.competition.advise.GlobalEx.ex                                                                   [line65    ] : 喂不活的异常
2019-08-17 18:51:53.999 ERROR  --- com.competition.advise.GlobalEx.ex                                                                   [line66    ] : class org.springframework.http.converter.HttpMessageNotReadableException
2019-08-17 18:51:56.419 ERROR  --- com.competition.advise.GlobalEx.ex                                                                   [line65    ] : 喂不活的异常
2019-08-17 18:51:56.419 ERROR  --- com.competition.advise.GlobalEx.ex                                                                   [line66    ] : class org.springframework.http.converter.HttpMessageNotReadableException
2019-08-17 18:51:56.649 ERROR  --- com.competition.advise.GlobalEx.ex                                                                   [line65    ] : 喂不活的异常
2019-08-17 18:51:57.049 ERROR  --- com.competition.advise.GlobalEx.ex                                                                   [line66    ] : class org.springframework.http.converter.HttpMessageNotReadableException
2019-08-17 19:39:57.737 ERROR  --- com.competition.advise.GlobalEx.ex                                                                   [line65    ] : 喂不活的异常
2019-08-17 19:39:57.738 ERROR  --- com.competition.advise.GlobalEx.ex                                                                   [line66    ] : class org.springframework.http.converter.HttpMessageNotReadableException
2019-08-17 19:42:38.668 ERROR  --- com.competition.advise.GlobalEx.ex                                                                   [line65    ] : 喂不活的异常
2019-08-17 19:42:38.669 ERROR  --- com.competition.advise.GlobalEx.ex                                                                   [line66    ] : class org.springframework.http.converter.HttpMessageNotReadableException
2019-08-17 19:44:10.316 ERROR  --- com.competition.advise.GlobalEx.ex                                                                   [line65    ] : 喂不活的异常
2019-08-17 19:44:10.318 ERROR  --- com.competition.advise.GlobalEx.ex                                                                   [line66    ] : class org.springframework.http.converter.HttpMessageNotReadableException
2019-08-17 19:44:10.376 ERROR  --- com.competition.advise.GlobalEx.ex                                                                   [line65    ] : 喂不活的异常
2019-08-17 19:44:15.306 ERROR  --- com.competition.advise.GlobalEx.ex                                                                   [line65    ] : 喂不活的异常
2019-08-17 19:44:15.306 ERROR  --- com.competition.advise.GlobalEx.ex                                                                   [line66    ] : class org.springframework.http.converter.HttpMessageNotReadableException
2019-08-17 19:44:15.306 ERROR  --- com.competition.advise.GlobalEx.ex                                                                   [line66    ] : class org.springframework.http.converter.HttpMessageNotReadableException
2019-08-17 19:44:26.135 ERROR  --- com.competition.advise.GlobalEx.ex                                                                   [line65    ] : 喂不活的异常
2019-08-17 19:44:26.136 ERROR  --- com.competition.advise.GlobalEx.ex                                                                   [line66    ] : class org.springframework.http.converter.HttpMessageNotReadableException
2019-08-17 19:46:28.680 ERROR  --- com.competition.advise.GlobalEx.ex                                                                   [line65    ] : 喂不活的异常
2019-08-17 19:46:28.681 ERROR  --- com.competition.advise.GlobalEx.ex                                                                   [line66    ] : class org.springframework.http.converter.HttpMessageNotReadableException
2019-08-17 19:46:28.776 ERROR  --- com.competition.advise.GlobalEx.ex                                                                   [line65    ] : 喂不活的异常
2019-08-17 19:46:29.442 ERROR  --- com.competition.advise.GlobalEx.ex                                                                   [line65    ] : 喂不活的异常
2019-08-17 19:46:30.042 ERROR  --- com.competition.advise.GlobalEx.ex                                                                   [line65    ] : 喂不活的异常
2019-08-17 19:46:29.485 ERROR  --- com.competition.advise.GlobalEx.ex                                                                   [line65    ] : 喂不活的异常
2019-08-17 19:46:30.042 ERROR  --- com.competition.advise.GlobalEx.ex                                                                   [line66    ] : class org.springframework.http.converter.HttpMessageNotReadableException
2019-08-17 19:46:30.042 ERROR  --- com.competition.advise.GlobalEx.ex                                                                   [line66    ] : class org.springframework.http.converter.HttpMessageNotReadableException
2019-08-17 19:46:30.042 ERROR  --- com.competition.advise.GlobalEx.ex                                                                   [line66    ] : class org.springframework.http.converter.HttpMessageNotReadableException
2019-08-17 19:46:30.042 ERROR  --- com.competition.advise.GlobalEx.ex                                                                   [line66    ] : class org.springframework.http.converter.HttpMessageNotReadableException
2019-08-17 19:46:30.640 ERROR  --- com.competition.advise.GlobalEx.ex                                                                   [line65    ] : 喂不活的异常
2019-08-17 19:46:30.641 ERROR  --- com.competition.advise.GlobalEx.ex                                                                   [line66    ] : class org.springframework.http.converter.HttpMessageNotReadableException
