<<<<<<< HEAD
2019-08-01 08:56:00.282 ERROR  --- com.competition.demo.LogbackDemo.test1                                                               [line29    ] : 错误
2019-08-01 08:58:49.272 ERROR  --- com.competition.demo.LogbackDemo.test1                                                               [line29    ] : 错误
2019-08-01 08:59:26.647 ERROR  --- com.competition.demo.LogbackDemo.test1                                                               [line29    ] : 错误
2019-08-01 09:04:35.024 ERROR  --- com.competition.demo.LogbackDemo.test1                                                               [line29    ] : 错误
2019-08-01 09:21:10.505 ERROR  --- com.competition.controller.UserController.login                                                      [line65    ] : UserContrller----------------------------------------
2019-08-01 09:21:18.294 ERROR  --- com.competition.controller.UserController.login                                                      [line65    ] : UserContrller----------------------------------------
2019-08-01 09:21:34.619 ERROR  --- com.competition.controller.UserController.login                                                      [line65    ] : UserContrller----------------------------------------
2019-08-01 09:22:09.747 ERROR  --- com.competition.controller.UserController.login                                                      [line65    ] : UserContrller----------------------------------------
2019-08-01 09:22:16.183 ERROR  --- com.competition.controller.UserController.login                                                      [line65    ] : UserContrller----------------------------------------
2019-08-01 09:37:03.968 ERROR  --- com.competition.controller.UserController.login                                                      [line65    ] : UserContrller----------------------------------------
2019-08-01 09:37:03.972 ERROR  --- com.competition.controller.UserController.login                                                      [line81    ] : 密码错误
2019-08-01 09:37:53.998 ERROR  --- com.competition.controller.UserController.login                                                      [line65    ] : UserContrller----------------------------------------
2019-08-01 09:37:53.999 ERROR  --- com.competition.controller.UserController.login                                                      [line77    ] : 用户不存在
2019-08-01 09:37:58.810 ERROR  --- com.competition.controller.UserController.login                                                      [line65    ] : UserContrller----------------------------------------
2019-08-01 09:37:58.813 ERROR  --- com.competition.controller.UserController.login                                                      [line81    ] : 密码错误
2019-08-01 09:38:04.734 ERROR  --- com.competition.controller.UserController.login                                                      [line65    ] : UserContrller----------------------------------------
2019-08-01 09:38:45.192 ERROR  --- com.competition.controller.UserController.login                                                      [line65    ] : UserContrller----------------------------------------
2019-08-01 09:38:45.195 ERROR  --- com.competition.controller.UserController.login                                                      [line77    ] : 用户不存在
2019-08-01 09:38:51.215 ERROR  --- com.competition.controller.UserController.login                                                      [line65    ] : UserContrller----------------------------------------
2019-08-01 09:40:23.978 ERROR  --- com.competition.controller.UserController.login                                                      [line65    ] : UserContrller----------------------------------------
2019-08-01 09:43:21.985 ERROR  --- com.competition.controller.UserController.login                                                      [line65    ] : UserContrller----------------------------------------
2019-08-01 09:43:57.761 ERROR  --- com.competition.controller.UserController.login                                                      [line65    ] : UserContrller----------------------------------------
2019-08-01 09:45:37.987 ERROR  --- com.competition.controller.UserController.login                                                      [line65    ] : UserContrller----------------------------------------
2019-08-01 09:50:58.870 ERROR  --- com.competition.controller.UserController.login                                                      [line65    ] : UserContrller----------------------------------------
2019-08-01 10:41:11.395 ERROR  --- com.competition.controller.UserController.login                                                      [line65    ] : UserContrller----------------------------------------
=======
2019-08-01 09:25:50.745 ERROR  --- com.competition.demo.EnumDemo.enumDemo                                                               [line24    ] : 错误
2019-08-01 09:26:30.281 ERROR  --- com.competition.demo.EnumDemo.enumDemo                                                               [line24    ] : 错误
>>>>>>> f6628263ea3b62868756ffc4d5e1491198b774a4
