2019-08-16 19:56:32.679 ERROR  --- com.competition.advise.GlobalEx.ex                                                                   [line65    ] : 喂不活的异常
2019-08-16 19:56:32.680 ERROR  --- com.competition.advise.GlobalEx.ex                                                                   [line66    ] : org.springframework.http.converter.HttpMessageNotReadableException: JSON parse error: Unexpected character ('i' (code 105)): was expecting double-quote to start field name; nested exception is com.fasterxml.jackson.core.JsonParseException: Unexpected character ('i' (code 105)): was expecting double-quote to start field name
 at [Source: (PushbackInputStream); line: 2, column: 3]
2019-08-16 19:56:51.119 ERROR  --- com.competition.advise.Competition.deRecovery                                                        [line26    ] : 捕获异常
### Error querying database.  Cause: java.sql.SQLSyntaxErrorException: Unknown column 'file' in 'field list'
### The error may exist in com/competition/dao/CompetitionMapper.java (best guess)
### The error may involve defaultParameterMap
### The error occurred while setting parameters
### SQL: SELECT competition_id,name,cover,isIndividual,type,host,introduce,content,join_link,rgr,checkout,click_count,hot,file,hash,createAt,updateAt FROM competition WHERE competition_id=?
### Cause: java.sql.SQLSyntaxErrorException: Unknown column 'file' in 'field list'
; bad SQL grammar []; nested exception is java.sql.SQLSyntaxErrorException: Unknown column 'file' in 'field list'
2019-08-16 19:56:51.120 ERROR  --- com.competition.advise.Competition.deRecovery                                                        [line32    ] : 
### Error querying database.  Cause: java.sql.SQLSyntaxErrorException: Unknown column 'file' in 'field list'
### The error may exist in com/competition/dao/CompetitionMapper.java (best guess)
### The error may involve defaultParameterMap
### The error occurred while setting parameters
### SQL: SELECT competition_id,name,cover,isIndividual,type,host,introduce,content,join_link,rgr,checkout,click_count,hot,file,hash,createAt,updateAt FROM competition WHERE competition_id=?
### Cause: java.sql.SQLSyntaxErrorException: Unknown column 'file' in 'field list'
; bad SQL grammar []; nested exception is java.sql.SQLSyntaxErrorException: Unknown column 'file' in 'field list'
2019-08-16 19:56:51.120 ERROR  --- com.competition.advise.GlobalEx.e                                                                    [line26    ] : 数据库访问异常
### Error querying database.  Cause: java.sql.SQLSyntaxErrorException: Unknown column 'file' in 'field list'
### The error may exist in com/competition/dao/CompetitionMapper.java (best guess)
### The error may involve defaultParameterMap
### The error occurred while setting parameters
### SQL: SELECT competition_id,name,cover,isIndividual,type,host,introduce,content,join_link,rgr,checkout,click_count,hot,file,hash,createAt,updateAt FROM competition WHERE competition_id=?
### Cause: java.sql.SQLSyntaxErrorException: Unknown column 'file' in 'field list'
; bad SQL grammar []; nested exception is java.sql.SQLSyntaxErrorException: Unknown column 'file' in 'field list'
2019-08-16 20:03:25.926 ERROR  --- com.competition.advise.Competition.deRecovery                                                        [line26    ] : 捕获异常
### Error querying database.  Cause: java.sql.SQLSyntaxErrorException: Unknown column 'file' in 'field list'
### The error may exist in com/competition/dao/CompetitionMapper.java (best guess)
### The error may involve defaultParameterMap
### The error occurred while setting parameters
### SQL: SELECT competition_id,name,cover,isIndividual,type,host,introduce,content,join_link,rgr,checkout,click_count,hot,file,hash,createAt,updateAt FROM competition WHERE competition_id=?
### Cause: java.sql.SQLSyntaxErrorException: Unknown column 'file' in 'field list'
; bad SQL grammar []; nested exception is java.sql.SQLSyntaxErrorException: Unknown column 'file' in 'field list'
2019-08-16 20:03:25.926 ERROR  --- com.competition.advise.Competition.deRecovery                                                        [line32    ] : 
### Error querying database.  Cause: java.sql.SQLSyntaxErrorException: Unknown column 'file' in 'field list'
### The error may exist in com/competition/dao/CompetitionMapper.java (best guess)
### The error may involve defaultParameterMap
### The error occurred while setting parameters
### SQL: SELECT competition_id,name,cover,isIndividual,type,host,introduce,content,join_link,rgr,checkout,click_count,hot,file,hash,createAt,updateAt FROM competition WHERE competition_id=?
### Cause: java.sql.SQLSyntaxErrorException: Unknown column 'file' in 'field list'
; bad SQL grammar []; nested exception is java.sql.SQLSyntaxErrorException: Unknown column 'file' in 'field list'
2019-08-16 20:03:25.927 ERROR  --- com.competition.advise.GlobalEx.e                                                                    [line26    ] : 数据库访问异常
### Error querying database.  Cause: java.sql.SQLSyntaxErrorException: Unknown column 'file' in 'field list'
### The error may exist in com/competition/dao/CompetitionMapper.java (best guess)
### The error may involve defaultParameterMap
### The error occurred while setting parameters
### SQL: SELECT competition_id,name,cover,isIndividual,type,host,introduce,content,join_link,rgr,checkout,click_count,hot,file,hash,createAt,updateAt FROM competition WHERE competition_id=?
### Cause: java.sql.SQLSyntaxErrorException: Unknown column 'file' in 'field list'
; bad SQL grammar []; nested exception is java.sql.SQLSyntaxErrorException: Unknown column 'file' in 'field list'
2019-08-16 20:04:08.940 ERROR  --- com.competition.advise.Competition.deRecovery                                                        [line26    ] : 捕获异常
### Error querying database.  Cause: java.sql.SQLSyntaxErrorException: Unknown column 'file' in 'field list'
### The error may exist in com/competition/dao/CompetitionMapper.java (best guess)
### The error may involve defaultParameterMap
### The error occurred while setting parameters
### SQL: SELECT competition_id,name,cover,isIndividual,type,host,introduce,content,join_link,rgr,checkout,click_count,hot,file,hash,createAt,updateAt FROM competition WHERE competition_id=?
### Cause: java.sql.SQLSyntaxErrorException: Unknown column 'file' in 'field list'
; bad SQL grammar []; nested exception is java.sql.SQLSyntaxErrorException: Unknown column 'file' in 'field list'
2019-08-16 20:04:08.940 ERROR  --- com.competition.advise.Competition.deRecovery                                                        [line32    ] : 
### Error querying database.  Cause: java.sql.SQLSyntaxErrorException: Unknown column 'file' in 'field list'
### The error may exist in com/competition/dao/CompetitionMapper.java (best guess)
### The error may involve defaultParameterMap
### The error occurred while setting parameters
### SQL: SELECT competition_id,name,cover,isIndividual,type,host,introduce,content,join_link,rgr,checkout,click_count,hot,file,hash,createAt,updateAt FROM competition WHERE competition_id=?
### Cause: java.sql.SQLSyntaxErrorException: Unknown column 'file' in 'field list'
; bad SQL grammar []; nested exception is java.sql.SQLSyntaxErrorException: Unknown column 'file' in 'field list'
2019-08-16 20:04:08.941 ERROR  --- com.competition.advise.GlobalEx.e                                                                    [line26    ] : 数据库访问异常
### Error querying database.  Cause: java.sql.SQLSyntaxErrorException: Unknown column 'file' in 'field list'
### The error may exist in com/competition/dao/CompetitionMapper.java (best guess)
### The error may involve defaultParameterMap
### The error occurred while setting parameters
### SQL: SELECT competition_id,name,cover,isIndividual,type,host,introduce,content,join_link,rgr,checkout,click_count,hot,file,hash,createAt,updateAt FROM competition WHERE competition_id=?
### Cause: java.sql.SQLSyntaxErrorException: Unknown column 'file' in 'field list'
; bad SQL grammar []; nested exception is java.sql.SQLSyntaxErrorException: Unknown column 'file' in 'field list'
2019-08-16 20:04:37.424 ERROR  --- com.competition.advise.Competition.deRecovery                                                        [line26    ] : 捕获异常
### Error querying database.  Cause: java.sql.SQLSyntaxErrorException: Unknown column 'file' in 'field list'
### The error may exist in com/competition/dao/CompetitionMapper.java (best guess)
### The error may involve defaultParameterMap
### The error occurred while setting parameters
### SQL: SELECT competition_id,name,cover,isIndividual,type,host,introduce,content,join_link,rgr,checkout,click_count,hot,file,hash,createAt,updateAt FROM competition WHERE competition_id=?
### Cause: java.sql.SQLSyntaxErrorException: Unknown column 'file' in 'field list'
; bad SQL grammar []; nested exception is java.sql.SQLSyntaxErrorException: Unknown column 'file' in 'field list'
2019-08-16 20:04:37.425 ERROR  --- com.competition.advise.Competition.deRecovery                                                        [line32    ] : 
### Error querying database.  Cause: java.sql.SQLSyntaxErrorException: Unknown column 'file' in 'field list'
### The error may exist in com/competition/dao/CompetitionMapper.java (best guess)
### The error may involve defaultParameterMap
### The error occurred while setting parameters
### SQL: SELECT competition_id,name,cover,isIndividual,type,host,introduce,content,join_link,rgr,checkout,click_count,hot,file,hash,createAt,updateAt FROM competition WHERE competition_id=?
### Cause: java.sql.SQLSyntaxErrorException: Unknown column 'file' in 'field list'
; bad SQL grammar []; nested exception is java.sql.SQLSyntaxErrorException: Unknown column 'file' in 'field list'
2019-08-16 20:04:37.426 ERROR  --- com.competition.advise.GlobalEx.e                                                                    [line26    ] : 数据库访问异常
### Error querying database.  Cause: java.sql.SQLSyntaxErrorException: Unknown column 'file' in 'field list'
### The error may exist in com/competition/dao/CompetitionMapper.java (best guess)
### The error may involve defaultParameterMap
### The error occurred while setting parameters
### SQL: SELECT competition_id,name,cover,isIndividual,type,host,introduce,content,join_link,rgr,checkout,click_count,hot,file,hash,createAt,updateAt FROM competition WHERE competition_id=?
### Cause: java.sql.SQLSyntaxErrorException: Unknown column 'file' in 'field list'
; bad SQL grammar []; nested exception is java.sql.SQLSyntaxErrorException: Unknown column 'file' in 'field list'
2019-08-16 20:06:40.468 ERROR  --- com.competition.advise.Competition.deRecovery                                                        [line26    ] : 捕获异常
### Error querying database.  Cause: java.sql.SQLSyntaxErrorException: Unknown column 'file' in 'field list'
### The error may exist in com/competition/dao/CompetitionMapper.java (best guess)
### The error may involve defaultParameterMap
### The error occurred while setting parameters
### SQL: SELECT competition_id,name,cover,isIndividual,type,host,introduce,content,join_link,rgr,checkout,click_count,hot,file,hash,createAt,updateAt FROM competition WHERE competition_id=?
### Cause: java.sql.SQLSyntaxErrorException: Unknown column 'file' in 'field list'
; bad SQL grammar []; nested exception is java.sql.SQLSyntaxErrorException: Unknown column 'file' in 'field list'
2019-08-16 20:06:40.468 ERROR  --- com.competition.advise.Competition.deRecovery                                                        [line32    ] : 
### Error querying database.  Cause: java.sql.SQLSyntaxErrorException: Unknown column 'file' in 'field list'
### The error may exist in com/competition/dao/CompetitionMapper.java (best guess)
### The error may involve defaultParameterMap
### The error occurred while setting parameters
### SQL: SELECT competition_id,name,cover,isIndividual,type,host,introduce,content,join_link,rgr,checkout,click_count,hot,file,hash,createAt,updateAt FROM competition WHERE competition_id=?
### Cause: java.sql.SQLSyntaxErrorException: Unknown column 'file' in 'field list'
; bad SQL grammar []; nested exception is java.sql.SQLSyntaxErrorException: Unknown column 'file' in 'field list'
2019-08-16 20:06:40.470 ERROR  --- com.competition.advise.GlobalEx.e                                                                    [line26    ] : 数据库访问异常
### Error querying database.  Cause: java.sql.SQLSyntaxErrorException: Unknown column 'file' in 'field list'
### The error may exist in com/competition/dao/CompetitionMapper.java (best guess)
### The error may involve defaultParameterMap
### The error occurred while setting parameters
### SQL: SELECT competition_id,name,cover,isIndividual,type,host,introduce,content,join_link,rgr,checkout,click_count,hot,file,hash,createAt,updateAt FROM competition WHERE competition_id=?
### Cause: java.sql.SQLSyntaxErrorException: Unknown column 'file' in 'field list'
; bad SQL grammar []; nested exception is java.sql.SQLSyntaxErrorException: Unknown column 'file' in 'field list'
2019-08-16 20:07:55.459 ERROR  --- com.competition.advise.Competition.deRecovery                                                        [line26    ] : 捕获异常
### Error querying database.  Cause: java.sql.SQLSyntaxErrorException: Unknown column 'file' in 'field list'
### The error may exist in com/competition/dao/CompetitionMapper.java (best guess)
### The error may involve defaultParameterMap
### The error occurred while setting parameters
### SQL: SELECT competition_id,name,cover,isIndividual,type,host,introduce,content,join_link,rgr,checkout,click_count,hot,file,hash,createAt,updateAt FROM competition WHERE competition_id=?
### Cause: java.sql.SQLSyntaxErrorException: Unknown column 'file' in 'field list'
; bad SQL grammar []; nested exception is java.sql.SQLSyntaxErrorException: Unknown column 'file' in 'field list'
2019-08-16 20:07:55.459 ERROR  --- com.competition.advise.Competition.deRecovery                                                        [line32    ] : 
### Error querying database.  Cause: java.sql.SQLSyntaxErrorException: Unknown column 'file' in 'field list'
### The error may exist in com/competition/dao/CompetitionMapper.java (best guess)
### The error may involve defaultParameterMap
### The error occurred while setting parameters
### SQL: SELECT competition_id,name,cover,isIndividual,type,host,introduce,content,join_link,rgr,checkout,click_count,hot,file,hash,createAt,updateAt FROM competition WHERE competition_id=?
### Cause: java.sql.SQLSyntaxErrorException: Unknown column 'file' in 'field list'
; bad SQL grammar []; nested exception is java.sql.SQLSyntaxErrorException: Unknown column 'file' in 'field list'
2019-08-16 20:07:55.460 ERROR  --- com.competition.advise.GlobalEx.e                                                                    [line26    ] : 数据库访问异常
### Error querying database.  Cause: java.sql.SQLSyntaxErrorException: Unknown column 'file' in 'field list'
### The error may exist in com/competition/dao/CompetitionMapper.java (best guess)
### The error may involve defaultParameterMap
### The error occurred while setting parameters
### SQL: SELECT competition_id,name,cover,isIndividual,type,host,introduce,content,join_link,rgr,checkout,click_count,hot,file,hash,createAt,updateAt FROM competition WHERE competition_id=?
### Cause: java.sql.SQLSyntaxErrorException: Unknown column 'file' in 'field list'
; bad SQL grammar []; nested exception is java.sql.SQLSyntaxErrorException: Unknown column 'file' in 'field list'
2019-08-16 20:24:05.734 ERROR  --- com.competition.advise.GlobalEx.ex                                                                   [line65    ] : 喂不活的异常
2019-08-16 20:24:05.734 ERROR  --- com.competition.advise.GlobalEx.ex                                                                   [line66    ] : org.springframework.web.HttpRequestMethodNotSupportedException: Request method 'GET' not supported
2019-08-16 20:24:13.626 ERROR  --- com.competition.advise.Competition.deRecovery                                                        [line26    ] : 捕获异常nested exception is org.apache.ibatis.reflection.ReflectionException: Could not set property 'competitionId' of 'class com.competition.entity.Competition' with value '1162339277468647426' Cause: java.lang.IllegalArgumentException: argument type mismatch
2019-08-16 20:24:13.626 ERROR  --- com.competition.advise.Competition.deRecovery                                                        [line32    ] : nested exception is org.apache.ibatis.reflection.ReflectionException: Could not set property 'competitionId' of 'class com.competition.entity.Competition' with value '1162339277468647426' Cause: java.lang.IllegalArgumentException: argument type mismatch
2019-08-16 20:24:13.627 ERROR  --- com.competition.advise.GlobalEx.e                                                                    [line26    ] : 数据库访问异常nested exception is org.apache.ibatis.reflection.ReflectionException: Could not set property 'competitionId' of 'class com.competition.entity.Competition' with value '1162339277468647426' Cause: java.lang.IllegalArgumentException: argument type mismatch
2019-08-16 20:59:32.764 ERROR  --- com.competition.advise.Competition.deRecovery                                                        [line26    ] : 捕获异常null
2019-08-16 20:59:32.766 ERROR  --- com.competition.advise.GlobalEx.e                                                                    [line35    ] : 空指针异常
2019-08-16 20:59:32.766 ERROR  --- com.competition.advise.GlobalEx.e                                                                    [line38    ] : java.lang.NullPointerException
2019-08-16 21:00:20.084 ERROR  --- com.competition.advise.Competition.deRecovery                                                        [line26    ] : 捕获异常null
2019-08-16 21:00:20.085 ERROR  --- com.competition.advise.GlobalEx.e                                                                    [line35    ] : 空指针异常
2019-08-16 21:00:20.085 ERROR  --- com.competition.advise.GlobalEx.e                                                                    [line38    ] : java.lang.NullPointerException
2019-08-16 21:03:01.798 ERROR  --- com.competition.advise.Competition.deRecovery                                                        [line26    ] : 捕获异常null
2019-08-16 21:03:01.799 ERROR  --- com.competition.advise.GlobalEx.e                                                                    [line35    ] : 空指针异常
2019-08-16 21:03:01.799 ERROR  --- com.competition.advise.GlobalEx.e                                                                    [line38    ] : java.lang.NullPointerException
2019-08-16 21:03:05.255 ERROR  --- com.competition.advise.Competition.deRecovery                                                        [line26    ] : 捕获异常null
2019-08-16 21:03:05.256 ERROR  --- com.competition.advise.GlobalEx.e                                                                    [line35    ] : 空指针异常
2019-08-16 21:03:05.256 ERROR  --- com.competition.advise.GlobalEx.e                                                                    [line38    ] : java.lang.NullPointerException
2019-08-16 21:24:51.636 ERROR  --- com.competition.advise.GlobalEx.ex                                                                   [line65    ] : 喂不活的异常
2019-08-16 21:24:51.637 ERROR  --- com.competition.advise.GlobalEx.ex                                                                   [line66    ] : org.springframework.web.HttpRequestMethodNotSupportedException: Request method 'POST' not supported
2019-08-16 21:38:30.492 ERROR  --- com.competition.advise.GlobalEx.ex                                                                   [line65    ] : 喂不活的异常
2019-08-16 21:38:30.492 ERROR  --- com.competition.advise.GlobalEx.ex                                                                   [line66    ] : org.springframework.web.HttpRequestMethodNotSupportedException: Request method 'GET' not supported
2019-08-16 21:38:38.123 ERROR  --- com.competition.advise.GlobalEx.ex                                                                   [line65    ] : 喂不活的异常
2019-08-16 21:38:38.123 ERROR  --- com.competition.advise.GlobalEx.ex                                                                   [line66    ] : org.springframework.web.bind.MissingRequestHeaderException: Missing request header 'authorization' for method parameter of type String
2019-08-16 21:39:41.610 ERROR  --- com.competition.advise.GlobalEx.ex                                                                   [line65    ] : 喂不活的异常
2019-08-16 21:39:41.611 ERROR  --- com.competition.advise.GlobalEx.ex                                                                   [line66    ] : org.springframework.web.bind.MissingRequestHeaderException: Missing request header 'authorization' for method parameter of type String
2019-08-16 21:40:44.496 ERROR  --- com.competition.advise.Competition.deRecovery                                                        [line26    ] : 捕获异常
### Error updating database.  Cause: java.sql.SQLSyntaxErrorException: Unknown column 'competitionId' in 'field list'
### The error may exist in com/competition/dao/CompetitionCheckoutMapper.java (best guess)
### The error may involve com.competition.dao.CompetitionCheckoutMapper.insert-Inline
### The error occurred while setting parameters
### SQL: INSERT INTO competition_checkout  ( id, competitionId, file, hash, user_id,  description )  VALUES  ( ?, ?, ?, ?, ?,  ? )
### Cause: java.sql.SQLSyntaxErrorException: Unknown column 'competitionId' in 'field list'
2019-08-16 21:40:44.497 ERROR  --- com.competition.advise.GlobalEx.ex                                                                   [line65    ] : 喂不活的异常
2019-08-16 21:40:44.497 ERROR  --- com.competition.advise.GlobalEx.ex                                                                   [line66    ] : org.apache.ibatis.exceptions.PersistenceException: 
### Error updating database.  Cause: java.sql.SQLSyntaxErrorException: Unknown column 'competitionId' in 'field list'
### The error may exist in com/competition/dao/CompetitionCheckoutMapper.java (best guess)
### The error may involve com.competition.dao.CompetitionCheckoutMapper.insert-Inline
### The error occurred while setting parameters
### SQL: INSERT INTO competition_checkout  ( id, competitionId, file, hash, user_id,  description )  VALUES  ( ?, ?, ?, ?, ?,  ? )
### Cause: java.sql.SQLSyntaxErrorException: Unknown column 'competitionId' in 'field list'
